{"numFailedTestSuites":1,"numFailedTests":2,"numPassedTestSuites":20,"numPassedTests":610,"numPendingTestSuites":0,"numPendingTests":0,"numRuntimeErrorTestSuites":0,"numTodoTests":0,"numTotalTestSuites":21,"numTotalTests":612,"openHandles":[],"snapshot":{"added":0,"didUpdate":false,"failure":false,"filesAdded":0,"filesRemoved":0,"filesRemovedList":[],"filesUnmatched":0,"filesUpdated":0,"matched":0,"total":0,"unchecked":0,"uncheckedKeysByFile":[],"unmatched":0,"updated":0},"startTime":1776967324149,"success":false,"testResults":[{"assertionResults":[{"ancestorTitles":["MyReservationDetailScreen"],"duration":4500,"failureDetails":[],"failureMessages":[],"fullName":"MyReservationDetailScreen renders reservation details with computed values","invocations":1,"location":null,"numPassingAsserts":12,"retryReasons":[],"status":"passed","title":"renders reservation details with computed values"},{"ancestorTitles":["MyReservationDetailScreen"],"duration":144,"failureDetails":[],"failureMessages":[],"fullName":"MyReservationDetailScreen formats today date with reservationDetail.today label","invocations":1,"location":null,"numPassingAsserts":1,"retryReasons":[],"status":"passed","title":"formats today date with reservationDetail.today label"},{"ancestorTitles":["MyReservationDetailScreen"],"duration":49,"failureDetails":[],"failureMessages":[],"fullName":"MyReservationDetailScreen calls router.back when pressing header back action","invocations":1,"location":null,"numPassingAsserts":2,"retryReasons":[],"status":"passed","title":"calls router.back when pressing header back action"},{"ancestorTitles":["MyReservationDetailScreen"],"duration":132,"failureDetails":[],"failureMessages":[],"fullName":"MyReservationDetailScreen opens phone and email links from contact actions","invocations":1,"location":null,"numPassingAsserts":4,"retryReasons":[],"status":"passed","title":"opens phone and email links from contact actions"},{"ancestorTitles":["MyReservationDetailScreen"],"duration":60,"failureDetails":[],"failureMessages":[],"fullName":"MyReservationDetailScreen renders default values when key params are missing","invocations":1,"location":null,"numPassingAsserts":5,"retryReasons":[],"status":"passed","title":"renders default values when key params are missing"},{"ancestorTitles":["MyReservationDetailScreen"],"duration":127,"failureDetails":[],"failureMessages":[],"fullName":"MyReservationDetailScreen renders singular labels when one bed, one guest, and one night","invocations":1,"location":null,"numPassingAsserts":3,"retryReasons":[],"status":"passed","title":"renders singular labels when one bed, one guest, and one night"}],"endTime":1776967337857,"message":"","name":"D:\\Repos\\MISW4501-202611-ProyectoFinal-Grupo13\\mobile\\src\\screens\\__tests__\\myReservationDetail.test.tsx","startTime":1776967325545,"status":"passed","summary":""},{"assertionResults":[{"ancestorTitles":["EditReservationScreen"],"duration":4153,"failureDetails":[],"failureMessages":[],"fullName":"EditReservationScreen shows loading state while reservation data is being fetched","invocations":1,"location":null,"numPassingAsserts":2,"retryReasons":[],"status":"passed","title":"shows loading state while reservation data is being fetched"},{"ancestorTitles":["EditReservationScreen"],"duration":120,"failureDetails":[],"failureMessages":[],"fullName":"EditReservationScreen renders reservation details and available rooms after load","invocations":1,"location":null,"numPassingAsserts":5,"retryReasons":[],"status":"passed","title":"renders reservation details and available rooms after load"},{"ancestorTitles":["EditReservationScreen"],"duration":321,"failureDetails":[],"failureMessages":[],"fullName":"EditReservationScreen uses fallback room option when hotel room search throws error","invocations":1,"location":null,"numPassingAsserts":2,"retryReasons":[],"status":"passed","title":"uses fallback room option when hotel room search throws error"},{"ancestorTitles":["EditReservationScreen"],"duration":218,"failureDetails":[],"failureMessages":[],"fullName":"EditReservationScreen calls router.back when pressing header back action","invocations":1,"location":null,"numPassingAsserts":2,"retryReasons":[],"status":"passed","title":"calls router.back when pressing header back action"},{"ancestorTitles":["EditReservationScreen"],"duration":306,"failureDetails":[],"failureMessages":[],"fullName":"EditReservationScreen calls router.back when pressing cancel button","invocations":1,"location":null,"numPassingAsserts":2,"retryReasons":[],"status":"passed","title":"calls router.back when pressing cancel button"},{"ancestorTitles":["EditReservationScreen"],"duration":142,"failureDetails":[],"failureMessages":[],"fullName":"EditReservationScreen shows no changes alert when save is pressed without modifications","invocations":1,"location":null,"numPassingAsserts":2,"retryReasons":[],"status":"passed","title":"shows no changes alert when save is pressed without modifications"},{"ancestorTitles":["EditReservationScreen"],"duration":342,"failureDetails":[],"failureMessages":[],"fullName":"EditReservationScreen shows error alert when reservation id is missing and user tries to save","invocations":1,"location":null,"numPassingAsserts":3,"retryReasons":[],"status":"passed","title":"shows error alert when reservation id is missing and user tries to save"},{"ancestorTitles":["EditReservationScreen"],"duration":666,"failureDetails":[],"failureMessages":[],"fullName":"EditReservationScreen updates reservation directly when price difference is zero or negative","invocations":1,"location":null,"numPassingAsserts":7,"retryReasons":[],"status":"passed","title":"updates reservation directly when price difference is zero or negative"},{"ancestorTitles":["EditReservationScreen"],"duration":363,"failureDetails":[],"failureMessages":[],"fullName":"EditReservationScreen navigates to payment when price difference is positive","invocations":1,"location":null,"numPassingAsserts":7,"retryReasons":[],"status":"passed","title":"navigates to payment when price difference is positive"},{"ancestorTitles":["EditReservationScreen"],"duration":414,"failureDetails":[],"failureMessages":[],"fullName":"EditReservationScreen shows alert and does not navigate when room hold cannot be acquired","invocations":1,"location":null,"numPassingAsserts":3,"retryReasons":[],"status":"passed","title":"shows alert and does not navigate when room hold cannot be acquired"}],"endTime":1776967338826,"message":"","name":"D:\\Repos\\MISW4501-202611-ProyectoFinal-Grupo13\\mobile\\src\\screens\\__tests__\\editReservation.test.tsx","startTime":1776967325372,"status":"passed","summary":""},{"assertionResults":[{"ancestorTitles":["LanguageSelector","Rendering"],"duration":4062,"failureDetails":[],"failureMessages":[],"fullName":"LanguageSelector Rendering should render the selector button","invocations":1,"location":null,"numPassingAsserts":2,"retryReasons":[],"status":"passed","title":"should render the selector button"},{"ancestorTitles":["LanguageSelector","Rendering"],"duration":135,"failureDetails":[],"failureMessages":[],"fullName":"LanguageSelector Rendering should render with custom style","invocations":1,"location":null,"numPassingAsserts":1,"retryReasons":[],"status":"passed","title":"should render with custom style"},{"ancestorTitles":["LanguageSelector","Rendering"],"duration":13,"failureDetails":[],"failureMessages":[],"fullName":"LanguageSelector Rendering should render chevron-down icon","invocations":1,"location":null,"numPassingAsserts":1,"retryReasons":[],"status":"passed","title":"should render chevron-down icon"},{"ancestorTitles":["LanguageSelector","Rendering"],"duration":12,"failureDetails":[],"failureMessages":[],"fullName":"LanguageSelector Rendering should display current language flag and label","invocations":1,"location":null,"numPassingAsserts":2,"retryReasons":[],"status":"passed","title":"should display current language flag and label"},{"ancestorTitles":["LanguageSelector","Modal Behavior"],"duration":34,"failureDetails":[],"failureMessages":[],"fullName":"LanguageSelector Modal Behavior should open modal when selector button is pressed","invocations":1,"location":null,"numPassingAsserts":2,"retryReasons":[],"status":"passed","title":"should open modal when selector button is pressed"},{"ancestorTitles":["LanguageSelector","Modal Behavior"],"duration":32,"failureDetails":[],"failureMessages":[],"fullName":"LanguageSelector Modal Behavior should display all language options in modal","invocations":1,"location":null,"numPassingAsserts":4,"retryReasons":[],"status":"passed","title":"should display all language options in modal"},{"ancestorTitles":["LanguageSelector","Modal Behavior"],"duration":24,"failureDetails":[],"failureMessages":[],"fullName":"LanguageSelector Modal Behavior should display all language flags in modal","invocations":1,"location":null,"numPassingAsserts":3,"retryReasons":[],"status":"passed","title":"should display all language flags in modal"},{"ancestorTitles":["LanguageSelector","Modal Behavior"],"duration":27,"failureDetails":[],"failureMessages":[],"fullName":"LanguageSelector Modal Behavior should close modal when backdrop is pressed","invocations":1,"location":null,"numPassingAsserts":2,"retryReasons":[],"status":"passed","title":"should close modal when backdrop is pressed"},{"ancestorTitles":["LanguageSelector","Modal Behavior"],"duration":259,"failureDetails":[],"failureMessages":[],"fullName":"LanguageSelector Modal Behavior should close modal via onRequestClose","invocations":1,"location":null,"numPassingAsserts":2,"retryReasons":[],"status":"passed","title":"should close modal via onRequestClose"},{"ancestorTitles":["LanguageSelector","Language Selection"],"duration":71,"failureDetails":[],"failureMessages":[],"fullName":"LanguageSelector Language Selection should call changeLanguage when a language is selected","invocations":1,"location":null,"numPassingAsserts":2,"retryReasons":[],"status":"passed","title":"should call changeLanguage when a language is selected"},{"ancestorTitles":["LanguageSelector","Language Selection"],"duration":2266,"failureDetails":[],"failureMessages":[],"fullName":"LanguageSelector Language Selection should close modal after selecting a language","invocations":1,"location":null,"numPassingAsserts":2,"retryReasons":[],"status":"passed","title":"should close modal after selecting a language"},{"ancestorTitles":["LanguageSelector","Language Selection"],"duration":27,"failureDetails":[],"failureMessages":[],"fullName":"LanguageSelector Language Selection should call changeLanguage with correct code for Portuguese","invocations":1,"location":null,"numPassingAsserts":2,"retryReasons":[],"status":"passed","title":"should call changeLanguage with correct code for Portuguese"},{"ancestorTitles":["LanguageSelector","Language Selection"],"duration":32,"failureDetails":[],"failureMessages":[],"fullName":"LanguageSelector Language Selection should call changeLanguage with correct code for Spanish","invocations":1,"location":null,"numPassingAsserts":2,"retryReasons":[],"status":"passed","title":"should call changeLanguage with correct code for Spanish"},{"ancestorTitles":["LanguageSelector","Selected Language Indicator"],"duration":115,"failureDetails":[],"failureMessages":[],"fullName":"LanguageSelector Selected Language Indicator should show checkmark for currently selected language","invocations":1,"location":null,"numPassingAsserts":2,"retryReasons":[],"status":"passed","title":"should show checkmark for currently selected language"},{"ancestorTitles":["LanguageSelector","Selected Language Indicator"],"duration":25,"failureDetails":[],"failureMessages":[],"fullName":"LanguageSelector Selected Language Indicator should highlight selected language option with different style","invocations":1,"location":null,"numPassingAsserts":2,"retryReasons":[],"status":"passed","title":"should highlight selected language option with different style"},{"ancestorTitles":["LanguageSelector","Default Language Fallback"],"duration":41,"failureDetails":[],"failureMessages":[],"fullName":"LanguageSelector Default Language Fallback should fallback to first language option if current language not found","invocations":1,"location":null,"numPassingAsserts":1,"retryReasons":[],"status":"passed","title":"should fallback to first language option if current language not found"},{"ancestorTitles":["LanguageSelector","Edge Cases"],"duration":2071,"failureDetails":[],"failureMessages":[],"fullName":"LanguageSelector Edge Cases should handle multiple rapid opens and closes","invocations":1,"location":null,"numPassingAsserts":4,"retryReasons":[],"status":"passed","title":"should handle multiple rapid opens and closes"},{"ancestorTitles":["LanguageSelector","Edge Cases"],"duration":28,"failureDetails":[],"failureMessages":[],"fullName":"LanguageSelector Edge Cases should render without style prop","invocations":1,"location":null,"numPassingAsserts":1,"retryReasons":[],"status":"passed","title":"should render without style prop"},{"ancestorTitles":["LanguageSelector with English language"],"duration":30,"failureDetails":[],"failureMessages":[],"fullName":"LanguageSelector with English language should render all three language options","invocations":1,"location":null,"numPassingAsserts":5,"retryReasons":[],"status":"passed","title":"should render all three language options"}],"endTime":1776967342071,"message":"","name":"D:\\Repos\\MISW4501-202611-ProyectoFinal-Grupo13\\mobile\\src\\common\\__tests__\\LanguageSelector.test.tsx","startTime":1776967325670,"status":"passed","summary":""},{"assertionResults":[{"ancestorTitles":["LoginScreen","Rendering"],"duration":3277,"failureDetails":[],"failureMessages":[],"fullName":"LoginScreen Rendering should render login form by default","invocations":1,"location":null,"numPassingAsserts":9,"retryReasons":[],"status":"passed","title":"should render login form by default"},{"ancestorTitles":["LoginScreen","Rendering"],"duration":101,"failureDetails":[],"failureMessages":[],"fullName":"LoginScreen Rendering should render remember me checkbox","invocations":1,"location":null,"numPassingAsserts":2,"retryReasons":[],"status":"passed","title":"should render remember me checkbox"},{"ancestorTitles":["LoginScreen","Rendering"],"duration":113,"failureDetails":[],"failureMessages":[],"fullName":"LoginScreen Rendering should render forgot password link","invocations":1,"location":null,"numPassingAsserts":2,"retryReasons":[],"status":"passed","title":"should render forgot password link"},{"ancestorTitles":["LoginScreen","Rendering"],"duration":38,"failureDetails":[],"failureMessages":[],"fullName":"LoginScreen Rendering should render security badges in footer","invocations":1,"location":null,"numPassingAsserts":4,"retryReasons":[],"status":"passed","title":"should render security badges in footer"},{"ancestorTitles":["LoginScreen","Tab Navigation"],"duration":147,"failureDetails":[],"failureMessages":[],"fullName":"LoginScreen Tab Navigation should switch to register tab when register is pressed","invocations":1,"location":null,"numPassingAsserts":4,"retryReasons":[],"status":"passed","title":"should switch to register tab when register is pressed"},{"ancestorTitles":["LoginScreen","Tab Navigation"],"duration":80,"failureDetails":[],"failureMessages":[],"fullName":"LoginScreen Tab Navigation should switch back to login tab when login is pressed","invocations":1,"location":null,"numPassingAsserts":4,"retryReasons":[],"status":"passed","title":"should switch back to login tab when login is pressed"},{"ancestorTitles":["LoginScreen","Tab Navigation"],"duration":66,"failureDetails":[],"failureMessages":[],"fullName":"LoginScreen Tab Navigation should clear errors when switching tabs","invocations":1,"location":null,"numPassingAsserts":3,"retryReasons":[],"status":"passed","title":"should clear errors when switching tabs"},{"ancestorTitles":["LoginScreen","Login Functionality"],"duration":60,"failureDetails":[],"failureMessages":[],"fullName":"LoginScreen Login Functionality should show error when login fields are empty","invocations":1,"location":null,"numPassingAsserts":3,"retryReasons":[],"status":"passed","title":"should show error when login fields are empty"},{"ancestorTitles":["LoginScreen","Login Functionality"],"duration":142,"failureDetails":[],"failureMessages":[],"fullName":"LoginScreen Login Functionality should show error when only email is provided","invocations":1,"location":null,"numPassingAsserts":2,"retryReasons":[],"status":"passed","title":"should show error when only email is provided"},{"ancestorTitles":["LoginScreen","Login Functionality"],"duration":60,"failureDetails":[],"failureMessages":[],"fullName":"LoginScreen Login Functionality should show error when only password is provided","invocations":1,"location":null,"numPassingAsserts":2,"retryReasons":[],"status":"passed","title":"should show error when only password is provided"},{"ancestorTitles":["LoginScreen","Login Functionality"],"duration":92,"failureDetails":[],"failureMessages":[],"fullName":"LoginScreen Login Functionality should call AuthService.send with correct credentials on valid login","invocations":1,"location":null,"numPassingAsserts":2,"retryReasons":[],"status":"passed","title":"should call AuthService.send with correct credentials on valid login"},{"ancestorTitles":["LoginScreen","Login Functionality"],"duration":171,"failureDetails":[],"failureMessages":[],"fullName":"LoginScreen Login Functionality should navigate to landing screen on successful login","invocations":1,"location":null,"numPassingAsserts":2,"retryReasons":[],"status":"passed","title":"should navigate to landing screen on successful login"},{"ancestorTitles":["LoginScreen","Login Functionality"],"duration":249,"failureDetails":[],"failureMessages":[],"fullName":"LoginScreen Login Functionality should show error message on failed login","invocations":1,"location":null,"numPassingAsserts":2,"retryReasons":[],"status":"passed","title":"should show error message on failed login"},{"ancestorTitles":["LoginScreen","Login Functionality"],"duration":128,"failureDetails":[],"failureMessages":[],"fullName":"LoginScreen Login Functionality should show default error message when login fails without message","invocations":1,"location":null,"numPassingAsserts":2,"retryReasons":[],"status":"passed","title":"should show default error message when login fails without message"},{"ancestorTitles":["LoginScreen","Login Functionality"],"duration":80,"failureDetails":[],"failureMessages":[],"fullName":"LoginScreen Login Functionality should show unexpected error on AuthService exception","invocations":1,"location":null,"numPassingAsserts":2,"retryReasons":[],"status":"passed","title":"should show unexpected error on AuthService exception"},{"ancestorTitles":["LoginScreen","Registration Functionality"],"duration":109,"failureDetails":[],"failureMessages":[],"fullName":"LoginScreen Registration Functionality should show error when registration fields are empty","invocations":1,"location":null,"numPassingAsserts":3,"retryReasons":[],"status":"passed","title":"should show error when registration fields are empty"},{"ancestorTitles":["LoginScreen","Registration Functionality"],"duration":147,"failureDetails":[],"failureMessages":[],"fullName":"LoginScreen Registration Functionality should show error when passwords do not match","invocations":1,"location":null,"numPassingAsserts":2,"retryReasons":[],"status":"passed","title":"should show error when passwords do not match"},{"ancestorTitles":["LoginScreen","Registration Functionality"],"duration":193,"failureDetails":[],"failureMessages":[],"fullName":"LoginScreen Registration Functionality should show error when password is too short","invocations":1,"location":null,"numPassingAsserts":2,"retryReasons":[],"status":"passed","title":"should show error when password is too short"},{"ancestorTitles":["LoginScreen","Registration Functionality"],"duration":230,"failureDetails":[],"failureMessages":[],"fullName":"LoginScreen Registration Functionality should call RegisterService.send with correct data on valid registration","invocations":1,"location":null,"numPassingAsserts":2,"retryReasons":[],"status":"passed","title":"should call RegisterService.send with correct data on valid registration"},{"ancestorTitles":["LoginScreen","Registration Functionality"],"duration":158,"failureDetails":[],"failureMessages":[],"fullName":"LoginScreen Registration Functionality should show success message on successful registration","invocations":1,"location":null,"numPassingAsserts":2,"retryReasons":[],"status":"passed","title":"should show success message on successful registration"},{"ancestorTitles":["LoginScreen","Registration Functionality"],"duration":293,"failureDetails":[],"failureMessages":[],"fullName":"LoginScreen Registration Functionality should switch to login tab after successful registration","invocations":1,"location":null,"numPassingAsserts":3,"retryReasons":[],"status":"passed","title":"should switch to login tab after successful registration"},{"ancestorTitles":["LoginScreen","Registration Functionality"],"duration":273,"failureDetails":[],"failureMessages":[],"fullName":"LoginScreen Registration Functionality should show error message on failed registration","invocations":1,"location":null,"numPassingAsserts":2,"retryReasons":[],"status":"passed","title":"should show error message on failed registration"},{"ancestorTitles":["LoginScreen","Registration Functionality"],"duration":280,"failureDetails":[],"failureMessages":[],"fullName":"LoginScreen Registration Functionality should show default error message when registration fails without message","invocations":1,"location":null,"numPassingAsserts":2,"retryReasons":[],"status":"passed","title":"should show default error message when registration fails without message"},{"ancestorTitles":["LoginScreen","Registration Functionality"],"duration":98,"failureDetails":[],"failureMessages":[],"fullName":"LoginScreen Registration Functionality should show unexpected error on RegisterService exception","invocations":1,"location":null,"numPassingAsserts":2,"retryReasons":[],"status":"passed","title":"should show unexpected error on RegisterService exception"},{"ancestorTitles":["LoginScreen","Password Visibility Toggle"],"duration":69,"failureDetails":[],"failureMessages":[],"fullName":"LoginScreen Password Visibility Toggle should toggle login password visibility","invocations":1,"location":null,"numPassingAsserts":2,"retryReasons":[],"status":"passed","title":"should toggle login password visibility"},{"ancestorTitles":["LoginScreen","Password Visibility Toggle"],"duration":81,"failureDetails":[],"failureMessages":[],"fullName":"LoginScreen Password Visibility Toggle should toggle register password visibility","invocations":1,"location":null,"numPassingAsserts":3,"retryReasons":[],"status":"passed","title":"should toggle register password visibility"},{"ancestorTitles":["LoginScreen","Remember Me Checkbox"],"duration":74,"failureDetails":[],"failureMessages":[],"fullName":"LoginScreen Remember Me Checkbox should toggle remember me checkbox","invocations":1,"location":null,"numPassingAsserts":1,"retryReasons":[],"status":"passed","title":"should toggle remember me checkbox"},{"ancestorTitles":["LoginScreen","Input Field Behavior"],"duration":36,"failureDetails":[],"failureMessages":[],"fullName":"LoginScreen Input Field Behavior should update login email on change","invocations":1,"location":null,"numPassingAsserts":2,"retryReasons":[],"status":"passed","title":"should update login email on change"},{"ancestorTitles":["LoginScreen","Input Field Behavior"],"duration":33,"failureDetails":[],"failureMessages":[],"fullName":"LoginScreen Input Field Behavior should update login password on change","invocations":1,"location":null,"numPassingAsserts":2,"retryReasons":[],"status":"passed","title":"should update login password on change"},{"ancestorTitles":["LoginScreen","Input Field Behavior"],"duration":91,"failureDetails":[],"failureMessages":[],"fullName":"LoginScreen Input Field Behavior should update registration fields on change","invocations":1,"location":null,"numPassingAsserts":5,"retryReasons":[],"status":"passed","title":"should update registration fields on change"},{"ancestorTitles":["LoginScreen","Loading State"],"duration":94,"failureDetails":[],"failureMessages":[],"fullName":"LoginScreen Loading State should disable login button while loading","invocations":1,"location":null,"numPassingAsserts":2,"retryReasons":[],"status":"passed","title":"should disable login button while loading"},{"ancestorTitles":["LoginScreen","Loading State"],"duration":209,"failureDetails":[],"failureMessages":[],"fullName":"LoginScreen Loading State should disable register button while loading","invocations":1,"location":null,"numPassingAsserts":2,"retryReasons":[],"status":"passed","title":"should disable register button while loading"},{"ancestorTitles":["LoginScreen","Edge Cases"],"duration":67,"failureDetails":[],"failureMessages":[],"fullName":"LoginScreen Edge Cases should trim whitespace from login email","invocations":1,"location":null,"numPassingAsserts":2,"retryReasons":[],"status":"passed","title":"should trim whitespace from login email"},{"ancestorTitles":["LoginScreen","Edge Cases"],"duration":46,"failureDetails":[],"failureMessages":[],"fullName":"LoginScreen Edge Cases should handle whitespace-only email as empty","invocations":1,"location":null,"numPassingAsserts":3,"retryReasons":[],"status":"passed","title":"should handle whitespace-only email as empty"},{"ancestorTitles":["LoginScreen","Edge Cases"],"duration":50,"failureDetails":[],"failureMessages":[],"fullName":"LoginScreen Edge Cases should handle whitespace-only password as empty","invocations":1,"location":null,"numPassingAsserts":3,"retryReasons":[],"status":"passed","title":"should handle whitespace-only password as empty"}],"endTime":1776967342505,"message":"","name":"D:\\Repos\\MISW4501-202611-ProyectoFinal-Grupo13\\mobile\\src\\screens\\__tests__\\login.test.tsx","startTime":1776967325619,"status":"passed","summary":""},{"assertionResults":[{"ancestorTitles":["MyReservationsScreen","Loading State"],"duration":4265,"failureDetails":[],"failureMessages":[],"fullName":"MyReservationsScreen Loading State should show loading indicator initially","invocations":1,"location":null,"numPassingAsserts":1,"retryReasons":[],"status":"passed","title":"should show loading indicator initially"},{"ancestorTitles":["MyReservationsScreen","Error States"],"duration":185,"failureDetails":[],"failureMessages":[],"fullName":"MyReservationsScreen Error States should show error when user is null","invocations":1,"location":null,"numPassingAsserts":1,"retryReasons":[],"status":"passed","title":"should show error when user is null"},{"ancestorTitles":["MyReservationsScreen","Error States"],"duration":45,"failureDetails":[],"failureMessages":[],"fullName":"MyReservationsScreen Error States should show error when user id is undefined","invocations":1,"location":null,"numPassingAsserts":1,"retryReasons":[],"status":"passed","title":"should show error when user id is undefined"},{"ancestorTitles":["MyReservationsScreen","Error States"],"duration":76,"failureDetails":[],"failureMessages":[],"fullName":"MyReservationsScreen Error States should show error when reservas API fails","invocations":1,"location":null,"numPassingAsserts":1,"retryReasons":[],"status":"passed","title":"should show error when reservas API fails"},{"ancestorTitles":["MyReservationsScreen","Error States"],"duration":128,"failureDetails":[],"failureMessages":[],"fullName":"MyReservationsScreen Error States should show error when reservas data is null","invocations":1,"location":null,"numPassingAsserts":1,"retryReasons":[],"status":"passed","title":"should show error when reservas data is null"},{"ancestorTitles":["MyReservationsScreen","Error States"],"duration":420,"failureDetails":[],"failureMessages":[],"fullName":"MyReservationsScreen Error States should show error when API throws exception","invocations":1,"location":null,"numPassingAsserts":1,"retryReasons":[],"status":"passed","title":"should show error when API throws exception"},{"ancestorTitles":["MyReservationsScreen","Error States"],"duration":93,"failureDetails":[],"failureMessages":[],"fullName":"MyReservationsScreen Error States should show retry button on error","invocations":1,"location":null,"numPassingAsserts":1,"retryReasons":[],"status":"passed","title":"should show retry button on error"},{"ancestorTitles":["MyReservationsScreen","Error States"],"duration":233,"failureDetails":[],"failureMessages":[],"fullName":"MyReservationsScreen Error States should reload on retry press","invocations":1,"location":null,"numPassingAsserts":2,"retryReasons":[],"status":"passed","title":"should reload on retry press"},{"ancestorTitles":["MyReservationsScreen","Empty State"],"duration":90,"failureDetails":[],"failureMessages":[],"fullName":"MyReservationsScreen Empty State should show empty state when no reservations","invocations":1,"location":null,"numPassingAsserts":2,"retryReasons":[],"status":"passed","title":"should show empty state when no reservations"},{"ancestorTitles":["MyReservationsScreen","Empty State"],"duration":79,"failureDetails":[],"failureMessages":[],"fullName":"MyReservationsScreen Empty State should show empty state when no reservations match active tab","invocations":1,"location":null,"numPassingAsserts":1,"retryReasons":[],"status":"passed","title":"should show empty state when no reservations match active tab"},{"ancestorTitles":["MyReservationsScreen","Reservation Display"],"duration":127,"failureDetails":[],"failureMessages":[],"fullName":"MyReservationsScreen Reservation Display should display hotel name for confirmed reservation","invocations":1,"location":null,"numPassingAsserts":1,"retryReasons":[],"status":"passed","title":"should display hotel name for confirmed reservation"},{"ancestorTitles":["MyReservationsScreen","Reservation Display"],"duration":78,"failureDetails":[],"failureMessages":[],"fullName":"MyReservationsScreen Reservation Display should display location for reservation","invocations":1,"location":null,"numPassingAsserts":1,"retryReasons":[],"status":"passed","title":"should display location for reservation"},{"ancestorTitles":["MyReservationsScreen","Reservation Display"],"duration":90,"failureDetails":[],"failureMessages":[],"fullName":"MyReservationsScreen Reservation Display should display status badge for confirmed reservation","invocations":1,"location":null,"numPassingAsserts":1,"retryReasons":[],"status":"passed","title":"should display status badge for confirmed reservation"},{"ancestorTitles":["MyReservationsScreen","Reservation Display"],"duration":70,"failureDetails":[],"failureMessages":[],"fullName":"MyReservationsScreen Reservation Display should display total for reservation","invocations":1,"location":null,"numPassingAsserts":1,"retryReasons":[],"status":"passed","title":"should display total for reservation"},{"ancestorTitles":["MyReservationsScreen","Reservation Display"],"duration":141,"failureDetails":[],"failureMessages":[],"fullName":"MyReservationsScreen Reservation Display should display guests label","invocations":1,"location":null,"numPassingAsserts":1,"retryReasons":[],"status":"passed","title":"should display guests label"},{"ancestorTitles":["MyReservationsScreen","Reservation Display"],"duration":96,"failureDetails":[],"failureMessages":[],"fullName":"MyReservationsScreen Reservation Display should display singular adult label for 1 guest","invocations":1,"location":null,"numPassingAsserts":1,"retryReasons":[],"status":"passed","title":"should display singular adult label for 1 guest"},{"ancestorTitles":["MyReservationsScreen","Reservation Display"],"duration":98,"failureDetails":[],"failureMessages":[],"fullName":"MyReservationsScreen Reservation Display should display pending reservation in upcoming tab","invocations":1,"location":null,"numPassingAsserts":1,"retryReasons":[],"status":"passed","title":"should display pending reservation in upcoming tab"},{"ancestorTitles":["MyReservationsScreen","Reservation Display"],"duration":95,"failureDetails":[],"failureMessages":[],"fullName":"MyReservationsScreen Reservation Display should display rating for hotel","invocations":1,"location":null,"numPassingAsserts":1,"retryReasons":[],"status":"passed","title":"should display rating for hotel"},{"ancestorTitles":["MyReservationsScreen","Tab Navigation"],"duration":111,"failureDetails":[],"failureMessages":[],"fullName":"MyReservationsScreen Tab Navigation should render all three tabs","invocations":1,"location":null,"numPassingAsserts":3,"retryReasons":[],"status":"passed","title":"should render all three tabs"},{"ancestorTitles":["MyReservationsScreen","Tab Navigation"],"duration":100,"failureDetails":[],"failureMessages":[],"fullName":"MyReservationsScreen Tab Navigation should show cancelled reservations when cancelled tab is pressed","invocations":1,"location":null,"numPassingAsserts":2,"retryReasons":[],"status":"passed","title":"should show cancelled reservations when cancelled tab is pressed"},{"ancestorTitles":["MyReservationsScreen","Tab Navigation"],"duration":98,"failureDetails":[],"failureMessages":[],"fullName":"MyReservationsScreen Tab Navigation should show completed reservations when past tab is pressed","invocations":1,"location":null,"numPassingAsserts":2,"retryReasons":[],"status":"passed","title":"should show completed reservations when past tab is pressed"},{"ancestorTitles":["MyReservationsScreen","Tab Navigation"],"duration":126,"failureDetails":[],"failureMessages":[],"fullName":"MyReservationsScreen Tab Navigation should show empty state for past tab when no completed reservations","invocations":1,"location":null,"numPassingAsserts":2,"retryReasons":[],"status":"passed","title":"should show empty state for past tab when no completed reservations"},{"ancestorTitles":["MyReservationsScreen","Actions - Confirmed Reservation"],"duration":160,"failureDetails":[],"failureMessages":[],"fullName":"MyReservationsScreen Actions - Confirmed Reservation should show view details button for confirmed reservation","invocations":1,"location":null,"numPassingAsserts":1,"retryReasons":[],"status":"passed","title":"should show view details button for confirmed reservation"},{"ancestorTitles":["MyReservationsScreen","Actions - Confirmed Reservation"],"duration":134,"failureDetails":[],"failureMessages":[],"fullName":"MyReservationsScreen Actions - Confirmed Reservation should show modify button for confirmed reservation","invocations":1,"location":null,"numPassingAsserts":1,"retryReasons":[],"status":"passed","title":"should show modify button for confirmed reservation"},{"ancestorTitles":["MyReservationsScreen","Actions - Confirmed Reservation"],"duration":91,"failureDetails":[],"failureMessages":[],"fullName":"MyReservationsScreen Actions - Confirmed Reservation should navigate to details on view details press","invocations":1,"location":null,"numPassingAsserts":2,"retryReasons":[],"status":"passed","title":"should navigate to details on view details press"},{"ancestorTitles":["MyReservationsScreen","Actions - Confirmed Reservation"],"duration":83,"failureDetails":[],"failureMessages":[],"fullName":"MyReservationsScreen Actions - Confirmed Reservation should navigate to edit on modify press","invocations":1,"location":null,"numPassingAsserts":2,"retryReasons":[],"status":"passed","title":"should navigate to edit on modify press"},{"ancestorTitles":["MyReservationsScreen","Actions - Pending Reservation"],"duration":68,"failureDetails":[],"failureMessages":[],"fullName":"MyReservationsScreen Actions - Pending Reservation should show complete payment button for pending reservation","invocations":1,"location":null,"numPassingAsserts":1,"retryReasons":[],"status":"passed","title":"should show complete payment button for pending reservation"},{"ancestorTitles":["MyReservationsScreen","Actions - Pending Reservation"],"duration":72,"failureDetails":[],"failureMessages":[],"fullName":"MyReservationsScreen Actions - Pending Reservation should show cancel button for pending reservation","invocations":1,"location":null,"numPassingAsserts":1,"retryReasons":[],"status":"passed","title":"should show cancel button for pending reservation"},{"ancestorTitles":["MyReservationsScreen","Actions - Pending Reservation"],"duration":151,"failureDetails":[],"failureMessages":[],"fullName":"MyReservationsScreen Actions - Pending Reservation should navigate to payment on complete payment press","invocations":1,"location":null,"numPassingAsserts":3,"retryReasons":[],"status":"passed","title":"should navigate to payment on complete payment press"},{"ancestorTitles":["MyReservationsScreen","Actions - Pending Reservation"],"duration":206,"failureDetails":[],"failureMessages":[],"fullName":"MyReservationsScreen Actions - Pending Reservation should show alert when hold acquisition fails","invocations":1,"location":null,"numPassingAsserts":2,"retryReasons":[],"status":"passed","title":"should show alert when hold acquisition fails"},{"ancestorTitles":["MyReservationsScreen","Actions - Pending Reservation"],"duration":232,"failureDetails":[],"failureMessages":[],"fullName":"MyReservationsScreen Actions - Pending Reservation should show alert when complete payment throws","invocations":1,"location":null,"numPassingAsserts":2,"retryReasons":[],"status":"passed","title":"should show alert when complete payment throws"},{"ancestorTitles":["MyReservationsScreen","Actions - Pending Reservation"],"duration":196,"failureDetails":[],"failureMessages":[],"fullName":"MyReservationsScreen Actions - Pending Reservation should call updateReserva on cancel press","invocations":1,"location":null,"numPassingAsserts":2,"retryReasons":[],"status":"passed","title":"should call updateReserva on cancel press"},{"ancestorTitles":["MyReservationsScreen","Navigation"],"duration":112,"failureDetails":[],"failureMessages":[],"fullName":"MyReservationsScreen Navigation should call router.back on back button press","invocations":1,"location":null,"numPassingAsserts":2,"retryReasons":[],"status":"passed","title":"should call router.back on back button press"},{"ancestorTitles":["MyReservationsScreen","Navigation"],"duration":81,"failureDetails":[],"failureMessages":[],"fullName":"MyReservationsScreen Navigation should render header title","invocations":1,"location":null,"numPassingAsserts":1,"retryReasons":[],"status":"passed","title":"should render header title"},{"ancestorTitles":["MyReservationsScreen","Service Calls"],"duration":29,"failureDetails":[],"failureMessages":[],"fullName":"MyReservationsScreen Service Calls should call getReservasByUsuario with user id","invocations":1,"location":null,"numPassingAsserts":1,"retryReasons":[],"status":"passed","title":"should call getReservasByUsuario with user id"},{"ancestorTitles":["MyReservationsScreen","Service Calls"],"duration":28,"failureDetails":[],"failureMessages":[],"fullName":"MyReservationsScreen Service Calls should call getHabitaciones","invocations":1,"location":null,"numPassingAsserts":1,"retryReasons":[],"status":"passed","title":"should call getHabitaciones"},{"ancestorTitles":["MyReservationsScreen","Service Calls"],"duration":27,"failureDetails":[],"failureMessages":[],"fullName":"MyReservationsScreen Service Calls should call getHoteles","invocations":1,"location":null,"numPassingAsserts":1,"retryReasons":[],"status":"passed","title":"should call getHoteles"},{"ancestorTitles":["MyReservationsScreen","Service Calls"],"duration":25,"failureDetails":[],"failureMessages":[],"fullName":"MyReservationsScreen Service Calls should not call services when user is missing","invocations":1,"location":null,"numPassingAsserts":1,"retryReasons":[],"status":"passed","title":"should not call services when user is missing"},{"ancestorTitles":["MyReservationsScreen","Status Resolution"],"duration":188,"failureDetails":[],"failureMessages":[],"fullName":"MyReservationsScreen Status Resolution should resolve cancelled status correctly","invocations":1,"location":null,"numPassingAsserts":2,"retryReasons":[],"status":"passed","title":"should resolve cancelled status correctly"},{"ancestorTitles":["MyReservationsScreen","Status Resolution"],"duration":123,"failureDetails":[],"failureMessages":[],"fullName":"MyReservationsScreen Status Resolution should resolve completed status for past checkout dates","invocations":1,"location":null,"numPassingAsserts":2,"retryReasons":[],"status":"passed","title":"should resolve completed status for past checkout dates"},{"ancestorTitles":["MyReservationsScreen","Status Resolution"],"duration":77,"failureDetails":[],"failureMessages":[],"fullName":"MyReservationsScreen Status Resolution should resolve pending status correctly","invocations":1,"location":null,"numPassingAsserts":1,"retryReasons":[],"status":"passed","title":"should resolve pending status correctly"},{"ancestorTitles":["MyReservationsScreen","Fallback Reservation"],"duration":82,"failureDetails":[],"failureMessages":[],"fullName":"MyReservationsScreen Fallback Reservation should handle missing habitacion gracefully","invocations":1,"location":null,"numPassingAsserts":1,"retryReasons":[],"status":"passed","title":"should handle missing habitacion gracefully"},{"ancestorTitles":["MyReservationsScreen","Fallback Reservation"],"duration":134,"failureDetails":[],"failureMessages":[],"fullName":"MyReservationsScreen Fallback Reservation should use pais name as location when hotel city not found","invocations":1,"location":null,"numPassingAsserts":1,"retryReasons":[],"status":"passed","title":"should use pais name as location when hotel city not found"},{"ancestorTitles":["MyReservationsScreen","Static Data Cache"],"duration":33,"failureDetails":[],"failureMessages":[],"fullName":"MyReservationsScreen Static Data Cache should use cached estados from store","invocations":1,"location":null,"numPassingAsserts":1,"retryReasons":[],"status":"passed","title":"should use cached estados from store"},{"ancestorTitles":["MyReservationsScreen","Static Data Cache"],"duration":108,"failureDetails":[],"failureMessages":[],"fullName":"MyReservationsScreen Static Data Cache should handle empty cached data gracefully","invocations":1,"location":null,"numPassingAsserts":1,"retryReasons":[],"status":"passed","title":"should handle empty cached data gracefully"},{"ancestorTitles":["MyReservationsScreen","Habitaciones and Hoteles handling"],"duration":59,"failureDetails":[],"failureMessages":[],"fullName":"MyReservationsScreen Habitaciones and Hoteles handling should handle null habitaciones result data","invocations":1,"location":null,"numPassingAsserts":1,"retryReasons":[],"status":"passed","title":"should handle null habitaciones result data"},{"ancestorTitles":["MyReservationsScreen","Habitaciones and Hoteles handling"],"duration":90,"failureDetails":[],"failureMessages":[],"fullName":"MyReservationsScreen Habitaciones and Hoteles handling should handle null hoteles result data","invocations":1,"location":null,"numPassingAsserts":1,"retryReasons":[],"status":"passed","title":"should handle null hoteles result data"},{"ancestorTitles":["MyReservationsScreen","Multiple Reservations"],"duration":98,"failureDetails":[],"failureMessages":[],"fullName":"MyReservationsScreen Multiple Reservations should render multiple reservation cards in upcoming tab","invocations":1,"location":null,"numPassingAsserts":2,"retryReasons":[],"status":"passed","title":"should render multiple reservation cards in upcoming tab"},{"ancestorTitles":["MyReservationsScreen","Multiple Reservations"],"duration":108,"failureDetails":[],"failureMessages":[],"fullName":"MyReservationsScreen Multiple Reservations should sort reservations by check-in date","invocations":1,"location":null,"numPassingAsserts":1,"retryReasons":[],"status":"passed","title":"should sort reservations by check-in date"}],"endTime":1776967342602,"message":"","name":"D:\\Repos\\MISW4501-202611-ProyectoFinal-Grupo13\\mobile\\src\\screens\\__tests__\\myReservations.test.tsx","startTime":1776967325345,"status":"passed","summary":""},{"assertionResults":[{"ancestorTitles":["HotelSearch","Rendering"],"duration":4206,"failureDetails":[],"failureMessages":[],"fullName":"HotelSearch Rendering should render destination input","invocations":1,"location":null,"numPassingAsserts":2,"retryReasons":[],"status":"passed","title":"should render destination input"},{"ancestorTitles":["HotelSearch","Rendering"],"duration":170,"failureDetails":[],"failureMessages":[],"fullName":"HotelSearch Rendering should render check-in and check-out sections","invocations":1,"location":null,"numPassingAsserts":2,"retryReasons":[],"status":"passed","title":"should render check-in and check-out sections"},{"ancestorTitles":["HotelSearch","Rendering"],"duration":136,"failureDetails":[],"failureMessages":[],"fullName":"HotelSearch Rendering should render guests section","invocations":1,"location":null,"numPassingAsserts":2,"retryReasons":[],"status":"passed","title":"should render guests section"},{"ancestorTitles":["HotelSearch","Rendering"],"duration":34,"failureDetails":[],"failureMessages":[],"fullName":"HotelSearch Rendering should render search button","invocations":1,"location":null,"numPassingAsserts":1,"retryReasons":[],"status":"passed","title":"should render search button"},{"ancestorTitles":["HotelSearch","Rendering"],"duration":59,"failureDetails":[],"failureMessages":[],"fullName":"HotelSearch Rendering should render date placeholders when no dates selected","invocations":1,"location":null,"numPassingAsserts":1,"retryReasons":[],"status":"passed","title":"should render date placeholders when no dates selected"},{"ancestorTitles":["HotelSearch","Destination Input"],"duration":165,"failureDetails":[],"failureMessages":[],"fullName":"HotelSearch Destination Input should update destination value when typing","invocations":1,"location":null,"numPassingAsserts":1,"retryReasons":[],"status":"passed","title":"should update destination value when typing"},{"ancestorTitles":["HotelSearch","Destination Input"],"duration":31,"failureDetails":[],"failureMessages":[],"fullName":"HotelSearch Destination Input should handle empty destination","invocations":1,"location":null,"numPassingAsserts":1,"retryReasons":[],"status":"passed","title":"should handle empty destination"},{"ancestorTitles":["HotelSearch","Check-In Calendar Picker"],"duration":231,"failureDetails":[],"failureMessages":[],"fullName":"HotelSearch Check-In Calendar Picker should open check-in picker when pressed","invocations":1,"location":null,"numPassingAsserts":2,"retryReasons":[],"status":"passed","title":"should open check-in picker when pressed"},{"ancestorTitles":["HotelSearch","Check-In Calendar Picker"],"duration":300,"failureDetails":[],"failureMessages":[],"fullName":"HotelSearch Check-In Calendar Picker should display month navigation in calendar","invocations":1,"location":null,"numPassingAsserts":1,"retryReasons":[],"status":"passed","title":"should display month navigation in calendar"},{"ancestorTitles":["HotelSearch","Check-In Calendar Picker"],"duration":307,"failureDetails":[],"failureMessages":[],"fullName":"HotelSearch Check-In Calendar Picker should display day names in calendar","invocations":1,"location":null,"numPassingAsserts":7,"retryReasons":[],"status":"passed","title":"should display day names in calendar"},{"ancestorTitles":["HotelSearch","Check-In Calendar Picker"],"duration":342,"failureDetails":[],"failureMessages":[],"fullName":"HotelSearch Check-In Calendar Picker should close calendar when done is pressed","invocations":1,"location":null,"numPassingAsserts":2,"retryReasons":[],"status":"passed","title":"should close calendar when done is pressed"},{"ancestorTitles":["HotelSearch","Check-In Calendar Picker"],"duration":244,"failureDetails":[],"failureMessages":[],"fullName":"HotelSearch Check-In Calendar Picker should navigate to next month","invocations":1,"location":null,"numPassingAsserts":2,"retryReasons":[],"status":"passed","title":"should navigate to next month"},{"ancestorTitles":["HotelSearch","Check-Out Calendar Picker"],"duration":155,"failureDetails":[],"failureMessages":[],"fullName":"HotelSearch Check-Out Calendar Picker should open check-out picker when pressed","invocations":1,"location":null,"numPassingAsserts":1,"retryReasons":[],"status":"passed","title":"should open check-out picker when pressed"},{"ancestorTitles":["HotelSearch","Check-Out Calendar Picker"],"duration":369,"failureDetails":[],"failureMessages":[],"fullName":"HotelSearch Check-Out Calendar Picker should have minimum date based on check-in","invocations":1,"location":null,"numPassingAsserts":1,"retryReasons":[],"status":"passed","title":"should have minimum date based on check-in"},{"ancestorTitles":["HotelSearch","Guest Selection"],"duration":170,"failureDetails":[],"failureMessages":[],"fullName":"HotelSearch Guest Selection should open guests picker when pressed","invocations":1,"location":null,"numPassingAsserts":1,"retryReasons":[],"status":"passed","title":"should open guests picker when pressed"},{"ancestorTitles":["HotelSearch","Guest Selection"],"duration":160,"failureDetails":[],"failureMessages":[],"fullName":"HotelSearch Guest Selection should display all guest options (1-8)","invocations":1,"location":null,"numPassingAsserts":9,"retryReasons":[],"status":"passed","title":"should display all guest options (1-8)"},{"ancestorTitles":["HotelSearch","Guest Selection"],"duration":248,"failureDetails":[],"failureMessages":[],"fullName":"HotelSearch Guest Selection should update guests when option is selected","invocations":1,"location":null,"numPassingAsserts":2,"retryReasons":[],"status":"passed","title":"should update guests when option is selected"},{"ancestorTitles":["HotelSearch","Guest Selection"],"duration":256,"failureDetails":[],"failureMessages":[],"fullName":"HotelSearch Guest Selection should close picker when option is selected","invocations":1,"location":null,"numPassingAsserts":2,"retryReasons":[],"status":"passed","title":"should close picker when option is selected"},{"ancestorTitles":["HotelSearch","Guest Selection"],"duration":184,"failureDetails":[],"failureMessages":[],"fullName":"HotelSearch Guest Selection should close picker when modal backdrop is pressed","invocations":1,"location":null,"numPassingAsserts":2,"retryReasons":[],"status":"passed","title":"should close picker when modal backdrop is pressed"},{"ancestorTitles":["HotelSearch","Search Functionality"],"duration":39,"failureDetails":[],"failureMessages":[],"fullName":"HotelSearch Search Functionality should not call onSearch when destination is empty","invocations":1,"location":null,"numPassingAsserts":1,"retryReasons":[],"status":"passed","title":"should not call onSearch when destination is empty"},{"ancestorTitles":["HotelSearch","Search Functionality"],"duration":92,"failureDetails":[],"failureMessages":[],"fullName":"HotelSearch Search Functionality should not call onSearch when check-in is not selected","invocations":1,"location":null,"numPassingAsserts":1,"retryReasons":[],"status":"passed","title":"should not call onSearch when check-in is not selected"},{"ancestorTitles":["HotelSearch","Search Functionality"],"duration":44,"failureDetails":[],"failureMessages":[],"fullName":"HotelSearch Search Functionality should not call onSearch when check-out is not selected","invocations":1,"location":null,"numPassingAsserts":1,"retryReasons":[],"status":"passed","title":"should not call onSearch when check-out is not selected"},{"ancestorTitles":["HotelSearch","Search Functionality"],"duration":27,"failureDetails":[],"failureMessages":[],"fullName":"HotelSearch Search Functionality should call onSearch with correct params when all fields are filled","invocations":1,"location":null,"numPassingAsserts":1,"retryReasons":[],"status":"passed","title":"should call onSearch with correct params when all fields are filled"},{"ancestorTitles":["HotelSearch","Search Functionality"],"duration":47,"failureDetails":[],"failureMessages":[],"fullName":"HotelSearch Search Functionality should call onSearch with updated destination","invocations":1,"location":null,"numPassingAsserts":1,"retryReasons":[],"status":"passed","title":"should call onSearch with updated destination"},{"ancestorTitles":["HotelSearch","Loading State"],"duration":68,"failureDetails":[],"failureMessages":[],"fullName":"HotelSearch Loading State should display searching text when loading","invocations":1,"location":null,"numPassingAsserts":1,"retryReasons":[],"status":"passed","title":"should display searching text when loading"},{"ancestorTitles":["HotelSearch","Loading State"],"duration":34,"failureDetails":[],"failureMessages":[],"fullName":"HotelSearch Loading State should disable search button when loading","invocations":1,"location":null,"numPassingAsserts":1,"retryReasons":[],"status":"passed","title":"should disable search button when loading"},{"ancestorTitles":["HotelSearch","Loading State"],"duration":29,"failureDetails":[],"failureMessages":[],"fullName":"HotelSearch Loading State should display search text when not loading","invocations":1,"location":null,"numPassingAsserts":1,"retryReasons":[],"status":"passed","title":"should display search text when not loading"},{"ancestorTitles":["HotelSearch","Initial Values"],"duration":139,"failureDetails":[],"failureMessages":[],"fullName":"HotelSearch Initial Values should populate destination from initialValues","invocations":1,"location":null,"numPassingAsserts":1,"retryReasons":[],"status":"passed","title":"should populate destination from initialValues"},{"ancestorTitles":["HotelSearch","Initial Values"],"duration":64,"failureDetails":[],"failureMessages":[],"fullName":"HotelSearch Initial Values should populate guests from initialValues","invocations":1,"location":null,"numPassingAsserts":1,"retryReasons":[],"status":"passed","title":"should populate guests from initialValues"},{"ancestorTitles":["HotelSearch","Initial Values"],"duration":26,"failureDetails":[],"failureMessages":[],"fullName":"HotelSearch Initial Values should format check-in date from initialValues","invocations":1,"location":null,"numPassingAsserts":1,"retryReasons":[],"status":"passed","title":"should format check-in date from initialValues"},{"ancestorTitles":["HotelSearch","Initial Values"],"duration":26,"failureDetails":[],"failureMessages":[],"fullName":"HotelSearch Initial Values should format check-out date from initialValues","invocations":1,"location":null,"numPassingAsserts":1,"retryReasons":[],"status":"passed","title":"should format check-out date from initialValues"},{"ancestorTitles":["HotelSearch","Initial Values"],"duration":108,"failureDetails":[],"failureMessages":[],"fullName":"HotelSearch Initial Values should update state when initialValues change","invocations":1,"location":null,"numPassingAsserts":3,"retryReasons":[],"status":"passed","title":"should update state when initialValues change"},{"ancestorTitles":["HotelSearch","Date Auto-Adjustment"],"duration":153,"failureDetails":[],"failureMessages":[],"fullName":"HotelSearch Date Auto-Adjustment should adjust check-out when check-in is set to same or later date","invocations":1,"location":null,"numPassingAsserts":2,"retryReasons":[],"status":"passed","title":"should adjust check-out when check-in is set to same or later date"},{"ancestorTitles":["HotelSearch","Calendar Month Navigation Constraints"],"duration":343,"failureDetails":[],"failureMessages":[],"fullName":"HotelSearch Calendar Month Navigation Constraints should disable previous month button when at minimum date month","invocations":1,"location":null,"numPassingAsserts":2,"retryReasons":[],"status":"passed","title":"should disable previous month button when at minimum date month"},{"ancestorTitles":["HotelSearch","Guest Display Text"],"duration":48,"failureDetails":[],"failureMessages":[],"fullName":"HotelSearch Guest Display Text should display singular \"adult\" for 1 guest","invocations":1,"location":null,"numPassingAsserts":1,"retryReasons":[],"status":"passed","title":"should display singular \"adult\" for 1 guest"},{"ancestorTitles":["HotelSearch","Guest Display Text"],"duration":74,"failureDetails":[],"failureMessages":[],"fullName":"HotelSearch Guest Display Text should display plural \"adults\" for multiple guests","invocations":1,"location":null,"numPassingAsserts":1,"retryReasons":[],"status":"passed","title":"should display plural \"adults\" for multiple guests"},{"ancestorTitles":["HotelSearch","Date Formatting"],"duration":40,"failureDetails":[],"failureMessages":[],"fullName":"HotelSearch Date Formatting should format dates in MM/DD/YYYY format","invocations":1,"location":null,"numPassingAsserts":2,"retryReasons":[],"status":"passed","title":"should format dates in MM/DD/YYYY format"},{"ancestorTitles":["HotelSearch","Default Values"],"duration":34,"failureDetails":[],"failureMessages":[],"fullName":"HotelSearch Default Values should default to 1 guest when no initialValues","invocations":1,"location":null,"numPassingAsserts":1,"retryReasons":[],"status":"passed","title":"should default to 1 guest when no initialValues"},{"ancestorTitles":["HotelSearch","Default Values"],"duration":65,"failureDetails":[],"failureMessages":[],"fullName":"HotelSearch Default Values should default to empty destination when no initialValues","invocations":1,"location":null,"numPassingAsserts":1,"retryReasons":[],"status":"passed","title":"should default to empty destination when no initialValues"},{"ancestorTitles":["HotelSearch","Default Values"],"duration":54,"failureDetails":[],"failureMessages":[],"fullName":"HotelSearch Default Values should default loading to false","invocations":1,"location":null,"numPassingAsserts":1,"retryReasons":[],"status":"passed","title":"should default loading to false"},{"ancestorTitles":["HotelSearch","Null Initial Values"],"duration":31,"failureDetails":[],"failureMessages":[],"fullName":"HotelSearch Null Initial Values should handle null initialValues gracefully","invocations":1,"location":null,"numPassingAsserts":2,"retryReasons":[],"status":"passed","title":"should handle null initialValues gracefully"},{"ancestorTitles":["HotelSearch","Calendar Day Selection"],"duration":181,"failureDetails":[],"failureMessages":[],"fullName":"HotelSearch Calendar Day Selection should highlight selected date in calendar","invocations":1,"location":null,"numPassingAsserts":2,"retryReasons":[],"status":"passed","title":"should highlight selected date in calendar"},{"ancestorTitles":["HotelSearch","Calendar Day Selection"],"duration":178,"failureDetails":[],"failureMessages":[],"fullName":"HotelSearch Calendar Day Selection should disable past dates in check-in calendar","invocations":1,"location":null,"numPassingAsserts":2,"retryReasons":[],"status":"passed","title":"should disable past dates in check-in calendar"},{"ancestorTitles":["HotelSearch","Icons Rendering"],"duration":36,"failureDetails":[],"failureMessages":[],"fullName":"HotelSearch Icons Rendering should render location icon for destination","invocations":1,"location":null,"numPassingAsserts":1,"retryReasons":[],"status":"passed","title":"should render location icon for destination"},{"ancestorTitles":["HotelSearch","Icons Rendering"],"duration":113,"failureDetails":[],"failureMessages":[],"fullName":"HotelSearch Icons Rendering should render calendar icons for dates","invocations":1,"location":null,"numPassingAsserts":1,"retryReasons":[],"status":"passed","title":"should render calendar icons for dates"},{"ancestorTitles":["HotelSearch","Icons Rendering"],"duration":95,"failureDetails":[],"failureMessages":[],"fullName":"HotelSearch Icons Rendering should render people icon for guests","invocations":1,"location":null,"numPassingAsserts":1,"retryReasons":[],"status":"passed","title":"should render people icon for guests"},{"ancestorTitles":["HotelSearch","Icons Rendering"],"duration":55,"failureDetails":[],"failureMessages":[],"fullName":"HotelSearch Icons Rendering should render search icon in button","invocations":1,"location":null,"numPassingAsserts":1,"retryReasons":[],"status":"passed","title":"should render search icon in button"},{"ancestorTitles":["HotelSearch","Selected Guest Checkmark"],"duration":65,"failureDetails":[],"failureMessages":[],"fullName":"HotelSearch Selected Guest Checkmark should display checkmark for selected guest count","invocations":1,"location":null,"numPassingAsserts":2,"retryReasons":[],"status":"passed","title":"should display checkmark for selected guest count"}],"endTime":1776967342799,"message":"","name":"D:\\Repos\\MISW4501-202611-ProyectoFinal-Grupo13\\mobile\\src\\common\\__tests__\\HotelSearch.test.tsx","startTime":1776967325470,"status":"passed","summary":""},{"assertionResults":[{"ancestorTitles":["PaymentResultScreen","Success State Rendering"],"duration":1273,"failureDetails":[],"failureMessages":[],"fullName":"PaymentResultScreen Success State Rendering should render success header with checkmark","invocations":1,"location":null,"numPassingAsserts":2,"retryReasons":[],"status":"passed","title":"should render success header with checkmark"},{"ancestorTitles":["PaymentResultScreen","Success State Rendering"],"duration":158,"failureDetails":[],"failureMessages":[],"fullName":"PaymentResultScreen Success State Rendering should render hotel name","invocations":1,"location":null,"numPassingAsserts":1,"retryReasons":[],"status":"passed","title":"should render hotel name"},{"ancestorTitles":["PaymentResultScreen","Success State Rendering"],"duration":107,"failureDetails":[],"failureMessages":[],"fullName":"PaymentResultScreen Success State Rendering should render room type","invocations":1,"location":null,"numPassingAsserts":1,"retryReasons":[],"status":"passed","title":"should render room type"},{"ancestorTitles":["PaymentResultScreen","Success State Rendering"],"duration":138,"failureDetails":[],"failureMessages":[],"fullName":"PaymentResultScreen Success State Rendering should render rating","invocations":1,"location":null,"numPassingAsserts":1,"retryReasons":[],"status":"passed","title":"should render rating"},{"ancestorTitles":["PaymentResultScreen","Success State Rendering"],"duration":92,"failureDetails":[],"failureMessages":[],"fullName":"PaymentResultScreen Success State Rendering should render check-in and check-out labels","invocations":1,"location":null,"numPassingAsserts":2,"retryReasons":[],"status":"passed","title":"should render check-in and check-out labels"},{"ancestorTitles":["PaymentResultScreen","Success State Rendering"],"duration":126,"failureDetails":[],"failureMessages":[],"fullName":"PaymentResultScreen Success State Rendering should render nights and guests info","invocations":1,"location":null,"numPassingAsserts":2,"retryReasons":[],"status":"passed","title":"should render nights and guests info"},{"ancestorTitles":["PaymentResultScreen","Success State Rendering"],"duration":147,"failureDetails":[],"failureMessages":[],"fullName":"PaymentResultScreen Success State Rendering should render booking reference section","invocations":1,"location":null,"numPassingAsserts":1,"retryReasons":[],"status":"passed","title":"should render booking reference section"},{"ancestorTitles":["PaymentResultScreen","Success State Rendering"],"duration":102,"failureDetails":[],"failureMessages":[],"fullName":"PaymentResultScreen Success State Rendering should render payment summary section","invocations":1,"location":null,"numPassingAsserts":3,"retryReasons":[],"status":"passed","title":"should render payment summary section"},{"ancestorTitles":["PaymentResultScreen","Success State Rendering"],"duration":41,"failureDetails":[],"failureMessages":[],"fullName":"PaymentResultScreen Success State Rendering should render room price","invocations":1,"location":null,"numPassingAsserts":1,"retryReasons":[],"status":"passed","title":"should render room price"},{"ancestorTitles":["PaymentResultScreen","Success State Rendering"],"duration":32,"failureDetails":[],"failureMessages":[],"fullName":"PaymentResultScreen Success State Rendering should render taxes and fees","invocations":1,"location":null,"numPassingAsserts":1,"retryReasons":[],"status":"passed","title":"should render taxes and fees"},{"ancestorTitles":["PaymentResultScreen","Success State Rendering"],"duration":38,"failureDetails":[],"failureMessages":[],"fullName":"PaymentResultScreen Success State Rendering should render grand total","invocations":1,"location":null,"numPassingAsserts":1,"retryReasons":[],"status":"passed","title":"should render grand total"},{"ancestorTitles":["PaymentResultScreen","Success State Rendering"],"duration":96,"failureDetails":[],"failureMessages":[],"fullName":"PaymentResultScreen Success State Rendering should render card info when cardLast4 is provided","invocations":1,"location":null,"numPassingAsserts":1,"retryReasons":[],"status":"passed","title":"should render card info when cardLast4 is provided"},{"ancestorTitles":["PaymentResultScreen","Success State Rendering"],"duration":116,"failureDetails":[],"failureMessages":[],"fullName":"PaymentResultScreen Success State Rendering should render whats next section","invocations":1,"location":null,"numPassingAsserts":4,"retryReasons":[],"status":"passed","title":"should render whats next section"},{"ancestorTitles":["PaymentResultScreen","Success State Rendering"],"duration":72,"failureDetails":[],"failureMessages":[],"fullName":"PaymentResultScreen Success State Rendering should render action grid buttons","invocations":1,"location":null,"numPassingAsserts":4,"retryReasons":[],"status":"passed","title":"should render action grid buttons"},{"ancestorTitles":["PaymentResultScreen","Success State Rendering"],"duration":67,"failureDetails":[],"failureMessages":[],"fullName":"PaymentResultScreen Success State Rendering should render bottom action buttons","invocations":1,"location":null,"numPassingAsserts":2,"retryReasons":[],"status":"passed","title":"should render bottom action buttons"},{"ancestorTitles":["PaymentResultScreen","Failure State Rendering"],"duration":22,"failureDetails":[],"failureMessages":[],"fullName":"PaymentResultScreen Failure State Rendering should render failure title","invocations":1,"location":null,"numPassingAsserts":1,"retryReasons":[],"status":"passed","title":"should render failure title"},{"ancestorTitles":["PaymentResultScreen","Failure State Rendering"],"duration":12,"failureDetails":[],"failureMessages":[],"fullName":"PaymentResultScreen Failure State Rendering should render failure message","invocations":1,"location":null,"numPassingAsserts":1,"retryReasons":[],"status":"passed","title":"should render failure message"},{"ancestorTitles":["PaymentResultScreen","Failure State Rendering"],"duration":10,"failureDetails":[],"failureMessages":[],"fullName":"PaymentResultScreen Failure State Rendering should render error message when provided","invocations":1,"location":null,"numPassingAsserts":1,"retryReasons":[],"status":"passed","title":"should render error message when provided"},{"ancestorTitles":["PaymentResultScreen","Failure State Rendering"],"duration":41,"failureDetails":[],"failureMessages":[],"fullName":"PaymentResultScreen Failure State Rendering should render help items","invocations":1,"location":null,"numPassingAsserts":3,"retryReasons":[],"status":"passed","title":"should render help items"},{"ancestorTitles":["PaymentResultScreen","Failure State Rendering"],"duration":15,"failureDetails":[],"failureMessages":[],"fullName":"PaymentResultScreen Failure State Rendering should render try again button","invocations":1,"location":null,"numPassingAsserts":1,"retryReasons":[],"status":"passed","title":"should render try again button"},{"ancestorTitles":["PaymentResultScreen","Failure State Rendering"],"duration":11,"failureDetails":[],"failureMessages":[],"fullName":"PaymentResultScreen Failure State Rendering should render back to home button","invocations":1,"location":null,"numPassingAsserts":1,"retryReasons":[],"status":"passed","title":"should render back to home button"},{"ancestorTitles":["PaymentResultScreen","Failure State Rendering"],"duration":10,"failureDetails":[],"failureMessages":[],"fullName":"PaymentResultScreen Failure State Rendering should not render error card when no error message","invocations":1,"location":null,"numPassingAsserts":1,"retryReasons":[],"status":"passed","title":"should not render error card when no error message"},{"ancestorTitles":["PaymentResultScreen","Parameter Handling"],"duration":33,"failureDetails":[],"failureMessages":[],"fullName":"PaymentResultScreen Parameter Handling should handle array params for success","invocations":1,"location":null,"numPassingAsserts":1,"retryReasons":[],"status":"passed","title":"should handle array params for success"},{"ancestorTitles":["PaymentResultScreen","Parameter Handling"],"duration":38,"failureDetails":[],"failureMessages":[],"fullName":"PaymentResultScreen Parameter Handling should handle array params for bookingId","invocations":1,"location":null,"numPassingAsserts":1,"retryReasons":[],"status":"passed","title":"should handle array params for bookingId"},{"ancestorTitles":["PaymentResultScreen","Parameter Handling"],"duration":88,"failureDetails":[],"failureMessages":[],"fullName":"PaymentResultScreen Parameter Handling should use default room type when not provided","invocations":1,"location":null,"numPassingAsserts":1,"retryReasons":[],"status":"passed","title":"should use default room type when not provided"},{"ancestorTitles":["PaymentResultScreen","Parameter Handling"],"duration":90,"failureDetails":[],"failureMessages":[],"fullName":"PaymentResultScreen Parameter Handling should use default rating when not provided","invocations":1,"location":null,"numPassingAsserts":1,"retryReasons":[],"status":"passed","title":"should use default rating when not provided"},{"ancestorTitles":["PaymentResultScreen","Parameter Handling"],"duration":131,"failureDetails":[],"failureMessages":[],"fullName":"PaymentResultScreen Parameter Handling should use default nights when not provided","invocations":1,"location":null,"numPassingAsserts":1,"retryReasons":[],"status":"passed","title":"should use default nights when not provided"},{"ancestorTitles":["PaymentResultScreen","Parameter Handling"],"duration":51,"failureDetails":[],"failureMessages":[],"fullName":"PaymentResultScreen Parameter Handling should use default guests when not provided","invocations":1,"location":null,"numPassingAsserts":1,"retryReasons":[],"status":"passed","title":"should use default guests when not provided"},{"ancestorTitles":["PaymentResultScreen","Parameter Handling"],"duration":89,"failureDetails":[],"failureMessages":[],"fullName":"PaymentResultScreen Parameter Handling should use default card type when not provided","invocations":1,"location":null,"numPassingAsserts":1,"retryReasons":[],"status":"passed","title":"should use default card type when not provided"},{"ancestorTitles":["PaymentResultScreen","Parameter Handling"],"duration":43,"failureDetails":[],"failureMessages":[],"fullName":"PaymentResultScreen Parameter Handling should handle missing roomPrice","invocations":1,"location":null,"numPassingAsserts":1,"retryReasons":[],"status":"passed","title":"should handle missing roomPrice"},{"ancestorTitles":["PaymentResultScreen","Parameter Handling"],"duration":31,"failureDetails":[],"failureMessages":[],"fullName":"PaymentResultScreen Parameter Handling should handle missing taxesFees","invocations":1,"location":null,"numPassingAsserts":1,"retryReasons":[],"status":"passed","title":"should handle missing taxesFees"},{"ancestorTitles":["PaymentResultScreen","Parameter Handling"],"duration":38,"failureDetails":[],"failureMessages":[],"fullName":"PaymentResultScreen Parameter Handling should handle missing grandTotal","invocations":1,"location":null,"numPassingAsserts":1,"retryReasons":[],"status":"passed","title":"should handle missing grandTotal"},{"ancestorTitles":["PaymentResultScreen","Parameter Handling"],"duration":94,"failureDetails":[],"failureMessages":[],"fullName":"PaymentResultScreen Parameter Handling should not render card info when cardLast4 is missing","invocations":1,"location":null,"numPassingAsserts":1,"retryReasons":[],"status":"passed","title":"should not render card info when cardLast4 is missing"},{"ancestorTitles":["PaymentResultScreen","Parameter Handling"],"duration":55,"failureDetails":[],"failureMessages":[],"fullName":"PaymentResultScreen Parameter Handling should render Hotel as default when hotelName is missing","invocations":1,"location":null,"numPassingAsserts":1,"retryReasons":[],"status":"passed","title":"should render Hotel as default when hotelName is missing"},{"ancestorTitles":["PaymentResultScreen","Date Formatting"],"duration":62,"failureDetails":[],"failureMessages":[],"fullName":"PaymentResultScreen Date Formatting should format check-in date correctly","invocations":1,"location":null,"numPassingAsserts":1,"retryReasons":[],"status":"passed","title":"should format check-in date correctly"},{"ancestorTitles":["PaymentResultScreen","Date Formatting"],"duration":79,"failureDetails":[],"failureMessages":[],"fullName":"PaymentResultScreen Date Formatting should return dash for empty date","invocations":1,"location":null,"numPassingAsserts":1,"retryReasons":[],"status":"passed","title":"should return dash for empty date"},{"ancestorTitles":["PaymentResultScreen","Booking Reference Formatting"],"duration":54,"failureDetails":[],"failureMessages":[],"fullName":"PaymentResultScreen Booking Reference Formatting should format booking reference with year and uppercase id","invocations":1,"location":null,"numPassingAsserts":1,"retryReasons":[],"status":"passed","title":"should format booking reference with year and uppercase id"},{"ancestorTitles":["PaymentResultScreen","Booking Reference Formatting"],"duration":59,"failureDetails":[],"failureMessages":[],"fullName":"PaymentResultScreen Booking Reference Formatting should return empty string for empty bookingId","invocations":1,"location":null,"numPassingAsserts":1,"retryReasons":[],"status":"passed","title":"should return empty string for empty bookingId"},{"ancestorTitles":["PaymentResultScreen","Star Rating"],"duration":119,"failureDetails":[],"failureMessages":[],"fullName":"PaymentResultScreen Star Rating should render stars for rating 4.5","invocations":1,"location":null,"numPassingAsserts":1,"retryReasons":[],"status":"passed","title":"should render stars for rating 4.5"},{"ancestorTitles":["PaymentResultScreen","Star Rating"],"duration":91,"failureDetails":[],"failureMessages":[],"fullName":"PaymentResultScreen Star Rating should handle integer rating","invocations":1,"location":null,"numPassingAsserts":1,"retryReasons":[],"status":"passed","title":"should handle integer rating"},{"ancestorTitles":["PaymentResultScreen","Star Rating"],"duration":36,"failureDetails":[],"failureMessages":[],"fullName":"PaymentResultScreen Star Rating should handle low rating","invocations":1,"location":null,"numPassingAsserts":1,"retryReasons":[],"status":"passed","title":"should handle low rating"},{"ancestorTitles":["PaymentResultScreen","Copy Booking Reference"],"duration":67,"failureDetails":[],"failureMessages":[],"fullName":"PaymentResultScreen Copy Booking Reference should copy booking reference when copy button is pressed","invocations":1,"location":null,"numPassingAsserts":1,"retryReasons":[],"status":"passed","title":"should copy booking reference when copy button is pressed"},{"ancestorTitles":["PaymentResultScreen","Copy Booking Reference"],"duration":59,"failureDetails":[],"failureMessages":[],"fullName":"PaymentResultScreen Copy Booking Reference should show copied text after copying","invocations":1,"location":null,"numPassingAsserts":1,"retryReasons":[],"status":"passed","title":"should show copied text after copying"},{"ancestorTitles":["PaymentResultScreen","Copy Booking Reference"],"duration":135,"failureDetails":[],"failureMessages":[],"fullName":"PaymentResultScreen Copy Booking Reference should reset copied state after timeout","invocations":1,"location":null,"numPassingAsserts":2,"retryReasons":[],"status":"passed","title":"should reset copied state after timeout"},{"ancestorTitles":["PaymentResultScreen","Navigation - Success State"],"duration":105,"failureDetails":[],"failureMessages":[],"fullName":"PaymentResultScreen Navigation - Success State should navigate to bookings when view booking details is pressed","invocations":1,"location":null,"numPassingAsserts":1,"retryReasons":[],"status":"passed","title":"should navigate to bookings when view booking details is pressed"},{"ancestorTitles":["PaymentResultScreen","Navigation - Success State"],"duration":71,"failureDetails":[],"failureMessages":[],"fullName":"PaymentResultScreen Navigation - Success State should navigate to landing when book another hotel is pressed","invocations":1,"location":null,"numPassingAsserts":1,"retryReasons":[],"status":"passed","title":"should navigate to landing when book another hotel is pressed"},{"ancestorTitles":["PaymentResultScreen","Navigation - Failure State"],"duration":14,"failureDetails":[],"failureMessages":[],"fullName":"PaymentResultScreen Navigation - Failure State should go back when try again is pressed","invocations":1,"location":null,"numPassingAsserts":1,"retryReasons":[],"status":"passed","title":"should go back when try again is pressed"},{"ancestorTitles":["PaymentResultScreen","Navigation - Failure State"],"duration":17,"failureDetails":[],"failureMessages":[],"fullName":"PaymentResultScreen Navigation - Failure State should navigate to landing when back to home is pressed","invocations":1,"location":null,"numPassingAsserts":1,"retryReasons":[],"status":"passed","title":"should navigate to landing when back to home is pressed"},{"ancestorTitles":["PaymentResultScreen","Room Image"],"duration":90,"failureDetails":[],"failureMessages":[],"fullName":"PaymentResultScreen Room Image should render room image when roomImage is provided","invocations":1,"location":null,"numPassingAsserts":1,"retryReasons":[],"status":"passed","title":"should render room image when roomImage is provided"},{"ancestorTitles":["PaymentResultScreen","Room Image"],"duration":56,"failureDetails":[],"failureMessages":[],"fullName":"PaymentResultScreen Room Image should render placeholder when roomImage is not provided","invocations":1,"location":null,"numPassingAsserts":1,"retryReasons":[],"status":"passed","title":"should render placeholder when roomImage is not provided"},{"ancestorTitles":["PaymentResultScreen","Time Labels"],"duration":36,"failureDetails":[],"failureMessages":[],"fullName":"PaymentResultScreen Time Labels should render after time label for check-in","invocations":1,"location":null,"numPassingAsserts":1,"retryReasons":[],"status":"passed","title":"should render after time label for check-in"},{"ancestorTitles":["PaymentResultScreen","Time Labels"],"duration":42,"failureDetails":[],"failureMessages":[],"fullName":"PaymentResultScreen Time Labels should render before time label for check-out","invocations":1,"location":null,"numPassingAsserts":1,"retryReasons":[],"status":"passed","title":"should render before time label for check-out"},{"ancestorTitles":["PaymentResultScreen","What's Next Descriptions"],"duration":47,"failureDetails":[],"failureMessages":[],"fullName":"PaymentResultScreen What's Next Descriptions should render email sent description","invocations":1,"location":null,"numPassingAsserts":1,"retryReasons":[],"status":"passed","title":"should render email sent description"},{"ancestorTit
[...]
sons":[],"status":"passed","title":"should show error when terms are not accepted"},{"ancestorTitles":["PaymentScreen","Form Validation"],"duration":195,"failureDetails":[],"failureMessages":[],"fullName":"PaymentScreen Form Validation should not require card details for paypal","invocations":1,"location":null,"numPassingAsserts":2,"retryReasons":[],"status":"passed","title":"should not require card details for paypal"},{"ancestorTitles":["PaymentScreen","Payment Processing"],"duration":577,"failureDetails":[],"failureMessages":[],"fullName":"PaymentScreen Payment Processing should call booking service on successful payment","invocations":1,"location":null,"numPassingAsserts":3,"retryReasons":[],"status":"passed","title":"should call booking service on successful payment"},{"ancestorTitles":["PaymentScreen","Payment Processing"],"duration":1418,"failureDetails":[],"failureMessages":[],"fullName":"PaymentScreen Payment Processing should navigate to success result on successful payment","invocations":1,"location":null,"numPassingAsserts":2,"retryReasons":[],"status":"passed","title":"should navigate to success result on successful payment"},{"ancestorTitles":["PaymentScreen","Payment Processing"],"duration":220,"failureDetails":[],"failureMessages":[],"fullName":"PaymentScreen Payment Processing should show error message when estados fetch fails during init","invocations":1,"location":null,"numPassingAsserts":2,"retryReasons":[],"status":"passed","title":"should show error message when estados fetch fails during init"},{"ancestorTitles":["PaymentScreen","Payment Processing"],"duration":640,"failureDetails":[{"matcherResult":{"message":"\u001b[2mexpect(\u001b[22m\u001b[31mjest.fn()\u001b[39m\u001b[2m).\u001b[22mnot\u001b[2m.\u001b[22mtoHaveBeenCalled\u001b[2m()\u001b[22m\n\nExpected number of calls: \u001b[32m0\u001b[39m\nReceived number of calls: \u001b[31m1\u001b[39m\n\n1: \u001b[31m{\"params\": {\"bookingId\": \"reserva-123\", \"cardLast4\": \"1111\", \"cardType\": \"Visa\", \"checkIn\": \"2024-06-01\", \"checkOut\": \"2024-06-05\", \"grandTotal\": \"850\", \"guests\": \"2\", \"hotelName\": \"Grand Hotel Paris\", \"nights\": \"4\", \"rating\": \"4.5\", \"roomImage\": \"https://example.com/room.jpg\", \"roomPrice\": \"748.00\", \"roomType\": \"Suite Deluxe\", \"success\": \"true\", \"taxesFees\": \"102.00\"}, \"pathname\": \"/screens/paymentResult\"}\u001b[39m","pass":true}}],"failureMessages":["Error: \u001b[2mexpect(\u001b[22m\u001b[31mjest.fn()\u001b[39m\u001b[2m).\u001b[22mnot\u001b[2m.\u001b[22mtoHaveBeenCalled\u001b[2m()\u001b[22m\n\nExpected number of calls: \u001b[32m0\u001b[39m\nReceived number of calls: \u001b[31m1\u001b[39m\n\n1: \u001b[31m{\"params\": {\"bookingId\": \"reserva-123\", \"cardLast4\": \"1111\", \"cardType\": \"Visa\", \"checkIn\": \"2024-06-01\", \"checkOut\": \"2024-06-05\", \"grandTotal\": \"850\", \"guests\": \"2\", \"hotelName\": \"Grand Hotel Paris\", \"nights\": \"4\", \"rating\": \"4.5\", \"roomImage\": \"https://example.com/room.jpg\", \"roomPrice\": \"748.00\", \"roomType\": \"Suite Deluxe\", \"success\": \"true\", \"taxesFees\": \"102.00\"}, \"pathname\": \"/screens/paymentResult\"}\u001b[39m\n    at Object.toHaveBeenCalled (D:\\Repos\\MISW4501-202611-ProyectoFinal-Grupo13\\mobile\\src\\screens\\__tests__\\payment.test.tsx:489:34)\n    at Generator.next (<anonymous>)\n    at asyncGeneratorStep (D:\\Repos\\MISW4501-202611-ProyectoFinal-Grupo13\\mobile\\node_modules\\@babel\\runtime\\helpers\\asyncToGenerator.js:3:17)\n    at _next (D:\\Repos\\MISW4501-202611-ProyectoFinal-Grupo13\\mobile\\node_modules\\@babel\\runtime\\helpers\\asyncToGenerator.js:17:9)"],"fullName":"PaymentScreen Payment Processing should show error message when country not found during init","invocations":1,"location":null,"numPassingAsserts":1,"retryReasons":[],"status":"failed","title":"should show error message when country not found during init"},{"ancestorTitles":["PaymentScreen","Payment Processing"],"duration":125,"failureDetails":[{"matcherResult":{"message":"\u001b[2mexpect(\u001b[22m\u001b[31mjest.fn()\u001b[39m\u001b[2m).\u001b[22mnot\u001b[2m.\u001b[22mtoHaveBeenCalled\u001b[2m()\u001b[22m\n\nExpected number of calls: \u001b[32m0\u001b[39m\nReceived number of calls: \u001b[31m1\u001b[39m\n\n1: \u001b[31m{\"params\": {\"bookingId\": \"reserva-123\", \"cardLast4\": \"1111\", \"cardType\": \"Visa\", \"checkIn\": \"2024-06-01\", \"checkOut\": \"2024-06-05\", \"grandTotal\": \"850\", \"guests\": \"2\", \"hotelName\": \"Grand Hotel Paris\", \"nights\": \"4\", \"rating\": \"4.5\", \"roomImage\": \"https://example.com/room.jpg\", \"roomPrice\": \"748.00\", \"roomType\": \"Suite Deluxe\", \"success\": \"true\", \"taxesFees\": \"102.00\"}, \"pathname\": \"/screens/paymentResult\"}\u001b[39m","pass":true}}],"failureMessages":["Error: \u001b[2mexpect(\u001b[22m\u001b[31mjest.fn()\u001b[39m\u001b[2m).\u001b[22mnot\u001b[2m.\u001b[22mtoHaveBeenCalled\u001b[2m()\u001b[22m\n\nExpected number of calls: \u001b[32m0\u001b[39m\nReceived number of calls: \u001b[31m1\u001b[39m\n\n1: \u001b[31m{\"params\": {\"bookingId\": \"reserva-123\", \"cardLast4\": \"1111\", \"cardType\": \"Visa\", \"checkIn\": \"2024-06-01\", \"checkOut\": \"2024-06-05\", \"grandTotal\": \"850\", \"guests\": \"2\", \"hotelName\": \"Grand Hotel Paris\", \"nights\": \"4\", \"rating\": \"4.5\", \"roomImage\": \"https://example.com/room.jpg\", \"roomPrice\": \"748.00\", \"roomType\": \"Suite Deluxe\", \"success\": \"true\", \"taxesFees\": \"102.00\"}, \"pathname\": \"/screens/paymentResult\"}\u001b[39m\n    at Object.toHaveBeenCalled (D:\\Repos\\MISW4501-202611-ProyectoFinal-Grupo13\\mobile\\src\\screens\\__tests__\\payment.test.tsx:498:34)\n    at Generator.next (<anonymous>)\n    at asyncGeneratorStep (D:\\Repos\\MISW4501-202611-ProyectoFinal-Grupo13\\mobile\\node_modules\\@babel\\runtime\\helpers\\asyncToGenerator.js:3:17)\n    at _next (D:\\Repos\\MISW4501-202611-ProyectoFinal-Grupo13\\mobile\\node_modules\\@babel\\runtime\\helpers\\asyncToGenerator.js:17:9)"],"fullName":"PaymentScreen Payment Processing should show error message when reserva creation fails during init","invocations":1,"location":null,"numPassingAsserts":1,"retryReasons":[],"status":"failed","title":"should show error message when reserva creation fails during init"},{"ancestorTitles":["PaymentScreen","Payment Processing"],"duration":309,"failureDetails":[],"failureMessages":[],"fullName":"PaymentScreen Payment Processing should navigate to error result when payment processing fails","invocations":1,"location":null,"numPassingAsserts":2,"retryReasons":[],"status":"passed","title":"should navigate to error result when payment processing fails"},{"ancestorTitles":["PaymentScreen","Payment Processing"],"duration":185,"failureDetails":[],"failureMessages":[],"fullName":"PaymentScreen Payment Processing should handle exception during init","invocations":1,"location":null,"numPassingAsserts":2,"retryReasons":[],"status":"passed","title":"should handle exception during init"},{"ancestorTitles":["PaymentScreen","Navigation"],"duration":93,"failureDetails":[],"failureMessages":[],"fullName":"PaymentScreen Navigation should navigate back when back button is pressed","invocations":1,"location":null,"numPassingAsserts":1,"retryReasons":[],"status":"passed","title":"should navigate back when back button is pressed"},{"ancestorTitles":["PaymentScreen","Param Parsing"],"duration":144,"failureDetails":[],"failureMessages":[],"fullName":"PaymentScreen Param Parsing should handle array params for hotelData","invocations":1,"location":null,"numPassingAsserts":1,"retryReasons":[],"status":"passed","title":"should handle array params for hotelData"},{"ancestorTitles":["PaymentScreen","Param Parsing"],"duration":178,"failureDetails":[],"failureMessages":[],"fullName":"PaymentScreen Param Parsing should handle array params for roomData","invocations":1,"location":null,"numPassingAsserts":1,"retryReasons":[],"status":"passed","title":"should handle array params for roomData"},{"ancestorTitles":["PaymentScreen","Param Parsing"],"duration":283,"failureDetails":[],"failureMessages":[],"fullName":"PaymentScreen Param Parsing should handle missing grandTotal","invocations":1,"location":null,"numPassingAsserts":1,"retryReasons":[],"status":"passed","title":"should handle missing grandTotal"},{"ancestorTitles":["PaymentScreen","Param Parsing"],"duration":101,"failureDetails":[],"failureMessages":[],"fullName":"PaymentScreen Param Parsing should default guests to 1 when not provided","invocations":1,"location":null,"numPassingAsserts":1,"retryReasons":[],"status":"passed","title":"should default guests to 1 when not provided"},{"ancestorTitles":["PaymentScreen","Param Parsing"],"duration":193,"failureDetails":[],"failureMessages":[],"fullName":"PaymentScreen Param Parsing should handle empty hotelData","invocations":1,"location":null,"numPassingAsserts":1,"retryReasons":[],"status":"passed","title":"should handle empty hotelData"},{"ancestorTitles":["PaymentScreen","Param Parsing"],"duration":245,"failureDetails":[],"failureMessages":[],"fullName":"PaymentScreen Param Parsing should handle empty roomData","invocations":1,"location":null,"numPassingAsserts":1,"retryReasons":[],"status":"passed","title":"should handle empty roomData"},{"ancestorTitles":["PaymentScreen","Early Bird Discount"],"duration":412,"failureDetails":[],"failureMessages":[],"fullName":"PaymentScreen Early Bird Discount should show discount when booking 30+ days in advance","invocations":1,"location":null,"numPassingAsserts":2,"retryReasons":[],"status":"passed","title":"should show discount when booking 30+ days in advance"},{"ancestorTitles":["PaymentScreen","Early Bird Discount"],"duration":89,"failureDetails":[],"failureMessages":[],"fullName":"PaymentScreen Early Bird Discount should show $10 discount when booking 14-29 days in advance","invocations":1,"location":null,"numPassingAsserts":2,"retryReasons":[],"status":"passed","title":"should show $10 discount when booking 14-29 days in advance"},{"ancestorTitles":["PaymentScreen","Early Bird Discount"],"duration":106,"failureDetails":[],"failureMessages":[],"fullName":"PaymentScreen Early Bird Discount should show $5 discount when booking 7-13 days in advance","invocations":1,"location":null,"numPassingAsserts":2,"retryReasons":[],"status":"passed","title":"should show $5 discount when booking 7-13 days in advance"},{"ancestorTitles":["PaymentScreen","Early Bird Discount"],"duration":292,"failureDetails":[],"failureMessages":[],"fullName":"PaymentScreen Early Bird Discount should not show discount when booking less than 7 days in advance","invocations":1,"location":null,"numPassingAsserts":1,"retryReasons":[],"status":"passed","title":"should not show discount when booking less than 7 days in advance"},{"ancestorTitles":["PaymentScreen","Card Type Detection"],"duration":2346,"failureDetails":[],"failureMessages":[],"fullName":"PaymentScreen Card Type Detection should detect Visa card","invocations":1,"location":null,"numPassingAsserts":2,"retryReasons":[],"status":"passed","title":"should detect Visa card"},{"ancestorTitles":["PaymentScreen","Card Type Detection"],"duration":2288,"failureDetails":[],"failureMessages":[],"fullName":"PaymentScreen Card Type Detection should detect Mastercard","invocations":1,"location":null,"numPassingAsserts":2,"retryReasons":[],"status":"passed","title":"should detect Mastercard"},{"ancestorTitles":["PaymentScreen","Card Type Detection"],"duration":2286,"failureDetails":[],"failureMessages":[],"fullName":"PaymentScreen Card Type Detection should detect Amex card","invocations":1,"location":null,"numPassingAsserts":2,"retryReasons":[],"status":"passed","title":"should detect Amex card"},{"ancestorTitles":["PaymentScreen","Card Type Detection"],"duration":2251,"failureDetails":[],"failureMessages":[],"fullName":"PaymentScreen Card Type Detection should detect Discover card","invocations":1,"location":null,"numPassingAsserts":2,"retryReasons":[],"status":"passed","title":"should detect Discover card"},{"ancestorTitles":["PaymentScreen","Estado Resolution"],"duration":115,"failureDetails":[],"failureMessages":[],"fullName":"PaymentScreen Estado Resolution should create reserva with pendiente estado id when Pendiente present","invocations":1,"location":null,"numPassingAsserts":1,"retryReasons":[],"status":"passed","title":"should create reserva with pendiente estado id when Pendiente present"},{"ancestorTitles":["PaymentScreen","Estado Resolution"],"duration":108,"failureDetails":[],"failureMessages":[],"fullName":"PaymentScreen Estado Resolution should create reserva with pendiente estado id alongside Reservada via PMS","invocations":1,"location":null,"numPassingAsserts":1,"retryReasons":[],"status":"passed","title":"should create reserva with pendiente estado id alongside Reservada via PMS"},{"ancestorTitles":["PaymentScreen","Estado Resolution"],"duration":120,"failureDetails":[],"failureMessages":[],"fullName":"PaymentScreen Estado Resolution should fallback to first estado when no preferred found","invocations":1,"location":null,"numPassingAsserts":1,"retryReasons":[],"status":"passed","title":"should fallback to first estado when no preferred found"},{"ancestorTitles":["PaymentScreen","Reserva Creation Parameters"],"duration":114,"failureDetails":[],"failureMessages":[],"fullName":"PaymentScreen Reserva Creation Parameters should create reserva with correct parameters","invocations":1,"location":null,"numPassingAsserts":1,"retryReasons":[],"status":"passed","title":"should create reserva with correct parameters"},{"ancestorTitles":["PaymentScreen","Payment Without Payment ID"],"duration":2313,"failureDetails":[],"failureMessages":[],"fullName":"PaymentScreen Payment Without Payment ID should navigate to success without processing payment when no payment_id","invocations":1,"location":null,"numPassingAsserts":38,"retryReasons":[],"status":"passed","title":"should navigate to success without processing payment when no payment_id"},{"ancestorTitles":["PaymentScreen","Cancellation Date Display"],"duration":123,"failureDetails":[],"failureMessages":[],"fullName":"PaymentScreen Cancellation Date Display should show free cancellation date","invocations":1,"location":null,"numPassingAsserts":1,"retryReasons":[],"status":"passed","title":"should show free cancellation date"},{"ancestorTitles":["PaymentScreen","Cancellation Date Display"],"duration":238,"failureDetails":[],"failureMessages":[],"fullName":"PaymentScreen Cancellation Date Display should handle empty checkIn for cancellation date","invocations":1,"location":null,"numPassingAsserts":1,"retryReasons":[],"status":"passed","title":"should handle empty checkIn for cancellation date"}],"endTime":1776967361465,"message":"\u001b[1m\u001b[31m  \u001b[1m● \u001b[22m\u001b[1mPaymentScreen › Payment Processing › should show error message when country not found during init\u001b[39m\u001b[22m\n\n    \u001b[2mexpect(\u001b[22m\u001b[31mjest.fn()\u001b[39m\u001b[2m).\u001b[22mnot\u001b[2m.\u001b[22mtoHaveBeenCalled\u001b[2m()\u001b[22m\n\n    Expected number of calls: \u001b[32m0\u001b[39m\n    Received number of calls: \u001b[31m1\u001b[39m\n\n    1: \u001b[31m{\"params\": {\"bookingId\": \"reserva-123\", \"cardLast4\": \"1111\", \"cardType\": \"Visa\", \"checkIn\": \"2024-06-01\", \"checkOut\": \"2024-06-05\", \"grandTotal\": \"850\", \"guests\": \"2\", \"hotelName\": \"Grand Hotel Paris\", \"nights\": \"4\", \"rating\": \"4.5\", \"roomImage\": \"https://example.com/room.jpg\", \"roomPrice\": \"748.00\", \"roomType\": \"Suite Deluxe\", \"success\": \"true\", \"taxesFees\": \"102.00\"}, \"pathname\": \"/screens/paymentResult\"}\u001b[39m\n\u001b[2m\u001b[22m\n\u001b[2m    \u001b[0m \u001b[90m 487 |\u001b[39m       \u001b[22m\n\u001b[2m     \u001b[90m 488 |\u001b[39m       expect(\u001b[36mawait\u001b[39m findByText(\u001b[32m'Could not determine country for reservation'\u001b[39m))\u001b[33m.\u001b[39mtoBeTruthy()\u001b[33m;\u001b[39m\u001b[22m\n\u001b[2m    \u001b[31m\u001b[1m>\u001b[22m\u001b[2m\u001b[39m\u001b[90m 489 |\u001b[39m       expect(router\u001b[33m.\u001b[39mreplace)\u001b[33m.\u001b[39mnot\u001b[33m.\u001b[39mtoHaveBeenCalled()\u001b[33m;\u001b[39m\u001b[22m\n\u001b[2m     \u001b[90m     |\u001b[39m                                  \u001b[31m\u001b[1m^\u001b[22m\u001b[2m\u001b[39m\u001b[22m\n\u001b[2m     \u001b[90m 490 |\u001b[39m     })\u001b[33m;\u001b[39m\u001b[22m\n\u001b[2m     \u001b[90m 491 |\u001b[39m\u001b[22m\n\u001b[2m     \u001b[90m 492 |\u001b[39m     it(\u001b[32m'should show error message when reserva creation fails during init'\u001b[39m\u001b[33m,\u001b[39m \u001b[36masync\u001b[39m () \u001b[33m=>\u001b[39m {\u001b[0m\u001b[22m\n\u001b[2m\u001b[22m\n\u001b[2m      \u001b[2mat Object.toHaveBeenCalled (\u001b[22m\u001b[2m\u001b[0m\u001b[36msrc/screens/__tests__/payment.test.tsx\u001b[39m\u001b[0m\u001b[2m:489:34)\u001b[22m\u001b[2m\u001b[22m\n\u001b[2m      \u001b[2mat asyncGeneratorStep (\u001b[22m\u001b[2mnode_modules/@babel/runtime/helpers/asyncToGenerator.js\u001b[2m:3:17)\u001b[22m\u001b[2m\u001b[22m\n\u001b[2m      \u001b[2mat _next (\u001b[22m\u001b[2mnode_modules/@babel/runtime/helpers/asyncToGenerator.js\u001b[2m:17:9)\u001b[22m\u001b[2m\u001b[22m\n\n\u001b[1m\u001b[31m  \u001b[1m● \u001b[22m\u001b[1mPaymentScreen › Payment Processing › should show error message when reserva creation fails during init\u001b[39m\u001b[22m\n\n    \u001b[2mexpect(\u001b[22m\u001b[31mjest.fn()\u001b[39m\u001b[2m).\u001b[22mnot\u001b[2m.\u001b[22mtoHaveBeenCalled\u001b[2m()\u001b[22m\n\n    Expected number of calls: \u001b[32m0\u001b[39m\n    Received number of calls: \u001b[31m1\u001b[39m\n\n    1: \u001b[31m{\"params\": {\"bookingId\": \"reserva-123\", \"cardLast4\": \"1111\", \"cardType\": \"Visa\", \"checkIn\": \"2024-06-01\", \"checkOut\": \"2024-06-05\", \"grandTotal\": \"850\", \"guests\": \"2\", \"hotelName\": \"Grand Hotel Paris\", \"nights\": \"4\", \"rating\": \"4.5\", \"roomImage\": \"https://example.com/room.jpg\", \"roomPrice\": \"748.00\", \"roomType\": \"Suite Deluxe\", \"success\": \"true\", \"taxesFees\": \"102.00\"}, \"pathname\": \"/screens/paymentResult\"}\u001b[39m\n\u001b[2m\u001b[22m\n\u001b[2m    \u001b[0m \u001b[90m 496 |\u001b[39m       \u001b[22m\n\u001b[2m     \u001b[90m 497 |\u001b[39m       expect(\u001b[36mawait\u001b[39m findByText(\u001b[32m'Creation failed'\u001b[39m))\u001b[33m.\u001b[39mtoBeTruthy()\u001b[33m;\u001b[39m\u001b[22m\n\u001b[2m    \u001b[31m\u001b[1m>\u001b[22m\u001b[2m\u001b[39m\u001b[90m 498 |\u001b[39m       expect(router\u001b[33m.\u001b[39mreplace)\u001b[33m.\u001b[39mnot\u001b[33m.\u001b[39mtoHaveBeenCalled()\u001b[33m;\u001b[39m\u001b[22m\n\u001b[2m     \u001b[90m     |\u001b[39m                                  \u001b[31m\u001b[1m^\u001b[22m\u001b[2m\u001b[39m\u001b[22m\n\u001b[2m     \u001b[90m 499 |\u001b[39m     })\u001b[33m;\u001b[39m\u001b[22m\n\u001b[2m     \u001b[90m 500 |\u001b[39m\u001b[22m\n\u001b[2m     \u001b[90m 501 |\u001b[39m     it(\u001b[32m'should navigate to error result when payment processing fails'\u001b[39m\u001b[33m,\u001b[39m \u001b[36masync\u001b[39m () \u001b[33m=>\u001b[39m {\u001b[0m\u001b[22m\n\u001b[2m\u001b[22m\n\u001b[2m      \u001b[2mat Object.toHaveBeenCalled (\u001b[22m\u001b[2m\u001b[0m\u001b[36msrc/screens/__tests__/payment.test.tsx\u001b[39m\u001b[0m\u001b[2m:498:34)\u001b[22m\u001b[2m\u001b[22m\n\u001b[2m      \u001b[2mat asyncGeneratorStep (\u001b[22m\u001b[2mnode_modules/@babel/runtime/helpers/asyncToGenerator.js\u001b[2m:3:17)\u001b[22m\u001b[2m\u001b[22m\n\u001b[2m      \u001b[2mat _next (\u001b[22m\u001b[2mnode_modules/@babel/runtime/helpers/asyncToGenerator.js\u001b[2m:17:9)\u001b[22m\u001b[2m\u001b[22m\n","name":"D:\\Repos\\MISW4501-202611-ProyectoFinal-Grupo13\\mobile\\src\\screens\\__tests__\\payment.test.tsx","startTime":1776967325301,"status":"failed","summary":""}],"wasInterrupted":false}
