<?xml version="1.0" encoding="UTF-8"?>
<coverage generated="1775787821356" clover="3.2.0">
  <project timestamp="1775787821356" name="All files">
    <metrics statements="512" coveredstatements="386" conditionals="330" coveredconditionals="229" methods="117" coveredmethods="68" elements="959" coveredelements="683" complexity="0" loc="512" ncloc="512" packages="10" files="20" classes="20"/>
    <package name="src">
      <metrics statements="4" coveredstatements="0" conditionals="0" coveredconditionals="0" methods="3" coveredmethods="0"/>
      <file name="_layout.tsx" path="D:\Repos\MISW4501-202611-ProyectoFinal-Grupo13\mobile\src\_layout.tsx">
        <metrics statements="3" coveredstatements="0" conditionals="0" coveredconditionals="0" methods="2" coveredmethods="0"/>
        <line num="8" count="0" type="stmt"/>
        <line num="9" count="0" type="stmt"/>
        <line num="12" count="0" type="stmt"/>
      </file>
      <file name="index.tsx" path="D:\Repos\MISW4501-202611-ProyectoFinal-Grupo13\mobile\src\index.tsx">
        <metrics statements="1" coveredstatements="0" conditionals="0" coveredconditionals="0" methods="1" coveredmethods="0"/>
        <line num="4" count="0" type="stmt"/>
      </file>
    </package>
    <package name="src.common">
      <metrics statements="98" coveredstatements="0" conditionals="81" coveredconditionals="0" methods="34" coveredmethods="0"/>
      <file name="HotelSearch.tsx" path="D:\Repos\MISW4501-202611-ProyectoFinal-Grupo13\mobile\src\common\HotelSearch.tsx">
        <metrics statements="84" coveredstatements="0" conditionals="73" coveredconditionals="0" methods="26" coveredmethods="0"/>
        <line num="37" count="0" type="stmt"/>
        <line num="38" count="0" type="stmt"/>
        <line num="39" count="0" type="cond" truecount="0" falsecount="3"/>
        <line num="40" count="0" type="stmt"/>
        <line num="43" count="0" type="stmt"/>
        <line num="48" count="0" type="stmt"/>
        <line num="50" count="0" type="stmt"/>
        <line num="51" count="0" type="stmt"/>
        <line num="52" count="0" type="stmt"/>
        <line num="53" count="0" type="stmt"/>
        <line num="54" count="0" type="stmt"/>
        <line num="56" count="0" type="stmt"/>
        <line num="57" count="0" type="stmt"/>
        <line num="58" count="0" type="stmt"/>
        <line num="60" count="0" type="stmt"/>
        <line num="61" count="0" type="stmt"/>
        <line num="63" count="0" type="stmt"/>
        <line num="66" count="0" type="stmt"/>
        <line num="67" count="0" type="cond" truecount="0" falsecount="2"/>
        <line num="68" count="0" type="stmt"/>
        <line num="69" count="0" type="stmt"/>
        <line num="70" count="0" type="stmt"/>
        <line num="73" count="0" type="stmt"/>
        <line num="74" count="0" type="cond" truecount="0" falsecount="2"/>
        <line num="75" count="0" type="stmt"/>
        <line num="82" count="0" type="stmt"/>
        <line num="83" count="0" type="cond" truecount="0" falsecount="2"/>
        <line num="84" count="0" type="stmt"/>
        <line num="85" count="0" type="stmt"/>
        <line num="86" count="0" type="stmt"/>
        <line num="89" count="0" type="stmt"/>
        <line num="90" count="0" type="stmt"/>
        <line num="93" count="0" type="stmt"/>
        <line num="94" count="0" type="stmt"/>
        <line num="97" count="0" type="stmt"/>
        <line num="98" count="0" type="cond" truecount="0" falsecount="2"/>
        <line num="99" count="0" type="stmt"/>
        <line num="100" count="0" type="stmt"/>
        <line num="101" count="0" type="stmt"/>
        <line num="104" count="0" type="stmt"/>
        <line num="133" count="0" type="stmt"/>
        <line num="139" count="0" type="stmt"/>
        <line num="145" count="0" type="cond" truecount="0" falsecount="2"/>
        <line num="169" count="0" type="stmt"/>
        <line num="170" count="0" type="cond" truecount="0" falsecount="2"/>
        <line num="171" count="0" type="cond" truecount="0" falsecount="2"/>
        <line num="172" count="0" type="cond" truecount="0" falsecount="2"/>
        <line num="173" count="0" type="cond" truecount="0" falsecount="2"/>
        <line num="175" count="0" type="stmt"/>
        <line num="176" count="0" type="cond" truecount="0" falsecount="2"/>
        <line num="177" count="0" type="stmt"/>
        <line num="178" count="0" type="stmt"/>
        <line num="179" count="0" type="stmt"/>
        <line num="180" count="0" type="stmt"/>
        <line num="183" count="0" type="stmt"/>
        <line num="184" count="0" type="stmt"/>
        <line num="185" count="0" type="stmt"/>
        <line num="187" count="0" type="stmt"/>
        <line num="188" count="0" type="cond" truecount="0" falsecount="2"/>
        <line num="189" count="0" type="stmt"/>
        <line num="196" count="0" type="stmt"/>
        <line num="197" count="0" type="cond" truecount="0" falsecount="5"/>
        <line num="198" count="0" type="stmt"/>
        <line num="200" count="0" type="stmt"/>
        <line num="208" count="0" type="stmt"/>
        <line num="209" count="0" type="stmt"/>
        <line num="210" count="0" type="cond" truecount="0" falsecount="4"/>
        <line num="211" count="0" type="stmt"/>
        <line num="212" count="0" type="stmt"/>
        <line num="213" count="0" type="stmt"/>
        <line num="217" count="0" type="stmt"/>
        <line num="218" count="0" type="stmt"/>
        <line num="221" count="0" type="stmt"/>
        <line num="223" count="0" type="stmt"/>
        <line num="249" count="0" type="stmt"/>
        <line num="267" count="0" type="stmt"/>
        <line num="286" count="0" type="stmt"/>
        <line num="314" count="0" type="stmt"/>
        <line num="323" count="0" type="stmt"/>
        <line num="335" count="0" type="stmt"/>
        <line num="340" count="0" type="stmt"/>
        <line num="347" count="0" type="stmt"/>
        <line num="348" count="0" type="stmt"/>
        <line num="371" count="0" type="stmt"/>
      </file>
      <file name="LanguageSelector.tsx" path="D:\Repos\MISW4501-202611-ProyectoFinal-Grupo13\mobile\src\common\LanguageSelector.tsx">
        <metrics statements="14" coveredstatements="0" conditionals="8" coveredconditionals="0" methods="8" coveredmethods="0"/>
        <line num="18" count="0" type="stmt"/>
        <line num="19" count="0" type="stmt"/>
        <line num="21" count="0" type="cond" truecount="0" falsecount="2"/>
        <line num="22" count="0" type="stmt"/>
        <line num="25" count="0" type="stmt"/>
        <line num="26" count="0" type="stmt"/>
        <line num="27" count="0" type="stmt"/>
        <line num="30" count="0" type="stmt"/>
        <line num="34" count="0" type="stmt"/>
        <line num="45" count="0" type="stmt"/>
        <line num="50" count="0" type="stmt"/>
        <line num="56" count="0" type="stmt"/>
        <line num="62" count="0" type="stmt"/>
        <line num="85" count="0" type="stmt"/>
      </file>
    </package>
    <package name="src.models">
      <metrics statements="0" coveredstatements="0" conditionals="0" coveredconditionals="0" methods="0" coveredmethods="0"/>
      <file name="RequestResult.tsx" path="D:\Repos\MISW4501-202611-ProyectoFinal-Grupo13\mobile\src\models\RequestResult.tsx">
        <metrics statements="0" coveredstatements="0" conditionals="0" coveredconditionals="0" methods="0" coveredmethods="0"/>
      </file>
      <file name="User.ts" path="D:\Repos\MISW4501-202611-ProyectoFinal-Grupo13\mobile\src\models\User.ts">
        <metrics statements="0" coveredstatements="0" conditionals="0" coveredconditionals="0" methods="0" coveredmethods="0"/>
      </file>
    </package>
    <package name="src.screens">
      <metrics statements="243" coveredstatements="229" conditionals="173" coveredconditionals="164" methods="59" coveredmethods="51"/>
      <file name="_layout.tsx" path="D:\Repos\MISW4501-202611-ProyectoFinal-Grupo13\mobile\src\screens\_layout.tsx">
        <metrics statements="1" coveredstatements="0" conditionals="0" coveredconditionals="0" methods="1" coveredmethods="0"/>
        <line num="4" count="0" type="stmt"/>
      </file>
      <file name="hotelDetails.tsx" path="D:\Repos\MISW4501-202611-ProyectoFinal-Grupo13\mobile\src\screens\hotelDetails.tsx">
        <metrics statements="57" coveredstatements="56" conditionals="48" coveredconditionals="47" methods="18" coveredmethods="17"/>
        <line num="18" count="1" type="stmt"/>
        <line num="24" count="1" type="stmt"/>
        <line num="32" count="65" type="stmt"/>
        <line num="33" count="65" type="stmt"/>
        <line num="34" count="65" type="stmt"/>
        <line num="36" count="65" type="stmt"/>
        <line num="37" count="65" type="stmt"/>
        <line num="38" count="65" type="stmt"/>
        <line num="39" count="65" type="cond" truecount="2" falsecount="0"/>
        <line num="41" count="65" type="cond" truecount="2" falsecount="0"/>
        <line num="42" count="65" type="cond" truecount="2" falsecount="0"/>
        <line num="43" count="65" type="cond" truecount="2" falsecount="0"/>
        <line num="45" count="65" type="stmt"/>
        <line num="46" count="220" type="stmt"/>
        <line num="49" count="65" type="cond" truecount="2" falsecount="0"/>
        <line num="51" count="65" type="stmt"/>
        <line num="52" count="4" type="cond" truecount="1" falsecount="1"/>
        <line num="53" count="4" type="stmt"/>
        <line num="54" count="4" type="stmt"/>
        <line num="55" count="4" type="stmt"/>
        <line num="57" count="4" type="stmt"/>
        <line num="58" count="15" type="stmt"/>
        <line num="60" count="4" type="cond" truecount="2" falsecount="0"/>
        <line num="61" count="2" type="stmt"/>
        <line num="63" count="4" type="stmt"/>
        <line num="64" count="4" type="stmt"/>
        <line num="65" count="3" type="stmt"/>
        <line num="67" count="4" type="stmt"/>
        <line num="70" count="65" type="stmt"/>
        <line num="84" count="65" type="stmt"/>
        <line num="85" count="370" type="stmt"/>
        <line num="86" count="370" type="stmt"/>
        <line num="87" count="1293" type="cond" truecount="2" falsecount="0"/>
        <line num="88" count="369" type="stmt"/>
        <line num="91" count="1" type="stmt"/>
        <line num="94" count="65" type="stmt"/>
        <line num="96" count="2" type="stmt"/>
        <line num="99" count="65" type="stmt"/>
        <line num="100" count="260" type="stmt"/>
        <line num="102" count="0" type="stmt"/>
        <line num="112" count="65" type="stmt"/>
        <line num="113" count="110" type="cond" truecount="2" falsecount="0"/>
        <line num="114" count="110" type="cond" truecount="2" falsecount="0"/>
        <line num="115" count="110" type="cond" truecount="2" falsecount="0"/>
        <line num="116" count="110" type="cond" truecount="2" falsecount="0"/>
        <line num="117" count="157" type="cond" truecount="2" falsecount="0"/>
        <line num="119" count="110" type="stmt"/>
        <line num="142" count="155" type="stmt"/>
        <line num="143" count="155" type="stmt"/>
        <line num="153" count="2" type="stmt"/>
        <line num="161" count="65" type="stmt"/>
        <line num="165" count="1" type="stmt"/>
        <line num="190" count="260" type="stmt"/>
        <line num="229" count="215" type="stmt"/>
        <line num="230" count="215" type="stmt"/>
        <line num="245" count="110" type="cond" truecount="2" falsecount="0"/>
        <line num="261" count="1" type="stmt"/>
      </file>
      <file name="hotelResults.tsx" path="D:\Repos\MISW4501-202611-ProyectoFinal-Grupo13\mobile\src\screens\hotelResults.tsx">
        <metrics statements="70" coveredstatements="69" conditionals="61" coveredconditionals="58" methods="19" coveredmethods="19"/>
        <line num="22" count="150" type="stmt"/>
        <line num="23" count="150" type="stmt"/>
        <line num="24" count="150" type="stmt"/>
        <line num="25" count="150" type="stmt"/>
        <line num="26" count="150" type="stmt"/>
        <line num="28" count="150" type="stmt"/>
        <line num="29" count="150" type="stmt"/>
        <line num="30" count="150" type="stmt"/>
        <line num="31" count="150" type="cond" truecount="2" falsecount="0"/>
        <line num="33" count="150" type="stmt"/>
        <line num="34" count="49" type="stmt"/>
        <line num="37" count="150" type="stmt"/>
        <line num="38" count="50" type="stmt"/>
        <line num="39" count="50" type="stmt"/>
        <line num="41" count="50" type="stmt"/>
        <line num="48" count="50" type="cond" truecount="4" falsecount="0"/>
        <line num="50" count="45" type="stmt"/>
        <line num="51" count="63" type="cond" truecount="2" falsecount="0"/>
        <line num="52" count="96" type="stmt"/>
        <line num="53" count="96" type="cond" truecount="2" falsecount="0"/>
        <line num="54" count="63" type="cond" truecount="2" falsecount="0"/>
        <line num="55" count="63" type="stmt"/>
        <line num="58" count="45" type="stmt"/>
        <line num="59" count="23" type="cond" truecount="4" falsecount="0"/>
        <line num="60" count="5" type="cond" truecount="1" falsecount="1"/>
        <line num="61" count="5" type="cond" truecount="2" falsecount="0"/>
        <line num="62" count="4" type="stmt"/>
        <line num="64" count="45" type="stmt"/>
        <line num="66" count="5" type="cond" truecount="2" falsecount="0"/>
        <line num="68" count="50" type="stmt"/>
        <line num="71" count="150" type="stmt"/>
        <line num="72" count="150" type="stmt"/>
        <line num="73" count="150" type="stmt"/>
        <line num="74" count="150" type="stmt"/>
        <line num="75" count="150" type="stmt"/>
        <line num="78" count="150" type="stmt"/>
        <line num="79" count="1" type="cond" truecount="1" falsecount="1"/>
        <line num="80" count="1" type="stmt"/>
        <line num="81" count="1" type="stmt"/>
        <line num="82" count="1" type="stmt"/>
        <line num="84" count="1" type="stmt"/>
        <line num="85" count="4" type="stmt"/>
        <line num="87" count="1" type="cond" truecount="1" falsecount="1"/>
        <line num="88" count="1" type="stmt"/>
        <line num="90" count="1" type="stmt"/>
        <line num="91" count="1" type="stmt"/>
        <line num="92" count="0" type="stmt"/>
        <line num="94" count="1" type="stmt"/>
        <line num="97" count="150" type="stmt"/>
        <line num="98" count="112" type="stmt"/>
        <line num="107" count="112" type="stmt"/>
        <line num="116" count="112" type="cond" truecount="2" falsecount="0"/>
        <line num="117" count="112" type="cond" truecount="2" falsecount="0"/>
        <line num="119" count="112" type="stmt"/>
        <line num="127" count="150" type="stmt"/>
        <line num="128" count="151" type="stmt"/>
        <line num="131" count="150" type="stmt"/>
        <line num="132" count="2" type="stmt"/>
        <line num="144" count="150" type="stmt"/>
        <line num="145" count="63" type="cond" truecount="2" falsecount="0"/>
        <line num="146" count="63" type="cond" truecount="2" falsecount="0"/>
        <line num="147" count="63" type="cond" truecount="2" falsecount="0"/>
        <line num="148" count="63" type="cond" truecount="2" falsecount="0"/>
        <line num="150" count="63" type="stmt"/>
        <line num="176" count="112" type="stmt"/>
        <line num="191" count="2" type="stmt"/>
        <line num="201" count="150" type="stmt"/>
        <line num="205" count="1" type="stmt"/>
        <line num="263" count="105" type="stmt"/>
        <line num="272" count="1" type="stmt"/>
      </file>
      <file name="landing.tsx" path="D:\Repos\MISW4501-202611-ProyectoFinal-Grupo13\mobile\src\screens\landing.tsx">
        <metrics statements="28" coveredstatements="25" conditionals="2" coveredconditionals="2" methods="6" coveredmethods="5"/>
        <line num="11" count="1" type="stmt"/>
        <line num="14" count="19" type="stmt"/>
        <line num="15" count="19" type="stmt"/>
        <line num="16" count="19" type="stmt"/>
        <line num="18" count="19" type="stmt"/>
        <line num="19" count="13" type="stmt"/>
        <line num="22" count="19" type="stmt"/>
        <line num="23" count="13" type="stmt"/>
        <line num="24" count="13" type="stmt"/>
        <line num="25" count="12" type="cond" truecount="2" falsecount="0"/>
        <line num="26" count="2" type="stmt"/>
        <line num="27" count="2" type="stmt"/>
        <line num="39" count="19" type="stmt"/>
        <line num="40" count="4" type="stmt"/>
        <line num="41" count="4" type="stmt"/>
        <line num="47" count="19" type="stmt"/>
        <line num="48" count="0" type="stmt"/>
        <line num="49" count="0" type="stmt"/>
        <line num="50" count="0" type="stmt"/>
        <line num="53" count="19" type="stmt"/>
        <line num="54" count="4" type="stmt"/>
        <line num="55" count="4" type="stmt"/>
        <line num="56" count="4" type="stmt"/>
        <line num="58" count="4" type="stmt"/>
        <line num="65" count="4" type="stmt"/>
        <line num="70" count="4" type="stmt"/>
        <line num="73" count="19" type="stmt"/>
        <line num="117" count="1" type="stmt"/>
      </file>
      <file name="login.tsx" path="D:\Repos\MISW4501-202611-ProyectoFinal-Grupo13\mobile\src\screens\login.tsx">
        <metrics statements="87" coveredstatements="79" conditionals="62" coveredconditionals="57" methods="15" coveredmethods="10"/>
        <line num="23" count="213" type="stmt"/>
        <line num="24" count="213" type="stmt"/>
        <line num="25" count="213" type="stmt"/>
        <line num="27" count="213" type="stmt"/>
        <line num="28" count="35" type="stmt"/>
        <line num="31" count="213" type="stmt"/>
        <line num="32" count="35" type="stmt"/>
        <line num="33" count="35" type="stmt"/>
        <line num="34" count="35" type="cond" truecount="1" falsecount="1"/>
        <line num="35" count="0" type="stmt"/>
        <line num="38" count="0" type="stmt"/>
        <line num="40" count="35" type="stmt"/>
        <line num="43" count="213" type="stmt"/>
        <line num="44" count="213" type="stmt"/>
        <line num="45" count="213" type="stmt"/>
        <line num="48" count="213" type="stmt"/>
        <line num="49" count="213" type="stmt"/>
        <line num="50" count="213" type="stmt"/>
        <line num="51" count="213" type="stmt"/>
        <line num="54" count="213" type="stmt"/>
        <line num="55" count="213" type="stmt"/>
        <line num="56" count="213" type="stmt"/>
        <line num="57" count="213" type="stmt"/>
        <line num="58" count="213" type="stmt"/>
        <line num="59" count="213" type="stmt"/>
        <line num="61" count="213" type="stmt"/>
        <line num="62" count="13" type="cond" truecount="4" falsecount="0"/>
        <line num="63" count="6" type="stmt"/>
        <line num="64" count="6" type="stmt"/>
        <line num="67" count="7" type="stmt"/>
        <line num="68" count="7" type="stmt"/>
        <line num="70" count="7" type="stmt"/>
        <line num="71" count="7" type="stmt"/>
        <line num="73" count="6" type="cond" truecount="2" falsecount="0"/>
        <line num="74" count="4" type="stmt"/>
        <line num="76" count="2" type="cond" truecount="2" falsecount="0"/>
        <line num="79" count="1" type="stmt"/>
        <line num="81" count="7" type="stmt"/>
        <line num="85" count="213" type="stmt"/>
        <line num="89" count="213" type="stmt"/>
        <line num="90" count="0" type="stmt"/>
        <line num="91" count="0" type="stmt"/>
        <line num="92" count="0" type="stmt"/>
        <line num="95" count="213" type="stmt"/>
        <line num="96" count="10" type="cond" truecount="6" falsecount="0"/>
        <line num="97" count="1" type="stmt"/>
        <line num="98" count="1" type="stmt"/>
        <line num="101" count="9" type="cond" truecount="2" falsecount="0"/>
        <line num="102" count="1" type="stmt"/>
        <line num="103" count="1" type="stmt"/>
        <line num="106" count="8" type="cond" truecount="2" falsecount="0"/>
        <line num="107" count="1" type="stmt"/>
        <line num="108" count="1" type="stmt"/>
        <line num="111" count="7" type="stmt"/>
        <line num="112" count="7" type="stmt"/>
        <line num="113" count="7" type="stmt"/>
        <line num="115" count="7" type="stmt"/>
        <line num="116" count="7" type="stmt"/>
        <line num="123" count="6" type="cond" truecount="2" falsecount="0"/>
        <line num="124" count="4" type="stmt"/>
        <line num="126" count="4" type="stmt"/>
        <line num="127" count="4" type="stmt"/>
        <line num="128" count="4" type="stmt"/>
        <line num="129" count="4" type="stmt"/>
        <line num="131" count="4" type="stmt"/>
        <line num="132" count="3" type="stmt"/>
        <line num="133" count="3" type="stmt"/>
        <line num="136" count="2" type="cond" truecount="2" falsecount="0"/>
        <line num="139" count="1" type="stmt"/>
        <line num="141" count="7" type="stmt"/>
        <line num="145" count="213" type="stmt"/>
        <line num="146" count="16" type="stmt"/>
        <line num="147" count="16" type="stmt"/>
        <line num="148" count="16" type="stmt"/>
        <line num="149" count="16" type="stmt"/>
        <line num="150" count="16" type="stmt"/>
        <line num="151" count="16" type="stmt"/>
        <line num="154" count="213" type="cond" truecount="2" falsecount="0"/>
        <line num="155" count="35" type="stmt"/>
        <line num="164" count="178" type="stmt"/>
        <line num="192" count="1" type="stmt"/>
        <line num="201" count="15" type="stmt"/>
        <line num="246" count="0" type="stmt"/>
        <line num="261" count="1" type="stmt"/>
        <line num="341" count="0" type="stmt"/>
        <line num="367" count="0" type="stmt"/>
        <line num="424" count="1" type="stmt"/>
      </file>
    </package>
    <package name="src.services.authService">
      <metrics statements="17" coveredstatements="17" conditionals="2" coveredconditionals="2" methods="1" coveredmethods="1"/>
      <file name="AuthService.ts" path="D:\Repos\MISW4501-202611-ProyectoFinal-Grupo13\mobile\src\services\authService\AuthService.ts">
        <metrics statements="17" coveredstatements="17" conditionals="2" coveredconditionals="2" methods="1" coveredmethods="1"/>
        <line num="8" count="2" type="stmt"/>
        <line num="10" count="11" type="stmt"/>
        <line num="11" count="11" type="stmt"/>
        <line num="13" count="11" type="stmt"/>
        <line num="15" count="11" type="stmt"/>
        <line num="17" count="10" type="stmt"/>
        <line num="22" count="8" type="cond" truecount="2" falsecount="0"/>
        <line num="23" count="6" type="stmt"/>
        <line num="24" count="6" type="stmt"/>
        <line num="26" count="6" type="stmt"/>
        <line num="28" count="6" type="stmt"/>
        <line num="40" count="6" type="stmt"/>
        <line num="46" count="2" type="stmt"/>
        <line num="48" count="2" type="stmt"/>
        <line num="56" count="3" type="stmt"/>
        <line num="57" count="3" type="stmt"/>
        <line num="58" count="3" type="stmt"/>
      </file>
    </package>
    <package name="src.services.authService.models">
      <metrics statements="0" coveredstatements="0" conditionals="0" coveredconditionals="0" methods="0" coveredmethods="0"/>
      <file name="AuthError.ts" path="D:\Repos\MISW4501-202611-ProyectoFinal-Grupo13\mobile\src\services\authService\models\AuthError.ts">
        <metrics statements="0" coveredstatements="0" conditionals="0" coveredconditionals="0" methods="0" coveredmethods="0"/>
      </file>
      <file name="AuthResponse.ts" path="D:\Repos\MISW4501-202611-ProyectoFinal-Grupo13\mobile\src\services\authService\models\AuthResponse.ts">
        <metrics statements="0" coveredstatements="0" conditionals="0" coveredconditionals="0" methods="0" coveredmethods="0"/>
      </file>
      <file name="AuthResult.ts" path="D:\Repos\MISW4501-202611-ProyectoFinal-Grupo13\mobile\src\services\authService\models\AuthResult.ts">
        <metrics statements="0" coveredstatements="0" conditionals="0" coveredconditionals="0" methods="0" coveredmethods="0"/>
      </file>
    </package>
    <package name="src.services.hotelService">
      <metrics statements="17" coveredstatements="17" conditionals="10" coveredconditionals="10" methods="2" coveredmethods="2"/>
      <file name="hotelService.ts" path="D:\Repos\MISW4501-202611-ProyectoFinal-Grupo13\mobile\src\services\hotelService\hotelService.ts">
        <metrics statements="17" coveredstatements="17" conditionals="10" coveredconditionals="10" methods="2" coveredmethods="2"/>
        <line num="38" count="1" type="stmt"/>
        <line num="40" count="8" type="stmt"/>
        <line num="41" count="8" type="stmt"/>
        <line num="43" count="8" type="stmt"/>
        <line num="45" count="5" type="cond" truecount="2" falsecount="0"/>
        <line num="46" count="3" type="stmt"/>
        <line num="52" count="2" type="stmt"/>
        <line num="60" count="3" type="stmt"/>
        <line num="61" count="3" type="stmt"/>
        <line num="71" count="7" type="stmt"/>
        <line num="72" count="7" type="stmt"/>
        <line num="74" count="7" type="stmt"/>
        <line num="76" count="5" type="cond" truecount="2" falsecount="0"/>
        <line num="77" count="2" type="stmt"/>
        <line num="83" count="3" type="stmt"/>
        <line num="91" count="2" type="stmt"/>
        <line num="92" count="2" type="stmt"/>
      </file>
    </package>
    <package name="src.services.userService">
      <metrics statements="22" coveredstatements="22" conditionals="10" coveredconditionals="10" methods="2" coveredmethods="2"/>
      <file name="GetUserByTokenService.tsx" path="D:\Repos\MISW4501-202611-ProyectoFinal-Grupo13\mobile\src\services\userService\GetUserByTokenService.tsx">
        <metrics statements="11" coveredstatements="11" conditionals="6" coveredconditionals="6" methods="1" coveredmethods="1"/>
        <line num="5" count="1" type="stmt"/>
        <line num="7" count="9" type="stmt"/>
        <line num="8" count="9" type="stmt"/>
        <line num="9" count="9" type="stmt"/>
        <line num="11" count="4" type="cond" truecount="2" falsecount="0"/>
        <line num="12" count="2" type="stmt"/>
        <line num="17" count="2" type="stmt"/>
        <line num="22" count="5" type="stmt"/>
        <line num="24" count="5" type="cond" truecount="2" falsecount="0"/>
        <line num="25" count="1" type="stmt"/>
        <line num="35" count="4" type="stmt"/>
      </file>
      <file name="RegisterService.ts" path="D:\Repos\MISW4501-202611-ProyectoFinal-Grupo13\mobile\src\services\userService\RegisterService.ts">
        <metrics statements="11" coveredstatements="11" conditionals="4" coveredconditionals="4" methods="1" coveredmethods="1"/>
        <line num="25" count="2" type="stmt"/>
        <line num="27" count="11" type="stmt"/>
        <line num="28" count="11" type="stmt"/>
        <line num="30" count="11" type="stmt"/>
        <line num="32" count="10" type="stmt"/>
        <line num="39" count="6" type="cond" truecount="2" falsecount="0"/>
        <line num="40" count="4" type="stmt"/>
        <line num="46" count="2" type="stmt"/>
        <line num="54" count="5" type="stmt"/>
        <line num="56" count="5" type="cond" truecount="2" falsecount="0"/>
        <line num="58" count="5" type="stmt"/>
      </file>
    </package>
    <package name="src.store">
      <metrics statements="5" coveredstatements="5" conditionals="0" coveredconditionals="0" methods="5" coveredmethods="5"/>
      <file name="userStore.ts" path="D:\Repos\MISW4501-202611-ProyectoFinal-Grupo13\mobile\src\store\userStore.ts">
        <metrics statements="5" coveredstatements="5" conditionals="0" coveredconditionals="0" methods="5" coveredmethods="5"/>
        <line num="15" count="3" type="stmt"/>
        <line num="19" count="5" type="stmt"/>
        <line num="20" count="3" type="stmt"/>
        <line num="21" count="2" type="stmt"/>
        <line num="22" count="3" type="stmt"/>
      </file>
    </package>
    <package name="src.utils">
      <metrics statements="106" coveredstatements="96" conditionals="54" coveredconditionals="43" methods="11" coveredmethods="7"/>
      <file name="api.ts" path="D:\Repos\MISW4501-202611-ProyectoFinal-Grupo13\mobile\src\utils\api.ts">
        <metrics statements="106" coveredstatements="96" conditionals="54" coveredconditionals="43" methods="11" coveredmethods="7"/>
        <line num="7" count="35" type="stmt"/>
        <line num="8" count="35" type="cond" truecount="2" falsecount="0"/>
        <line num="11" count="35" type="cond" truecount="1" falsecount="1"/>
        <line num="12" count="35" type="stmt"/>
        <line num="15" count="0" type="stmt"/>
        <line num="20" count="35" type="stmt"/>
        <line num="22" count="35" type="stmt"/>
        <line num="26" count="35" type="stmt"/>
        <line num="32" count="3" type="cond" truecount="2" falsecount="0"/>
        <line num="37" count="35" type="stmt"/>
        <line num="38" count="35" type="stmt"/>
        <line num="40" count="35" type="stmt"/>
        <line num="41" count="0" type="stmt"/>
        <line num="44" count="35" type="stmt"/>
        <line num="45" count="2" type="stmt"/>
        <line num="46" count="2" type="stmt"/>
        <line num="49" count="35" type="stmt"/>
        <line num="51" count="8" type="stmt"/>
        <line num="52" count="8" type="stmt"/>
        <line num="54" count="7" type="cond" truecount="2" falsecount="0"/>
        <line num="55" count="2" type="stmt"/>
        <line num="56" count="2" type="cond" truecount="2" falsecount="0"/>
        <line num="59" count="7" type="stmt"/>
        <line num="62" count="7" type="cond" truecount="1" falsecount="1"/>
        <line num="63" count="7" type="stmt"/>
        <line num="64" count="7" type="stmt"/>
        <line num="65" count="7" type="cond" truecount="2" falsecount="0"/>
        <line num="66" count="1" type="stmt"/>
        <line num="68" count="7" type="cond" truecount="2" falsecount="0"/>
        <line num="69" count="1" type="stmt"/>
        <line num="72" count="1" type="stmt"/>
        <line num="75" count="8" type="stmt"/>
        <line num="78" count="1" type="stmt"/>
        <line num="83" count="35" type="stmt"/>
        <line num="86" count="3" type="stmt"/>
        <line num="89" count="3" type="cond" truecount="1" falsecount="1"/>
        <line num="90" count="3" type="stmt"/>
        <line num="93" count="3" type="cond" truecount="2" falsecount="0"/>
        <line num="96" count="3" type="stmt"/>
        <line num="99" count="12" type="stmt"/>
        <line num="100" count="12" type="cond" truecount="1" falsecount="1"/>
        <line num="101" count="12" type="cond" truecount="1" falsecount="1"/>
        <line num="104" count="12" type="cond" truecount="2" falsecount="0"/>
        <line num="105" count="1" type="stmt"/>
        <line num="108" count="1" type="stmt"/>
        <line num="114" count="1" type="stmt"/>
        <line num="118" count="11" type="stmt"/>
        <line num="121" count="11" type="cond" truecount="1" falsecount="1"/>
        <line num="122" count="11" type="stmt"/>
        <line num="124" count="11" type="cond" truecount="1" falsecount="1"/>
        <line num="125" count="0" type="stmt"/>
        <line num="128" count="11" type="cond" truecount="4" falsecount="0"/>
        <line num="129" count="8" type="stmt"/>
        <line num="132" count="8" type="cond" truecount="2" falsecount="0"/>
        <line num="133" count="1" type="stmt"/>
        <line num="134" count="1" type="stmt"/>
        <line num="138" count="7" type="stmt"/>
        <line num="139" count="7" type="cond" truecount="2" falsecount="0"/>
        <line num="140" count="1" type="stmt"/>
        <line num="141" count="1" type="stmt"/>
        <line num="144" count="6" type="cond" truecount="1" falsecount="1"/>
        <line num="146" count="0" type="stmt"/>
        <line num="147" count="0" type="stmt"/>
        <line num="148" count="0" type="stmt"/>
        <line num="149" count="0" type="stmt"/>
        <line num="150" count="0" type="stmt"/>
        <line num="151" count="0" type="stmt"/>
        <line num="156" count="6" type="stmt"/>
        <line num="157" count="6" type="stmt"/>
        <line num="159" count="6" type="stmt"/>
        <line num="160" count="6" type="stmt"/>
        <line num="161" count="6" type="stmt"/>
        <line num="163" count="6" type="cond" truecount="2" falsecount="0"/>
        <line num="164" count="3" type="stmt"/>
        <line num="165" count="3" type="cond" truecount="2" falsecount="0"/>
        <line num="166" count="2" type="stmt"/>
        <line num="167" count="2" type="stmt"/>
        <line num="168" count="2" type="stmt"/>
        <line num="169" count="2" type="stmt"/>
        <line num="170" count="2" type="stmt"/>
        <line num="174" count="4" type="stmt"/>
        <line num="175" count="4" type="stmt"/>
        <line num="177" count="2" type="stmt"/>
        <line num="178" count="2" type="stmt"/>
        <line num="180" count="6" type="stmt"/>
        <line num="184" count="3" type="stmt"/>
        <line num="189" count="35" type="stmt"/>
        <line num="190" count="6" type="stmt"/>
        <line num="192" count="6" type="stmt"/>
        <line num="194" count="5" type="cond" truecount="1" falsecount="1"/>
        <line num="195" count="0" type="stmt"/>
        <line num="198" count="5" type="stmt"/>
        <line num="199" count="5" type="stmt"/>
        <line num="202" count="5" type="stmt"/>
        <line num="208" count="4" type="cond" truecount="4" falsecount="0"/>
        <line num="209" count="3" type="stmt"/>
        <line num="211" count="3" type="stmt"/>
        <line num="213" count="3" type="cond" truecount="2" falsecount="0"/>
        <line num="214" count="2" type="stmt"/>
        <line num="217" count="3" type="stmt"/>
        <line num="220" count="1" type="stmt"/>
        <line num="221" count="1" type="stmt"/>
        <line num="223" count="2" type="stmt"/>
        <line num="225" count="2" type="stmt"/>
        <line num="226" count="2" type="stmt"/>
        <line num="227" count="2" type="stmt"/>
      </file>
    </package>
  </project>
</coverage>
