<?xml version="1.0" encoding="UTF-8"?>
<coverage generated="1776708344335" clover="3.2.0">
  <project timestamp="1776708344335" name="All files">
    <metrics statements="1452" coveredstatements="1301" conditionals="1048" coveredconditionals="825" methods="295" coveredmethods="235" elements="2795" coveredelements="2361" complexity="0" loc="1452" ncloc="1452" packages="11" files="28" classes="28"/>
    <package name="src">
      <metrics statements="4" coveredstatements="0" conditionals="0" coveredconditionals="0" methods="3" coveredmethods="0"/>
      <file name="_layout.tsx" path="D:\Repos\MISW4501-202611-ProyectoFinal-Grupo13\mobile\src\_layout.tsx">
        <metrics statements="3" coveredstatements="0" conditionals="0" coveredconditionals="0" methods="2" coveredmethods="0"/>
        <line num="8" count="0" type="stmt"/>
        <line num="9" count="0" type="stmt"/>
        <line num="12" count="0" type="stmt"/>
      </file>
      <file name="index.tsx" path="D:\Repos\MISW4501-202611-ProyectoFinal-Grupo13\mobile\src\index.tsx">
        <metrics statements="1" coveredstatements="0" conditionals="0" coveredconditionals="0" methods="1" coveredmethods="0"/>
        <line num="4" count="0" type="stmt"/>
      </file>
    </package>
    <package name="src.common">
      <metrics statements="98" coveredstatements="95" conditionals="81" coveredconditionals="75" methods="34" coveredmethods="31"/>
      <file name="HotelSearch.tsx" path="D:\Repos\MISW4501-202611-ProyectoFinal-Grupo13\mobile\src\common\HotelSearch.tsx">
        <metrics statements="84" coveredstatements="81" conditionals="73" coveredconditionals="68" methods="26" coveredmethods="23"/>
        <line num="37" count="153" type="stmt"/>
        <line num="38" count="153" type="stmt"/>
        <line num="39" count="96" type="cond" truecount="2" falsecount="1"/>
        <line num="40" count="96" type="stmt"/>
        <line num="43" count="153" type="stmt"/>
        <line num="48" count="153" type="stmt"/>
        <line num="50" count="153" type="stmt"/>
        <line num="51" count="97" type="stmt"/>
        <line num="52" count="97" type="stmt"/>
        <line num="53" count="97" type="stmt"/>
        <line num="54" count="97" type="stmt"/>
        <line num="56" count="97" type="stmt"/>
        <line num="57" count="97" type="stmt"/>
        <line num="58" count="565" type="stmt"/>
        <line num="60" count="97" type="stmt"/>
        <line num="61" count="2913" type="stmt"/>
        <line num="63" count="97" type="stmt"/>
        <line num="66" count="153" type="stmt"/>
        <line num="67" count="9187" type="cond" truecount="1" falsecount="1"/>
        <line num="68" count="9187" type="stmt"/>
        <line num="69" count="9187" type="stmt"/>
        <line num="70" count="9187" type="stmt"/>
        <line num="73" count="153" type="stmt"/>
        <line num="74" count="9186" type="cond" truecount="2" falsecount="0"/>
        <line num="75" count="2644" type="stmt"/>
        <line num="82" count="153" type="stmt"/>
        <line num="83" count="1" type="cond" truecount="1" falsecount="1"/>
        <line num="84" count="1" type="stmt"/>
        <line num="85" count="1" type="stmt"/>
        <line num="86" count="1" type="stmt"/>
        <line num="89" count="153" type="stmt"/>
        <line num="90" count="0" type="stmt"/>
        <line num="93" count="153" type="stmt"/>
        <line num="94" count="1" type="stmt"/>
        <line num="97" count="153" type="stmt"/>
        <line num="98" count="459" type="cond" truecount="1" falsecount="1"/>
        <line num="99" count="459" type="stmt"/>
        <line num="100" count="459" type="stmt"/>
        <line num="101" count="459" type="stmt"/>
        <line num="104" count="153" type="stmt"/>
        <line num="133" count="1071" type="stmt"/>
        <line num="139" count="5494" type="stmt"/>
        <line num="145" count="1" type="cond" truecount="2" falsecount="0"/>
        <line num="169" count="76" type="stmt"/>
        <line num="170" count="76" type="cond" truecount="2" falsecount="0"/>
        <line num="171" count="76" type="cond" truecount="2" falsecount="0"/>
        <line num="172" count="76" type="cond" truecount="2" falsecount="0"/>
        <line num="173" count="76" type="cond" truecount="2" falsecount="0"/>
        <line num="175" count="76" type="stmt"/>
        <line num="176" count="49" type="cond" truecount="2" falsecount="0"/>
        <line num="177" count="15" type="stmt"/>
        <line num="178" count="15" type="stmt"/>
        <line num="179" count="15" type="stmt"/>
        <line num="180" count="15" type="stmt"/>
        <line num="183" count="76" type="stmt"/>
        <line num="184" count="76" type="stmt"/>
        <line num="185" count="76" type="stmt"/>
        <line num="187" count="76" type="stmt"/>
        <line num="188" count="152" type="cond" truecount="2" falsecount="0"/>
        <line num="189" count="44" type="stmt"/>
        <line num="196" count="76" type="stmt"/>
        <line num="197" count="5" type="cond" truecount="5" falsecount="0"/>
        <line num="198" count="3" type="stmt"/>
        <line num="200" count="2" type="stmt"/>
        <line num="208" count="76" type="stmt"/>
        <line num="209" count="1" type="stmt"/>
        <line num="210" count="1" type="cond" truecount="3" falsecount="1"/>
        <line num="211" count="1" type="stmt"/>
        <line num="212" count="1" type="stmt"/>
        <line num="213" count="1" type="stmt"/>
        <line num="217" count="76" type="stmt"/>
        <line num="218" count="0" type="stmt"/>
        <line num="221" count="76" type="stmt"/>
        <line num="223" count="76" type="stmt"/>
        <line num="249" count="9" type="stmt"/>
        <line num="267" count="2" type="stmt"/>
        <line num="286" count="6" type="stmt"/>
        <line num="314" count="2" type="stmt"/>
        <line num="323" count="0" type="stmt"/>
        <line num="335" count="1" type="stmt"/>
        <line num="340" count="608" type="stmt"/>
        <line num="347" count="2" type="stmt"/>
        <line num="348" count="2" type="stmt"/>
        <line num="371" count="1" type="stmt"/>
      </file>
      <file name="LanguageSelector.tsx" path="D:\Repos\MISW4501-202611-ProyectoFinal-Grupo13\mobile\src\common\LanguageSelector.tsx">
        <metrics statements="14" coveredstatements="14" conditionals="8" coveredconditionals="7" methods="8" coveredmethods="8"/>
        <line num="18" count="40" type="stmt"/>
        <line num="19" count="40" type="stmt"/>
        <line num="21" count="40" type="cond" truecount="1" falsecount="1"/>
        <line num="22" count="80" type="stmt"/>
        <line num="25" count="40" type="stmt"/>
        <line num="26" count="5" type="stmt"/>
        <line num="27" count="5" type="stmt"/>
        <line num="30" count="40" type="stmt"/>
        <line num="34" count="14" type="stmt"/>
        <line num="45" count="1" type="stmt"/>
        <line num="50" count="1" type="stmt"/>
        <line num="56" count="120" type="stmt"/>
        <line num="62" count="5" type="stmt"/>
        <line num="85" count="1" type="stmt"/>
      </file>
    </package>
    <package name="src.models">
      <metrics statements="0" coveredstatements="0" conditionals="0" coveredconditionals="0" methods="0" coveredmethods="0"/>
      <file name="RequestResult.tsx" path="D:\Repos\MISW4501-202611-ProyectoFinal-Grupo13\mobile\src\models\RequestResult.tsx">
        <metrics statements="0" coveredstatements="0" conditionals="0" coveredconditionals="0" methods="0" coveredmethods="0"/>
      </file>
      <file name="User.ts" path="D:\Repos\MISW4501-202611-ProyectoFinal-Grupo13\mobile\src\models\User.ts">
        <metrics statements="0" coveredstatements="0" conditionals="0" coveredconditionals="0" methods="0" coveredmethods="0"/>
      </file>
    </package>
    <package name="src.screens">
      <metrics statements="1030" coveredstatements="913" conditionals="800" coveredconditionals="606" methods="211" coveredmethods="167"/>
      <file name="_layout.tsx" path="D:\Repos\MISW4501-202611-ProyectoFinal-Grupo13\mobile\src\screens\_layout.tsx">
        <metrics statements="1" coveredstatements="0" conditionals="0" coveredconditionals="0" methods="1" coveredmethods="0"/>
        <line num="4" count="0" type="stmt"/>
      </file>
      <file name="booking.tsx" path="D:\Repos\MISW4501-202611-ProyectoFinal-Grupo13\mobile\src\screens\booking.tsx">
        <metrics statements="133" coveredstatements="88" conditionals="92" coveredconditionals="44" methods="22" coveredmethods="13"/>
        <line num="43" count="1" type="stmt"/>
        <line num="55" count="34" type="stmt"/>
        <line num="56" count="34" type="stmt"/>
        <line num="57" count="34" type="stmt"/>
        <line num="59" count="34" type="stmt"/>
        <line num="60" count="170" type="stmt"/>
        <line num="61" count="170" type="cond" truecount="5" falsecount="1"/>
        <line num="64" count="34" type="cond" truecount="2" falsecount="0"/>
        <line num="65" count="34" type="cond" truecount="1" falsecount="1"/>
        <line num="66" count="34" type="stmt"/>
        <line num="67" count="34" type="stmt"/>
        <line num="68" count="34" type="cond" truecount="2" falsecount="0"/>
        <line num="70" count="34" type="stmt"/>
        <line num="71" count="34" type="stmt"/>
        <line num="72" count="34" type="stmt"/>
        <line num="74" count="34" type="stmt"/>
        <line num="75" count="34" type="stmt"/>
        <line num="76" count="34" type="stmt"/>
        <line num="78" count="34" type="stmt"/>
        <line num="79" count="34" type="stmt"/>
        <line num="80" count="34" type="stmt"/>
        <line num="81" count="34" type="stmt"/>
        <line num="82" count="34" type="stmt"/>
        <line num="83" count="34" type="stmt"/>
        <line num="85" count="34" type="stmt"/>
        <line num="87" count="34" type="stmt"/>
        <line num="89" count="34" type="cond" truecount="2" falsecount="0"/>
        <line num="90" count="34" type="cond" truecount="2" falsecount="0"/>
        <line num="92" count="34" type="cond" truecount="2" falsecount="0"/>
        <line num="94" count="34" type="stmt"/>
        <line num="95" count="34" type="cond" truecount="4" falsecount="0"/>
        <line num="96" count="32" type="stmt"/>
        <line num="97" count="32" type="stmt"/>
        <line num="98" count="32" type="stmt"/>
        <line num="99" count="32" type="stmt"/>
        <line num="100" count="32" type="cond" truecount="1" falsecount="1"/>
        <line num="103" count="34" type="stmt"/>
        <line num="104" count="34" type="stmt"/>
        <line num="105" count="34" type="stmt"/>
        <line num="106" count="34" type="stmt"/>
        <line num="107" count="34" type="stmt"/>
        <line num="108" count="34" type="stmt"/>
        <line num="110" count="34" type="stmt"/>
        <line num="111" count="24" type="cond" truecount="1" falsecount="1"/>
        <line num="112" count="24" type="stmt"/>
        <line num="113" count="24" type="stmt"/>
        <line num="120" count="34" type="stmt"/>
        <line num="121" count="32" type="stmt"/>
        <line num="124" count="34" type="stmt"/>
        <line num="125" count="0" type="stmt"/>
        <line num="126" count="0" type="cond" truecount="0" falsecount="2"/>
        <line num="127" count="0" type="stmt"/>
        <line num="130" count="34" type="stmt"/>
        <line num="131" count="28" type="cond" truecount="4" falsecount="0"/>
        <line num="132" count="12" type="stmt"/>
        <line num="133" count="12" type="stmt"/>
        <line num="134" count="12" type="stmt"/>
        <line num="137" count="16" type="stmt"/>
        <line num="138" count="16" type="stmt"/>
        <line num="144" count="0" type="cond" truecount="0" falsecount="4"/>
        <line num="145" count="0" type="stmt"/>
        <line num="146" count="0" type="stmt"/>
        <line num="147" count="0" type="stmt"/>
        <line num="148" count="0" type="stmt"/>
        <line num="150" count="0" type="cond" truecount="0" falsecount="2"/>
        <line num="153" count="0" type="stmt"/>
        <line num="155" count="0" type="stmt"/>
        <line num="159" count="34" type="stmt"/>
        <line num="160" count="28" type="stmt"/>
        <line num="162" count="28" type="stmt"/>
        <line num="163" count="28" type="cond" truecount="1" falsecount="1"/>
        <line num="164" count="0" type="stmt"/>
        <line num="169" count="34" type="stmt"/>
        <line num="170" count="22" type="cond" truecount="1" falsecount="1"/>
        <line num="172" count="0" type="stmt"/>
        <line num="173" count="0" type="stmt"/>
        <line num="174" count="0" type="stmt"/>
        <line num="175" count="0" type="cond" truecount="0" falsecount="2"/>
        <line num="177" count="0" type="cond" truecount="0" falsecount="2"/>
        <line num="178" count="0" type="cond" truecount="0" falsecount="2"/>
        <line num="179" count="0" type="stmt"/>
        <line num="181" count="0" type="stmt"/>
        <line num="185" count="0" type="stmt"/>
        <line num="186" count="0" type="stmt"/>
        <line num="188" count="0" type="stmt"/>
        <line num="189" count="0" type="cond" truecount="0" falsecount="2"/>
        <line num="190" count="0" type="stmt"/>
        <line num="195" count="34" type="stmt"/>
        <line num="196" count="0" type="stmt"/>
        <line num="202" count="0" type="stmt"/>
        <line num="208" count="34" type="stmt"/>
        <line num="209" count="12" type="stmt"/>
        <line num="210" count="12" type="stmt"/>
        <line num="211" count="12" type="stmt"/>
        <line num="214" count="34" type="stmt"/>
        <line num="215" count="24" type="stmt"/>
        <line num="225" count="34" type="stmt"/>
        <line num="226" count="0" type="stmt"/>
        <line num="227" count="0" type="stmt"/>
        <line num="230" count="34" type="stmt"/>
        <line num="231" count="0" type="cond" truecount="0" falsecount="2"/>
        <line num="232" count="0" type="stmt"/>
        <line num="233" count="0" type="stmt"/>
        <line num="236" count="0" type="cond" truecount="0" falsecount="2"/>
        <line num="237" count="0" type="stmt"/>
        <line num="238" count="0" type="stmt"/>
        <line num="241" count="0" type="cond" truecount="0" falsecount="2"/>
        <line num="242" count="0" type="stmt"/>
        <line num="243" count="0" type="stmt"/>
        <line num="246" count="0" type="stmt"/>
        <line num="248" count="0" type="stmt"/>
        <line num="268" count="34" type="stmt"/>
        <line num="269" count="0" type="cond" truecount="0" falsecount="2"/>
        <line num="270" count="0" type="stmt"/>
        <line num="272" count="0" type="stmt"/>
        <line num="275" count="34" type="stmt"/>
        <line num="276" count="12" type="cond" truecount="1" falsecount="1"/>
        <line num="277" count="12" type="stmt"/>
        <line num="278" count="12" type="stmt"/>
        <line num="279" count="12" type="stmt"/>
        <line num="281" count="12" type="stmt"/>
        <line num="282" count="48" type="stmt"/>
        <line num="284" count="12" type="cond" truecount="1" falsecount="1"/>
        <line num="285" count="12" type="stmt"/>
        <line num="287" count="12" type="stmt"/>
        <line num="288" count="12" type="stmt"/>
        <line num="289" count="0" type="stmt"/>
        <line num="291" count="12" type="stmt"/>
        <line num="294" count="34" type="cond" truecount="2" falsecount="0"/>
        <line num="295" count="22" type="stmt"/>
        <line num="303" count="12" type="stmt"/>
        <line num="518" count="0" type="stmt"/>
        <line num="561" count="1" type="stmt"/>
      </file>
      <file name="editReservation.tsx" path="D:\Repos\MISW4501-202611-ProyectoFinal-Grupo13\mobile\src\screens\editReservation.tsx">
        <metrics statements="189" coveredstatements="162" conditionals="168" coveredconditionals="104" methods="44" coveredmethods="25"/>
        <line num="48" count="90" type="stmt"/>
        <line num="49" count="90" type="stmt"/>
        <line num="50" count="90" type="stmt"/>
        <line num="52" count="90" type="stmt"/>
        <line num="53" count="90" type="stmt"/>
        <line num="56" count="90" type="stmt"/>
        <line num="57" count="90" type="stmt"/>
        <line num="58" count="90" type="stmt"/>
        <line num="59" count="90" type="stmt"/>
        <line num="60" count="90" type="stmt"/>
        <line num="63" count="90" type="stmt"/>
        <line num="64" count="90" type="stmt"/>
        <line num="65" count="90" type="stmt"/>
        <line num="66" count="90" type="stmt"/>
        <line num="67" count="90" type="stmt"/>
        <line num="68" count="90" type="stmt"/>
        <line num="71" count="90" type="stmt"/>
        <line num="72" count="90" type="stmt"/>
        <line num="74" count="90" type="stmt"/>
        <line num="76" count="90" type="stmt"/>
        <line num="78" count="90" type="stmt"/>
        <line num="79" count="10" type="stmt"/>
        <line num="82" count="90" type="stmt"/>
        <line num="83" count="20" type="cond" truecount="2" falsecount="0"/>
        <line num="84" count="10" type="stmt"/>
        <line num="85" count="10" type="stmt"/>
        <line num="87" count="10" type="stmt"/>
        <line num="90" count="90" type="stmt"/>
        <line num="91" count="10" type="stmt"/>
        <line num="92" count="10" type="stmt"/>
        <line num="95" count="10" type="cond" truecount="1" falsecount="1"/>
        <line num="96" count="10" type="cond" truecount="1" falsecount="1"/>
        <line num="97" count="10" type="cond" truecount="1" falsecount="1"/>
        <line num="98" count="10" type="cond" truecount="1" falsecount="1"/>
        <line num="99" count="10" type="cond" truecount="1" falsecount="1"/>
        <line num="100" count="10" type="cond" truecount="1" falsecount="1"/>
        <line num="102" count="10" type="stmt"/>
        <line num="103" count="10" type="stmt"/>
        <line num="104" count="10" type="stmt"/>
        <line num="105" count="10" type="cond" truecount="1" falsecount="1"/>
        <line num="106" count="10" type="stmt"/>
        <line num="108" count="10" type="stmt"/>
        <line num="109" count="10" type="stmt"/>
        <line num="110" count="10" type="stmt"/>
        <line num="111" count="10" type="stmt"/>
        <line num="114" count="10" type="cond" truecount="1" falsecount="1"/>
        <line num="117" count="10" type="stmt"/>
        <line num="119" count="0" type="stmt"/>
        <line num="121" count="10" type="stmt"/>
        <line num="125" count="90" type="stmt"/>
        <line num="126" count="20" type="stmt"/>
        <line num="127" count="20" type="stmt"/>
        <line num="129" count="20" type="stmt"/>
        <line num="130" count="40" type="stmt"/>
        <line num="134" count="20" type="cond" truecount="1" falsecount="2"/>
        <line num="136" count="20" type="stmt"/>
        <line num="143" count="19" type="cond" truecount="3" falsecount="1"/>
        <line num="145" count="19" type="stmt"/>
        <line num="146" count="19" type="cond" truecount="1" falsecount="1"/>
        <line num="149" count="19" type="cond" truecount="3" falsecount="1"/>
        <line num="150" count="38" type="stmt"/>
        <line num="158" count="19" type="stmt"/>
        <line num="161" count="19" type="cond" truecount="2" falsecount="2"/>
        <line num="162" count="0" type="stmt"/>
        <line num="166" count="0" type="stmt"/>
        <line num="178" count="1" type="stmt"/>
        <line num="180" count="1" type="stmt"/>
        <line num="190" count="20" type="stmt"/>
        <line num="194" count="90" type="stmt"/>
        <line num="195" count="40" type="cond" truecount="2" falsecount="2"/>
        <line num="196" count="40" type="stmt"/>
        <line num="203" count="90" type="stmt"/>
        <line num="204" count="40" type="stmt"/>
        <line num="205" count="40" type="stmt"/>
        <line num="206" count="40" type="stmt"/>
        <line num="207" count="40" type="stmt"/>
        <line num="210" count="90" type="stmt"/>
        <line num="211" count="221" type="stmt"/>
        <line num="212" count="221" type="stmt"/>
        <line num="213" count="221" type="cond" truecount="2" falsecount="0"/>
        <line num="216" count="90" type="stmt"/>
        <line num="217" count="281" type="stmt"/>
        <line num="220" count="90" type="stmt"/>
        <line num="221" count="189" type="stmt"/>
        <line num="222" count="189" type="cond" truecount="2" falsecount="0"/>
        <line num="223" count="129" type="stmt"/>
        <line num="224" count="129" type="stmt"/>
        <line num="225" count="129" type="stmt"/>
        <line num="226" count="129" type="stmt"/>
        <line num="229" count="90" type="stmt"/>
        <line num="230" count="93" type="stmt"/>
        <line num="233" count="90" type="stmt"/>
        <line num="234" count="1" type="stmt"/>
        <line num="237" count="90" type="stmt"/>
        <line num="241" count="90" type="stmt"/>
        <line num="242" count="0" type="stmt"/>
        <line num="243" count="0" type="stmt"/>
        <line num="244" count="0" type="stmt"/>
        <line num="247" count="90" type="stmt"/>
        <line num="248" count="0" type="stmt"/>
        <line num="249" count="0" type="cond" truecount="0" falsecount="2"/>
        <line num="250" count="0" type="stmt"/>
        <line num="254" count="90" type="stmt"/>
        <line num="255" count="0" type="stmt"/>
        <line num="256" count="0" type="stmt"/>
        <line num="257" count="0" type="stmt"/>
        <line num="258" count="0" type="cond" truecount="0" falsecount="2"/>
        <line num="259" count="0" type="stmt"/>
        <line num="263" count="90" type="stmt"/>
        <line num="264" count="0" type="stmt"/>
        <line num="267" count="90" type="stmt"/>
        <line num="268" count="0" type="stmt"/>
        <line num="269" count="0" type="cond" truecount="0" falsecount="2"/>
        <line num="270" count="0" type="stmt"/>
        <line num="274" count="90" type="stmt"/>
        <line num="275" count="90" type="stmt"/>
        <line num="276" count="90" type="stmt"/>
        <line num="277" count="90" type="stmt"/>
        <line num="278" count="90" type="stmt"/>
        <line num="279" count="90" type="stmt"/>
        <line num="281" count="90" type="stmt"/>
        <line num="282" count="5" type="stmt"/>
        <line num="291" count="90" type="stmt"/>
        <line num="292" count="1" type="stmt"/>
        <line num="295" count="90" type="stmt"/>
        <line num="296" count="5" type="cond" truecount="2" falsecount="0"/>
        <line num="297" count="1" type="stmt"/>
        <line num="298" count="1" type="stmt"/>
        <line num="301" count="4" type="cond" truecount="2" falsecount="0"/>
        <line num="302" count="1" type="stmt"/>
        <line num="303" count="1" type="stmt"/>
        <line num="306" count="3" type="stmt"/>
        <line num="307" count="3" type="stmt"/>
        <line num="310" count="3" type="cond" truecount="2" falsecount="0"/>
        <line num="311" count="2" type="stmt"/>
        <line num="312" count="2" type="stmt"/>
        <line num="314" count="2" type="stmt"/>
        <line num="315" count="2" type="stmt"/>
        <line num="316" count="2" type="stmt"/>
        <line num="317" count="2" type="cond" truecount="1" falsecount="1"/>
        <line num="318" count="2" type="stmt"/>
        <line num="321" count="2" type="stmt"/>
        <line num="327" count="2" type="cond" truecount="4" falsecount="0"/>
        <line num="328" count="1" type="cond" truecount="1" falsecount="1"/>
        <line num="329" count="1" type="stmt"/>
        <line num="333" count="1" type="stmt"/>
        <line num="334" count="1" type="cond" truecount="3" falsecount="1"/>
        <line num="335" count="1" type="stmt"/>
        <line num="336" count="1" type="stmt"/>
        <line num="339" count="1" type="cond" truecount="1" falsecount="1"/>
        <line num="346" count="1" type="stmt"/>
        <line num="380" count="0" type="stmt"/>
        <line num="381" count="0" type="stmt"/>
        <line num="383" count="2" type="stmt"/>
        <line num="385" count="1" type="stmt"/>
        <line num="388" count="1" type="stmt"/>
        <line num="389" count="1" type="stmt"/>
        <line num="391" count="1" type="stmt"/>
        <line num="392" count="0" type="stmt"/>
        <line num="401" count="1" type="stmt"/>
        <line num="404" count="1" type="cond" truecount="1" falsecount="1"/>
        <line num="405" count="0" type="stmt"/>
        <line num="408" count="1" type="cond" truecount="1" falsecount="1"/>
        <line num="409" count="0" type="stmt"/>
        <line num="412" count="1" type="stmt"/>
        <line num="413" count="1" type="cond" truecount="1" falsecount="1"/>
        <line num="414" count="0" type="stmt"/>
        <line num="417" count="1" type="cond" truecount="1" falsecount="1"/>
        <line num="418" count="1" type="stmt"/>
        <line num="422" count="1" type="stmt"/>
        <line num="423" count="1" type="stmt"/>
        <line num="425" count="1" type="stmt"/>
        <line num="427" count="1" type="cond" truecount="1" falsecount="1"/>
        <line num="428" count="1" type="stmt"/>
        <line num="431" count="1" type="stmt"/>
        <line num="435" count="0" type="cond" truecount="0" falsecount="2"/>
        <line num="438" count="0" type="stmt"/>
        <line num="439" count="0" type="stmt"/>
        <line num="441" count="1" type="stmt"/>
        <line num="445" count="90" type="stmt"/>
        <line num="446" count="90" type="stmt"/>
        <line num="447" count="90" type="stmt"/>
        <line num="448" count="90" type="stmt"/>
        <line num="450" count="90" type="cond" truecount="2" falsecount="0"/>
        <line num="451" count="70" type="stmt"/>
        <line num="461" count="20" type="stmt"/>
        <line num="639" count="40" type="stmt"/>
        <line num="645" count="4" type="stmt"/>
        <line num="752" count="1" type="stmt"/>
      </file>
      <file name="hotelDetails.tsx" path="D:\Repos\MISW4501-202611-ProyectoFinal-Grupo13\mobile\src\screens\hotelDetails.tsx">
        <metrics statements="51" coveredstatements="50" conditionals="34" coveredconditionals="33" methods="15" coveredmethods="14"/>
        <line num="18" count="1" type="stmt"/>
        <line num="24" count="1" type="stmt"/>
        <line num="32" count="58" type="stmt"/>
        <line num="33" count="58" type="stmt"/>
        <line num="34" count="58" type="stmt"/>
        <line num="36" count="58" type="stmt"/>
        <line num="37" count="58" type="stmt"/>
        <line num="38" count="58" type="stmt"/>
        <line num="39" count="58" type="cond" truecount="2" falsecount="0"/>
        <line num="41" count="58" type="cond" truecount="2" falsecount="0"/>
        <line num="42" count="58" type="cond" truecount="2" falsecount="0"/>
        <line num="44" count="58" type="stmt"/>
        <line num="45" count="192" type="stmt"/>
        <line num="48" count="58" type="cond" truecount="2" falsecount="0"/>
        <line num="50" count="58" type="stmt"/>
        <line num="51" count="4" type="cond" truecount="1" falsecount="1"/>
        <line num="52" count="4" type="stmt"/>
        <line num="53" count="4" type="stmt"/>
        <line num="54" count="4" type="stmt"/>
        <line num="56" count="4" type="stmt"/>
        <line num="57" count="15" type="stmt"/>
        <line num="59" count="4" type="cond" truecount="2" falsecount="0"/>
        <line num="60" count="2" type="stmt"/>
        <line num="62" count="4" type="stmt"/>
        <line num="63" count="4" type="stmt"/>
        <line num="64" count="3" type="stmt"/>
        <line num="66" count="4" type="stmt"/>
        <line num="69" count="58" type="stmt"/>
        <line num="83" count="58" type="stmt"/>
        <line num="84" count="187" type="stmt"/>
        <line num="85" count="187" type="stmt"/>
        <line num="86" count="594" type="cond" truecount="2" falsecount="0"/>
        <line num="87" count="186" type="stmt"/>
        <line num="90" count="1" type="stmt"/>
        <line num="93" count="58" type="stmt"/>
        <line num="94" count="2" type="stmt"/>
        <line num="106" count="58" type="stmt"/>
        <line num="107" count="232" type="stmt"/>
        <line num="109" count="0" type="stmt"/>
        <line num="119" count="58" type="stmt"/>
        <line num="120" count="100" type="cond" truecount="2" falsecount="0"/>
        <line num="121" count="100" type="cond" truecount="2" falsecount="0"/>
        <line num="123" count="100" type="stmt"/>
        <line num="145" count="2" type="stmt"/>
        <line num="153" count="58" type="stmt"/>
        <line num="157" count="1" type="stmt"/>
        <line num="182" count="232" type="stmt"/>
        <line num="217" count="187" type="stmt"/>
        <line num="218" count="187" type="stmt"/>
        <line num="233" count="100" type="cond" truecount="2" falsecount="0"/>
        <line num="249" count="1" type="stmt"/>
      </file>
      <file name="hotelResults.tsx" path="D:\Repos\MISW4501-202611-ProyectoFinal-Grupo13\mobile\src\screens\hotelResults.tsx">
        <metrics statements="70" coveredstatements="69" conditionals="61" coveredconditionals="58" methods="19" coveredmethods="19"/>
        <line num="24" count="150" type="stmt"/>
        <line num="25" count="150" type="stmt"/>
        <line num="26" count="150" type="stmt"/>
        <line num="27" count="150" type="stmt"/>
        <line num="28" count="150" type="stmt"/>
        <line num="30" count="150" type="stmt"/>
        <line num="31" count="150" type="stmt"/>
        <line num="32" count="150" type="stmt"/>
        <line num="33" count="150" type="cond" truecount="2" falsecount="0"/>
        <line num="35" count="150" type="stmt"/>
        <line num="36" count="49" type="stmt"/>
        <line num="39" count="150" type="stmt"/>
        <line num="40" count="50" type="stmt"/>
        <line num="41" count="50" type="stmt"/>
        <line num="43" count="50" type="stmt"/>
        <line num="50" count="50" type="cond" truecount="4" falsecount="0"/>
        <line num="52" count="45" type="stmt"/>
        <line num="53" count="63" type="cond" truecount="2" falsecount="0"/>
        <line num="54" count="96" type="stmt"/>
        <line num="55" count="96" type="cond" truecount="2" falsecount="0"/>
        <line num="56" count="63" type="cond" truecount="2" falsecount="0"/>
        <line num="57" count="63" type="stmt"/>
        <line num="60" count="45" type="stmt"/>
        <line num="61" count="23" type="cond" truecount="4" falsecount="0"/>
        <line num="62" count="5" type="cond" truecount="1" falsecount="1"/>
        <line num="63" count="5" type="cond" truecount="2" falsecount="0"/>
        <line num="64" count="4" type="stmt"/>
        <line num="66" count="45" type="stmt"/>
        <line num="68" count="5" type="cond" truecount="2" falsecount="0"/>
        <line num="70" count="50" type="stmt"/>
        <line num="73" count="150" type="stmt"/>
        <line num="74" count="150" type="stmt"/>
        <line num="75" count="150" type="stmt"/>
        <line num="76" count="150" type="stmt"/>
        <line num="77" count="150" type="stmt"/>
        <line num="80" count="150" type="stmt"/>
        <line num="81" count="1" type="cond" truecount="1" falsecount="1"/>
        <line num="82" count="1" type="stmt"/>
        <line num="83" count="1" type="stmt"/>
        <line num="84" count="1" type="stmt"/>
        <line num="86" count="1" type="stmt"/>
        <line num="87" count="4" type="stmt"/>
        <line num="89" count="1" type="cond" truecount="1" falsecount="1"/>
        <line num="90" count="1" type="stmt"/>
        <line num="92" count="1" type="stmt"/>
        <line num="93" count="1" type="stmt"/>
        <line num="94" count="0" type="stmt"/>
        <line num="96" count="1" type="stmt"/>
        <line num="99" count="150" type="stmt"/>
        <line num="100" count="112" type="stmt"/>
        <line num="109" count="112" type="stmt"/>
        <line num="118" count="112" type="cond" truecount="2" falsecount="0"/>
        <line num="119" count="112" type="cond" truecount="2" falsecount="0"/>
        <line num="121" count="112" type="stmt"/>
        <line num="129" count="150" type="stmt"/>
        <line num="130" count="151" type="stmt"/>
        <line num="133" count="150" type="stmt"/>
        <line num="134" count="2" type="stmt"/>
        <line num="146" count="150" type="stmt"/>
        <line num="147" count="63" type="cond" truecount="2" falsecount="0"/>
        <line num="148" count="63" type="cond" truecount="2" falsecount="0"/>
        <line num="149" count="63" type="cond" truecount="2" falsecount="0"/>
        <line num="150" count="63" type="cond" truecount="2" falsecount="0"/>
        <line num="152" count="63" type="stmt"/>
        <line num="178" count="112" type="stmt"/>
        <line num="193" count="2" type="stmt"/>
        <line num="203" count="150" type="stmt"/>
        <line num="207" count="1" type="stmt"/>
        <line num="265" count="105" type="stmt"/>
        <line num="274" count="1" type="stmt"/>
      </file>
      <file name="landing.tsx" path="D:\Repos\MISW4501-202611-ProyectoFinal-Grupo13\mobile\src\screens\landing.tsx">
        <metrics statements="35" coveredstatements="31" conditionals="2" coveredconditionals="2" methods="8" coveredmethods="6"/>
        <line num="11" count="1" type="stmt"/>
        <line num="14" count="19" type="stmt"/>
        <line num="15" count="19" type="stmt"/>
        <line num="16" count="19" type="stmt"/>
        <line num="18" count="19" type="stmt"/>
        <line num="19" count="13" type="stmt"/>
        <line num="22" count="19" type="stmt"/>
        <line num="23" count="13" type="stmt"/>
        <line num="24" count="13" type="stmt"/>
        <line num="25" count="12" type="cond" truecount="2" falsecount="0"/>
        <line num="26" count="2" type="stmt"/>
        <line num="27" count="2" type="stmt"/>
        <line num="39" count="19" type="stmt"/>
        <line num="40" count="4" type="stmt"/>
        <line num="41" count="4" type="stmt"/>
        <line num="47" count="19" type="stmt"/>
        <line num="48" count="0" type="stmt"/>
        <line num="49" count="0" type="stmt"/>
        <line num="50" count="0" type="stmt"/>
        <line num="53" count="19" type="stmt"/>
        <line num="54" count="0" type="stmt"/>
        <line num="57" count="19" type="stmt"/>
        <line num="58" count="8" type="stmt"/>
        <line num="59" count="8" type="stmt"/>
        <line num="60" count="8" type="stmt"/>
        <line num="61" count="8" type="stmt"/>
        <line num="64" count="19" type="stmt"/>
        <line num="65" count="4" type="stmt"/>
        <line num="66" count="4" type="stmt"/>
        <line num="67" count="4" type="stmt"/>
        <line num="69" count="4" type="stmt"/>
        <line num="76" count="4" type="stmt"/>
        <line num="81" count="4" type="stmt"/>
        <line num="84" count="19" type="stmt"/>
        <line num="138" count="1" type="stmt"/>
      </file>
      <file name="login.tsx" path="D:\Repos\MISW4501-202611-ProyectoFinal-Grupo13\mobile\src\screens\login.tsx">
        <metrics statements="87" coveredstatements="79" conditionals="62" coveredconditionals="57" methods="15" coveredmethods="10"/>
        <line num="23" count="213" type="stmt"/>
        <line num="24" count="213" type="stmt"/>
        <line num="25" count="213" type="stmt"/>
        <line num="27" count="213" type="stmt"/>
        <line num="28" count="35" type="stmt"/>
        <line num="31" count="213" type="stmt"/>
        <line num="32" count="35" type="stmt"/>
        <line num="33" count="35" type="stmt"/>
        <line num="34" count="35" type="cond" truecount="1" falsecount="1"/>
        <line num="35" count="0" type="stmt"/>
        <line num="38" count="0" type="stmt"/>
        <line num="40" count="35" type="stmt"/>
        <line num="43" count="213" type="stmt"/>
        <line num="44" count="213" type="stmt"/>
        <line num="45" count="213" type="stmt"/>
        <line num="48" count="213" type="stmt"/>
        <line num="49" count="213" type="stmt"/>
        <line num="50" count="213" type="stmt"/>
        <line num="51" count="213" type="stmt"/>
        <line num="54" count="213" type="stmt"/>
        <line num="55" count="213" type="stmt"/>
        <line num="56" count="213" type="stmt"/>
        <line num="57" count="213" type="stmt"/>
        <line num="58" count="213" type="stmt"/>
        <line num="59" count="213" type="stmt"/>
        <line num="61" count="213" type="stmt"/>
        <line num="62" count="13" type="cond" truecount="4" falsecount="0"/>
        <line num="63" count="6" type="stmt"/>
        <line num="64" count="6" type="stmt"/>
        <line num="67" count="7" type="stmt"/>
        <line num="68" count="7" type="stmt"/>
        <line num="70" count="7" type="stmt"/>
        <line num="71" count="7" type="stmt"/>
        <line num="73" count="6" type="cond" truecount="2" falsecount="0"/>
        <line num="74" count="4" type="stmt"/>
        <line num="76" count="2" type="cond" truecount="2" falsecount="0"/>
        <line num="79" count="1" type="stmt"/>
        <line num="81" count="7" type="stmt"/>
        <line num="85" count="213" type="stmt"/>
        <line num="89" count="213" type="stmt"/>
        <line num="90" count="0" type="stmt"/>
        <line num="91" count="0" type="stmt"/>
        <line num="92" count="0" type="stmt"/>
        <line num="95" count="213" type="stmt"/>
        <line num="96" count="10" type="cond" truecount="6" falsecount="0"/>
        <line num="97" count="1" type="stmt"/>
        <line num="98" count="1" type="stmt"/>
        <line num="101" count="9" type="cond" truecount="2" falsecount="0"/>
        <line num="102" count="1" type="stmt"/>
        <line num="103" count="1" type="stmt"/>
        <line num="106" count="8" type="cond" truecount="2" falsecount="0"/>
        <line num="107" count="1" type="stmt"/>
        <line num="108" count="1" type="stmt"/>
        <line num="111" count="7" type="stmt"/>
        <line num="112" count="7" type="stmt"/>
        <line num="113" count="7" type="stmt"/>
        <line num="115" count="7" type="stmt"/>
        <line num="116" count="7" type="stmt"/>
        <line num="123" count="6" type="cond" truecount="2" falsecount="0"/>
        <line num="124" count="4" type="stmt"/>
        <line num="126" count="4" type="stmt"/>
        <line num="127" count="4" type="stmt"/>
        <line num="128" count="4" type="stmt"/>
        <line num="129" count="4" type="stmt"/>
        <line num="131" count="4" type="stmt"/>
        <line num="132" count="1" type="stmt"/>
        <line num="133" count="1" type="stmt"/>
        <line num="136" count="2" type="cond" truecount="2" falsecount="0"/>
        <line num="139" count="1" type="stmt"/>
        <line num="141" count="7" type="stmt"/>
        <line num="145" count="213" type="stmt"/>
        <line num="146" count="16" type="stmt"/>
        <line num="147" count="16" type="stmt"/>
        <line num="148" count="16" type="stmt"/>
        <line num="149" count="16" type="stmt"/>
        <line num="150" count="16" type="stmt"/>
        <line num="151" count="16" type="stmt"/>
        <line num="154" count="213" type="cond" truecount="2" falsecount="0"/>
        <line num="155" count="35" type="stmt"/>
        <line num="164" count="178" type="stmt"/>
        <line num="192" count="1" type="stmt"/>
        <line num="201" count="15" type="stmt"/>
        <line num="246" count="0" type="stmt"/>
        <line num="261" count="1" type="stmt"/>
        <line num="341" count="0" type="stmt"/>
        <line num="367" count="0" type="stmt"/>
        <line num="424" count="1" type="stmt"/>
      </file>
      <file name="myReservationDetail.tsx" path="D:\Repos\MISW4501-202611-ProyectoFinal-Grupo13\mobile\src\screens\myReservationDetail.tsx">
        <metrics statements="61" coveredstatements="58" conditionals="66" coveredconditionals="45" methods="11" coveredmethods="8"/>
        <line num="69" count="12" type="stmt"/>
        <line num="70" count="12" type="stmt"/>
        <line num="71" count="12" type="stmt"/>
        <line num="72" count="12" type="stmt"/>
        <line num="74" count="12" type="stmt"/>
        <line num="75" count="6" type="stmt"/>
        <line num="78" count="12" type="stmt"/>
        <line num="79" count="6" type="stmt"/>
        <line num="80" count="6" type="stmt"/>
        <line num="82" count="6" type="cond" truecount="1" falsecount="1"/>
        <line num="83" count="6" type="cond" truecount="1" falsecount="1"/>
        <line num="84" count="6" type="stmt"/>
        <line num="85" count="6" type="stmt"/>
        <line num="86" count="6" type="stmt"/>
        <line num="88" count="6" type="cond" truecount="1" falsecount="1"/>
        <line num="90" count="6" type="cond" truecount="1" falsecount="1"/>
        <line num="91" count="6" type="cond" truecount="1" falsecount="1"/>
        <line num="92" count="6" type="cond" truecount="2" falsecount="0"/>
        <line num="94" count="6" type="stmt"/>
        <line num="123" count="6" type="stmt"/>
        <line num="125" count="0" type="stmt"/>
        <line num="127" count="6" type="stmt"/>
        <line num="131" count="12" type="stmt"/>
        <line num="132" count="12" type="cond" truecount="2" falsecount="0"/>
        <line num="133" count="10" type="stmt"/>
        <line num="134" count="10" type="stmt"/>
        <line num="135" count="10" type="stmt"/>
        <line num="136" count="10" type="cond" truecount="2" falsecount="2"/>
        <line num="138" count="10" type="stmt"/>
        <line num="144" count="10" type="cond" truecount="2" falsecount="0"/>
        <line num="145" count="1" type="stmt"/>
        <line num="147" count="9" type="stmt"/>
        <line num="150" count="12" type="stmt"/>
        <line num="151" count="1" type="stmt"/>
        <line num="154" count="12" type="stmt"/>
        <line num="158" count="12" type="stmt"/>
        <line num="162" count="12" type="stmt"/>
        <line num="166" count="12" type="stmt"/>
        <line num="167" count="1" type="cond" truecount="1" falsecount="1"/>
        <line num="168" count="1" type="stmt"/>
        <line num="172" count="12" type="stmt"/>
        <line num="173" count="1" type="cond" truecount="1" falsecount="1"/>
        <line num="174" count="1" type="stmt"/>
        <line num="178" count="12" type="stmt"/>
        <line num="179" count="6" type="stmt"/>
        <line num="180" count="6" type="stmt"/>
        <line num="181" count="6" type="stmt"/>
        <line num="183" count="6" type="stmt"/>
        <line num="184" count="24" type="stmt"/>
        <line num="188" count="6" type="cond" truecount="1" falsecount="1"/>
        <line num="189" count="6" type="stmt"/>
        <line num="193" count="6" type="cond" truecount="1" falsecount="1"/>
        <line num="194" count="6" type="stmt"/>
        <line num="195" count="0" type="stmt"/>
        <line num="204" count="6" type="stmt"/>
        <line num="207" count="12" type="cond" truecount="2" falsecount="0"/>
        <line num="208" count="6" type="stmt"/>
        <line num="218" count="6" type="cond" truecount="1" falsecount="1"/>
        <line num="219" count="0" type="stmt"/>
        <line num="232" count="6" type="stmt"/>
        <line num="428" count="1" type="stmt"/>
      </file>
      <file name="myReservations.tsx" path="D:\Repos\MISW4501-202611-ProyectoFinal-Grupo13\mobile\src\screens\myReservations.tsx">
        <metrics statements="188" coveredstatements="176" conditionals="115" coveredconditionals="101" methods="42" coveredmethods="39"/>
        <line num="55" count="248" type="stmt"/>
        <line num="56" count="248" type="stmt"/>
        <line num="57" count="248" type="stmt"/>
        <line num="58" count="248" type="stmt"/>
        <line num="59" count="248" type="stmt"/>
        <line num="60" count="248" type="stmt"/>
        <line num="61" count="248" type="stmt"/>
        <line num="62" count="248" type="stmt"/>
        <line num="63" count="248" type="stmt"/>
        <line num="64" count="248" type="stmt"/>
        <line num="65" count="248" type="stmt"/>
        <line num="67" count="248" type="stmt"/>
        <line num="68" count="51" type="stmt"/>
        <line num="69" count="51" type="stmt"/>
        <line num="71" count="51" type="cond" truecount="2" falsecount="0"/>
        <line num="72" count="3" type="stmt"/>
        <line num="73" count="3" type="stmt"/>
        <line num="74" count="3" type="stmt"/>
        <line num="77" count="48" type="stmt"/>
        <line num="80" count="48" type="cond" truecount="2" falsecount="0"/>
        <line num="81" count="48" type="cond" truecount="2" falsecount="0"/>
        <line num="82" count="48" type="cond" truecount="2" falsecount="0"/>
        <line num="89" count="48" type="stmt"/>
        <line num="95" count="47" type="cond" truecount="4" falsecount="0"/>
        <line num="96" count="4" type="stmt"/>
        <line num="97" count="4" type="stmt"/>
        <line num="98" count="4" type="stmt"/>
        <line num="101" count="43" type="stmt"/>
        <line num="103" count="43" type="stmt"/>
        <line num="104" count="43" type="stmt"/>
        <line num="105" count="43" type="stmt"/>
        <line num="106" count="43" type="stmt"/>
        <line num="108" count="84" type="stmt"/>
        <line num="109" count="84" type="stmt"/>
        <line num="110" count="84" type="stmt"/>
        <line num="111" count="84" type="stmt"/>
        <line num="113" count="43" type="stmt"/>
        <line num="114" count="46" type="stmt"/>
        <line num="124" count="43" type="stmt"/>
        <line num="125" count="4" type="stmt"/>
        <line num="128" count="43" type="stmt"/>
        <line num="130" count="1" type="stmt"/>
        <line num="131" count="1" type="stmt"/>
        <line num="133" count="51" type="stmt"/>
        <line num="134" count="51" type="stmt"/>
        <line num="138" count="248" type="stmt"/>
        <line num="139" count="49" type="stmt"/>
        <line num="142" count="248" type="stmt"/>
        <line num="150" count="46" type="stmt"/>
        <line num="151" count="46" type="stmt"/>
        <line num="152" count="46" type="stmt"/>
        <line num="154" count="46" type="stmt"/>
        <line num="155" count="46" type="stmt"/>
        <line num="156" count="46" type="stmt"/>
        <line num="157" count="46" type="stmt"/>
        <line num="158" count="46" type="stmt"/>
        <line num="160" count="46" type="cond" truecount="2" falsecount="0"/>
        <line num="162" count="46" type="cond" truecount="4" falsecount="0"/>
        <line num="163" count="42" type="stmt"/>
        <line num="164" count="42" type="stmt"/>
        <line num="165" count="42" type="cond" truecount="1" falsecount="1"/>
        <line num="166" count="42" type="cond" truecount="1" falsecount="1"/>
        <line num="168" count="42" type="stmt"/>
        <line num="169" count="42" type="cond" truecount="2" falsecount="0"/>
        <line num="170" count="41" type="cond" truecount="1" falsecount="1"/>
        <line num="171" count="41" type="stmt"/>
        <line num="175" count="46" type="cond" truecount="4" falsecount="0"/>
        <line num="176" count="4" type="stmt"/>
        <line num="179" count="46" type="stmt"/>
        <line num="180" count="46" type="stmt"/>
        <line num="182" count="46" type="stmt"/>
        <line num="205" count="0" type="stmt"/>
        <line num="206" count="0" type="stmt"/>
        <line num="210" count="248" type="stmt"/>
        <line num="214" count="0" type="stmt"/>
        <line num="215" count="0" type="stmt"/>
        <line num="217" count="0" type="stmt"/>
        <line num="241" count="248" type="stmt"/>
        <line num="246" count="62" type="cond" truecount="2" falsecount="0"/>
        <line num="247" count="46" type="stmt"/>
        <line num="248" count="46" type="stmt"/>
        <line num="249" count="46" type="stmt"/>
        <line num="251" count="46" type="cond" truecount="2" falsecount="0"/>
        <line num="252" count="3" type="stmt"/>
        <line num="255" count="43" type="cond" truecount="2" falsecount="0"/>
        <line num="256" count="2" type="stmt"/>
        <line num="259" count="41" type="cond" truecount="2" falsecount="0"/>
        <line num="260" count="11" type="stmt"/>
        <line num="263" count="30" type="stmt"/>
        <line num="266" count="248" type="stmt"/>
        <line num="267" count="49" type="stmt"/>
        <line num="274" count="248" type="stmt"/>
        <line num="275" count="46" type="stmt"/>
        <line num="276" count="46" type="stmt"/>
        <line num="277" count="46" type="stmt"/>
        <line num="278" count="46" type="stmt"/>
        <line num="279" count="46" type="cond" truecount="2" falsecount="0"/>
        <line num="282" count="248" type="stmt"/>
        <line num="283" count="92" type="stmt"/>
        <line num="286" count="248" type="stmt"/>
        <line num="287" count="178" type="cond" truecount="1" falsecount="1"/>
        <line num="288" count="178" type="stmt"/>
        <line num="289" count="178" type="cond" truecount="2" falsecount="2"/>
        <line num="290" count="178" type="stmt"/>
        <line num="297" count="248" type="stmt"/>
        <line num="298" count="248" type="stmt"/>
        <line num="299" count="149" type="cond" truecount="2" falsecount="0"/>
        <line num="300" count="142" type="stmt"/>
        <line num="304" count="7" type="cond" truecount="2" falsecount="0"/>
        <line num="305" count="4" type="stmt"/>
        <line num="307" count="3" type="cond" truecount="1" falsecount="1"/>
        <line num="308" count="3" type="stmt"/>
        <line num="310" count="0" type="stmt"/>
        <line num="314" count="248" type="stmt"/>
        <line num="315" count="0" type="stmt"/>
        <line num="316" count="0" type="stmt"/>
        <line num="319" count="248" type="stmt"/>
        <line num="320" count="1" type="stmt"/>
        <line num="323" count="248" type="stmt"/>
        <line num="324" count="1" type="stmt"/>
        <line num="350" count="248" type="stmt"/>
        <line num="351" count="1" type="stmt"/>
        <line num="373" count="248" type="stmt"/>
        <line num="374" count="3" type="stmt"/>
        <line num="375" count="3" type="stmt"/>
        <line num="378" count="3" type="stmt"/>
        <line num="384" count="2" type="cond" truecount="4" falsecount="0"/>
        <line num="385" count="1" type="cond" truecount="1" falsecount="1"/>
        <line num="386" count="1" type="stmt"/>
        <line num="389" count="1" type="stmt"/>
        <line num="414" count="1" type="stmt"/>
        <line num="415" count="1" type="stmt"/>
        <line num="417" count="3" type="stmt"/>
        <line num="421" count="248" type="stmt"/>
        <line num="422" count="1" type="stmt"/>
        <line num="423" count="1" type="stmt"/>
        <line num="424" count="3" type="stmt"/>
        <line num="427" count="1" type="cond" truecount="1" falsecount="1"/>
        <line num="428" count="1" type="stmt"/>
        <line num="431" count="1" type="stmt"/>
        <line num="434" count="0" type="stmt"/>
        <line num="438" count="248" type="stmt"/>
        <line num="439" count="89" type="stmt"/>
        <line num="440" count="89" type="stmt"/>
        <line num="441" count="89" type="stmt"/>
        <line num="443" count="89" type="stmt"/>
        <line num="444" count="329" type="stmt"/>
        <line num="448" count="89" type="cond" truecount="2" falsecount="0"/>
        <line num="449" count="81" type="stmt"/>
        <line num="453" count="89" type="cond" truecount="2" falsecount="0"/>
        <line num="454" count="89" type="stmt"/>
        <line num="455" count="35" type="stmt"/>
        <line num="464" count="89" type="stmt"/>
        <line num="467" count="248" type="stmt"/>
        <line num="468" count="89" type="cond" truecount="4" falsecount="0"/>
        <line num="470" count="60" type="stmt"/>
        <line num="472" count="25" type="stmt"/>
        <line num="474" count="2" type="stmt"/>
        <line num="476" count="2" type="stmt"/>
        <line num="480" count="248" type="stmt"/>
        <line num="481" count="89" type="cond" truecount="4" falsecount="1"/>
        <line num="483" count="60" type="stmt"/>
        <line num="485" count="25" type="stmt"/>
        <line num="487" count="2" type="stmt"/>
        <line num="489" count="2" type="stmt"/>
        <line num="491" count="0" type="stmt"/>
        <line num="495" count="248" type="stmt"/>
        <line num="496" count="89" type="stmt"/>
        <line num="497" count="89" type="cond" truecount="1" falsecount="1"/>
        <line num="498" count="89" type="stmt"/>
        <line num="502" count="89" type="cond" truecount="1" falsecount="1"/>
        <line num="503" count="0" type="stmt"/>
        <line num="507" count="89" type="stmt"/>
        <line num="510" count="248" type="stmt"/>
        <line num="511" count="89" type="stmt"/>
        <line num="513" count="89" type="stmt"/>
        <line num="568" count="3" type="stmt"/>
        <line num="576" count="1" type="stmt"/>
        <line num="587" count="1" type="stmt"/>
        <line num="595" count="1" type="stmt"/>
        <line num="608" count="248" type="stmt"/>
        <line num="610" count="248" type="cond" truecount="2" falsecount="0"/>
        <line num="611" count="139" type="stmt"/>
        <line num="621" count="109" type="stmt"/>
        <line num="636" count="0" type="stmt"/>
        <line num="649" count="3" type="stmt"/>
        <line num="662" count="2" type="stmt"/>
        <line num="709" count="1" type="stmt"/>
      </file>
      <file name="payment.tsx" path="D:\Repos\MISW4501-202611-ProyectoFinal-Grupo13\mobile\src\screens\payment.tsx">
        <metrics statements="162" coveredstatements="147" conditionals="158" coveredconditionals="121" methods="24" coveredmethods="23"/>
        <line num="46" count="200" type="stmt"/>
        <line num="47" count="200" type="stmt"/>
        <line num="48" count="200" type="stmt"/>
        <line num="50" count="200" type="stmt"/>
        <line num="51" count="3400" type="stmt"/>
        <line num="52" count="3400" type="cond" truecount="5" falsecount="1"/>
        <line num="55" count="200" type="cond" truecount="1" falsecount="1"/>
        <line num="56" count="200" type="cond" truecount="1" falsecount="1"/>
        <line num="57" count="200" type="stmt"/>
        <line num="58" count="200" type="stmt"/>
        <line num="59" count="200" type="cond" truecount="2" falsecount="0"/>
        <line num="60" count="200" type="cond" truecount="2" falsecount="0"/>
        <line num="61" count="200" type="stmt"/>
        <line num="62" count="200" type="stmt"/>
        <line num="63" count="200" type="stmt"/>
        <line num="64" count="200" type="stmt"/>
        <line num="65" count="200" type="stmt"/>
        <line num="66" count="200" type="cond" truecount="1" falsecount="1"/>
        <line num="67" count="200" type="cond" truecount="1" falsecount="1"/>
        <line num="68" count="200" type="stmt"/>
        <line num="69" count="200" type="stmt"/>
        <line num="70" count="200" type="cond" truecount="2" falsecount="0"/>
        <line num="71" count="200" type="cond" truecount="2" falsecount="0"/>
        <line num="73" count="200" type="stmt"/>
        <line num="74" count="200" type="stmt"/>
        <line num="75" count="200" type="stmt"/>
        <line num="76" count="200" type="stmt"/>
        <line num="77" count="200" type="stmt"/>
        <line num="78" count="200" type="stmt"/>
        <line num="79" count="200" type="stmt"/>
        <line num="80" count="200" type="stmt"/>
        <line num="81" count="200" type="stmt"/>
        <line num="83" count="200" type="stmt"/>
        <line num="84" count="24" type="stmt"/>
        <line num="85" count="24" type="stmt"/>
        <line num="86" count="24" type="cond" truecount="1" falsecount="1"/>
        <line num="89" count="200" type="stmt"/>
        <line num="90" count="24" type="stmt"/>
        <line num="91" count="24" type="cond" truecount="2" falsecount="0"/>
        <line num="92" count="23" type="stmt"/>
        <line num="94" count="1" type="stmt"/>
        <line num="97" count="200" type="stmt"/>
        <line num="98" count="24" type="stmt"/>
        <line num="101" count="200" type="stmt"/>
        <line num="102" count="24" type="stmt"/>
        <line num="105" count="200" type="stmt"/>
        <line num="106" count="23" type="stmt"/>
        <line num="109" count="200" type="stmt"/>
        <line num="110" count="200" type="cond" truecount="2" falsecount="0"/>
        <line num="111" count="199" type="stmt"/>
        <line num="112" count="199" type="stmt"/>
        <line num="113" count="199" type="stmt"/>
        <line num="121" count="200" type="stmt"/>
        <line num="122" count="200" type="stmt"/>
        <line num="123" count="200" type="stmt"/>
        <line num="124" count="200" type="stmt"/>
        <line num="125" count="200" type="stmt"/>
        <line num="126" count="200" type="stmt"/>
        <line num="128" count="200" type="cond" truecount="2" falsecount="0"/>
        <line num="129" count="199" type="cond" truecount="2" falsecount="0"/>
        <line num="130" count="198" type="cond" truecount="2" falsecount="0"/>
        <line num="131" count="197" type="stmt"/>
        <line num="134" count="200" type="stmt"/>
        <line num="135" count="200" type="stmt"/>
        <line num="137" count="200" type="stmt"/>
        <line num="138" count="22" type="cond" truecount="2" falsecount="0"/>
        <line num="139" count="21" type="stmt"/>
        <line num="140" count="21" type="cond" truecount="4" falsecount="0"/>
        <line num="141" count="1" type="stmt"/>
        <line num="142" count="1" type="stmt"/>
        <line num="145" count="20" type="stmt"/>
        <line num="146" count="20" type="cond" truecount="6" falsecount="0"/>
        <line num="147" count="1" type="stmt"/>
        <line num="148" count="1" type="stmt"/>
        <line num="151" count="19" type="cond" truecount="2" falsecount="0"/>
        <line num="152" count="1" type="stmt"/>
        <line num="153" count="1" type="stmt"/>
        <line num="156" count="18" type="cond" truecount="2" falsecount="0"/>
        <line num="157" count="1" type="stmt"/>
        <line num="158" count="1" type="stmt"/>
        <line num="162" count="18" type="cond" truecount="2" falsecount="0"/>
        <line num="163" count="1" type="stmt"/>
        <line num="164" count="1" type="stmt"/>
        <line num="167" count="17" type="stmt"/>
        <line num="170" count="200" type="stmt"/>
        <line num="171" count="28" type="stmt"/>
        <line num="174" count="200" type="stmt"/>
        <line num="175" count="12" type="stmt"/>
        <line num="176" count="12" type="stmt"/>
        <line num="177" count="12" type="cond" truecount="2" falsecount="0"/>
        <line num="178" count="4" type="cond" truecount="2" falsecount="0"/>
        <line num="179" count="3" type="cond" truecount="2" falsecount="0"/>
        <line num="180" count="2" type="cond" truecount="4" falsecount="0"/>
        <line num="181" count="1" type="stmt"/>
        <line num="184" count="200" type="stmt"/>
        <line num="185" count="14" type="stmt"/>
        <line num="186" count="17" type="stmt"/>
        <line num="192" count="14" type="stmt"/>
        <line num="193" count="17" type="cond" truecount="1" falsecount="1"/>
        <line num="194" count="17" type="stmt"/>
        <line num="201" count="14" type="cond" truecount="2" falsecount="1"/>
        <line num="204" count="200" type="stmt"/>
        <line num="205" count="22" type="cond" truecount="2" falsecount="0"/>
        <line num="207" count="17" type="stmt"/>
        <line num="208" count="17" type="stmt"/>
        <line num="210" count="17" type="stmt"/>
        <line num="211" count="17" type="stmt"/>
        <line num="212" count="16" type="cond" truecount="4" falsecount="0"/>
        <line num="213" count="1" type="stmt"/>
        <line num="217" count="15" type="cond" truecount="2" falsecount="2"/>
        <line num="219" count="0" type="stmt"/>
        <line num="220" count="0" type="stmt"/>
        <line num="225" count="0" type="stmt"/>
        <line num="233" count="0" type="stmt"/>
        <line num="240" count="0" type="cond" truecount="0" falsecount="2"/>
        <line num="241" count="0" type="stmt"/>
        <line num="248" count="0" type="stmt"/>
        <line num="252" count="0" type="stmt"/>
        <line num="253" count="0" type="stmt"/>
        <line num="254" count="0" type="stmt"/>
        <line num="255" count="0" type="stmt"/>
        <line num="256" count="0" type="stmt"/>
        <line num="257" count="0" type="stmt"/>
        <line num="259" count="0" type="stmt"/>
        <line num="281" count="0" type="stmt"/>
        <line num="285" count="15" type="stmt"/>
        <line num="286" count="15" type="stmt"/>
        <line num="287" count="15" type="cond" truecount="4" falsecount="1"/>
        <line num="288" count="15" type="stmt"/>
        <line num="289" count="15" type="stmt"/>
        <line num="291" count="15" type="cond" truecount="2" falsecount="0"/>
        <line num="292" count="14" type="stmt"/>
        <line num="296" count="15" type="cond" truecount="2" falsecount="0"/>
        <line num="297" count="1" type="stmt"/>
        <line num="300" count="14" type="stmt"/>
        <line num="312" count="14" type="cond" truecount="4" falsecount="0"/>
        <line num="313" count="13" type="cond" truecount="2" falsecount="0"/>
        <line num="314" count="12" type="stmt"/>
        <line num="315" count="12" type="cond" truecount="2" falsecount="0"/>
        <line num="316" count="1" type="stmt"/>
        <line num="323" count="1" type="stmt"/>
        <line num="327" count="11" type="stmt"/>
        <line num="332" count="12" type="stmt"/>
        <line num="333" count="12" type="stmt"/>
        <line num="334" count="12" type="stmt"/>
        <line num="335" count="12" type="stmt"/>
        <line num="336" count="12" type="stmt"/>
        <line num="337" count="12" type="stmt"/>
        <line num="338" count="12" type="stmt"/>
        <line num="339" count="12" type="stmt"/>
        <line num="341" count="12" type="stmt"/>
        <line num="362" count="1" type="stmt"/>
        <line num="371" count="3" type="stmt"/>
        <line num="381" count="200" type="stmt"/>
        <line num="382" count="1" type="stmt"/>
        <line num="385" count="200" type="stmt"/>
        <line num="391" count="600" type="stmt"/>
        <line num="396" count="5" type="stmt"/>
        <line num="425" count="200" type="stmt"/>
        <line num="547" count="2" type="stmt"/>
        <line num="616" count="22" type="stmt"/>
        <line num="664" count="1" type="stmt"/>
      </file>
      <file name="paymentResult.tsx" path="D:\Repos\MISW4501-202611-ProyectoFinal-Grupo13\mobile\src\screens\paymentResult.tsx">
        <metrics statements="53" coveredstatements="53" conditionals="42" coveredconditionals="41" methods="10" coveredmethods="10"/>
        <line num="17" count="72" type="stmt"/>
        <line num="18" count="72" type="stmt"/>
        <line num="19" count="72" type="stmt"/>
        <line num="21" count="72" type="stmt"/>
        <line num="22" count="1152" type="stmt"/>
        <line num="23" count="1152" type="cond" truecount="5" falsecount="1"/>
        <line num="26" count="72" type="stmt"/>
        <line num="27" count="72" type="stmt"/>
        <line num="28" count="72" type="stmt"/>
        <line num="29" count="72" type="cond" truecount="2" falsecount="0"/>
        <line num="30" count="72" type="cond" truecount="2" falsecount="0"/>
        <line num="31" count="72" type="stmt"/>
        <line num="32" count="72" type="stmt"/>
        <line num="33" count="72" type="stmt"/>
        <line num="34" count="72" type="cond" truecount="2" falsecount="0"/>
        <line num="35" count="72" type="cond" truecount="2" falsecount="0"/>
        <line num="36" count="72" type="stmt"/>
        <line num="37" count="72" type="stmt"/>
        <line num="38" count="72" type="stmt"/>
        <line num="39" count="72" type="stmt"/>
        <line num="40" count="72" type="cond" truecount="2" falsecount="0"/>
        <line num="41" count="72" type="stmt"/>
        <line num="43" count="72" type="stmt"/>
        <line num="44" count="118" type="cond" truecount="2" falsecount="0"/>
        <line num="45" count="116" type="stmt"/>
        <line num="46" count="116" type="stmt"/>
        <line num="53" count="72" type="stmt"/>
        <line num="54" count="62" type="cond" truecount="2" falsecount="0"/>
        <line num="55" count="61" type="stmt"/>
        <line num="58" count="72" type="stmt"/>
        <line num="59" count="3" type="stmt"/>
        <line num="60" count="3" type="stmt"/>
        <line num="61" count="3" type="stmt"/>
        <line num="62" count="3" type="stmt"/>
        <line num="65" count="72" type="stmt"/>
        <line num="66" count="2" type="stmt"/>
        <line num="69" count="72" type="stmt"/>
        <line num="70" count="1" type="stmt"/>
        <line num="73" count="72" type="stmt"/>
        <line num="74" count="1" type="stmt"/>
        <line num="77" count="72" type="stmt"/>
        <line num="78" count="59" type="stmt"/>
        <line num="79" count="59" type="stmt"/>
        <line num="80" count="59" type="stmt"/>
        <line num="82" count="59" type="stmt"/>
        <line num="83" count="235" type="stmt"/>
        <line num="85" count="59" type="cond" truecount="2" falsecount="0"/>
        <line num="86" count="57" type="stmt"/>
        <line num="88" count="59" type="stmt"/>
        <line num="91" count="72" type="cond" truecount="2" falsecount="0"/>
        <line num="92" count="59" type="stmt"/>
        <line num="288" count="13" type="stmt"/>
        <line num="341" count="1" type="stmt"/>
      </file>
    </package>
    <package name="src.services.authService">
      <metrics statements="17" coveredstatements="17" conditionals="2" coveredconditionals="2" methods="1" coveredmethods="1"/>
      <file name="AuthService.ts" path="D:\Repos\MISW4501-202611-ProyectoFinal-Grupo13\mobile\src\services\authService\AuthService.ts">
        <metrics statements="17" coveredstatements="17" conditionals="2" coveredconditionals="2" methods="1" coveredmethods="1"/>
        <line num="9" count="2" type="stmt"/>
        <line num="11" count="9" type="stmt"/>
        <line num="12" count="9" type="stmt"/>
        <line num="14" count="9" type="stmt"/>
        <line num="18" count="9" type="stmt"/>
        <line num="23" count="7" type="cond" truecount="2" falsecount="0"/>
        <line num="24" count="5" type="stmt"/>
        <line num="25" count="5" type="stmt"/>
        <line num="27" count="5" type="stmt"/>
        <line num="29" count="5" type="stmt"/>
        <line num="42" count="5" type="stmt"/>
        <line num="44" count="5" type="stmt"/>
        <line num="50" count="2" type="stmt"/>
        <line num="52" count="2" type="stmt"/>
        <line num="60" count="2" type="stmt"/>
        <line num="61" count="2" type="stmt"/>
        <line num="62" count="2" type="stmt"/>
      </file>
    </package>
    <package name="src.services.authService.models">
      <metrics statements="0" coveredstatements="0" conditionals="0" coveredconditionals="0" methods="0" coveredmethods="0"/>
      <file name="AuthError.ts" path="D:\Repos\MISW4501-202611-ProyectoFinal-Grupo13\mobile\src\services\authService\models\AuthError.ts">
        <metrics statements="0" coveredstatements="0" conditionals="0" coveredconditionals="0" methods="0" coveredmethods="0"/>
      </file>
      <file name="AuthResponse.ts" path="D:\Repos\MISW4501-202611-ProyectoFinal-Grupo13\mobile\src\services\authService\models\AuthResponse.ts">
        <metrics statements="0" coveredstatements="0" conditionals="0" coveredconditionals="0" methods="0" coveredmethods="0"/>
      </file>
      <file name="AuthResult.ts" path="D:\Repos\MISW4501-202611-ProyectoFinal-Grupo13\mobile\src\services\authService\models\AuthResult.ts">
        <metrics statements="0" coveredstatements="0" conditionals="0" coveredconditionals="0" methods="0" coveredmethods="0"/>
      </file>
    </package>
    <package name="src.services.bookingService">
      <metrics statements="119" coveredstatements="119" conditionals="68" coveredconditionals="68" methods="15" coveredmethods="15"/>
      <file name="bookingService.ts" path="D:\Repos\MISW4501-202611-ProyectoFinal-Grupo13\mobile\src\services\bookingService\bookingService.ts">
        <metrics statements="119" coveredstatements="119" conditionals="68" coveredconditionals="68" methods="15" coveredmethods="15"/>
        <line num="111" count="3" type="stmt"/>
        <line num="116" count="7" type="stmt"/>
        <line num="117" count="7" type="stmt"/>
        <line num="118" count="7" type="stmt"/>
        <line num="120" count="4" type="cond" truecount="4" falsecount="0"/>
        <line num="121" count="2" type="stmt"/>
        <line num="127" count="2" type="stmt"/>
        <line num="135" count="3" type="stmt"/>
        <line num="136" count="3" type="stmt"/>
        <line num="147" count="5" type="stmt"/>
        <line num="148" count="5" type="stmt"/>
        <line num="149" count="5" type="stmt"/>
        <line num="150" count="2" type="stmt"/>
        <line num="152" count="3" type="stmt"/>
        <line num="153" count="3" type="stmt"/>
        <line num="163" count="10" type="stmt"/>
        <line num="164" count="10" type="stmt"/>
        <line num="165" count="10" type="stmt"/>
        <line num="167" count="8" type="cond" truecount="2" falsecount="0"/>
        <line num="168" count="2" type="stmt"/>
        <line num="174" count="1" type="stmt"/>
        <line num="182" count="7" type="stmt"/>
        <line num="183" count="7" type="stmt"/>
        <line num="193" count="5" type="stmt"/>
        <line num="194" count="5" type="stmt"/>
        <line num="195" count="5" type="stmt"/>
        <line num="197" count="3" type="cond" truecount="2" falsecount="0"/>
        <line num="198" count="1" type="stmt"/>
        <line num="204" count="2" type="stmt"/>
        <line num="212" count="2" type="stmt"/>
        <line num="213" count="2" type="stmt"/>
        <line num="223" count="10" type="stmt"/>
        <line num="224" count="10" type="stmt"/>
        <line num="225" count="10" type="stmt"/>
        <line num="227" count="8" type="cond" truecount="2" falsecount="0"/>
        <line num="228" count="2" type="stmt"/>
        <line num="234" count="1" type="stmt"/>
        <line num="242" count="7" type="stmt"/>
        <line num="243" count="7" type="stmt"/>
        <line num="253" count="4" type="stmt"/>
        <line num="254" count="4" type="stmt"/>
        <line num="255" count="4" type="stmt"/>
        <line num="257" count="2" type="cond" truecount="2" falsecount="0"/>
        <line num="258" count="1" type="stmt"/>
        <line num="264" count="1" type="stmt"/>
        <line num="272" count="2" type="stmt"/>
        <line num="273" count="2" type="stmt"/>
        <line num="283" count="3" type="stmt"/>
        <line num="284" count="3" type="stmt"/>
        <line num="285" count="3" type="stmt"/>
        <line num="287" count="2" type="cond" truecount="2" falsecount="0"/>
        <line num="288" count="1" type="stmt"/>
        <line num="294" count="1" type="stmt"/>
        <line num="302" count="1" type="stmt"/>
        <line num="303" count="1" type="stmt"/>
        <line num="313" count="9" type="stmt"/>
        <line num="314" count="9" type="stmt"/>
        <line num="315" count="9" type="stmt"/>
        <line num="317" count="7" type="cond" truecount="2" falsecount="0"/>
        <line num="318" count="1" type="stmt"/>
        <line num="324" count="1" type="stmt"/>
        <line num="332" count="7" type="stmt"/>
        <line num="333" count="7" type="stmt"/>
        <line num="345" count="9" type="stmt"/>
        <line num="346" count="9" type="stmt"/>
        <line num="347" count="9" type="stmt"/>
        <line num="349" count="6" type="cond" truecount="4" falsecount="0"/>
        <line num="350" count="4" type="stmt"/>
        <line num="356" count="2" type="stmt"/>
        <line num="364" count="3" type="stmt"/>
        <line num="365" count="3" type="stmt"/>
        <line num="378" count="10" type="stmt"/>
        <line num="379" count="10" type="stmt"/>
        <line num="380" count="10" type="stmt"/>
        <line num="382" count="6" type="cond" truecount="4" falsecount="0"/>
        <line num="383" count="4" type="stmt"/>
        <line num="389" count="2" type="stmt"/>
        <line num="397" count="4" type="stmt"/>
        <line num="398" count="4" type="stmt"/>
        <line num="411" count="3" type="stmt"/>
        <line num="412" count="3" type="stmt"/>
        <line num="413" count="3" type="stmt"/>
        <line num="415" count="2" type="cond" truecount="2" falsecount="0"/>
        <line num="416" count="1" type="stmt"/>
        <line num="422" count="1" type="stmt"/>
        <line num="430" count="1" type="stmt"/>
        <line num="431" count="1" type="stmt"/>
        <line num="443" count="3" type="stmt"/>
        <line num="444" count="3" type="stmt"/>
        <line num="445" count="3" type="stmt"/>
        <line num="447" count="2" type="cond" truecount="2" falsecount="0"/>
        <line num="448" count="1" type="stmt"/>
        <line num="454" count="1" type="stmt"/>
        <line num="462" count="1" type="stmt"/>
        <line num="463" count="1" type="stmt"/>
        <line num="475" count="4" type="stmt"/>
        <line num="476" count="4" type="stmt"/>
        <line num="477" count="4" type="stmt"/>
        <line num="479" count="2" type="cond" truecount="2" falsecount="0"/>
        <line num="480" count="1" type="stmt"/>
        <line num="486" count="1" type="stmt"/>
        <line num="494" count="2" type="stmt"/>
        <line num="495" count="2" type="stmt"/>
        <line num="507" count="3" type="stmt"/>
        <line num="508" count="3" type="stmt"/>
        <line num="509" count="3" type="stmt"/>
        <line num="511" count="2" type="cond" truecount="2" falsecount="0"/>
        <line num="512" count="1" type="stmt"/>
        <line num="518" count="1" type="stmt"/>
        <line num="526" count="1" type="stmt"/>
        <line num="527" count="1" type="stmt"/>
        <line num="540" count="4" type="stmt"/>
        <line num="541" count="4" type="stmt"/>
        <line num="542" count="4" type="stmt"/>
        <line num="544" count="2" type="cond" truecount="2" falsecount="0"/>
        <line num="545" count="1" type="stmt"/>
        <line num="551" count="1" type="stmt"/>
        <line num="559" count="2" type="stmt"/>
        <line num="560" count="2" type="stmt"/>
      </file>
    </package>
    <package name="src.services.hotelService">
      <metrics statements="17" coveredstatements="17" conditionals="10" coveredconditionals="10" methods="2" coveredmethods="2"/>
      <file name="hotelService.ts" path="D:\Repos\MISW4501-202611-ProyectoFinal-Grupo13\mobile\src\services\hotelService\hotelService.ts">
        <metrics statements="17" coveredstatements="17" conditionals="10" coveredconditionals="10" methods="2" coveredmethods="2"/>
        <line num="38" count="1" type="stmt"/>
        <line num="40" count="8" type="stmt"/>
        <line num="41" count="8" type="stmt"/>
        <line num="43" count="8" type="stmt"/>
        <line num="45" count="5" type="cond" truecount="2" falsecount="0"/>
        <line num="46" count="3" type="stmt"/>
        <line num="52" count="2" type="stmt"/>
        <line num="60" count="3" type="stmt"/>
        <line num="61" count="3" type="stmt"/>
        <line num="71" count="7" type="stmt"/>
        <line num="72" count="7" type="stmt"/>
        <line num="74" count="7" type="stmt"/>
        <line num="76" count="5" type="cond" truecount="2" falsecount="0"/>
        <line num="77" count="2" type="stmt"/>
        <line num="83" count="3" type="stmt"/>
        <line num="91" count="2" type="stmt"/>
        <line num="92" count="2" type="stmt"/>
      </file>
    </package>
    <package name="src.services.userService">
      <metrics statements="21" coveredstatements="21" conditionals="10" coveredconditionals="10" methods="2" coveredmethods="2"/>
      <file name="GetUserByTokenService.tsx" path="D:\Repos\MISW4501-202611-ProyectoFinal-Grupo13\mobile\src\services\userService\GetUserByTokenService.tsx">
        <metrics statements="11" coveredstatements="11" conditionals="6" coveredconditionals="6" methods="1" coveredmethods="1"/>
        <line num="5" count="1" type="stmt"/>
        <line num="7" count="9" type="stmt"/>
        <line num="8" count="9" type="stmt"/>
        <line num="9" count="9" type="stmt"/>
        <line num="11" count="4" type="cond" truecount="2" falsecount="0"/>
        <line num="12" count="2" type="stmt"/>
        <line num="17" count="2" type="stmt"/>
        <line num="22" count="5" type="stmt"/>
        <line num="24" count="5" type="cond" truecount="2" falsecount="0"/>
        <line num="25" count="1" type="stmt"/>
        <line num="35" count="4" type="stmt"/>
      </file>
      <file name="RegisterService.ts" path="D:\Repos\MISW4501-202611-ProyectoFinal-Grupo13\mobile\src\services\userService\RegisterService.ts">
        <metrics statements="10" coveredstatements="10" conditionals="4" coveredconditionals="4" methods="1" coveredmethods="1"/>
        <line num="25" count="2" type="stmt"/>
        <line num="27" count="9" type="stmt"/>
        <line num="28" count="9" type="stmt"/>
        <line num="32" count="9" type="stmt"/>
        <line num="39" count="5" type="cond" truecount="2" falsecount="0"/>
        <line num="40" count="3" type="stmt"/>
        <line num="46" count="2" type="stmt"/>
        <line num="54" count="4" type="stmt"/>
        <line num="56" count="4" type="cond" truecount="2" falsecount="0"/>
        <line num="58" count="4" type="stmt"/>
      </file>
    </package>
    <package name="src.store">
      <metrics statements="40" coveredstatements="25" conditionals="23" coveredconditionals="11" methods="16" coveredmethods="10"/>
      <file name="staticDataStore.ts" path="D:\Repos\MISW4501-202611-ProyectoFinal-Grupo13\mobile\src\store\staticDataStore.ts">
        <metrics statements="35" coveredstatements="20" conditionals="23" coveredconditionals="11" methods="11" coveredmethods="5"/>
        <line num="10" count="2" type="stmt"/>
        <line num="11" count="2" type="stmt"/>
        <line num="31" count="2" type="stmt"/>
        <line num="33" count="2" type="stmt"/>
        <line num="41" count="0" type="stmt"/>
        <line num="42" count="0" type="stmt"/>
        <line num="43" count="0" type="stmt"/>
        <line num="44" count="0" type="stmt"/>
        <line num="45" count="0" type="stmt"/>
        <line num="48" count="0" type="stmt"/>
        <line num="57" count="5" type="stmt"/>
        <line num="58" count="5" type="cond" truecount="2" falsecount="0"/>
        <line num="59" count="4" type="cond" truecount="2" falsecount="3"/>
        <line num="60" count="0" type="stmt"/>
        <line num="61" count="0" type="stmt"/>
        <line num="65" count="5" type="stmt"/>
        <line num="67" count="5" type="cond" truecount="1" falsecount="1"/>
        <line num="68" count="0" type="stmt"/>
        <line num="69" count="0" type="stmt"/>
        <line num="72" count="5" type="stmt"/>
        <line num="74" count="5" type="stmt"/>
        <line num="75" count="5" type="stmt"/>
        <line num="81" count="5" type="cond" truecount="2" falsecount="2"/>
        <line num="82" count="0" type="stmt"/>
        <line num="85" count="5" type="cond" truecount="2" falsecount="2"/>
        <line num="86" count="0" type="stmt"/>
        <line num="89" count="5" type="cond" truecount="2" falsecount="2"/>
        <line num="90" count="0" type="stmt"/>
        <line num="93" count="5" type="stmt"/>
        <line num="94" count="5" type="stmt"/>
        <line num="96" count="0" type="stmt"/>
        <line num="97" count="0" type="cond" truecount="0" falsecount="2"/>
        <line num="99" count="5" type="stmt"/>
        <line num="105" count="2" type="stmt"/>
        <line num="106" count="15" type="stmt"/>
      </file>
      <file name="userStore.ts" path="D:\Repos\MISW4501-202611-ProyectoFinal-Grupo13\mobile\src\store\userStore.ts">
        <metrics statements="5" coveredstatements="5" conditionals="0" coveredconditionals="0" methods="5" coveredmethods="5"/>
        <line num="15" count="3" type="stmt"/>
        <line num="19" count="5" type="stmt"/>
        <line num="20" count="3" type="stmt"/>
        <line num="21" count="2" type="stmt"/>
        <line num="22" count="3" type="stmt"/>
      </file>
    </package>
    <package name="src.utils">
      <metrics statements="106" coveredstatements="94" conditionals="54" coveredconditionals="43" methods="11" coveredmethods="7"/>
      <file name="api.ts" path="D:\Repos\MISW4501-202611-ProyectoFinal-Grupo13\mobile\src\utils\api.ts">
        <metrics statements="106" coveredstatements="94" conditionals="54" coveredconditionals="43" methods="11" coveredmethods="7"/>
        <line num="7" count="36" type="stmt"/>
        <line num="8" count="36" type="cond" truecount="2" falsecount="0"/>
        <line num="11" count="36" type="cond" truecount="1" falsecount="1"/>
        <line num="12" count="36" type="stmt"/>
        <line num="15" count="0" type="stmt"/>
        <line num="20" count="36" type="stmt"/>
        <line num="22" count="36" type="stmt"/>
        <line num="26" count="36" type="stmt"/>
        <line num="32" count="3" type="cond" truecount="2" falsecount="0"/>
        <line num="37" count="36" type="stmt"/>
        <line num="38" count="36" type="stmt"/>
        <line num="40" count="36" type="stmt"/>
        <line num="41" count="0" type="stmt"/>
        <line num="44" count="36" type="stmt"/>
        <line num="45" count="2" type="stmt"/>
        <line num="46" count="2" type="stmt"/>
        <line num="49" count="36" type="stmt"/>
        <line num="51" count="8" type="stmt"/>
        <line num="52" count="8" type="stmt"/>
        <line num="54" count="7" type="cond" truecount="2" falsecount="0"/>
        <line num="55" count="2" type="stmt"/>
        <line num="56" count="2" type="cond" truecount="2" falsecount="0"/>
        <line num="59" count="7" type="stmt"/>
        <line num="62" count="7" type="cond" truecount="1" falsecount="1"/>
        <line num="63" count="7" type="stmt"/>
        <line num="64" count="7" type="stmt"/>
        <line num="65" count="7" type="cond" truecount="2" falsecount="0"/>
        <line num="66" count="1" type="stmt"/>
        <line num="68" count="7" type="cond" truecount="2" falsecount="0"/>
        <line num="69" count="1" type="stmt"/>
        <line num="72" count="1" type="stmt"/>
        <line num="75" count="8" type="stmt"/>
        <line num="78" count="1" type="stmt"/>
        <line num="83" count="36" type="stmt"/>
        <line num="86" count="3" type="stmt"/>
        <line num="89" count="3" type="cond" truecount="1" falsecount="1"/>
        <line num="90" count="3" type="stmt"/>
        <line num="93" count="3" type="cond" truecount="2" falsecount="0"/>
        <line num="96" count="3" type="stmt"/>
        <line num="99" count="12" type="stmt"/>
        <line num="100" count="12" type="cond" truecount="1" falsecount="1"/>
        <line num="101" count="12" type="cond" truecount="1" falsecount="1"/>
        <line num="104" count="12" type="cond" truecount="2" falsecount="0"/>
        <line num="105" count="1" type="stmt"/>
        <line num="108" count="1" type="stmt"/>
        <line num="114" count="1" type="stmt"/>
        <line num="118" count="11" type="stmt"/>
        <line num="121" count="11" type="cond" truecount="1" falsecount="1"/>
        <line num="122" count="11" type="stmt"/>
        <line num="124" count="11" type="cond" truecount="1" falsecount="1"/>
        <line num="125" count="0" type="stmt"/>
        <line num="128" count="11" type="cond" truecount="4" falsecount="0"/>
        <line num="129" count="8" type="stmt"/>
        <line num="132" count="8" type="cond" truecount="2" falsecount="0"/>
        <line num="133" count="1" type="stmt"/>
        <line num="134" count="1" type="stmt"/>
        <line num="138" count="7" type="stmt"/>
        <line num="139" count="7" type="cond" truecount="2" falsecount="0"/>
        <line num="140" count="1" type="stmt"/>
        <line num="141" count="1" type="stmt"/>
        <line num="144" count="6" type="cond" truecount="1" falsecount="1"/>
        <line num="146" count="0" type="stmt"/>
        <line num="147" count="0" type="stmt"/>
        <line num="148" count="0" type="stmt"/>
        <line num="149" count="0" type="stmt"/>
        <line num="150" count="0" type="stmt"/>
        <line num="151" count="0" type="stmt"/>
        <line num="156" count="6" type="stmt"/>
        <line num="157" count="6" type="stmt"/>
        <line num="159" count="6" type="stmt"/>
        <line num="160" count="6" type="stmt"/>
        <line num="161" count="6" type="stmt"/>
        <line num="163" count="6" type="cond" truecount="2" falsecount="0"/>
        <line num="164" count="3" type="stmt"/>
        <line num="165" count="3" type="cond" truecount="2" falsecount="0"/>
        <line num="166" count="2" type="stmt"/>
        <line num="167" count="2" type="stmt"/>
        <line num="168" count="2" type="stmt"/>
        <line num="169" count="2" type="stmt"/>
        <line num="170" count="2" type="stmt"/>
        <line num="174" count="4" type="stmt"/>
        <line num="175" count="4" type="stmt"/>
        <line num="177" count="0" type="stmt"/>
        <line num="178" count="0" type="stmt"/>
        <line num="180" count="6" type="stmt"/>
        <line num="184" count="3" type="stmt"/>
        <line num="189" count="36" type="stmt"/>
        <line num="190" count="6" type="stmt"/>
        <line num="192" count="6" type="stmt"/>
        <line num="194" count="5" type="cond" truecount="1" falsecount="1"/>
        <line num="195" count="0" type="stmt"/>
        <line num="198" count="5" type="stmt"/>
        <line num="199" count="5" type="stmt"/>
        <line num="202" count="5" type="stmt"/>
        <line num="208" count="4" type="cond" truecount="4" falsecount="0"/>
        <line num="209" count="3" type="stmt"/>
        <line num="211" count="3" type="stmt"/>
        <line num="213" count="3" type="cond" truecount="2" falsecount="0"/>
        <line num="214" count="2" type="stmt"/>
        <line num="217" count="3" type="stmt"/>
        <line num="220" count="1" type="stmt"/>
        <line num="221" count="1" type="stmt"/>
        <line num="223" count="2" type="stmt"/>
        <line num="225" count="2" type="stmt"/>
        <line num="226" count="2" type="stmt"/>
        <line num="227" count="2" type="stmt"/>
      </file>
    </package>
  </project>
</coverage>
