{"D:\\Repos\\MISW4501-202611-ProyectoFinal-Grupo13\\mobile\\src\\_layout.tsx": {"path":"D:\\Repos\\MISW4501-202611-ProyectoFinal-Grupo13\\mobile\\src\\_layout.tsx","statementMap":{"0":{"start":{"line":11,"column":15},"end":{"line":11,"column":50}},"1":{"start":{"line":11,"column":39},"end":{"line":11,"column":49}},"2":{"start":{"line":13,"column":2},"end":{"line":15,"column":9}},"3":{"start":{"line":14,"column":4},"end":{"line":14,"column":24}},"4":{"start":{"line":18,"column":2},"end":{"line":18,"column":25}},"5":{"start":{"line":20,"column":2},"end":{"line":34,"column":4}}},"fnMap":{"0":{"name":"RootLayout","decl":{"start":{"line":10,"column":24},"end":{"line":10,"column":34}},"loc":{"start":{"line":10,"column":37},"end":{"line":35,"column":1}},"line":10},"1":{"name":"(anonymous_1)","decl":{"start":{"line":11,"column":28},"end":{"line":11,"column":29}},"loc":{"start":{"line":11,"column":39},"end":{"line":11,"column":49}},"line":11},"2":{"name":"(anonymous_2)","decl":{"start":{"line":13,"column":12},"end":{"line":13,"column":13}},"loc":{"start":{"line":13,"column":18},"end":{"line":15,"column":3}},"line":13}},"branchMap":{"0":{"loc":{"start":{"line":24,"column":24},"end":{"line":24,"column":67}},"type":"cond-expr","locations":[{"start":{"line":24,"column":35},"end":{"line":24,"column":58}},{"start":{"line":24,"column":61},"end":{"line":24,"column":67}}],"line":24}},"s":{"0":0,"1":0,"2":0,"3":0,"4":0,"5":0},"f":{"0":0,"1":0,"2":0},"b":{"0":[0,0]}}
,"D:\\Repos\\MISW4501-202611-ProyectoFinal-Grupo13\\mobile\\src\\index.tsx": {"path":"D:\\Repos\\MISW4501-202611-ProyectoFinal-Grupo13\\mobile\\src\\index.tsx","statementMap":{"0":{"start":{"line":4,"column":2},"end":{"line":4,"column":44}}},"fnMap":{"0":{"name":"Index","decl":{"start":{"line":3,"column":24},"end":{"line":3,"column":29}},"loc":{"start":{"line":3,"column":32},"end":{"line":5,"column":1}},"line":3}},"branchMap":{},"s":{"0":0},"f":{"0":0},"b":{}}
,"D:\\Repos\\MISW4501-202611-ProyectoFinal-Grupo13\\mobile\\src\\common\\HotelSearch.tsx": {"path":"D:\\Repos\\MISW4501-202611-ProyectoFinal-Grupo13\\mobile\\src\\common\\HotelSearch.tsx","statementMap":{"0":{"start":{"line":37,"column":16},"end":{"line":37,"column":32}},"1":{"start":{"line":38,"column":42},"end":{"line":41,"column":4}},"2":{"start":{"line":39,"column":17},"end":{"line":39,"column":58}},"3":{"start":{"line":40,"column":4},"end":{"line":40,"column":60}},"4":{"start":{"line":43,"column":21},"end":{"line":46,"column":3}},"5":{"start":{"line":48,"column":19},"end":{"line":48,"column":68}},"6":{"start":{"line":50,"column":23},"end":{"line":64,"column":20}},"7":{"start":{"line":51,"column":17},"end":{"line":51,"column":43}},"8":{"start":{"line":52,"column":18},"end":{"line":52,"column":41}},"9":{"start":{"line":53,"column":21},"end":{"line":53,"column":54}},"10":{"start":{"line":54,"column":24},"end":{"line":54,"column":62}},"11":{"start":{"line":56,"column":36},"end":{"line":56,"column":38}},"12":{"start":{"line":57,"column":4},"end":{"line":59,"column":5}},"13":{"start":{"line":57,"column":17},"end":{"line":57,"column":18}},"14":{"start":{"line":58,"column":6},"end":{"line":58,"column":22}},"15":{"start":{"line":60,"column":4},"end":{"line":62,"column":5}},"16":{"start":{"line":60,"column":17},"end":{"line":60,"column":18}},"17":{"start":{"line":61,"column":6},"end":{"line":61,"column":19}},"18":{"start":{"line":63,"column":4},"end":{"line":63,"column":16}},"19":{"start":{"line":66,"column":25},"end":{"line":71,"column":3}},"20":{"start":{"line":67,"column":4},"end":{"line":67,"column":35}},"21":{"start":{"line":67,"column":22},"end":{"line":67,"column":35}},"22":{"start":{"line":68,"column":17},"end":{"line":68,"column":83}},"23":{"start":{"line":69,"column":20},"end":{"line":69,"column":102}},"24":{"start":{"line":70,"column":4},"end":{"line":70,"column":26}},"25":{"start":{"line":73,"column":25},"end":{"line":80,"column":3}},"26":{"start":{"line":74,"column":4},"end":{"line":74,"column":36}},"27":{"start":{"line":74,"column":23},"end":{"line":74,"column":36}},"28":{"start":{"line":75,"column":4},"end":{"line":79,"column":6}},"29":{"start":{"line":82,"column":25},"end":{"line":87,"column":3}},"30":{"start":{"line":83,"column":4},"end":{"line":83,"column":36}},"31":{"start":{"line":83,"column":29},"end":{"line":83,"column":36}},"32":{"start":{"line":84,"column":21},"end":{"line":84,"column":87}},"33":{"start":{"line":85,"column":4},"end":{"line":85,"column":23}},"34":{"start":{"line":86,"column":4},"end":{"line":86,"column":14}},"35":{"start":{"line":89,"column":24},"end":{"line":91,"column":3}},"36":{"start":{"line":90,"column":4},"end":{"line":90,"column":90}},"37":{"start":{"line":93,"column":24},"end":{"line":95,"column":3}},"38":{"start":{"line":94,"column":4},"end":{"line":94,"column":90}},"39":{"start":{"line":97,"column":20},"end":{"line":102,"column":3}},"40":{"start":{"line":98,"column":4},"end":{"line":98,"column":34}},"41":{"start":{"line":98,"column":22},"end":{"line":98,"column":34}},"42":{"start":{"line":99,"column":22},"end":{"line":99,"column":90}},"43":{"start":{"line":100,"column":21},"end":{"line":100,"column":83}},"44":{"start":{"line":101,"column":4},"end":{"line":101,"column":33}},"45":{"start":{"line":104,"column":2},"end":{"line":165,"column":4}},"46":{"start":{"line":133,"column":14},"end":{"line":133,"column":67}},"47":{"start":{"line":139,"column":14},"end":{"line":159,"column":33}},"48":{"start":{"line":145,"column":31},"end":{"line":145,"column":66}},"49":{"start":{"line":169,"column":16},"end":{"line":169,"column":32}},"50":{"start":{"line":170,"column":40},"end":{"line":170,"column":82}},"51":{"start":{"line":171,"column":32},"end":{"line":171,"column":85}},"52":{"start":{"line":172,"column":34},"end":{"line":172,"column":88}},"53":{"start":{"line":173,"column":30},"end":{"line":173,"column":66}},"54":{"start":{"line":175,"column":2},"end":{"line":182,"column":22}},"55":{"start":{"line":176,"column":4},"end":{"line":181,"column":5}},"56":{"start":{"line":177,"column":6},"end":{"line":177,"column":48}},"57":{"start":{"line":178,"column":6},"end":{"line":178,"column":40}},"58":{"start":{"line":179,"column":6},"end":{"line":179,"column":42}},"59":{"start":{"line":180,"column":6},"end":{"line":180,"column":38}},"60":{"start":{"line":183,"column":52},"end":{"line":183,"column":67}},"61":{"start":{"line":184,"column":54},"end":{"line":184,"column":69}},"62":{"start":{"line":185,"column":50},"end":{"line":185,"column":65}},"63":{"start":{"line":187,"column":21},"end":{"line":194,"column":3}},"64":{"start":{"line":188,"column":4},"end":{"line":188,"column":50}},"65":{"start":{"line":188,"column":15},"end":{"line":188,"column":50}},"66":{"start":{"line":189,"column":4},"end":{"line":193,"column":7}},"67":{"start":{"line":196,"column":23},"end":{"line":206,"column":3}},"68":{"start":{"line":197,"column":4},"end":{"line":199,"column":5}},"69":{"start":{"line":198,"column":6},"end":{"line":198,"column":13}},"70":{"start":{"line":200,"column":4},"end":{"line":205,"column":7}},"71":{"start":{"line":208,"column":30},"end":{"line":215,"column":3}},"72":{"start":{"line":209,"column":4},"end":{"line":209,"column":21}},"73":{"start":{"line":210,"column":4},"end":{"line":214,"column":5}},"74":{"start":{"line":211,"column":22},"end":{"line":211,"column":36}},"75":{"start":{"line":212,"column":6},"end":{"line":212,"column":45}},"76":{"start":{"line":213,"column":6},"end":{"line":213,"column":27}},"77":{"start":{"line":217,"column":31},"end":{"line":219,"column":3}},"78":{"start":{"line":218,"column":4},"end":{"line":218,"column":22}},"79":{"start":{"line":221,"column":23},"end":{"line":221,"column":47}},"80":{"start":{"line":223,"column":2},"end":{"line":368,"column":4}},"81":{"start":{"line":249,"column":25},"end":{"line":249,"column":51}},"82":{"start":{"line":267,"column":25},"end":{"line":267,"column":52}},"83":{"start":{"line":286,"column":23},"end":{"line":286,"column":48}},"84":{"start":{"line":314,"column":23},"end":{"line":314,"column":50}},"85":{"start":{"line":323,"column":23},"end":{"line":323,"column":51}},"86":{"start":{"line":335,"column":25},"end":{"line":335,"column":51}},"87":{"start":{"line":340,"column":14},"end":{"line":362,"column":33}},"88":{"start":{"line":347,"column":18},"end":{"line":347,"column":33}},"89":{"start":{"line":348,"column":18},"end":{"line":348,"column":45}},"90":{"start":{"line":371,"column":15},"end":{"line":576,"column":2}}},"fnMap":{"0":{"name":"CalendarPicker","decl":{"start":{"line":36,"column":9},"end":{"line":36,"column":23}},"loc":{"start":{"line":36,"column":111},"end":{"line":166,"column":1}},"line":36},"1":{"name":"(anonymous_1)","decl":{"start":{"line":38,"column":51},"end":{"line":38,"column":52}},"loc":{"start":{"line":38,"column":57},"end":{"line":41,"column":3}},"line":38},"2":{"name":"(anonymous_2)","decl":{"start":{"line":50,"column":31},"end":{"line":50,"column":32}},"loc":{"start":{"line":50,"column":37},"end":{"line":64,"column":3}},"line":50},"3":{"name":"(anonymous_3)","decl":{"start":{"line":66,"column":25},"end":{"line":66,"column":26}},"loc":{"start":{"line":66,"column":42},"end":{"line":71,"column":3}},"line":66},"4":{"name":"(anonymous_4)","decl":{"start":{"line":73,"column":25},"end":{"line":73,"column":26}},"loc":{"start":{"line":73,"column":42},"end":{"line":80,"column":3}},"line":73},"5":{"name":"(anonymous_5)","decl":{"start":{"line":82,"column":25},"end":{"line":82,"column":26}},"loc":{"start":{"line":82,"column":42},"end":{"line":87,"column":3}},"line":82},"6":{"name":"(anonymous_6)","decl":{"start":{"line":89,"column":24},"end":{"line":89,"column":25}},"loc":{"start":{"line":89,"column":30},"end":{"line":91,"column":3}},"line":89},"7":{"name":"(anonymous_7)","decl":{"start":{"line":93,"column":24},"end":{"line":93,"column":25}},"loc":{"start":{"line":93,"column":30},"end":{"line":95,"column":3}},"line":93},"8":{"name":"(anonymous_8)","decl":{"start":{"line":97,"column":20},"end":{"line":97,"column":21}},"loc":{"start":{"line":97,"column":26},"end":{"line":102,"column":3}},"line":97},"9":{"name":"(anonymous_9)","decl":{"start":{"line":132,"column":26},"end":{"line":132,"column":27}},"loc":{"start":{"line":133,"column":14},"end":{"line":133,"column":67}},"line":133},"10":{"name":"(anonymous_10)","decl":{"start":{"line":138,"column":30},"end":{"line":138,"column":31}},"loc":{"start":{"line":139,"column":14},"end":{"line":159,"column":33}},"line":139},"11":{"name":"(anonymous_11)","decl":{"start":{"line":145,"column":25},"end":{"line":145,"column":26}},"loc":{"start":{"line":145,"column":31},"end":{"line":145,"column":66}},"line":145},"12":{"name":"HotelSearch","decl":{"start":{"line":168,"column":24},"end":{"line":168,"column":35}},"loc":{"start":{"line":168,"column":100},"end":{"line":369,"column":1}},"line":168},"13":{"name":"(anonymous_13)","decl":{"start":{"line":175,"column":12},"end":{"line":175,"column":13}},"loc":{"start":{"line":175,"column":18},"end":{"line":182,"column":3}},"line":175},"14":{"name":"(anonymous_14)","decl":{"start":{"line":187,"column":21},"end":{"line":187,"column":22}},"loc":{"start":{"line":187,"column":44},"end":{"line":194,"column":3}},"line":187},"15":{"name":"(anonymous_15)","decl":{"start":{"line":196,"column":23},"end":{"line":196,"column":24}},"loc":{"start":{"line":196,"column":29},"end":{"line":206,"column":3}},"line":196},"16":{"name":"(anonymous_16)","decl":{"start":{"line":208,"column":30},"end":{"line":208,"column":31}},"loc":{"start":{"line":208,"column":46},"end":{"line":215,"column":3}},"line":208},"17":{"name":"(anonymous_17)","decl":{"start":{"line":217,"column":31},"end":{"line":217,"column":32}},"loc":{"start":{"line":217,"column":47},"end":{"line":219,"column":3}},"line":217},"18":{"name":"(anonymous_18)","decl":{"start":{"line":249,"column":19},"end":{"line":249,"column":20}},"loc":{"start":{"line":249,"column":25},"end":{"line":249,"column":51}},"line":249},"19":{"name":"(anonymous_19)","decl":{"start":{"line":267,"column":19},"end":{"line":267,"column":20}},"loc":{"start":{"line":267,"column":25},"end":{"line":267,"column":52}},"line":267},"20":{"name":"(anonymous_20)","decl":{"start":{"line":286,"column":17},"end":{"line":286,"column":18}},"loc":{"start":{"line":286,"column":23},"end":{"line":286,"column":48}},"line":286},"21":{"name":"(anonymous_21)","decl":{"start":{"line":314,"column":17},"end":{"line":314,"column":18}},"loc":{"start":{"line":314,"column":23},"end":{"line":314,"column":50}},"line":314},"22":{"name":"(anonymous_22)","decl":{"start":{"line":323,"column":17},"end":{"line":323,"column":18}},"loc":{"start":{"line":323,"column":23},"end":{"line":323,"column":51}},"line":323},"23":{"name":"(anonymous_23)","decl":{"start":{"line":335,"column":19},"end":{"line":335,"column":20}},"loc":{"start":{"line":335,"column":25},"end":{"line":335,"column":51}},"line":335},"24":{"name":"(anonymous_24)","decl":{"start":{"line":339,"column":30},"end":{"line":339,"column":31}},"loc":{"start":{"line":340,"column":14},"end":{"line":362,"column":33}},"line":340},"25":{"name":"(anonymous_25)","decl":{"start":{"line":346,"column":25},"end":{"line":346,"column":26}},"loc":{"start":{"line":346,"column":31},"end":{"line":349,"column":17}},"line":346}},"branchMap":{"0":{"loc":{"start":{"line":39,"column":17},"end":{"line":39,"column":58}},"type":"binary-expr","locations":[{"start":{"line":39,"column":17},"end":{"line":39,"column":29}},{"start":{"line":39,"column":33},"end":{"line":39,"column":44}},{"start":{"line":39,"column":48},"end":{"line":39,"column":58}}],"line":39},"1":{"loc":{"start":{"line":67,"column":4},"end":{"line":67,"column":35}},"type":"if","locations":[{"start":{"line":67,"column":4},"end":{"line":67,"column":35}},{"start":{},"end":{}}],"line":67},"2":{"loc":{"start":{"line":74,"column":4},"end":{"line":74,"column":36}},"type":"if","locations":[{"start":{"line":74,"column":4},"end":{"line":74,"column":36}},{"start":{},"end":{}}],"line":74},"3":{"loc":{"start":{"line":76,"column":6},"end":{"line":78,"column":63}},"type":"binary-expr","locations":[{"start":{"line":76,"column":6},"end":{"line":76,"column":36}},{"start":{"line":77,"column":6},"end":{"line":77,"column":57}},{"start":{"line":78,"column":6},"end":{"line":78,"column":63}}],"line":76},"4":{"loc":{"start":{"line":83,"column":4},"end":{"line":83,"column":36}},"type":"if","locations":[{"start":{"line":83,"column":4},"end":{"line":83,"column":36}},{"start":{},"end":{}}],"line":83},"5":{"loc":{"start":{"line":98,"column":4},"end":{"line":98,"column":34}},"type":"if","locations":[{"start":{"line":98,"column":4},"end":{"line":98,"column":34}},{"start":{},"end":{}}],"line":98},"6":{"loc":{"start":{"line":119,"column":40},"end":{"line":119,"column":80}},"type":"binary-expr","locations":[{"start":{"line":119,"column":40},"end":{"line":119,"column":52}},{"start":{"line":119,"column":56},"end":{"line":119,"column":80}}],"line":119},"7":{"loc":{"start":{"line":121,"column":61},"end":{"line":121,"column":90}},"type":"cond-expr","locations":[{"start":{"line":121,"column":75},"end":{"line":121,"column":81}},{"start":{"line":121,"column":84},"end":{"line":121,"column":90}}],"line":121},"8":{"loc":{"start":{"line":143,"column":18},"end":{"line":143,"column":79}},"type":"binary-expr","locations":[{"start":{"line":143,"column":18},"end":{"line":143,"column":30}},{"start":{"line":143,"column":34},"end":{"line":143,"column":53}},{"start":{"line":143,"column":57},"end":{"line":143,"column":79}}],"line":143},"9":{"loc":{"start":{"line":145,"column":31},"end":{"line":145,"column":66}},"type":"binary-expr","locations":[{"start":{"line":145,"column":31},"end":{"line":145,"column":43}},{"start":{"line":145,"column":47},"end":{"line":145,"column":66}}],"line":145},"10":{"loc":{"start":{"line":146,"column":26},"end":{"line":146,"column":61}},"type":"binary-expr","locations":[{"start":{"line":146,"column":26},"end":{"line":146,"column":38}},{"start":{"line":146,"column":42},"end":{"line":146,"column":61}}],"line":146},"11":{"loc":{"start":{"line":148,"column":17},"end":{"line":158,"column":17}},"type":"binary-expr","locations":[{"start":{"line":148,"column":17},"end":{"line":148,"column":20}},{"start":{"line":149,"column":18},"end":{"line":157,"column":25}}],"line":148},"12":{"loc":{"start":{"line":152,"column":22},"end":{"line":152,"column":67}},"type":"binary-expr","locations":[{"start":{"line":152,"column":22},"end":{"line":152,"column":41}},{"start":{"line":152,"column":45},"end":{"line":152,"column":67}}],"line":152},"13":{"loc":{"start":{"line":153,"column":22},"end":{"line":153,"column":67}},"type":"binary-expr","locations":[{"start":{"line":153,"column":22},"end":{"line":153,"column":41}},{"start":{"line":153,"column":45},"end":{"line":153,"column":67}}],"line":153},"14":{"loc":{"start":{"line":168,"column":48},"end":{"line":168,"column":63}},"type":"default-arg","locations":[{"start":{"line":168,"column":58},"end":{"line":168,"column":63}}],"line":168},"15":{"loc":{"start":{"line":170,"column":49},"end":{"line":170,"column":81}},"type":"binary-expr","locations":[{"start":{"line":170,"column":49},"end":{"line":170,"column":75}},{"start":{"line":170,"column":79},"end":{"line":170,"column":81}}],"line":170},"16":{"loc":{"start":{"line":171,"column":54},"end":{"line":171,"column":84}},"type":"binary-expr","locations":[{"start":{"line":171,"column":54},"end":{"line":171,"column":76}},{"start":{"line":171,"column":80},"end":{"line":171,"column":84}}],"line":171},"17":{"loc":{"start":{"line":172,"column":56},"end":{"line":172,"column":87}},"type":"binary-expr","locations":[{"start":{"line":172,"column":56},"end":{"line":172,"column":79}},{"start":{"line":172,"column":83},"end":{"line":172,"column":87}}],"line":172},"18":{"loc":{"start":{"line":173,"column":39},"end":{"line":173,"column":65}},"type":"binary-expr","locations":[{"start":{"line":173,"column":39},"end":{"line":173,"column":60}},{"start":{"line":173,"column":64},"end":{"line":173,"column":65}}],"line":173},"19":{"loc":{"start":{"line":176,"column":4},"end":{"line":181,"column":5}},"type":"if","locations":[{"start":{"line":176,"column":4},"end":{"line":181,"column":5}},{"start":{},"end":{}}],"line":176},"20":{"loc":{"start":{"line":188,"column":4},"end":{"line":188,"column":50}},"type":"if","locations":[{"start":{"line":188,"column":4},"end":{"line":188,"column":50}},{"start":{},"end":{}}],"line":188},"21":{"loc":{"start":{"line":197,"column":4},"end":{"line":199,"column":5}},"type":"if","locations":[{"start":{"line":197,"column":4},"end":{"line":199,"column":5}},{"start":{},"end":{}}],"line":197},"22":{"loc":{"start":{"line":197,"column":8},"end":{"line":197,"column":45}},"type":"binary-expr","locations":[{"start":{"line":197,"column":8},"end":{"line":197,"column":20}},{"start":{"line":197,"column":24},"end":{"line":197,"column":32}},{"start":{"line":197,"column":36},"end":{"line":197,"column":45}}],"line":197},"23":{"loc":{"start":{"line":210,"column":4},"end":{"line":214,"column":5}},"type":"if","locations":[{"start":{"line":210,"column":4},"end":{"line":214,"column":5}},{"start":{},"end":{}}],"line":210},"24":{"loc":{"start":{"line":210,"column":8},"end":{"line":210,"column":36}},"type":"binary-expr","locations":[{"start":{"line":210,"column":8},"end":{"line":210,"column":16}},{"start":{"line":210,"column":20},"end":{"line":210,"column":36}}],"line":210},"25":{"loc":{"start":{"line":255,"column":45},"end":{"line":255,"column":75}},"type":"binary-expr","locations":[{"start":{"line":255,"column":45},"end":{"line":255,"column":53}},{"start":{"line":255,"column":57},"end":{"line":255,"column":75}}],"line":255},"26":{"loc":{"start":{"line":273,"column":45},"end":{"line":273,"column":76}},"type":"binary-expr","locations":[{"start":{"line":273,"column":45},"end":{"line":273,"column":54}},{"start":{"line":273,"column":58},"end":{"line":273,"column":76}}],"line":273},"27":{"loc":{"start":{"line":293,"column":24},"end":{"line":293,"column":77}},"type":"cond-expr","locations":[{"start":{"line":293,"column":39},"end":{"line":293,"column":56}},{"start":{"line":293,"column":59},"end":{"line":293,"column":77}}],"line":293},"28":{"loc":{"start":{"line":301,"column":37},"end":{"line":301,"column":75}},"type":"binary-expr","locations":[{"start":{"line":301,"column":37},"end":{"line":301,"column":44}},{"start":{"line":301,"column":48},"end":{"line":301,"column":75}}],"line":301},"29":{"loc":{"start":{"line":307,"column":11},"end":{"line":307,"column":69}},"type":"cond-expr","locations":[{"start":{"line":307,"column":21},"end":{"line":307,"column":42}},{"start":{"line":307,"column":45},"end":{"line":307,"column":69}}],"line":307},"30":{"loc":{"start":{"line":326,"column":21},"end":{"line":326,"column":42}},"type":"binary-expr","locations":[{"start":{"line":326,"column":21},"end":{"line":326,"column":28}},{"start":{"line":326,"column":32},"end":{"line":326,"column":42}}],"line":326},"31":{"loc":{"start":{"line":344,"column":18},"end":{"line":344,"column":62}},"type":"binary-expr","locations":[{"start":{"line":344,"column":18},"end":{"line":344,"column":32}},{"start":{"line":344,"column":36},"end":{"line":344,"column":62}}],"line":344},"32":{"loc":{"start":{"line":354,"column":20},"end":{"line":354,"column":68}},"type":"binary-expr","locations":[{"start":{"line":354,"column":20},"end":{"line":354,"column":34}},{"start":{"line":354,"column":38},"end":{"line":354,"column":68}}],"line":354},"33":{"loc":{"start":{"line":357,"column":25},"end":{"line":357,"column":75}},"type":"cond-expr","locations":[{"start":{"line":357,"column":37},"end":{"line":357,"column":54}},{"start":{"line":357,"column":57},"end":{"line":357,"column":75}}],"line":357},"34":{"loc":{"start":{"line":359,"column":17},"end":{"line":361,"column":17}},"type":"binary-expr","locations":[{"start":{"line":359,"column":17},"end":{"line":359,"column":31}},{"start":{"line":360,"column":18},"end":{"line":360,"column":73}}],"line":359}},"s":{"0":153,"1":153,"2":96,"3":96,"4":153,"5":153,"6":153,"7":97,"8":97,"9":97,"10":97,"11":97,"12":97,"13":97,"14":565,"15":97,"16":97,"17":2913,"18":97,"19":153,"20":9187,"21":0,"22":9187,"23":9187,"24":9187,"25":153,"26":9186,"27":6542,"28":2644,"29":153,"30":1,"31":0,"32":1,"33":1,"34":1,"35":153,"36":0,"37":153,"38":1,"39":153,"40":459,"41":0,"42":459,"43":459,"44":459,"45":153,"46":1071,"47":5494,"48":1,"49":76,"50":76,"51":76,"52":76,"53":76,"54":76,"55":49,"56":15,"57":15,"58":15,"59":15,"60":76,"61":76,"62":76,"63":76,"64":152,"65":108,"66":44,"67":76,"68":5,"69":3,"70":2,"71":76,"72":1,"73":1,"74":1,"75":1,"76":1,"77":76,"78":0,"79":76,"80":76,"81":9,"82":2,"83":6,"84":2,"85":0,"86":1,"87":608,"88":2,"89":2,"90":1},"f":{"0":153,"1":96,"2":97,"3":9187,"4":9186,"5":1,"6":0,"7":1,"8":459,"9":1071,"10":5494,"11":1,"12":76,"13":49,"14":152,"15":5,"16":1,"17":0,"18":9,"19":2,"20":6,"21":2,"22":0,"23":1,"24":608,"25":2},"b":{"0":[96,68,0],"1":[0,9187],"2":[6542,2644],"3":[2644,88,84],"4":[0,1],"5":[0,459],"6":[153,151],"7":[2,151],"8":[5494,4593,42],"9":[1,1],"10":[5494,4593],"11":[5494,4593],"12":[4593,2099],"13":[4593,42],"14":[73],"15":[76,54],"16":[76,54],"17":[76,54],"18":[76,54],"19":[15,34],"20":[108,44],"21":[3,2],"22":[5,4,2],"23":[1,0],"24":[1,1],"25":[76,54],"26":[76,54],"27":[52,24],"28":[76,2],"29":[2,74],"30":[76,54],"31":[608,76],"32":[608,76],"33":[76,532],"34":[608,76]},"_coverageSchema":"1a1c01bbd47fc00a2c39e90264f33305004495a9","hash":"75f8c545ca9272ac9be5ab31b8cd8593fbbae89c"}
,"D:\\Repos\\MISW4501-202611-ProyectoFinal-Grupo13\\mobile\\src\\common\\LanguageSelector.tsx": {"path":"D:\\Repos\\MISW4501-202611-ProyectoFinal-Grupo13\\mobile\\src\\common\\LanguageSelector.tsx","statementMap":{"0":{"start":{"line":18,"column":22},"end":{"line":18,"column":38}},"1":{"start":{"line":19,"column":42},"end":{"line":19,"column":57}},"2":{"start":{"line":21,"column":26},"end":{"line":23,"column":25}},"3":{"start":{"line":22,"column":14},"end":{"line":22,"column":41}},"4":{"start":{"line":25,"column":31},"end":{"line":28,"column":3}},"5":{"start":{"line":26,"column":4},"end":{"line":26,"column":39}},"6":{"start":{"line":27,"column":4},"end":{"line":27,"column":27}},"7":{"start":{"line":30,"column":2},"end":{"line":82,"column":4}},"8":{"start":{"line":34,"column":23},"end":{"line":34,"column":44}},"9":{"start":{"line":45,"column":30},"end":{"line":45,"column":52}},"10":{"start":{"line":50,"column":25},"end":{"line":50,"column":47}},"11":{"start":{"line":56,"column":14},"end":{"line":76,"column":33}},"12":{"start":{"line":62,"column":31},"end":{"line":62,"column":66}},"13":{"start":{"line":85,"column":15},"end":{"line":147,"column":2}}},"fnMap":{"0":{"name":"LanguageSelector","decl":{"start":{"line":17,"column":24},"end":{"line":17,"column":40}},"loc":{"start":{"line":17,"column":75},"end":{"line":83,"column":1}},"line":17},"1":{"name":"(anonymous_1)","decl":{"start":{"line":22,"column":4},"end":{"line":22,"column":5}},"loc":{"start":{"line":22,"column":14},"end":{"line":22,"column":41}},"line":22},"2":{"name":"(anonymous_2)","decl":{"start":{"line":25,"column":31},"end":{"line":25,"column":32}},"loc":{"start":{"line":25,"column":63},"end":{"line":28,"column":3}},"line":25},"3":{"name":"(anonymous_3)","decl":{"start":{"line":34,"column":17},"end":{"line":34,"column":18}},"loc":{"start":{"line":34,"column":23},"end":{"line":34,"column":44}},"line":34},"4":{"name":"(anonymous_4)","decl":{"start":{"line":45,"column":24},"end":{"line":45,"column":25}},"loc":{"start":{"line":45,"column":30},"end":{"line":45,"column":52}},"line":45},"5":{"name":"(anonymous_5)","decl":{"start":{"line":50,"column":19},"end":{"line":50,"column":20}},"loc":{"start":{"line":50,"column":25},"end":{"line":50,"column":47}},"line":50},"6":{"name":"(anonymous_6)","decl":{"start":{"line":55,"column":33},"end":{"line":55,"column":34}},"loc":{"start":{"line":56,"column":14},"end":{"line":76,"column":33}},"line":56},"7":{"name":"(anonymous_7)","decl":{"start":{"line":62,"column":25},"end":{"line":62,"column":26}},"loc":{"start":{"line":62,"column":31},"end":{"line":62,"column":66}},"line":62}},"branchMap":{"0":{"loc":{"start":{"line":21,"column":26},"end":{"line":23,"column":25}},"type":"binary-expr","locations":[{"start":{"line":21,"column":26},"end":{"line":23,"column":3}},{"start":{"line":23,"column":7},"end":{"line":23,"column":25}}],"line":21},"1":{"loc":{"start":{"line":60,"column":18},"end":{"line":60,"column":74}},"type":"binary-expr","locations":[{"start":{"line":60,"column":18},"end":{"line":60,"column":49}},{"start":{"line":60,"column":53},"end":{"line":60,"column":74}}],"line":60},"2":{"loc":{"start":{"line":68,"column":20},"end":{"line":68,"column":80}},"type":"binary-expr","locations":[{"start":{"line":68,"column":20},"end":{"line":68,"column":51}},{"start":{"line":68,"column":55},"end":{"line":68,"column":80}}],"line":68},"3":{"loc":{"start":{"line":73,"column":17},"end":{"line":75,"column":17}},"type":"binary-expr","locations":[{"start":{"line":73,"column":17},"end":{"line":73,"column":48}},{"start":{"line":74,"column":18},"end":{"line":74,"column":73}}],"line":73}},"s":{"0":40,"1":40,"2":40,"3":80,"4":40,"5":5,"6":5,"7":40,"8":14,"9":1,"10":1,"11":120,"12":5,"13":1},"f":{"0":40,"1":80,"2":5,"3":14,"4":1,"5":1,"6":120,"7":5},"b":{"0":[40,0],"1":[120,40],"2":[120,40],"3":[120,40]},"_coverageSchema":"1a1c01bbd47fc00a2c39e90264f33305004495a9","hash":"2b1386c8a1233fb07856c3d521556f4d289e7baa"}
,"D:\\Repos\\MISW4501-202611-ProyectoFinal-Grupo13\\mobile\\src\\common\\OfflineBanner.tsx": {"path":"D:\\Repos\\MISW4501-202611-ProyectoFinal-Grupo13\\mobile\\src\\common\\OfflineBanner.tsx","statementMap":{"0":{"start":{"line":11,"column":16},"end":{"line":11,"column":32}},"1":{"start":{"line":13,"column":2},"end":{"line":13,"column":28}},"2":{"start":{"line":13,"column":16},"end":{"line":13,"column":28}},"3":{"start":{"line":15,"column":2},"end":{"line":20,"column":4}},"4":{"start":{"line":23,"column":15},"end":{"line":38,"column":2}}},"fnMap":{"0":{"name":"OfflineBanner","decl":{"start":{"line":10,"column":24},"end":{"line":10,"column":37}},"loc":{"start":{"line":10,"column":71},"end":{"line":21,"column":1}},"line":10}},"branchMap":{"0":{"loc":{"start":{"line":13,"column":2},"end":{"line":13,"column":28}},"type":"if","locations":[{"start":{"line":13,"column":2},"end":{"line":13,"column":28}},{"start":{},"end":{}}],"line":13}},"s":{"0":69,"1":69,"2":69,"3":0,"4":2},"f":{"0":69},"b":{"0":[69,0]},"_coverageSchema":"1a1c01bbd47fc00a2c39e90264f33305004495a9","hash":"34f29067eaadca3d4ac57c4b199f5e17163d8b82"}
,"D:\\Repos\\MISW4501-202611-ProyectoFinal-Grupo13\\mobile\\src\\hooks\\useNetworkStatus.ts": {"path":"D:\\Repos\\MISW4501-202611-ProyectoFinal-Grupo13\\mobile\\src\\hooks\\useNetworkStatus.ts","statementMap":{"0":{"start":{"line":10,"column":22},"end":{"line":16,"column":1}},"1":{"start":{"line":11,"column":22},"end":{"line":11,"column":48}},"2":{"start":{"line":12,"column":30},"end":{"line":12,"column":55}},"3":{"start":{"line":14,"column":20},"end":{"line":14,"column":65}},"4":{"start":{"line":15,"column":2},"end":{"line":15,"column":57}},"5":{"start":{"line":19,"column":30},"end":{"line":23,"column":4}},"6":{"start":{"line":25,"column":2},"end":{"line":40,"column":9}},"7":{"start":{"line":26,"column":20},"end":{"line":26,"column":24}},"8":{"start":{"line":28,"column":4},"end":{"line":30,"column":7}},"9":{"start":{"line":29,"column":6},"end":{"line":29,"column":53}},"10":{"start":{"line":29,"column":21},"end":{"line":29,"column":53}},"11":{"start":{"line":32,"column":24},"end":{"line":34,"column":6}},"12":{"start":{"line":33,"column":6},"end":{"line":33,"column":53}},"13":{"start":{"line":33,"column":21},"end":{"line":33,"column":53}},"14":{"start":{"line":36,"column":4},"end":{"line":39,"column":6}},"15":{"start":{"line":37,"column":6},"end":{"line":37,"column":24}},"16":{"start":{"line":38,"column":6},"end":{"line":38,"column":20}},"17":{"start":{"line":42,"column":2},"end":{"line":42,"column":16}}},"fnMap":{"0":{"name":"(anonymous_0)","decl":{"start":{"line":10,"column":22},"end":{"line":10,"column":23}},"loc":{"start":{"line":10,"column":62},"end":{"line":16,"column":1}},"line":10},"1":{"name":"useNetworkStatus","decl":{"start":{"line":18,"column":16},"end":{"line":18,"column":32}},"loc":{"start":{"line":18,"column":50},"end":{"line":43,"column":1}},"line":18},"2":{"name":"(anonymous_2)","decl":{"start":{"line":25,"column":12},"end":{"line":25,"column":13}},"loc":{"start":{"line":25,"column":18},"end":{"line":40,"column":3}},"line":25},"3":{"name":"(anonymous_3)","decl":{"start":{"line":28,"column":25},"end":{"line":28,"column":26}},"loc":{"start":{"line":28,"column":36},"end":{"line":30,"column":5}},"line":28},"4":{"name":"(anonymous_4)","decl":{"start":{"line":32,"column":49},"end":{"line":32,"column":50}},"loc":{"start":{"line":32,"column":60},"end":{"line":34,"column":5}},"line":32},"5":{"name":"(anonymous_5)","decl":{"start":{"line":36,"column":11},"end":{"line":36,"column":12}},"loc":{"start":{"line":36,"column":17},"end":{"line":39,"column":5}},"line":36}},"branchMap":{"0":{"loc":{"start":{"line":14,"column":20},"end":{"line":14,"column":65}},"type":"binary-expr","locations":[{"start":{"line":14,"column":20},"end":{"line":14,"column":32}},{"start":{"line":14,"column":36},"end":{"line":14,"column":65}}],"line":14},"1":{"loc":{"start":{"line":29,"column":6},"end":{"line":29,"column":53}},"type":"if","locations":[{"start":{"line":29,"column":6},"end":{"line":29,"column":53}},{"start":{},"end":{}}],"line":29},"2":{"loc":{"start":{"line":33,"column":6},"end":{"line":33,"column":53}},"type":"if","locations":[{"start":{"line":33,"column":6},"end":{"line":33,"column":53}},{"start":{},"end":{}}],"line":33}},"s":{"0":1,"1":49,"2":49,"3":49,"4":49,"5":336,"6":336,"7":49,"8":49,"9":49,"10":49,"11":49,"12":0,"13":0,"14":49,"15":49,"16":49,"17":336},"f":{"0":49,"1":336,"2":49,"3":49,"4":0,"5":49},"b":{"0":[49,49],"1":[49,0],"2":[0,0]},"_coverageSchema":"1a1c01bbd47fc00a2c39e90264f33305004495a9","hash":"8b14f3b7af7ca03f6498acc3e405ded5c1ae2dea"}
,"D:\\Repos\\MISW4501-202611-ProyectoFinal-Grupo13\\mobile\\src\\hooks\\usePushNotifications.ts": {"path":"D:\\Repos\\MISW4501-202611-ProyectoFinal-Grupo13\\mobile\\src\\hooks\\usePushNotifications.ts","statementMap":{"0":{"start":{"line":12,"column":31},"end":{"line":12,"column":44}},"1":{"start":{"line":19,"column":44},"end":{"line":19,"column":73}},"2":{"start":{"line":20,"column":42},"end":{"line":20,"column":91}},"3":{"start":{"line":21,"column":31},"end":{"line":21,"column":78}},"4":{"start":{"line":22,"column":27},"end":{"line":22,"column":74}},"5":{"start":{"line":23,"column":15},"end":{"line":23,"column":50}},"6":{"start":{"line":23,"column":39},"end":{"line":23,"column":49}},"7":{"start":{"line":26,"column":2},"end":{"line":55,"column":9}},"8":{"start":{"line":27,"column":4},"end":{"line":27,"column":60}},"9":{"start":{"line":31,"column":4},"end":{"line":36,"column":6}},"10":{"start":{"line":33,"column":8},"end":{"line":33,"column":74}},"11":{"start":{"line":34,"column":8},"end":{"line":34,"column":31}},"12":{"start":{"line":39,"column":4},"end":{"line":45,"column":6}},"13":{"start":{"line":41,"column":8},"end":{"line":41,"column":61}},"14":{"start":{"line":42,"column":21},"end":{"line":42,"column":63}},"15":{"start":{"line":43,"column":8},"end":{"line":43,"column":36}},"16":{"start":{"line":47,"column":4},"end":{"line":54,"column":6}},"17":{"start":{"line":48,"column":6},"end":{"line":50,"column":7}},"18":{"start":{"line":49,"column":8},"end":{"line":49,"column":83}},"19":{"start":{"line":51,"column":6},"end":{"line":53,"column":7}},"20":{"start":{"line":52,"column":8},"end":{"line":52,"column":79}},"21":{"start":{"line":58,"column":2},"end":{"line":64,"column":17}},"22":{"start":{"line":59,"column":4},"end":{"line":59,"column":66}},"23":{"start":{"line":60,"column":4},"end":{"line":63,"column":5}},"24":{"start":{"line":61,"column":6},"end":{"line":61,"column":77}},"25":{"start":{"line":62,"column":6},"end":{"line":62,"column":43}},"26":{"start":{"line":66,"column":38},"end":{"line":90,"column":3}},"27":{"start":{"line":67,"column":4},"end":{"line":89,"column":5}},"28":{"start":{"line":68,"column":20},"end":{"line":68,"column":61}},"29":{"start":{"line":69,"column":6},"end":{"line":69,"column":25}},"30":{"start":{"line":69,"column":18},"end":{"line":69,"column":25}},"31":{"start":{"line":71,"column":6},"end":{"line":71,"column":30}},"32":{"start":{"line":74,"column":25},"end":{"line":74,"column":75}},"33":{"start":{"line":75,"column":6},"end":{"line":79,"column":7}},"34":{"start":{"line":76,"column":8},"end":{"line":76,"column":86}},"35":{"start":{"line":78,"column":8},"end":{"line":78,"column":15}},"36":{"start":{"line":82,"column":22},"end":{"line":82,"column":73}},"37":{"start":{"line":83,"column":6},"end":{"line":86,"column":7}},"38":{"start":{"line":85,"column":8},"end":{"line":85,"column":66}},"39":{"start":{"line":88,"column":6},"end":{"line":88,"column":76}},"40":{"start":{"line":92,"column":32},"end":{"line":99,"column":3}},"41":{"start":{"line":94,"column":17},"end":{"line":94,"column":37}},"42":{"start":{"line":95,"column":4},"end":{"line":95,"column":65}},"43":{"start":{"line":101,"column":38},"end":{"line":108,"column":3}},"44":{"start":{"line":102,"column":23},"end":{"line":102,"column":73}},"45":{"start":{"line":103,"column":4},"end":{"line":106,"column":5}},"46":{"start":{"line":104,"column":6},"end":{"line":104,"column":57}},"47":{"start":{"line":105,"column":6},"end":{"line":105,"column":60}},"48":{"start":{"line":107,"column":4},"end":{"line":107,"column":27}},"49":{"start":{"line":110,"column":2},"end":{"line":114,"column":4}}},"fnMap":{"0":{"name":"usePushNotifications","decl":{"start":{"line":18,"column":16},"end":{"line":18,"column":36}},"loc":{"start":{"line":18,"column":39},"end":{"line":115,"column":1}},"line":18},"1":{"name":"(anonymous_1)","decl":{"start":{"line":23,"column":28},"end":{"line":23,"column":29}},"loc":{"start":{"line":23,"column":39},"end":{"line":23,"column":49}},"line":23},"2":{"name":"(anonymous_2)","decl":{"start":{"line":26,"column":12},"end":{"line":26,"column":13}},"loc":{"start":{"line":26,"column":18},"end":{"line":55,"column":3}},"line":26},"3":{"name":"(anonymous_3)","decl":{"start":{"line":32,"column":6},"end":{"line":32,"column":7}},"loc":{"start":{"line":32,"column":17},"end":{"line":35,"column":7}},"line":32},"4":{"name":"(anonymous_4)","decl":{"start":{"line":40,"column":6},"end":{"line":40,"column":7}},"loc":{"start":{"line":40,"column":20},"end":{"line":44,"column":7}},"line":40},"5":{"name":"(anonymous_5)","decl":{"start":{"line":47,"column":11},"end":{"line":47,"column":12}},"loc":{"start":{"line":47,"column":17},"end":{"line":54,"column":5}},"line":47},"6":{"name":"(anonymous_6)","decl":{"start":{"line":58,"column":12},"end":{"line":58,"column":13}},"loc":{"start":{"line":58,"column":18},"end":{"line":64,"column":3}},"line":58},"7":{"name":"(anonymous_7)","decl":{"start":{"line":66,"column":38},"end":{"line":66,"column":39}},"loc":{"start":{"line":66,"column":64},"end":{"line":90,"column":3}},"line":66},"8":{"name":"(anonymous_8)","decl":{"start":{"line":92,"column":32},"end":{"line":92,"column":33}},"loc":{"start":{"line":92,"column":67},"end":{"line":99,"column":3}},"line":92},"9":{"name":"(anonymous_9)","decl":{"start":{"line":101,"column":38},"end":{"line":101,"column":39}},"loc":{"start":{"line":101,"column":50},"end":{"line":108,"column":3}},"line":101}},"branchMap":{"0":{"loc":{"start":{"line":48,"column":6},"end":{"line":50,"column":7}},"type":"if","locations":[{"start":{"line":48,"column":6},"end":{"line":50,"column":7}},{"start":{},"end":{}}],"line":48},"1":{"loc":{"start":{"line":51,"column":6},"end":{"line":53,"column":7}},"type":"if","locations":[{"start":{"line":51,"column":6},"end":{"line":53,"column":7}},{"start":{},"end":{}}],"line":51},"2":{"loc":{"start":{"line":60,"column":4},"end":{"line":63,"column":5}},"type":"if","locations":[{"start":{"line":60,"column":4},"end":{"line":63,"column":5}},{"start":{},"end":{}}],"line":60},"3":{"loc":{"start":{"line":69,"column":6},"end":{"line":69,"column":25}},"type":"if","locations":[{"start":{"line":69,"column":6},"end":{"line":69,"column":25}},{"start":{},"end":{}}],"line":69},"4":{"loc":{"start":{"line":75,"column":6},"end":{"line":79,"column":7}},"type":"if","locations":[{"start":{"line":75,"column":6},"end":{"line":79,"column":7}},{"start":{},"end":{}}],"line":75},"5":{"loc":{"start":{"line":83,"column":6},"end":{"line":86,"column":7}},"type":"if","locations":[{"start":{"line":83,"column":6},"end":{"line":86,"column":7}},{"start":{},"end":{}}],"line":83},"6":{"loc":{"start":{"line":103,"column":4},"end":{"line":106,"column":5}},"type":"if","locations":[{"start":{"line":103,"column":4},"end":{"line":106,"column":5}},{"start":{},"end":{}}],"line":103}},"s":{"0":1,"1":22,"2":22,"3":22,"4":22,"5":22,"6":67,"7":22,"8":17,"9":17,"10":1,"11":1,"12":17,"13":3,"14":3,"15":3,"16":17,"17":17,"18":17,"19":17,"20":17,"21":22,"22":18,"23":18,"24":4,"25":4,"26":22,"27":4,"28":4,"29":4,"30":1,"31":3,"32":3,"33":3,"34":1,"35":1,"36":2,"37":2,"38":2,"39":0,"40":22,"41":3,"42":3,"43":22,"44":3,"45":3,"46":2,"47":2,"48":3,"49":22},"f":{"0":22,"1":67,"2":17,"3":1,"4":3,"5":17,"6":18,"7":4,"8":3,"9":3},"b":{"0":[17,0],"1":[17,0],"2":[4,14],"3":[1,3],"4":[1,2],"5":[2,0],"6":[2,1]},"_coverageSchema":"1a1c01bbd47fc00a2c39e90264f33305004495a9","hash":"198e741ed66a790d8c729c3705e1ae0e1c36f16b"}
,"D:\\Repos\\MISW4501-202611-ProyectoFinal-Grupo13\\mobile\\src\\models\\RequestResult.tsx": {"path":"D:\\Repos\\MISW4501-202611-ProyectoFinal-Grupo13\\mobile\\src\\models\\RequestResult.tsx","statementMap":{},"fnMap":{},"branchMap":{},"s":{},"f":{},"b":{}}
,"D:\\Repos\\MISW4501-202611-ProyectoFinal-Grupo13\\mobile\\src\\models\\User.ts": {"path":"D:\\Repos\\MISW4501-202611-ProyectoFinal-Grupo13\\mobile\\src\\models\\User.ts","statementMap":{},"fnMap":{},"branchMap":{},"s":{},"f":{},"b":{}}
,"D:\\Repos\\MISW4501-202611-ProyectoFinal-Grupo13\\mobile\\src\\screens\\_layout.tsx": {"path":"D:\\Repos\\MISW4501-202611-ProyectoFinal-Grupo13\\mobile\\src\\screens\\_layout.tsx","statementMap":{"0":{"start":{"line":4,"column":2},"end":{"line":10,"column":4}}},"fnMap":{"0":{"name":"ScreensLayout","decl":{"start":{"line":3,"column":24},"end":{"line":3,"column":37}},"loc":{"start":{"line":3,"column":40},"end":{"line":11,"column":1}},"line":3}},"branchMap":{},"s":{"0":0},"f":{"0":0},"b":{}}
,"D:\\Repos\\MISW4501-202611-ProyectoFinal-Grupo13\\mobile\\src\\screens\\booking.tsx": {"path":"D:\\Repos\\MISW4501-202611-ProyectoFinal-Grupo13\\mobile\\src\\screens\\booking.tsx","statementMap":{"0":{"start":{"line":44,"column":22},"end":{"line":53,"column":1}},"1":{"start":{"line":56,"column":16},"end":{"line":56,"column":32}},"2":{"start":{"line":57,"column":17},"end":{"line":57,"column":39}},"3":{"start":{"line":58,"column":15},"end":{"line":58,"column":50}},"4":{"start":{"line":58,"column":39},"end":{"line":58,"column":49}},"5":{"start":{"line":60,"column":19},"end":{"line":63,"column":3}},"6":{"start":{"line":61,"column":18},"end":{"line":61,"column":29}},"7":{"start":{"line":62,"column":4},"end":{"line":62,"column":63}},"8":{"start":{"line":65,"column":37},"end":{"line":65,"column":78}},"9":{"start":{"line":66,"column":35},"end":{"line":66,"column":75}},"10":{"start":{"line":67,"column":18},"end":{"line":67,"column":37}},"11":{"start":{"line":68,"column":19},"end":{"line":68,"column":39}},"12":{"start":{"line":69,"column":17},"end":{"line":69,"column":56}},"13":{"start":{"line":71,"column":32},"end":{"line":71,"column":46}},"14":{"start":{"line":72,"column":38},"end":{"line":72,"column":53}},"15":{"start":{"line":73,"column":42},"end":{"line":73,"column":54}},"16":{"start":{"line":75,"column":30},"end":{"line":75,"column":59}},"17":{"start":{"line":76,"column":44},"end":{"line":76,"column":71}},"18":{"start":{"line":77,"column":50},"end":{"line":77,"column":61}},"19":{"start":{"line":79,"column":36},"end":{"line":79,"column":48}},"20":{"start":{"line":80,"column":34},"end":{"line":80,"column":46}},"21":{"start":{"line":81,"column":28},"end":{"line":81,"column":40}},"22":{"start":{"line":82,"column":40},"end":{"line":82,"column":55}},"23":{"start":{"line":83,"column":28},"end":{"line":83,"column":40}},"24":{"start":{"line":84,"column":48},"end":{"line":84,"column":60}},"25":{"start":{"line":86,"column":44},"end":{"line":86,"column":59}},"26":{"start":{"line":88,"column":23},"end":{"line":88,"column":58}},"27":{"start":{"line":90,"column":17},"end":{"line":90,"column":50}},"28":{"start":{"line":91,"column":18},"end":{"line":91,"column":56}},"29":{"start":{"line":93,"column":24},"end":{"line":93,"column":68}},"30":{"start":{"line":95,"column":26},"end":{"line":102,"column":25}},"31":{"start":{"line":96,"column":4},"end":{"line":96,"column":40}},"32":{"start":{"line":96,"column":31},"end":{"line":96,"column":40}},"33":{"start":{"line":97,"column":18},"end":{"line":97,"column":49}},"34":{"start":{"line":98,"column":16},"end":{"line":98,"column":48}},"35":{"start":{"line":99,"column":19},"end":{"line":99,"column":50}},"36":{"start":{"line":100,"column":18},"end":{"line":100,"column":60}},"37":{"start":{"line":101,"column":4},"end":{"line":101,"column":33}},"38":{"start":{"line":104,"column":17},"end":{"line":104,"column":34}},"39":{"start":{"line":105,"column":20},"end":{"line":105,"column":42}},"40":{"start":{"line":106,"column":18},"end":{"line":106,"column":26}},"41":{"start":{"line":107,"column":22},"end":{"line":107,"column":65}},"42":{"start":{"line":108,"column":21},"end":{"line":108,"column":68}},"43":{"start":{"line":109,"column":21},"end":{"line":109,"column":57}},"44":{"start":{"line":111,"column":21},"end":{"line":119,"column":3}},"45":{"start":{"line":112,"column":4},"end":{"line":112,"column":29}},"46":{"start":{"line":112,"column":18},"end":{"line":112,"column":29}},"47":{"start":{"line":113,"column":17},"end":{"line":113,"column":48}},"48":{"start":{"line":114,"column":4},"end":{"line":118,"column":7}},"49":{"start":{"line":121,"column":20},"end":{"line":123,"column":3}},"50":{"start":{"line":122,"column":4},"end":{"line":122,"column":31}},"51":{"start":{"line":125,"column":32},"end":{"line":129,"column":3}},"52":{"start":{"line":126,"column":24},"end":{"line":126,"column":62}},"53":{"start":{"line":127,"column":23},"end":{"line":127,"column":56}},"54":{"start":{"line":128,"column":4},"end":{"line":128,"column":32}},"55":{"start":{"line":131,"column":22},"end":{"line":158,"column":58}},"56":{"start":{"line":132,"column":4},"end":{"line":136,"column":5}},"57":{"start":{"line":133,"column":6},"end":{"line":133,"column":24}},"58":{"start":{"line":134,"column":6},"end":{"line":134,"column":48}},"59":{"start":{"line":135,"column":6},"end":{"line":135,"column":13}},"60":{"start":{"line":138,"column":4},"end":{"line":157,"column":5}},"61":{"start":{"line":139,"column":21},"end":{"line":143,"column":8}},"62":{"start":{"line":145,"column":6},"end":{"line":152,"column":7}},"63":{"start":{"line":146,"column":21},"end":{"line":146,"column":32}},"64":{"start":{"line":147,"column":8},"end":{"line":147,"column":27}},"65":{"start":{"line":148,"column":26},"end":{"line":148,"column":64}},"66":{"start":{"line":149,"column":8},"end":{"line":149,"column":36}},"67":{"start":{"line":151,"column":8},"end":{"line":151,"column":73}},"68":{"start":{"line":154,"column":6},"end":{"line":154,"column":46}},"69":{"start":{"line":156,"column":6},"end":{"line":156,"column":24}},"70":{"start":{"line":160,"column":2},"end":{"line":168,"column":20}},"71":{"start":{"line":161,"column":4},"end":{"line":161,"column":18}},"72":{"start":{"line":163,"column":4},"end":{"line":167,"column":6}},"73":{"start":{"line":164,"column":6},"end":{"line":166,"column":7}},"74":{"start":{"line":165,"column":8},"end":{"line":165,"column":44}},"75":{"start":{"line":170,"column":2},"end":{"line":194,"column":22}},"76":{"start":{"line":171,"column":4},"end":{"line":171,"column":31}},"77":{"start":{"line":171,"column":24},"end":{"line":171,"column":31}},"78":{"start":{"line":173,"column":24},"end":{"line":184,"column":5}},"79":{"start":{"line":174,"column":18},"end":{"line":174,"column":28}},"80":{"start":{"line":175,"column":19},"end":{"line":175,"column":69}},"81":{"start":{"line":176,"column":6},"end":{"line":176,"column":47}},"82":{"start":{"line":178,"column":6},"end":{"line":183,"column":7}},"83":{"start":{"line":179,"column":8},"end":{"line":181,"column":9}},"84":{"start":{"line":180,"column":10},"end":{"line":180,"column":46}},"85":{"start":{"line":182,"column":8},"end":{"line":182,"column":28}},"86":{"start":{"line":186,"column":4},"end":{"line":186,"column":18}},"87":{"start":{"line":187,"column":4},"end":{"line":187,"column":58}},"88":{"start":{"line":189,"column":4},"end":{"line":193,"column":6}},"89":{"start":{"line":190,"column":6},"end":{"line":192,"column":7}},"90":{"start":{"line":191,"column":8},"end":{"line":191,"column":44}},"91":{"start":{"line":196,"column":28},"end":{"line":207,"column":3}},"92":{"start":{"line":197,"column":4},"end":{"line":206,"column":6}},"93":{"start":{"line":203,"column":25},"end":{"line":203,"column":38}},"94":{"start":{"line":209,"column":26},"end":{"line":213,"column":3}},"95":{"start":{"line":210,"column":17},"end":{"line":210,"column":69}},"96":{"start":{"line":211,"column":17},"end":{"line":211,"column":59}},"97":{"start":{"line":212,"column":4},"end":{"line":212,"column":31}},"98":{"start":{"line":215,"column":22},"end":{"line":224,"column":3}},"99":{"start":{"line":216,"column":4},"end":{"line":223,"column":6}},"100":{"start":{"line":226,"column":23},"end":{"line":229,"column":3}},"101":{"start":{"line":227,"column":23},"end":{"line":227,"column":51}},"102":{"start":{"line":228,"column":4},"end":{"line":228,"column":39}},"103":{"start":{"line":231,"column":23},"end":{"line":267,"column":3}},"104":{"start":{"line":232,"column":4},"end":{"line":235,"column":5}},"105":{"start":{"line":233,"column":6},"end":{"line":233,"column":55}},"106":{"start":{"line":234,"column":6},"end":{"line":234,"column":13}},"107":{"start":{"line":237,"column":4},"end":{"line":240,"column":5}},"108":{"start":{"line":238,"column":6},"end":{"line":238,"column":49}},"109":{"start":{"line":239,"column":6},"end":{"line":239,"column":13}},"110":{"start":{"line":242,"column":4},"end":{"line":245,"column":5}},"111":{"start":{"line":243,"column":6},"end":{"line":243,"column":49}},"112":{"start":{"line":244,"column":6},"end":{"line":244,"column":13}},"113":{"start":{"line":247,"column":4},"end":{"line":247,"column":24}},"114":{"start":{"line":249,"column":4},"end":{"line":266,"column":7}},"115":{"start":{"line":269,"column":23},"end":{"line":274,"column":3}},"116":{"start":{"line":270,"column":4},"end":{"line":272,"column":5}},"117":{"start":{"line":271,"column":6},"end":{"line":271,"column":47}},"118":{"start":{"line":273,"column":4},"end":{"line":273,"column":18}},"119":{"start":{"line":276,"column":22},"end":{"line":293,"column":3}},"120":{"start":{"line":277,"column":4},"end":{"line":277,"column":42}},"121":{"start":{"line":277,"column":30},"end":{"line":277,"column":42}},"122":{"start":{"line":278,"column":18},"end":{"line":278,"column":20}},"123":{"start":{"line":279,"column":22},"end":{"line":279,"column":45}},"124":{"start":{"line":280,"column":24},"end":{"line":280,"column":46}},"125":{"start":{"line":282,"column":4},"end":{"line":284,"column":5}},"126":{"start":{"line":282,"column":17},"end":{"line":282,"column":18}},"127":{"start":{"line":283,"column":6},"end":{"line":283,"column":87}},"128":{"start":{"line":285,"column":4},"end":{"line":287,"column":5}},"129":{"start":{"line":286,"column":6},"end":{"line":286,"column":85}},"130":{"start":{"line":288,"column":23},"end":{"line":288,"column":49}},"131":{"start":{"line":289,"column":4},"end":{"line":291,"column":5}},"132":{"start":{"line":289,"column":17},"end":{"line":289,"column":18}},"133":{"start":{"line":290,"column":6},"end":{"line":290,"column":96}},"134":{"start":{"line":292,"column":4},"end":{"line":292,"column":56}},"135":{"start":{"line":295,"column":2},"end":{"line":302,"column":3}},"136":{"start":{"line":296,"column":4},"end":{"line":301,"column":6}},"137":{"start":{"line":304,"column":2},"end":{"line":559,"column":4}},"138":{"start":{"line":519,"column":27},"end":{"line":519,"column":59}},"139":{"start":{"line":562,"column":15},"end":{"line":926,"column":2}}},"fnMap":{"0":{"name":"BookingScreen","decl":{"start":{"line":55,"column":24},"end":{"line":55,"column":37}},"loc":{"start":{"line":55,"column":40},"end":{"line":560,"column":1}},"line":55},"1":{"name":"(anonymous_1)","decl":{"start":{"line":58,"column":28},"end":{"line":58,"column":29}},"loc":{"start":{"line":58,"column":39},"end":{"line":58,"column":49}},"line":58},"2":{"name":"(anonymous_2)","decl":{"start":{"line":60,"column":19},"end":{"line":60,"column":20}},"loc":{"start":{"line":60,"column":44},"end":{"line":63,"column":3}},"line":60},"3":{"name":"(anonymous_3)","decl":{"start":{"line":95,"column":38},"end":{"line":95,"column":39}},"loc":{"start":{"line":95,"column":44},"end":{"line":102,"column":3}},"line":95},"4":{"name":"(anonymous_4)","decl":{"start":{"line":111,"column":21},"end":{"line":111,"column":22}},"loc":{"start":{"line":111,"column":42},"end":{"line":119,"column":3}},"line":111},"5":{"name":"(anonymous_5)","decl":{"start":{"line":121,"column":20},"end":{"line":121,"column":21}},"loc":{"start":{"line":121,"column":47},"end":{"line":123,"column":3}},"line":121},"6":{"name":"(anonymous_6)","decl":{"start":{"line":125,"column":32},"end":{"line":125,"column":33}},"loc":{"start":{"line":125,"column":57},"end":{"line":129,"column":3}},"line":125},"7":{"name":"(anonymous_7)","decl":{"start":{"line":131,"column":34},"end":{"line":131,"column":35}},"loc":{"start":{"line":131,"column":46},"end":{"line":158,"column":3}},"line":131},"8":{"name":"(anonymous_8)","decl":{"start":{"line":160,"column":12},"end":{"line":160,"column":13}},"loc":{"start":{"line":160,"column":18},"end":{"line":168,"column":3}},"line":160},"9":{"name":"(anonymous_9)","decl":{"start":{"line":163,"column":11},"end":{"line":163,"column":12}},"loc":{"start":{"line":163,"column":17},"end":{"line":167,"column":5}},"line":163},"10":{"name":"(anonymous_10)","decl":{"start":{"line":170,"column":12},"end":{"line":170,"column":13}},"loc":{"start":{"line":170,"column":18},"end":{"line":194,"column":3}},"line":170},"11":{"name":"(anonymous_11)","decl":{"start":{"line":173,"column":24},"end":{"line":173,"column":25}},"loc":{"start":{"line":173,"column":30},"end":{"line":184,"column":5}},"line":173},"12":{"name":"(anonymous_12)","decl":{"start":{"line":189,"column":11},"end":{"line":189,"column":12}},"loc":{"start":{"line":189,"column":17},"end":{"line":193,"column":5}},"line":189},"13":{"name":"(anonymous_13)","decl":{"start":{"line":196,"column":28},"end":{"line":196,"column":29}},"loc":{"start":{"line":196,"column":34},"end":{"line":207,"column":3}},"line":196},"14":{"name":"(anonymous_14)","decl":{"start":{"line":203,"column":19},"end":{"line":203,"column":20}},"loc":{"start":{"line":203,"column":25},"end":{"line":203,"column":38}},"line":203},"15":{"name":"(anonymous_15)","decl":{"start":{"line":209,"column":26},"end":{"line":209,"column":27}},"loc":{"start":{"line":209,"column":47},"end":{"line":213,"column":3}},"line":209},"16":{"name":"(anonymous_16)","decl":{"start":{"line":215,"column":22},"end":{"line":215,"column":23}},"loc":{"start":{"line":215,"column":28},"end":{"line":224,"column":3}},"line":215},"17":{"name":"(anonymous_17)","decl":{"start":{"line":226,"column":23},"end":{"line":226,"column":24}},"loc":{"start":{"line":226,"column":47},"end":{"line":229,"column":3}},"line":226},"18":{"name":"(anonymous_18)","decl":{"start":{"line":231,"column":23},"end":{"line":231,"column":24}},"loc":{"start":{"line":231,"column":29},"end":{"line":267,"column":3}},"line":231},"19":{"name":"(anonymous_19)","decl":{"start":{"line":269,"column":23},"end":{"line":269,"column":24}},"loc":{"start":{"line":269,"column":35},"end":{"line":274,"column":3}},"line":269},"20":{"name":"(anonymous_20)","decl":{"start":{"line":276,"column":22},"end":{"line":276,"column":23}},"loc":{"start":{"line":276,"column":54},"end":{"line":293,"column":3}},"line":276},"21":{"name":"(anonymous_21)","decl":{"start":{"line":519,"column":21},"end":{"line":519,"column":22}},"loc":{"start":{"line":519,"column":27},"end":{"line":519,"column":59}},"line":519}},"branchMap":{"0":{"loc":{"start":{"line":62,"column":11},"end":{"line":62,"column":62}},"type":"cond-expr","locations":[{"start":{"line":62,"column":34},"end":{"line":62,"column":48}},{"start":{"line":62,"column":51},"end":{"line":62,"column":62}}],"line":62},"1":{"loc":{"start":{"line":62,"column":34},"end":{"line":62,"column":48}},"type":"binary-expr","locations":[{"start":{"line":62,"column":34},"end":{"line":62,"column":42}},{"start":{"line":62,"column":46},"end":{"line":62,"column":48}}],"line":62},"2":{"loc":{"start":{"line":62,"column":51},"end":{"line":62,"column":62}},"type":"binary-expr","locations":[{"start":{"line":62,"column":51},"end":{"line":62,"column":56}},{"start":{"line":62,"column":60},"end":{"line":62,"column":62}}],"line":62},"3":{"loc":{"start":{"line":65,"column":48},"end":{"line":65,"column":77}},"type":"binary-expr","locations":[{"start":{"line":65,"column":48},"end":{"line":65,"column":69}},{"start":{"line":65,"column":73},"end":{"line":65,"column":77}}],"line":65},"4":{"loc":{"start":{"line":66,"column":46},"end":{"line":66,"column":74}},"type":"binary-expr","locations":[{"start":{"line":66,"column":46},"end":{"line":66,"column":66}},{"start":{"line":66,"column":70},"end":{"line":66,"column":74}}],"line":66},"5":{"loc":{"start":{"line":69,"column":26},"end":{"line":69,"column":51}},"type":"binary-expr","locations":[{"start":{"line":69,"column":26},"end":{"line":69,"column":44}},{"start":{"line":69,"column":48},"end":{"line":69,"column":51}}],"line":69},"6":{"loc":{"start":{"line":90,"column":17},"end":{"line":90,"column":50}},"type":"binary-expr","locations":[{"start":{"line":90,"column":17},"end":{"line":90,"column":42}},{"start":{"line":90,"column":46},"end":{"line":90,"column":50}}],"line":90},"7":{"loc":{"start":{"line":91,"column":18},"end":{"line":91,"column":56}},"type":"binary-expr","locations":[{"start":{"line":91,"column":18},"end":{"line":91,"column":48}},{"start":{"line":91,"column":52},"end":{"line":91,"column":56}}],"line":91},"8":{"loc":{"start":{"line":93,"column":24},"end":{"line":93,"column":68}},"type":"binary-expr","locations":[{"start":{"line":93,"column":24},"end":{"line":93,"column":63}},{"start":{"line":93,"column":67},"end":{"line":93,"column":68}}],"line":93},"9":{"loc":{"start":{"line":96,"column":4},"end":{"line":96,"column":40}},"type":"if","locations":[{"start":{"line":96,"column":4},"end":{"line":96,"column":40}},{"start":{},"end":{}}],"line":96},"10":{"loc":{"start":{"line":96,"column":8},"end":{"line":96,"column":29}},"type":"binary-expr","locations":[{"start":{"line":96,"column":8},"end":{"line":96,"column":16}},{"start":{"line":96,"column":20},"end":{"line":96,"column":29}}],"line":96},"11":{"loc":{"start":{"line":101,"column":11},"end":{"line":101,"column":32}},"type":"cond-expr","locations":[{"start":{"line":101,"column":23},"end":{"line":101,"column":28}},{"start":{"line":101,"column":31},"end":{"line":101,"column":32}}],"line":101},"12":{"loc":{"start":{"line":112,"column":4},"end":{"line":112,"column":29}},"type":"if","locations":[{"start":{"line":112,"column":4},"end":{"line":112,"column":29}},{"start":{},"end":{}}],"line":112},"13":{"loc":{"start":{"line":127,"column":23},"end":{"line":127,"column":56}},"type":"cond-expr","locations":[{"start":{"line":127,"column":37},"end":{"line":127,"column":42}},{"start":{"line":127,"column":45},"end":{"line":127,"column":56}}],"line":127},"14":{"loc":{"start":{"line":132,"column":4},"end":{"line":136,"column":5}},"type":"if","locations":[{"start":{"line":132,"column":4},"end":{"line":136,"column":5}},{"start":{},"end":{}}],"line":132},"15":{"loc":{"start":{"line":132,"column":8},"end":{"line":132,"column":44}},"type":"binary-expr","locations":[{"start":{"line":132,"column":8},"end":{"line":132,"column":17}},{"start":{"line":132,"column":21},"end":{"line":132,"column":44}}],"line":132},"16":{"loc":{"start":{"line":145,"column":6},"end":{"line":152,"column":7}},"type":"if","locations":[{"start":{"line":145,"column":6},"end":{"line":152,"column":7}},{"start":{"line":150,"column":13},"end":{"line":152,"column":7}}],"line":145},"17":{"loc":{"start":{"line":145,"column":10},"end":{"line":145,"column":39}},"type":"binary-expr","locations":[{"start":{"line":145,"column":10},"end":{"line":145,"column":24}},{"start":{"line":145,"column":28},"end":{"line":145,"column":39}}],"line":145},"18":{"loc":{"start":{"line":151,"column":24},"end":{"line":151,"column":71}},"type":"binary-expr","locations":[{"start":{"line":151,"column":24},"end":{"line":151,"column":45}},{"start":{"line":151,"column":49},"end":{"line":151,"column":71}}],"line":151},"19":{"loc":{"start":{"line":164,"column":6},"end":{"line":166,"column":7}},"type":"if","locations":[{"start":{"line":164,"column":6},"end":{"line":166,"column":7}},{"start":{},"end":{}}],"line":164},"20":{"loc":{"start":{"line":171,"column":4},"end":{"line":171,"column":31}},"type":"if","locations":[{"start":{"line":171,"column":4},"end":{"line":171,"column":31}},{"start":{},"end":{}}],"line":171},"21":{"loc":{"start":{"line":176,"column":26},"end":{"line":176,"column":45}},"type":"cond-expr","locations":[{"start":{"line":176,"column":37},"end":{"line":176,"column":41}},{"start":{"line":176,"column":44},"end":{"line":176,"column":45}}],"line":176},"22":{"loc":{"start":{"line":178,"column":6},"end":{"line":183,"column":7}},"type":"if","locations":[{"start":{"line":178,"column":6},"end":{"line":183,"column":7}},{"start":{},"end":{}}],"line":178},"23":{"loc":{"start":{"line":179,"column":8},"end":{"line":181,"column":9}},"type":"if","locations":[{"start":{"line":179,"column":8},"end":{"line":181,"column":9}},{"start":{},"end":{}}],"line":179},"24":{"loc":{"start":{"line":190,"column":6},"end":{"line":192,"column":7}},"type":"if","locations":[{"start":{"line":190,"column":6},"end":{"line":192,"column":7}},{"start":{},"end":{}}],"line":190},"25":{"loc":{"start":{"line":202,"column":16},"end":{"line":202,"column":38}},"type":"binary-expr","locations":[{"start":{"line":202,"column":16},"end":{"line":202,"column":30}},{"start":{"line":202,"column":34},"end":{"line":202,"column":38}}],"line":202},"26":{"loc":{"start":{"line":217,"column":6},"end":{"line":222,"column":26}},"type":"binary-expr","locations":[{"start":{"line":217,"column":6},"end":{"line":217,"column":22}},{"start":{"line":218,"column":6},"end":{"line":218,"column":21}},{"start":{"line":219,"column":6},"end":{"line":219,"column":18}},{"start":{"line":220,"column":6},"end":{"line":220,"column":18}},{"start":{"line":221,"column":6},"end":{"line":221,"column":19}},{"start":{"line":222,"column":6},"end":{"line":222,"column":26}}],"line":217},"27":{"loc":{"start":{"line":232,"column":4},"end":{"line":235,"column":5}},"type":"if","locations":[{"start":{"line":232,"column":4},"end":{"line":235,"column":5}},{"start":{},"end":{}}],"line":232},"28":{"loc":{"start":{"line":237,"column":4},"end":{"line":240,"column":5}},"type":"if","locations":[{"start":{"line":237,"column":4},"end":{"line":240,"column":5}},{"start":{},"end":{}}],"line":237},"29":{"loc":{"start":{"line":242,"column":4},"end":{"line":245,"column":5}},"type":"if","locations":[{"start":{"line":242,"column":4},"end":{"line":245,"column":5}},{"start":{},"end":{}}],"line":242},"30":{"loc":{"start":{"line":264,"column":16},"end":{"line":264,"column":28}},"type":"binary-expr","locations":[{"start":{"line":264,"column":16},"end":{"line":264,"column":22}},{"start":{"line":264,"column":26},"end":{"line":264,"column":28}}],"line":264},"31":{"loc":{"start":{"line":270,"column":4},"end":{"line":272,"column":5}},"type":"if","locations":[{"start":{"line":270,"column":4},"end":{"line":272,"column":5}},{"start":{},"end":{}}],"line":270},"32":{"loc":{"start":{"line":277,"column":4},"end":{"line":277,"column":42}},"type":"if","locations":[{"start":{"line":277,"column":4},"end":{"line":277,"column":42}},{"start":{},"end":{}}],"line":277},"33":{"loc":{"start":{"line":285,"column":4},"end":{"line":287,"column":5}},"type":"if","locations":[{"start":{"line":285,"column":4},"end":{"line":287,"column":5}},{"start":{},"end":{}}],"line":285},"34":{"loc":{"start":{"line":295,"column":2},"end":{"line":302,"column":3}},"type":"if","locations":[{"start":{"line":295,"column":2},"end":{"line":302,"column":3}},{"start":{},"end":{}}],"line":295},"35":{"loc":{"start":{"line":308,"column":18},"end":{"line":308,"column":63}},"type":"cond-expr","locations":[{"start":{"line":308,"column":42},"end":{"line":308,"column":51}},{"start":{"line":308,"column":54},"end":{"line":308,"column":63}}],"line":308},"36":{"loc":{"start":{"line":345,"column":17},"end":{"line":349,"column":17}},"type":"binary-expr","locations":[{"start":{"line":345,"column":17},"end":{"line":345,"column":32}},{"start":{"line":345,"column":36},"end":{"line":345,"column":52}},{"start":{"line":346,"column":18},"end":{"line":348,"column":25}}],"line":345},"37":{"loc":{"start":{"line":361,"column":11},"end":{"line":365,"column":18}},"type":"cond-expr","locations":[{"start":{"line":362,"column":12},"end":{"line":364,"column":19}},{"start":{"line":365,"column":14},"end":{"line":365,"column":18}}],"line":361},"38":{"loc":{"start":{"line":521,"column":43},"end":{"line":521,"column":82}},"type":"binary-expr","locations":[{"start":{"line":521,"column":43},"end":{"line":521,"column":56}},{"start":{"line":521,"column":60},"end":{"line":521,"column":82}}],"line":521},"39":{"loc":{"start":{"line":522,"column":15},"end":{"line":522,"column":84}},"type":"binary-expr","locations":[{"start":{"line":522,"column":15},"end":{"line":522,"column":28}},{"start":{"line":522,"column":32},"end":{"line":522,"column":84}}],"line":522},"40":{"loc":{"start":{"line":539,"column":41},"end":{"line":539,"column":102}},"type":"binary-expr","locations":[{"start":{"line":539,"column":42},"end":{"line":539,"column":56}},{"start":{"line":539,"column":60},"end":{"line":539,"column":70}},{"start":{"line":539,"column":75},"end":{"line":539,"column":102}}],"line":539},"41":{"loc":{"start":{"line":541,"column":22},"end":{"line":541,"column":50}},"type":"binary-expr","locations":[{"start":{"line":541,"column":22},"end":{"line":541,"column":36}},{"start":{"line":541,"column":40},"end":{"line":541,"column":50}}],"line":541},"42":{"loc":{"start":{"line":543,"column":13},"end":{"line":550,"column":13}},"type":"cond-expr","locations":[{"start":{"line":544,"column":14},"end":{"line":544,"column":48}},{"start":{"line":546,"column":14},"end":{"line":549,"column":17}}],"line":543}},"s":{"0":1,"1":34,"2":34,"3":34,"4":34,"5":34,"6":170,"7":170,"8":34,"9":34,"10":34,"11":34,"12":34,"13":34,"14":34,"15":34,"16":34,"17":34,"18":34,"19":34,"20":34,"21":34,"22":34,"23":34,"24":34,"25":34,"26":34,"27":34,"28":34,"29":34,"30":34,"31":34,"32":2,"33":32,"34":32,"35":32,"36":32,"37":32,"38":34,"39":34,"40":34,"41":34,"42":34,"43":34,"44":34,"45":24,"46":0,"47":24,"48":24,"49":34,"50":32,"51":34,"52":0,"53":0,"54":0,"55":34,"56":28,"57":12,"58":12,"59":12,"60":16,"61":16,"62":0,"63":0,"64":0,"65":0,"66":0,"67":0,"68":0,"69":0,"70":34,"71":28,"72":28,"73":28,"74":0,"75":34,"76":22,"77":22,"78":0,"79":0,"80":0,"81":0,"82":0,"83":0,"84":0,"85":0,"86":0,"87":0,"88":0,"89":0,"90":0,"91":34,"92":0,"93":0,"94":34,"95":12,"96":12,"97":12,"98":34,"99":24,"100":34,"101":0,"102":0,"103":34,"104":0,"105":0,"106":0,"107":0,"108":0,"109":0,"110":0,"111":0,"112":0,"113":0,"114":0,"115":34,"116":0,"117":0,"118":0,"119":34,"120":12,"121":0,"122":12,"123":12,"124":12,"125":12,"126":12,"127":48,"128":12,"129":12,"130":12,"131":12,"132":12,"133":0,"134":12,"135":34,"136":22,"137":12,"138":0,"139":1},"f":{"0":34,"1":34,"2":170,"3":34,"4":24,"5":32,"6":0,"7":28,"8":28,"9":28,"10":22,"11":0,"12":0,"13":0,"14":0,"15":12,"16":24,"17":0,"18":0,"19":0,"20":12,"21":0},"b":{"0":[5,165],"1":[5,0],"2":[165,5],"3":[34,1],"4":[34,0],"5":[34,2],"6":[34,2],"7":[34,2],"8":[34,6],"9":[2,32],"10":[34,33],"11":[32,0],"12":[0,24],"13":[0,0],"14":[12,16],"15":[28,22],"16":[0,0],"17":[0,0],"18":[0,0],"19":[0,28],"20":[22,0],"21":[0,0],"22":[0,0],"23":[0,0],"24":[0,0],"25":[0,0],"26":[24,0,0,0,0,0],"27":[0,0],"28":[0,0],"29":[0,0],"30":[0,0],"31":[0,0],"32":[0,12],"33":[12,0],"34":[22,12],"35":[12,0],"36":[12,12,12],"37":[12,0],"38":[12,0],"39":[12,0],"40":[12,0,12],"41":[12,0],"42":[0,12]},"_coverageSchema":"1a1c01bbd47fc00a2c39e90264f33305004495a9","hash":"f975fb912c6c9e8e8c7c0d979d106cdeb5181a81"}
,"D:\\Repos\\MISW4501-202611-ProyectoFinal-Grupo13\\mobile\\src\\screens\\cancelReservation.tsx": {"path":"D:\\Repos\\MISW4501-202611-ProyectoFinal-Grupo13\\mobile\\src\\screens\\cancelReservation.tsx","statementMap":{"0":{"start":{"line":34,"column":29},"end":{"line":40,"column":10}},"1":{"start":{"line":45,"column":16},"end":{"line":45,"column":32}},"2":{"start":{"line":46,"column":17},"end":{"line":46,"column":64}},"3":{"start":{"line":47,"column":24},"end":{"line":47,"column":68}},"4":{"start":{"line":47,"column":54},"end":{"line":47,"column":67}},"5":{"start":{"line":48,"column":24},"end":{"line":48,"column":42}},"6":{"start":{"line":50,"column":46},"end":{"line":50,"column":89}},"7":{"start":{"line":51,"column":34},"end":{"line":51,"column":46}},"8":{"start":{"line":52,"column":46},"end":{"line":52,"column":61}},"9":{"start":{"line":53,"column":38},"end":{"line":53,"column":53}},"10":{"start":{"line":54,"column":52},"end":{"line":54,"column":81}},"11":{"start":{"line":56,"column":24},"end":{"line":56,"column":50}},"12":{"start":{"line":57,"column":20},"end":{"line":57,"column":42}},"13":{"start":{"line":58,"column":19},"end":{"line":58,"column":40}},"14":{"start":{"line":59,"column":18},"end":{"line":59,"column":38}},"15":{"start":{"line":60,"column":19},"end":{"line":60,"column":40}},"16":{"start":{"line":61,"column":17},"end":{"line":61,"column":51}},"17":{"start":{"line":62,"column":17},"end":{"line":62,"column":51}},"18":{"start":{"line":63,"column":19},"end":{"line":63,"column":55}},"19":{"start":{"line":64,"column":16},"end":{"line":64,"column":47}},"20":{"start":{"line":65,"column":19},"end":{"line":65,"column":40}},"21":{"start":{"line":67,"column":20},"end":{"line":67,"column":103}},"22":{"start":{"line":69,"column":20},"end":{"line":74,"column":13}},"23":{"start":{"line":70,"column":4},"end":{"line":74,"column":13}},"24":{"start":{"line":76,"column":22},"end":{"line":76,"column":53}},"25":{"start":{"line":77,"column":27},"end":{"line":77,"column":48}},"26":{"start":{"line":78,"column":2},"end":{"line":78,"column":59}},"27":{"start":{"line":79,"column":24},"end":{"line":79,"column":45}},"28":{"start":{"line":80,"column":2},"end":{"line":80,"column":53}},"29":{"start":{"line":82,"column":16},"end":{"line":82,"column":26}},"30":{"start":{"line":83,"column":2},"end":{"line":83,"column":29}},"31":{"start":{"line":86,"column":2},"end":{"line":92,"column":3}},"32":{"start":{"line":87,"column":4},"end":{"line":87,"column":24}},"33":{"start":{"line":88,"column":9},"end":{"line":92,"column":3}},"34":{"start":{"line":89,"column":4},"end":{"line":89,"column":58}},"35":{"start":{"line":91,"column":4},"end":{"line":91,"column":28}},"36":{"start":{"line":94,"column":2},"end":{"line":96,"column":9}},"37":{"start":{"line":95,"column":4},"end":{"line":95,"column":28}},"38":{"start":{"line":98,"column":32},"end":{"line":115,"column":3}},"39":{"start":{"line":99,"column":22},"end":{"line":99,"column":87}},"40":{"start":{"line":99,"column":48},"end":{"line":99,"column":86}},"41":{"start":{"line":100,"column":4},"end":{"line":103,"column":5}},"42":{"start":{"line":101,"column":6},"end":{"line":101,"column":41}},"43":{"start":{"line":102,"column":6},"end":{"line":102,"column":13}},"44":{"start":{"line":104,"column":4},"end":{"line":114,"column":5}},"45":{"start":{"line":105,"column":21},"end":{"line":105,"column":54}},"46":{"start":{"line":106,"column":6},"end":{"line":111,"column":7}},"47":{"start":{"line":107,"column":22},"end":{"line":107,"column":85}},"48":{"start":{"line":107,"column":46},"end":{"line":107,"column":84}},"49":{"start":{"line":108,"column":8},"end":{"line":110,"column":9}},"50":{"start":{"line":109,"column":10},"end":{"line":109,"column":41}},"51":{"start":{"line":113,"column":6},"end":{"line":113,"column":50}},"52":{"start":{"line":117,"column":21},"end":{"line":125,"column":3}},"53":{"start":{"line":119,"column":6},"end":{"line":119,"column":83}},"54":{"start":{"line":120,"column":4},"end":{"line":124,"column":7}},"55":{"start":{"line":127,"column":28},"end":{"line":140,"column":3}},"56":{"start":{"line":128,"column":28},"end":{"line":128,"column":30}},"57":{"start":{"line":129,"column":4},"end":{"line":133,"column":5}},"58":{"start":{"line":130,"column":6},"end":{"line":132,"column":8}},"59":{"start":{"line":134,"column":4},"end":{"line":138,"column":5}},"60":{"start":{"line":135,"column":6},"end":{"line":137,"column":8}},"61":{"start":{"line":139,"column":4},"end":{"line":139,"column":28}},"62":{"start":{"line":142,"column":25},"end":{"line":155,"column":3}},"63":{"start":{"line":143,"column":4},"end":{"line":154,"column":5}},"64":{"start":{"line":145,"column":8},"end":{"line":145,"column":56}},"65":{"start":{"line":147,"column":8},"end":{"line":147,"column":56}},"66":{"start":{"line":149,"column":8},"end":{"line":149,"column":63}},"67":{"start":{"line":151,"column":8},"end":{"line":151,"column":58}},"68":{"start":{"line":153,"column":8},"end":{"line":153,"column":50}},"69":{"start":{"line":157,"column":21},"end":{"line":159,"column":3}},"70":{"start":{"line":158,"column":4},"end":{"line":158,"column":18}},"71":{"start":{"line":161,"column":32},"end":{"line":163,"column":3}},"72":{"start":{"line":162,"column":4},"end":{"line":162,"column":18}},"73":{"start":{"line":165,"column":36},"end":{"line":194,"column":3}},"74":{"start":{"line":166,"column":4},"end":{"line":169,"column":5}},"75":{"start":{"line":167,"column":6},"end":{"line":167,"column":64}},"76":{"start":{"line":168,"column":6},"end":{"line":168,"column":13}},"77":{"start":{"line":170,"column":4},"end":{"line":173,"column":5}},"78":{"start":{"line":171,"column":6},"end":{"line":171,"column":64}},"79":{"start":{"line":172,"column":6},"end":{"line":172,"column":13}},"80":{"start":{"line":174,"column":4},"end":{"line":193,"column":5}},"81":{"start":{"line":175,"column":6},"end":{"line":175,"column":26}},"82":{"start":{"line":176,"column":21},"end":{"line":178,"column":8}},"83":{"start":{"line":179,"column":6},"end":{"line":187,"column":7}},"84":{"start":{"line":180,"column":8},"end":{"line":184,"column":10}},"85":{"start":{"line":183,"column":50},"end":{"line":183,"column":63}},"86":{"start":{"line":186,"column":8},"end":{"line":186,"column":91}},"87":{"start":{"line":189,"column":6},"end":{"line":189,"column":56}},"88":{"start":{"line":190,"column":6},"end":{"line":190,"column":64}},"89":{"start":{"line":192,"column":6},"end":{"line":192,"column":27}},"90":{"start":{"line":197,"column":4},"end":{"line":199,"column":11}},"91":{"start":{"line":201,"column":2},"end":{"line":473,"column":4}},"92":{"start":{"line":392,"column":12},"end":{"line":407,"column":31}},"93":{"start":{"line":395,"column":29},"end":{"line":395,"column":54}},"94":{"start":{"line":429,"column":25},"end":{"line":429,"column":59}},"95":{"start":{"line":476,"column":15},"end":{"line":878,"column":2}}},"fnMap":{"0":{"name":"CancelReservationScreen","decl":{"start":{"line":44,"column":24},"end":{"line":44,"column":47}},"loc":{"start":{"line":44,"column":50},"end":{"line":474,"column":1}},"line":44},"1":{"name":"(anonymous_1)","decl":{"start":{"line":47,"column":43},"end":{"line":47,"column":44}},"loc":{"start":{"line":47,"column":54},"end":{"line":47,"column":67}},"line":47},"2":{"name":"(anonymous_2)","decl":{"start":{"line":69,"column":20},"end":{"line":69,"column":21}},"loc":{"start":{"line":70,"column":4},"end":{"line":74,"column":13}},"line":70},"3":{"name":"(anonymous_3)","decl":{"start":{"line":94,"column":12},"end":{"line":94,"column":13}},"loc":{"start":{"line":94,"column":18},"end":{"line":96,"column":3}},"line":94},"4":{"name":"(anonymous_4)","decl":{"start":{"line":98,"column":32},"end":{"line":98,"column":33}},"loc":{"start":{"line":98,"column":44},"end":{"line":115,"column":3}},"line":98},"5":{"name":"(anonymous_5)","decl":{"start":{"line":99,"column":41},"end":{"line":99,"column":42}},"loc":{"start":{"line":99,"column":48},"end":{"line":99,"column":86}},"line":99},"6":{"name":"(anonymous_6)","decl":{"start":{"line":107,"column":39},"end":{"line":107,"column":40}},"loc":{"start":{"line":107,"column":46},"end":{"line":107,"column":84}},"line":107},"7":{"name":"(anonymous_7)","decl":{"start":{"line":117,"column":21},"end":{"line":117,"column":22}},"loc":{"start":{"line":117,"column":45},"end":{"line":125,"column":3}},"line":117},"8":{"name":"(anonymous_8)","decl":{"start":{"line":127,"column":28},"end":{"line":127,"column":29}},"loc":{"start":{"line":127,"column":42},"end":{"line":140,"column":3}},"line":127},"9":{"name":"(anonymous_9)","decl":{"start":{"line":142,"column":25},"end":{"line":142,"column":26}},"loc":{"start":{"line":142,"column":65},"end":{"line":155,"column":3}},"line":142},"10":{"name":"(anonymous_10)","decl":{"start":{"line":157,"column":21},"end":{"line":157,"column":22}},"loc":{"start":{"line":157,"column":27},"end":{"line":159,"column":3}},"line":157},"11":{"name":"(anonymous_11)","decl":{"start":{"line":161,"column":32},"end":{"line":161,"column":33}},"loc":{"start":{"line":161,"column":38},"end":{"line":163,"column":3}},"line":161},"12":{"name":"(anonymous_12)","decl":{"start":{"line":165,"column":36},"end":{"line":165,"column":37}},"loc":{"start":{"line":165,"column":48},"end":{"line":194,"column":3}},"line":165},"13":{"name":"(anonymous_13)","decl":{"start":{"line":183,"column":44},"end":{"line":183,"column":45}},"loc":{"start":{"line":183,"column":50},"end":{"line":183,"column":63}},"line":183},"14":{"name":"(anonymous_14)","decl":{"start":{"line":391,"column":36},"end":{"line":391,"column":37}},"loc":{"start":{"line":392,"column":12},"end":{"line":407,"column":31}},"line":392},"15":{"name":"(anonymous_15)","decl":{"start":{"line":395,"column":23},"end":{"line":395,"column":24}},"loc":{"start":{"line":395,"column":29},"end":{"line":395,"column":54}},"line":395},"16":{"name":"(anonymous_16)","decl":{"start":{"line":429,"column":19},"end":{"line":429,"column":20}},"loc":{"start":{"line":429,"column":25},"end":{"line":429,"column":59}},"line":429}},"branchMap":{"0":{"loc":{"start":{"line":56,"column":24},"end":{"line":56,"column":50}},"type":"binary-expr","locations":[{"start":{"line":56,"column":24},"end":{"line":56,"column":44}},{"start":{"line":56,"column":48},"end":{"line":56,"column":50}}],"line":56},"1":{"loc":{"start":{"line":57,"column":20},"end":{"line":57,"column":42}},"type":"binary-expr","locations":[{"start":{"line":57,"column":20},"end":{"line":57,"column":36}},{"start":{"line":57,"column":40},"end":{"line":57,"column":42}}],"line":57},"2":{"loc":{"start":{"line":58,"column":19},"end":{"line":58,"column":40}},"type":"binary-expr","locations":[{"start":{"line":58,"column":19},"end":{"line":58,"column":34}},{"start":{"line":58,"column":38},"end":{"line":58,"column":40}}],"line":58},"3":{"loc":{"start":{"line":59,"column":18},"end":{"line":59,"column":38}},"type":"binary-expr","locations":[{"start":{"line":59,"column":18},"end":{"line":59,"column":32}},{"start":{"line":59,"column":36},"end":{"line":59,"column":38}}],"line":59},"4":{"loc":{"start":{"line":60,"column":19},"end":{"line":60,"column":40}},"type":"binary-expr","locations":[{"start":{"line":60,"column":19},"end":{"line":60,"column":34}},{"start":{"line":60,"column":38},"end":{"line":60,"column":40}}],"line":60},"5":{"loc":{"start":{"line":61,"column":26},"end":{"line":61,"column":46}},"type":"binary-expr","locations":[{"start":{"line":61,"column":26},"end":{"line":61,"column":39}},{"start":{"line":61,"column":43},"end":{"line":61,"column":46}}],"line":61},"6":{"loc":{"start":{"line":62,"column":26},"end":{"line":62,"column":46}},"type":"binary-expr","locations":[{"start":{"line":62,"column":26},"end":{"line":62,"column":39}},{"start":{"line":62,"column":43},"end":{"line":62,"column":46}}],"line":62},"7":{"loc":{"start":{"line":63,"column":28},"end":{"line":63,"column":50}},"type":"binary-expr","locations":[{"start":{"line":63,"column":28},"end":{"line":63,"column":43}},{"start":{"line":63,"column":47},"end":{"line":63,"column":50}}],"line":63},"8":{"loc":{"start":{"line":64,"column":27},"end":{"line":64,"column":46}},"type":"binary-expr","locations":[{"start":{"line":64,"column":27},"end":{"line":64,"column":39}},{"start":{"line":64,"column":43},"end":{"line":64,"column":46}}],"line":64},"9":{"loc":{"start":{"line":65,"column":19},"end":{"line":65,"column":40}},"type":"binary-expr","locations":[{"start":{"line":65,"column":19},"end":{"line":65,"column":34}},{"start":{"line":65,"column":38},"end":{"line":65,"column":40}}],"line":65},"10":{"loc":{"start":{"line":67,"column":54},"end":{"line":67,"column":101}},"type":"binary-expr","locations":[{"start":{"line":67,"column":54},"end":{"line":67,"column":91}},{"start":{"line":67,"column":95},"end":{"line":67,"column":101}}],"line":67},"11":{"loc":{"start":{"line":86,"column":2},"end":{"line":92,"column":3}},"type":"if","locations":[{"start":{"line":86,"column":2},"end":{"line":92,"column":3}},{"start":{"line":88,"column":9},"end":{"line":92,"column":3}}],"line":86},"12":{"loc":{"start":{"line":88,"column":9},"end":{"
[...]
,"D:\\Repos\\MISW4501-202611-ProyectoFinal-Grupo13\\mobile\\src\\store\\userStore.ts": {"path":"D:\\Repos\\MISW4501-202611-ProyectoFinal-Grupo13\\mobile\\src\\store\\userStore.ts","statementMap":{"0":{"start":{"line":15,"column":28},"end":{"line":23,"column":3}},"1":{"start":{"line":15,"column":56},"end":{"line":23,"column":1}},"2":{"start":{"line":19,"column":21},"end":{"line":19,"column":47}},"3":{"start":{"line":20,"column":29},"end":{"line":20,"column":47}},"4":{"start":{"line":21,"column":23},"end":{"line":21,"column":37}},"5":{"start":{"line":22,"column":19},"end":{"line":22,"column":51}}},"fnMap":{"0":{"name":"(anonymous_0)","decl":{"start":{"line":15,"column":46},"end":{"line":15,"column":47}},"loc":{"start":{"line":15,"column":56},"end":{"line":23,"column":1}},"line":15},"1":{"name":"(anonymous_1)","decl":{"start":{"line":19,"column":11},"end":{"line":19,"column":12}},"loc":{"start":{"line":19,"column":21},"end":{"line":19,"column":47}},"line":19},"2":{"name":"(anonymous_2)","decl":{"start":{"line":20,"column":14},"end":{"line":20,"column":15}},"loc":{"start":{"line":20,"column":29},"end":{"line":20,"column":47}},"line":20},"3":{"name":"(anonymous_3)","decl":{"start":{"line":21,"column":12},"end":{"line":21,"column":13}},"loc":{"start":{"line":21,"column":23},"end":{"line":21,"column":37}},"line":21},"4":{"name":"(anonymous_4)","decl":{"start":{"line":22,"column":13},"end":{"line":22,"column":14}},"loc":{"start":{"line":22,"column":19},"end":{"line":22,"column":51}},"line":22}},"branchMap":{},"s":{"0":4,"1":4,"2":5,"3":3,"4":2,"5":3},"f":{"0":4,"1":5,"2":3,"3":2,"4":3},"b":{},"_coverageSchema":"1a1c01bbd47fc00a2c39e90264f33305004495a9","hash":"a746e8c17109004704df3f3fa821fd772372c3d5"}
,"D:\\Repos\\MISW4501-202611-ProyectoFinal-Grupo13\\mobile\\src\\utils\\api.ts": {"path":"D:\\Repos\\MISW4501-202611-ProyectoFinal-Grupo13\\mobile\\src\\utils\\api.ts","statementMap":{"0":{"start":{"line":7,"column":17},"end":{"line":7,"column":19}},"1":{"start":{"line":8,"column":17},"end":{"line":8,"column":71}},"2":{"start":{"line":10,"column":2},"end":{"line":11,"column":54}},"3":{"start":{"line":12,"column":0},"end":{"line":12,"column":69}},"4":{"start":{"line":15,"column":0},"end":{"line":22,"column":1}},"5":{"start":{"line":16,"column":2},"end":{"line":16,"column":54}},"6":{"start":{"line":19,"column":2},"end":{"line":21,"column":44}},"7":{"start":{"line":24,"column":0},"end":{"line":24,"column":60}},"8":{"start":{"line":26,"column":20},"end":{"line":28,"column":2}},"9":{"start":{"line":30,"column":32},"end":{"line":33,"column":2}},"10":{"start":{"line":35,"column":0},"end":{"line":43,"column":3}},"11":{"start":{"line":41,"column":4},"end":{"line":41,"column":60}},"12":{"start":{"line":46,"column":19},"end":{"line":46,"column":24}},"13":{"start":{"line":47,"column":54},"end":{"line":47,"column":56}},"14":{"start":{"line":49,"column":30},"end":{"line":51,"column":1}},"15":{"start":{"line":50,"column":2},"end":{"line":50,"column":36}},"16":{"start":{"line":53,"column":25},"end":{"line":56,"column":1}},"17":{"start":{"line":54,"column":2},"end":{"line":54,"column":58}},"18":{"start":{"line":54,"column":41},"end":{"line":54,"column":56}},"19":{"start":{"line":55,"column":2},"end":{"line":55,"column":26}},"20":{"start":{"line":58,"column":0},"end":{"line":89,"column":2}},"21":{"start":{"line":60,"column":4},"end":{"line":82,"column":5}},"22":{"start":{"line":61,"column":27},"end":{"line":61,"column":59}},"23":{"start":{"line":63,"column":6},"end":{"line":66,"column":7}},"24":{"start":{"line":64,"column":22},"end":{"line":64,"column":46}},"25":{"start":{"line":65,"column":8},"end":{"line":65,"column":92}},"26":{"start":{"line":68,"column":6},"end":{"line":68,"column":38}},"27":{"start":{"line":71,"column":21},"end":{"line":71,"column":59}},"28":{"start":{"line":72,"column":18},"end":{"line":72,"column":44}},"29":{"start":{"line":73,"column":6},"end":{"line":73,"column":54}},"30":{"start":{"line":74,"column":6},"end":{"line":76,"column":7}},"31":{"start":{"line":75,"column":8},"end":{"line":75,"column":75}},"32":{"start":{"line":77,"column":6},"end":{"line":79,"column":7}},"33":{"start":{"line":78,"column":8},"end":{"line":78,"column":77}},"34":{"start":{"line":81,"column":6},"end":{"line":81,"column":58}},"35":{"start":{"line":84,"column":4},"end":{"line":84,"column":15}},"36":{"start":{"line":87,"column":4},"end":{"line":87,"column":31}},"37":{"start":{"line":92,"column":0},"end":{"line":195,"column":2}},"38":{"start":{"line":95,"column":4},"end":{"line":97,"column":6}},"39":{"start":{"line":98,"column":4},"end":{"line":100,"column":5}},"40":{"start":{"line":99,"column":6},"end":{"line":99,"column":74}},"41":{"start":{"line":102,"column":4},"end":{"line":104,"column":5}},"42":{"start":{"line":105,"column":4},"end":{"line":105,"column":15}},"43":{"start":{"line":108,"column":27},"end":{"line":108,"column":47}},"44":{"start":{"line":109,"column":23},"end":{"line":109,"column":55}},"45":{"start":{"line":110,"column":26},"end":{"line":110,"column":72}},"46":{"start":{"line":113,"column":4},"end":{"line":124,"column":5}},"47":{"start":{"line":114,"column":6},"end":{"line":114,"column":84}},"48":{"start":{"line":117,"column":27},"end":{"line":121,"column":7}},"49":{"start":{"line":123,"column":6},"end":{"line":123,"column":42}},"50":{"start":{"line":127,"column":4},"end":{"line":129,"column":6}},"51":{"start":{"line":130,"column":4},"end":{"line":132,"column":5}},"52":{"start":{"line":131,"column":6},"end":{"line":131,"column":86}},"53":{"start":{"line":133,"column":4},"end":{"line":135,"column":5}},"54":{"start":{"line":134,"column":6},"end":{"line":134,"column":61}},"55":{"start":{"line":137,"column":4},"end":{"line":191,"column":5}},"56":{"start":{"line":138,"column":30},"end":{"line":138,"column":93}},"57":{"start":{"line":141,"column":6},"end":{"line":144,"column":7}},"58":{"start":{"line":142,"column":8},"end":{"line":142,"column":75}},"59":{"start":{"line":143,"column":8},"end":{"line":143,"column":35}},"60":{"start":{"line":147,"column":33},"end":{"line":147,"column":65}},"61":{"start":{"line":148,"column":6},"end":{"line":151,"column":7}},"62":{"start":{"line":149,"column":8},"end":{"line":149,"column":69}},"63":{"start":{"line":150,"column":8},"end":{"line":150,"column":35}},"64":{"start":{"line":153,"column":6},"end":{"line":163,"column":7}},"65":{"start":{"line":155,"column":8},"end":{"line":155,"column":72}},"66":{"start":{"line":156,"column":8},"end":{"line":162,"column":11}},"67":{"start":{"line":157,"column":10},"end":{"line":161,"column":13}},"68":{"start":{"line":158,"column":12},"end":{"line":158,"column":70}},"69":{"start":{"line":159,"column":12},"end":{"line":159,"column":42}},"70":{"start":{"line":160,"column":12},"end":{"line":160,"column":50}},"71":{"start":{"line":165,"column":6},"end":{"line":165,"column":36}},"72":{"start":{"line":166,"column":6},"end":{"line":166,"column":26}},"73":{"start":{"line":168,"column":6},"end":{"line":190,"column":7}},"74":{"start":{"line":169,"column":8},"end":{"line":169,"column":54}},"75":{"start":{"line":170,"column":24},"end":{"line":170,"column":44}},"76":{"start":{"line":172,"column":8},"end":{"line":181,"column":9}},"77":{"start":{"line":173,"column":27},"end":{"line":173,"column":59}},"78":{"start":{"line":174,"column":10},"end":{"line":180,"column":11}},"79":{"start":{"line":175,"column":26},"end":{"line":175,"column":46}},"80":{"start":{"line":176,"column":12},"end":{"line":176,"column":36}},"81":{"start":{"line":177,"column":12},"end":{"line":177,"column":70}},"82":{"start":{"line":178,"column":12},"end":{"line":178,"column":67}},"83":{"start":{"line":179,"column":12},"end":{"line":179,"column":56}},"84":{"start":{"line":183,"column":8},"end":{"line":183,"column":47}},"85":{"start":{"line":184,"column":8},"end":{"line":184,"column":35}},"86":{"start":{"line":186,"column":8},"end":{"line":186,"column":61}},"87":{"start":{"line":187,"column":8},"end":{"line":187,"column":35}},"88":{"start":{"line":189,"column":8},"end":{"line":189,"column":29}},"89":{"start":{"line":193,"column":4},"end":{"line":193,"column":31}},"90":{"start":{"line":198,"column":21},"end":{"line":238,"column":1}},"91":{"start":{"line":199,"column":2},"end":{"line":237,"column":3}},"92":{"start":{"line":201,"column":25},"end":{"line":201,"column":57}},"93":{"start":{"line":203,"column":4},"end":{"line":205,"column":5}},"94":{"start":{"line":204,"column":6},"end":{"line":204,"column":52}},"95":{"start":{"line":207,"column":23},"end":{"line":207,"column":67}},"96":{"start":{"line":208,"column":4},"end":{"line":208,"column":66}},"97":{"start":{"line":211,"column":21},"end":{"line":215,"column":5}},"98":{"start":{"line":217,"column":4},"end":{"line":227,"column":5}},"99":{"start":{"line":218,"column":6},"end":{"line":218,"column":49}},"100":{"start":{"line":220,"column":6},"end":{"line":220,"column":76}},"101":{"start":{"line":222,"column":6},"end":{"line":224,"column":7}},"102":{"start":{"line":223,"column":8},"end":{"line":223,"column":85}},"103":{"start":{"line":226,"column":6},"end":{"line":226,"column":18}},"104":{"start":{"line":229,"column":4},"end":{"line":229,"column":65}},"105":{"start":{"line":230,"column":4},"end":{"line":230,"column":17}},"106":{"start":{"line":232,"column":4},"end":{"line":232,"column":53}},"107":{"start":{"line":234,"column":4},"end":{"line":234,"column":40}},"108":{"start":{"line":235,"column":4},"end":{"line":235,"column":40}},"109":{"start":{"line":236,"column":4},"end":{"line":236,"column":17}}},"fnMap":{"0":{"name":"(anonymous_0)","decl":{"start":{"line":39,"column":18},"end":{"line":39,"column":19}},"loc":{"start":{"line":39,"column":50},"end":{"line":42,"column":3}},"line":39},"1":{"name":"(anonymous_1)","decl":{"start":{"line":49,"column":30},"end":{"line":49,"column":31}},"loc":{"start":{"line":49,"column":69},"end":{"line":51,"column":1}},"line":49},"2":{"name":"(anonymous_2)","decl":{"start":{"line":53,"column":25},"end":{"line":53,"column":26}},"loc":{"start":{"line":53,"column":44},"end":{"line":56,"column":1}},"line":53},"3":{"name":"(anonymous_3)","decl":{"start":{"line":54,"column":29},"end":{"line":54,"column":30}},"loc":{"start":{"line":54,"column":41},"end":{"line":54,"column":56}},"line":54},"4":{"name":"(anonymous_4)","decl":{"start":{"line":59,"column":2},"end":{"line":59,"column":3}},"loc":{"start":{"line":59,"column":45},"end":{"line":85,"column":3}},"line":59},"5":{"name":"(anonymous_5)","decl":{"start":{"line":86,"column":2},"end":{"line":86,"column":3}},"loc":{"start":{"line":86,"column":9},"end":{"line":88,"column":3}},"line":86},"6":{"name":"(anonymous_6)","decl":{"start":{"line":93,"column":2},"end":{"line":93,"column":3}},"loc":{"start":{"line":93,"column":9},"end":{"line":106,"column":3}},"line":93},"7":{"name":"(anonymous_7)","decl":{"start":{"line":107,"column":2},"end":{"line":107,"column":3}},"loc":{"start":{"line":107,"column":29},"end":{"line":194,"column":3}},"line":107},"8":{"name":"(anonymous_8)","decl":{"start":{"line":156,"column":27},"end":{"line":156,"column":28}},"loc":{"start":{"line":156,"column":38},"end":{"line":162,"column":9}},"line":156},"9":{"name":"(anonymous_9)","decl":{"start":{"line":157,"column":32},"end":{"line":157,"column":33}},"loc":{"start":{"line":157,"column":51},"end":{"line":161,"column":11}},"line":157},"10":{"name":"(anonymous_10)","decl":{"start":{"line":198,"column":21},"end":{"line":198,"column":22}},"loc":{"start":{"line":198,"column":33},"end":{"line":238,"column":1}},"line":198}},"branchMap":{"0":{"loc":{"start":{"line":8,"column":17},"end":{"line":8,"column":71}},"type":"binary-expr","locations":[{"start":{"line":8,"column":17},"end":{"line":8,"column":65}},{"start":{"line":8,"column":69},"end":{"line":8,"column":71}}],"line":8},"1":{"loc":{"start":{"line":10,"column":2},"end":{"line":11,"column":54}},"type":"binary-expr","locations":[{"start":{"line":10,"column":2},"end":{"line":10,"column":57}},{"start":{"line":11,"column":2},"end":{"line":11,"column":54}}],"line":10},"2":{"loc":{"start":{"line":15,"column":0},"end":{"line":22,"column":1}},"type":"if","locations":[{"start":{"line":15,"column":0},"end":{"line":22,"column":1}},{"start":{"line":17,"column":7},"end":{"line":22,"column":1}}],"line":15},"3":{"loc":{"start":{"line":20,"column":4},"end":{"line":21,"column":43}},"type":"binary-expr","locations":[{"start":{"line":20,"column":4},"end":{"line":20,"column":54}},{"start":{"line":21,"column":4},"end":{"line":21,"column":43}}],"line":20},"4":{"loc":{"start":{"line":41,"column":11},"end":{"line":41,"column":59}},"type":"binary-expr","locations":[{"start":{"line":41,"column":11},"end":{"line":41,"column":40}},{"start":{"line":41,"column":44},"end":{"line":41,"column":59}}],"line":41},"5":{"loc":{"start":{"line":63,"column":6},"end":{"line":66,"column":7}},"type":"if","locations":[{"start":{"line":63,"column":6},"end":{"line":66,"column":7}},{"start":{},"end":{}}],"line":63},"6":{"loc":{"start":{"line":65,"column":36},"end":{"line":65,"column":91}},"type":"cond-expr","locations":[{"start":{"line":65,"column":66},"end":{"line":65,"column":71}},{"start":{"line":65,"column":74},"end":{"line":65,"column":91}}],"line":65},"7":{"loc":{"start":{"line":71,"column":21},"end":{"line":71,"column":59}},"type":"binary-expr","locations":[{"start":{"line":71,"column":21},"end":{"line":71,"column":46}},{"start":{"line":71,"column":50},"end":{"line":71,"column":59}}],"line":71},"8":{"loc":{"start":{"line":74,"column":6},"end":{"line":76,"column":7}},"type":"if","locations":[{"start":{"line":74,"column":6},"end":{"line":76,"column":7}},{"start":{},"end":{}}],"line":74},"9":{"loc":{"start":{"line":77,"column":6},"end":{"line":79,"column":7}},"type":"if","locations":[{"start":{"line":77,"column":6},"end":{"line":79,"column":7}},{"start":{},"end":{}}],"line":77},"10":{"loc":{"start":{"line":98,"column":4},"end":{"line":100,"column":5}},"type":"if","locations":[{"start":{"line":98,"column":4},"end":{"line":100,"column":5}},{"start":{},"end":{}}],"line":98},"11":{"loc":{"start":{"line":102,"column":4},"end":{"line":104,"column":5}},"type":"if","locations":[{"start":{"line":102,"column":4},"end":{"line":104,"column":5}},{"start":{},"end":{}}],"line":102},"12":{"loc":{"start":{"line":109,"column":23},"end":{"line":109,"column":55}},"type":"binary-expr","locations":[{"start":{"line":109,"column":23},"end":{"line":109,"column":38}},{"start":{"line":109,"column":42},"end":{"line":109,"column":55}}],"line":109},"13":{"loc":{"start":{"line":110,"column":26},"end":{"line":110,"column":72}},"type":"binary-expr","locations":[{"start":{"line":110,"column":26},"end":{"line":110,"column":59}},{"start":{"line":110,"column":63},"end":{"line":110,"column":72}}],"line":110},"14":{"loc":{"start":{"line":113,"column":4},"end":{"line":124,"column":5}},"type":"if","locations":[{"start":{"line":113,"column":4},"end":{"line":124,"column":5}},{"start":{},"end":{}}],"line":113},"15":{"loc":{"start":{"line":130,"column":4},"end":{"line":132,"column":5}},"type":"if","locations":[{"start":{"line":130,"column":4},"end":{"line":132,"column":5}},{"start":{},"end":{}}],"line":130},"16":{"loc":{"start":{"line":133,"column":4},"end":{"line":135,"column":5}},"type":"if","locations":[{"start":{"line":133,"column":4},"end":{"line":135,"column":5}},{"start":{},"end":{}}],"line":133},"17":{"loc":{"start":{"line":137,"column":4},"end":{"line":191,"column":5}},"type":"if","locations":[{"start":{"line":137,"column":4},"end":{"line":191,"column":5}},{"start":{},"end":{}}],"line":137},"18":{"loc":{"start":{"line":137,"column":8},"end":{"line":137,"column":44}},"type":"binary-expr","locations":[{"start":{"line":137,"column":8},"end":{"line":137,"column":30}},{"start":{"line":137,"column":34},"end":{"line":137,"column":44}}],"line":137},"19":{"loc":{"start":{"line":141,"column":6},"end":{"line":144,"column":7}},"type":"if","locations":[{"start":{"line":141,"column":6},"end":{"line":144,"column":7}},{"start":{},"end":{}}],"line":141},"20":{"loc":{"start":{"line":148,"column":6},"end":{"line":151,"column":7}},"type":"if","locations":[{"start":{"line":148,"column":6},"end":{"line":151,"column":7}},{"start":{},"end":{}}],"line":148},"21":{"loc":{"start":{"line":153,"column":6},"end":{"line":163,"column":7}},"type":"if","locations":[{"start":{"line":153,"column":6},"end":{"line":163,"column":7}},{"start":{},"end":{}}],"line":153},"22":{"loc":{"start":{"line":172,"column":8},"end":{"line":181,"column":9}},"type":"if","locations":[{"start":{"line":172,"column":8},"end":{"line":181,"column":9}},{"start":{},"end":{}}],"line":172},"23":{"loc":{"start":{"line":174,"column":10},"end":{"line":180,"column":11}},"type":"if","locations":[{"start":{"line":174,"column":10},"end":{"line":180,"column":11}},{"start":{},"end":{}}],"line":174},"24":{"loc":{"start":{"line":203,"column":4},"end":{"line":205,"column":5}},"type":"if","locations":[{"start":{"line":203,"column":4},"end":{"line":205,"column":5}},{"start":{},"end":{}}],"line":203},"25":{"loc":{"start":{"line":217,"column":4},"end":{"line":227,"column":5}},"type":"if","locations":[{"start":{"line":217,"column":4},"end":{"line":227,"column":5}},{"start":{},"end":{}}],"line":217},"26":{"loc":{"start":{"line":217,"column":8},"end":{"line":217,"column":44}},"type":"binary-expr","locations":[{"start":{"line":217,"column":8},"end":{"line":217,"column":21}},{"start":{"line":217,"column":25},"end":{"line":217,"column":44}}],"line":217},"27":{"loc":{"start":{"line":222,"column":6},"end":{"line":224,"column":7}},"type":"if","locations":[{"start":{"line":222,"column":6},"end":{"line":224,"column":7}},{"start":{},"end":{}}],"line":222}},"s":{"0":37,"1":37,"2":37,"3":37,"4":37,"5":37,"6":0,"7":37,"8":37,"9":37,"10":37,"11":3,"12":37,"13":37,"14":37,"15":0,"16":37,"17":2,"18":0,"19":2,"20":37,"21":8,"22":8,"23":7,"24":2,"25":2,"26":7,"27":7,"28":7,"29":7,"30":7,"31":1,"32":7,"33":1,"34":1,"35":8,"36":1,"37":37,"38":3,"39":3,"40":3,"41":3,"42":3,"43":12,"44":12,"45":12,"46":12,"47":1,"48":1,"49":1,"50":11,"51":11,"52":11,"53":11,"54":0,"55":11,"56":8,"57":8,"58":1,"59":1,"60":7,"61":7,"62":1,"63":1,"64":6,"65":0,"66":0,"67":0,"68":0,"69":0,"70":0,"71":6,"72":6,"73":6,"74":6,"75":6,"76":6,"77":3,"78":3,"79":2,"80":2,"81":2,"82":2,"83":2,"84":4,"85":4,"86":0,"87":0,"88":6,"89":3,"90":37,"91":6,"92":6,"93":5,"94":0,"95":5,"96":5,"97":5,"98":4,"99":3,"100":3,"101":3,"102":2,"103":3,"104":1,"105":1,"106":2,"107":2,"108":2,"109":2},"f":{"0":3,"1":0,"2":2,"3":0,"4":8,"5":1,"6":3,"7":12,"8":0,"9":0,"10":6},"b":{"0":[37,8],"1":[37,37],"2":[37,0],"3":[0,0],"4":[3,2],"5":[2,5],"6":[1,1],"7":[7,0],"8":[1,6],"9":[1,6],"10":[3,0],"11":[1,2],"12":[12,0],"13":[12,0],"14":[1,11],"15":[11,0],"16":[0,11],"17":[8,3],"18":[11,8],"19":[1,7],"20":[1,6],"21":[0,6],"22":[3,3],"23":[2,1],"24":[0,5],"25":[3,1],"26":[4,4],"27":[2,1]},"_coverageSchema":"1a1c01bbd47fc00a2c39e90264f33305004495a9","hash":"293a5b9ed9232deb5e9b8896a379c202f3e27141"}
,"D:\\Repos\\MISW4501-202611-ProyectoFinal-Grupo13\\mobile\\src\\utils\\constants.ts": {"path":"D:\\Repos\\MISW4501-202611-ProyectoFinal-Grupo13\\mobile\\src\\utils\\constants.ts","statementMap":{"0":{"start":{"line":1,"column":24},"end":{"line":1,"column":28}},"1":{"start":{"line":2,"column":27},"end":{"line":2,"column":31}}},"fnMap":{},"branchMap":{},"s":{"0":3,"1":3},"f":{},"b":{},"_coverageSchema":"1a1c01bbd47fc00a2c39e90264f33305004495a9","hash":"32467c6964465d34de7861c70e859ec9399be4ab"}
}
