TN:
SF:src\_layout.tsx
FN:10,RootLayout
FN:11,(anonymous_1)
FN:13,(anonymous_2)
FNF:3
FNH:0
FNDA:0,RootLayout
FNDA:0,(anonymous_1)
FNDA:0,(anonymous_2)
DA:11,0
DA:13,0
DA:14,0
DA:18,0
DA:20,0
LF:5
LH:0
BRDA:24,0,0,0
BRDA:24,0,1,0
BRF:2
BRH:0
end_of_record
TN:
SF:src\index.tsx
FN:3,Index
FNF:1
FNH:0
FNDA:0,Index
DA:4,0
LF:1
LH:0
BRF:0
BRH:0
end_of_record
TN:
SF:src\common\HotelSearch.tsx
FN:36,CalendarPicker
FN:38,(anonymous_1)
FN:50,(anonymous_2)
FN:66,(anonymous_3)
FN:73,(anonymous_4)
FN:82,(anonymous_5)
FN:89,(anonymous_6)
FN:93,(anonymous_7)
FN:97,(anonymous_8)
FN:132,(anonymous_9)
FN:138,(anonymous_10)
FN:145,(anonymous_11)
FN:168,HotelSearch
FN:175,(anonymous_13)
FN:187,(anonymous_14)
FN:196,(anonymous_15)
FN:208,(anonymous_16)
FN:217,(anonymous_17)
FN:249,(anonymous_18)
FN:267,(anonymous_19)
FN:286,(anonymous_20)
FN:314,(anonymous_21)
FN:323,(anonymous_22)
FN:335,(anonymous_23)
FN:339,(anonymous_24)
FN:346,(anonymous_25)
FNF:26
FNH:23
FNDA:153,CalendarPicker
FNDA:96,(anonymous_1)
FNDA:97,(anonymous_2)
FNDA:9187,(anonymous_3)
FNDA:9186,(anonymous_4)
FNDA:1,(anonymous_5)
FNDA:0,(anonymous_6)
FNDA:1,(anonymous_7)
FNDA:459,(anonymous_8)
FNDA:1071,(anonymous_9)
FNDA:5494,(anonymous_10)
FNDA:1,(anonymous_11)
FNDA:76,HotelSearch
FNDA:49,(anonymous_13)
FNDA:152,(anonymous_14)
FNDA:5,(anonymous_15)
FNDA:1,(anonymous_16)
FNDA:0,(anonymous_17)
FNDA:9,(anonymous_18)
FNDA:2,(anonymous_19)
FNDA:6,(anonymous_20)
FNDA:2,(anonymous_21)
FNDA:0,(anonymous_22)
FNDA:1,(anonymous_23)
FNDA:608,(anonymous_24)
FNDA:2,(anonymous_25)
DA:37,153
DA:38,153
DA:39,96
DA:40,96
DA:43,153
DA:48,153
DA:50,153
DA:51,97
DA:52,97
DA:53,97
DA:54,97
DA:56,97
DA:57,97
DA:58,565
DA:60,97
DA:61,2913
DA:63,97
DA:66,153
DA:67,9187
DA:68,9187
DA:69,9187
DA:70,9187
DA:73,153
DA:74,9186
DA:75,2644
DA:82,153
DA:83,1
DA:84,1
DA:85,1
DA:86,1
DA:89,153
DA:90,0
DA:93,153
DA:94,1
DA:97,153
DA:98,459
DA:99,459
DA:100,459
DA:101,459
DA:104,153
DA:133,1071
DA:139,5494
DA:145,1
DA:169,76
DA:170,76
DA:171,76
DA:172,76
DA:173,76
DA:175,76
DA:176,49
DA:177,15
DA:178,15
DA:179,15
DA:180,15
DA:183,76
DA:184,76
DA:185,76
DA:187,76
DA:188,152
DA:189,44
DA:196,76
DA:197,5
DA:198,3
DA:200,2
DA:208,76
DA:209,1
DA:210,1
DA:211,1
DA:212,1
DA:213,1
DA:217,76
DA:218,0
DA:221,76
DA:223,76
DA:249,9
DA:267,2
DA:286,6
DA:314,2
DA:323,0
DA:335,1
DA:340,608
DA:347,2
DA:348,2
DA:371,1
LF:84
LH:81
BRDA:39,0,0,96
BRDA:39,0,1,68
BRDA:39,0,2,0
BRDA:67,1,0,0
BRDA:67,1,1,9187
BRDA:74,2,0,6542
BRDA:74,2,1,2644
BRDA:76,3,0,2644
BRDA:76,3,1,88
BRDA:76,3,2,84
BRDA:83,4,0,0
BRDA:83,4,1,1
BRDA:98,5,0,0
BRDA:98,5,1,459
BRDA:119,6,0,153
BRDA:119,6,1,151
BRDA:121,7,0,2
BRDA:121,7,1,151
BRDA:143,8,0,5494
BRDA:143,8,1,4593
BRDA:143,8,2,42
BRDA:145,9,0,1
BRDA:145,9,1,1
BRDA:146,10,0,5494
BRDA:146,10,1,4593
BRDA:148,11,0,5494
BRDA:148,11,1,4593
BRDA:152,12,0,4593
BRDA:152,12,1,2099
BRDA:153,13,0,4593
BRDA:153,13,1,42
BRDA:168,14,0,73
BRDA:170,15,0,76
BRDA:170,15,1,54
BRDA:171,16,0,76
BRDA:171,16,1,54
BRDA:172,17,0,76
BRDA:172,17,1,54
BRDA:173,18,0,76
BRDA:173,18,1,54
BRDA:176,19,0,15
BRDA:176,19,1,34
BRDA:188,20,0,108
BRDA:188,20,1,44
BRDA:197,21,0,3
BRDA:197,21,1,2
BRDA:197,22,0,5
BRDA:197,22,1,4
BRDA:197,22,2,2
BRDA:210,23,0,1
BRDA:210,23,1,0
BRDA:210,24,0,1
BRDA:210,24,1,1
BRDA:255,25,0,76
BRDA:255,25,1,54
BRDA:273,26,0,76
BRDA:273,26,1,54
BRDA:293,27,0,52
BRDA:293,27,1,24
BRDA:301,28,0,76
BRDA:301,28,1,2
BRDA:307,29,0,2
BRDA:307,29,1,74
BRDA:326,30,0,76
BRDA:326,30,1,54
BRDA:344,31,0,608
BRDA:344,31,1,76
BRDA:354,32,0,608
BRDA:354,32,1,76
BRDA:357,33,0,76
BRDA:357,33,1,532
BRDA:359,34,0,608
BRDA:359,34,1,76
BRF:73
BRH:68
end_of_record
TN:
SF:src\common\LanguageSelector.tsx
FN:17,LanguageSelector
FN:22,(anonymous_1)
FN:25,(anonymous_2)
FN:34,(anonymous_3)
FN:45,(anonymous_4)
FN:50,(anonymous_5)
FN:55,(anonymous_6)
FN:62,(anonymous_7)
FNF:8
FNH:8
FNDA:40,LanguageSelector
FNDA:80,(anonymous_1)
FNDA:5,(anonymous_2)
FNDA:14,(anonymous_3)
FNDA:1,(anonymous_4)
FNDA:1,(anonymous_5)
FNDA:120,(anonymous_6)
FNDA:5,(anonymous_7)
DA:18,40
DA:19,40
DA:21,40
DA:22,80
DA:25,40
DA:26,5
DA:27,5
DA:30,40
DA:34,14
DA:45,1
DA:50,1
DA:56,120
DA:62,5
DA:85,1
LF:14
LH:14
BRDA:21,0,0,40
BRDA:21,0,1,0
BRDA:60,1,0,120
BRDA:60,1,1,40
BRDA:68,2,0,120
BRDA:68,2,1,40
BRDA:73,3,0,120
BRDA:73,3,1,40
BRF:8
BRH:7
end_of_record
TN:
SF:src\common\OfflineBanner.tsx
FN:10,OfflineBanner
FNF:1
FNH:1
FNDA:69,OfflineBanner
DA:11,69
DA:13,69
DA:15,0
DA:23,2
LF:4
LH:3
BRDA:13,0,0,69
BRDA:13,0,1,0
BRF:2
BRH:1
end_of_record
TN:
SF:src\hooks\useNetworkStatus.ts
FN:10,(anonymous_0)
FN:18,useNetworkStatus
FN:25,(anonymous_2)
FN:28,(anonymous_3)
FN:32,(anonymous_4)
FN:36,(anonymous_5)
FNF:6
FNH:5
FNDA:49,(anonymous_0)
FNDA:336,useNetworkStatus
FNDA:49,(anonymous_2)
FNDA:49,(anonymous_3)
FNDA:0,(anonymous_4)
FNDA:49,(anonymous_5)
DA:10,1
DA:11,49
DA:12,49
DA:14,49
DA:15,49
DA:19,336
DA:25,336
DA:26,49
DA:28,49
DA:29,49
DA:32,49
DA:33,0
DA:36,49
DA:37,49
DA:38,49
DA:42,336
LF:16
LH:15
BRDA:14,0,0,49
BRDA:14,0,1,49
BRDA:29,1,0,49
BRDA:29,1,1,0
BRDA:33,2,0,0
BRDA:33,2,1,0
BRF:6
BRH:3
end_of_record
TN:
SF:src\hooks\usePushNotifications.ts
FN:18,usePushNotifications
FN:23,(anonymous_1)
FN:26,(anonymous_2)
FN:32,(anonymous_3)
FN:40,(anonymous_4)
FN:47,(anonymous_5)
FN:58,(anonymous_6)
FN:66,(anonymous_7)
FN:92,(anonymous_8)
FN:101,(anonymous_9)
FNF:10
FNH:10
FNDA:22,usePushNotifications
FNDA:67,(anonymous_1)
FNDA:17,(anonymous_2)
FNDA:1,(anonymous_3)
FNDA:3,(anonymous_4)
FNDA:17,(anonymous_5)
FNDA:18,(anonymous_6)
FNDA:4,(anonymous_7)
FNDA:3,(anonymous_8)
FNDA:3,(anonymous_9)
DA:12,1
DA:19,22
DA:20,22
DA:21,22
DA:22,22
DA:23,67
DA:26,22
DA:27,17
DA:31,17
DA:33,1
DA:34,1
DA:39,17
DA:41,3
DA:42,3
DA:43,3
DA:47,17
DA:48,17
DA:49,17
DA:51,17
DA:52,17
DA:58,22
DA:59,18
DA:60,18
DA:61,4
DA:62,4
DA:66,22
DA:67,4
DA:68,4
DA:69,4
DA:71,3
DA:74,3
DA:75,3
DA:76,1
DA:78,1
DA:82,2
DA:83,2
DA:85,2
DA:88,0
DA:92,22
DA:94,3
DA:95,3
DA:101,22
DA:102,3
DA:103,3
DA:104,2
DA:105,2
DA:107,3
DA:110,22
LF:48
LH:47
BRDA:48,0,0,17
BRDA:48,0,1,0
BRDA:51,1,0,17
BRDA:51,1,1,0
BRDA:60,2,0,4
BRDA:60,2,1,14
BRDA:69,3,0,1
BRDA:69,3,1,3
BRDA:75,4,0,1
BRDA:75,4,1,2
BRDA:83,5,0,2
BRDA:83,5,1,0
BRDA:103,6,0,2
BRDA:103,6,1,1
BRF:14
BRH:11
end_of_record
TN:
SF:src\models\RequestResult.tsx
FNF:0
FNH:0
LF:0
LH:0
BRF:0
BRH:0
end_of_record
TN:
SF:src\models\User.ts
FNF:0
FNH:0
LF:0
LH:0
BRF:0
BRH:0
end_of_record
TN:
SF:src\screens\_layout.tsx
FN:3,ScreensLayout
FNF:1
FNH:0
FNDA:0,ScreensLayout
DA:4,0
LF:1
LH:0
BRF:0
BRH:0
end_of_record
TN:
SF:src\screens\booking.tsx
FN:55,BookingScreen
FN:58,(anonymous_1)
FN:60,(anonymous_2)
FN:95,(anonymous_3)
FN:111,(anonymous_4)
FN:121,(anonymous_5)
FN:125,(anonymous_6)
FN:131,(anonymous_7)
FN:160,(anonymous_8)
FN:163,(anonymous_9)
FN:170,(anonymous_10)
FN:173,(anonymous_11)
FN:189,(anonymous_12)
FN:196,(anonymous_13)
FN:203,(anonymous_14)
FN:209,(anonymous_15)
FN:215,(anonymous_16)
FN:226,(anonymous_17)
FN:231,(anonymous_18)
FN:269,(anonymous_19)
FN:276,(anonymous_20)
FN:519,(anonymous_21)
FNF:22
FNH:13
FNDA:34,BookingScreen
FNDA:34,(anonymous_1)
FNDA:170,(anonymous_2)
FNDA:34,(anonymous_3)
FNDA:24,(anonymous_4)
FNDA:32,(anonymous_5)
FNDA:0,(anonymous_6)
FNDA:28,(anonymous_7)
FNDA:28,(anonymous_8)
FNDA:28,(anonymous_9)
FNDA:22,(anonymous_10)
FNDA:0,(anonymous_11)
FNDA:0,(anonymous_12)
FNDA:0,(anonymous_13)
FNDA:0,(anonymous_14)
FNDA:12,(anonymous_15)
FNDA:24,(anonymous_16)
FNDA:0,(anonymous_17)
FNDA:0,(anonymous_18)
FNDA:0,(anonymous_19)
FNDA:12,(anonymous_20)
FNDA:0,(anonymous_21)
DA:44,1
DA:56,34
DA:57,34
DA:58,34
DA:60,34
DA:61,170
DA:62,170
DA:65,34
DA:66,34
DA:67,34
DA:68,34
DA:69,34
DA:71,34
DA:72,34
DA:73,34
DA:75,34
DA:76,34
DA:77,34
DA:79,34
DA:80,34
DA:81,34
DA:82,34
DA:83,34
DA:84,34
DA:86,34
DA:88,34
DA:90,34
DA:91,34
DA:93,34
DA:95,34
DA:96,34
DA:97,32
DA:98,32
DA:99,32
DA:100,32
DA:101,32
DA:104,34
DA:105,34
DA:106,34
DA:107,34
DA:108,34
DA:109,34
DA:111,34
DA:112,24
DA:113,24
DA:114,24
DA:121,34
DA:122,32
DA:125,34
DA:126,0
DA:127,0
DA:128,0
DA:131,34
DA:132,28
DA:133,12
DA:134,12
DA:135,12
DA:138,16
DA:139,16
DA:145,0
DA:146,0
DA:147,0
DA:148,0
DA:149,0
DA:151,0
DA:154,0
DA:156,0
DA:160,34
DA:161,28
DA:163,28
DA:164,28
DA:165,0
DA:170,34
DA:171,22
DA:173,0
DA:174,0
DA:175,0
DA:176,0
DA:178,0
DA:179,0
DA:180,0
DA:182,0
DA:186,0
DA:187,0
DA:189,0
DA:190,0
DA:191,0
DA:196,34
DA:197,0
DA:203,0
DA:209,34
DA:210,12
DA:211,12
DA:212,12
DA:215,34
DA:216,24
DA:226,34
DA:227,0
DA:228,0
DA:231,34
DA:232,0
DA:233,0
DA:234,0
DA:237,0
DA:238,0
DA:239,0
DA:242,0
DA:243,0
DA:244,0
DA:247,0
DA:249,0
DA:269,34
DA:270,0
DA:271,0
DA:273,0
DA:276,34
DA:277,12
DA:278,12
DA:279,12
DA:280,12
DA:282,12
DA:283,48
DA:285,12
DA:286,12
DA:288,12
DA:289,12
DA:290,0
DA:292,12
DA:295,34
DA:296,22
DA:304,12
DA:519,0
DA:562,1
LF:133
LH:88
BRDA:62,0,0,5
BRDA:62,0,1,165
BRDA:62,1,0,5
BRDA:62,1,1,0
BRDA:62,2,0,165
BRDA:62,2,1,5
BRDA:65,3,0,34
BRDA:65,3,1,1
BRDA:66,4,0,34
BRDA:66,4,1,0
BRDA:69,5,0,34
BRDA:69,5,1,2
BRDA:90,6,0,34
BRDA:90,6,1,2
BRDA:91,7,0,34
BRDA:91,7,1,2
BRDA:93,8,0,34
BRDA:93,8,1,6
BRDA:96,9,0,2
BRDA:96,9,1,32
BRDA:96,10,0,34
BRDA:96,10,1,33
BRDA:101,11,0,32
BRDA:101,11,1,0
BRDA:112,12,0,0
BRDA:112,12,1,24
BRDA:127,13,0,0
BRDA:127,13,1,0
BRDA:132,14,0,12
BRDA:132,14,1,16
BRDA:132,15,0,28
BRDA:132,15,1,22
BRDA:145,16,0,0
BRDA:145,16,1,0
BRDA:145,17,0,0
BRDA:145,17,1,0
BRDA:151,18,0,0
BRDA:151,18,1,0
BRDA:164,19,0,0
BRDA:164,19,1,28
BRDA:171,20,0,22
BRDA:171,20,1,0
BRDA:176,21,0,0
BRDA:176,21,1,0
BRDA:178,22,0,0
BRDA:178,22,1,0
BRDA:179,23,0,0
BRDA:179,23,1,0
BRDA:190,24,0,0
BRDA:190,24,1,0
BRDA:202,25,0,0
BRDA:202,25,1,0
BRDA:217,26,0,24
BRDA:217,26,1,0
BRDA:217,26,2,0
BRDA:217,26,3,0
BRDA:217,26,4,0
BRDA:217,26,5,0
BRDA:232,27,0,0
BRDA:232,27,1,0
BRDA:237,28,0,0
BRDA:237,28,1,0
BRDA:242,29,0,0
BRDA:242,29,1,0
BRDA:264,30,0,0
BRDA:264,30,1,0
BRDA:270,31,0,0
BRDA:270,31,1,0
BRDA:277,32,0,0
BRDA:277,32,1,12
BRDA:285,33,0,12
BRDA:285,33,1,0
BRDA:295,34,0,22
BRDA:295,34,1,12
BRDA:308,35,0,12
BRDA:308,35,1,0
BRDA:345,36,0,12
BRDA:345,36,1,12
BRDA:345,36,2,12
BRDA:361,37,0,12
BRDA:361,37,1,0
BRDA:521,38,0,12
BRDA:521,38,1,0
BRDA:522,39,0,12
BRDA:522,39,1,0
BRDA:539,40,0,12
BRDA:539,40,1,0
BRDA:539,40,2,12
BRDA:541,41,0,12
BRDA:541,41,1,0
BRDA:543,42,0,0
BRDA:543,42,1,12
BRF:92
BRH:44
end_of_record
TN:
SF:src\screens\cancelReservation.tsx
FN:44,CancelReservationScreen
FN:47,(anonymous_1)
FN:69,(anonymous_2)
FN:94,(anonymous_3)
FN:98,(anonymous_4)
FN:99,(anonymous_5)
FN:107,(anonymous_6)
FN:117,(anonymous_7)
FN:127,(anonymous_8)
FN:142,(anonymous_9)
FN:157,(anonymous_10)
FN:161,(anonymous_11)
FN:165,(anonymous_12)
FN:183,(anonymous_13)
FN:391,(anonymous_14)
FN:395,(anonymous_15)
FN:429,(anonymous_16)
FNF:17
FNH:17
FNDA:159,CancelReservationScreen
FNDA:159,(anonymous_1)
FNDA:183,(anonymous_2)
FNDA:63,(anonymous_3)
FNDA:63,(anonymous_4)
FNDA:177,(anonymous_5)
FNDA:6,(anonymous_6)
FNDA:936,(anonymous_7)
FNDA:158,(anonymous_8)
FNDA:790,(anonymous_9)
FNDA:2,(anonymous_10)
FNDA:1,(anonymous_11)
FNDA:11,(anonymous_12)
FNDA:1,(anonymous_13)
FNDA:790,(anonymous_14)
FNDA:4,(anonymous_15)
FNDA:14,(anonymous_16)
DA:34,1
DA:45,159
DA:46,159
DA:47,159
DA:48,159
DA:50,159
DA:51,158
DA:52,158
DA:53,158
DA:54,158
DA:56,158
DA:57,158
DA:58,158
DA:59,158
DA:60,158
DA:61,158
DA:62,158
DA:63,158
DA:64,158
DA:65,158
DA:67,158
DA:69,158
DA:70,183
DA:76,158
DA:77,158
DA:78,158
DA:79,158
DA:80,158
DA:82,158
DA:83,158
DA:86,158
DA:87,2
DA:88,156
DA:89,4
DA:91,152
DA:94,158
DA:95,63
DA:98,158
DA:99,177
DA:100,63
DA:101,58
DA:102,58
DA:104,5
DA:105,5
DA:106,4
DA:107,6
DA:108,3
DA:109,0
DA:113,1
DA:117,158
DA:119,936
DA:120,936
DA:127,158
DA:128,158
DA:129,158
DA:130,158
DA:134,158
DA:135,4
DA:139,158
DA:142,158
DA:143,790
DA:145,158
DA:147,158
DA:149,158
DA:151,158
DA:153,158
DA:157,158
DA:158,2
DA:161,158
DA:162,1
DA:165,158
DA:166,11
DA:167,1
DA:168,1
DA:170,10
DA:171,1
DA:172,1
DA:174,9
DA:175,9
DA:176,9
DA:179,7
DA:180,5
DA:183,1
DA:186,2
DA:189,2
DA:190,2
DA:192,9
DA:197,158
DA:201,158
DA:392,790
DA:395,4
DA:429,14
DA:476,1
LF:93
LH:92
BRDA:56,0,0,158
BRDA:56,0,1,2
BRDA:57,1,0,158
BRDA:57,1,1,2
BRDA:58,2,0,158
BRDA:58,2,1,2
BRDA:59,3,0,158
BRDA:59,3,1,4
BRDA:60,4,0,158
BRDA:60,4,1,4
BRDA:61,5,0,158
BRDA:61,5,1,2
BRDA:62,6,0,158
BRDA:62,6,1,2
BRDA:63,7,0,158
BRDA:63,7,1,2
BRDA:64,8,0,158
BRDA:64,8,1,2
BRDA:65,9,0,158
BRDA:65,9,1,2
BRDA:67,10,0,158
BRDA:67,10,1,2
BRDA:86,11,0,2
BRDA:86,11,1,156
BRDA:88,12,0,4
BRDA:88,12,1,152
BRDA:100,13,0,58
BRDA:100,13,1,5
BRDA:106,14,0,3
BRDA:106,14,1,1
BRDA:106,15,0,4
BRDA:106,15,1,4
BRDA:108,16,0,0
BRDA:108,16,1,3
BRDA:119,17,0,0
BRDA:119,17,1,936
BRDA:119,18,0,0
BRDA:119,18,1,936
BRDA:129,19,0,158
BRDA:129,19,1,0
BRDA:131,20,0,4
BRDA:131,20,1,154
BRDA:134,21,0,4
BRDA:134,21,1,154
BRDA:136,22,0,2
BRDA:136,22,1,2
BRDA:143,23,0,158
BRDA:143,23,1,158
BRDA:143,23,2,158
BRDA:143,23,3,158
BRDA:143,23,4,158
BRDA:166,24,0,1
BRDA:166,24,1,10
BRDA:170,25,0,1
BRDA:170,25,1,9
BRDA:179,26,0,5
BRDA:179,26,1,2
BRDA:186,27,0,2
BRDA:186,27,1,1
BRDA:197,28,0,152
BRDA:197,28,1,6
BRDA:197,29,0,158
BRDA:197,29,1,154
BRDA:248,30,0,4
BRDA:248,30,1,154
BRDA:401,31,0,790
BRDA:401,31,1,158
BRDA:404,32,0,790
BRDA:404,32,1,158
BRDA:432,33,0,158
BRDA:432,33,1,31
BRDA:433,34,0,158
BRDA:433,34,1,31
BRDA:457,35,0,158
BRDA:457,35,1,31
BRDA:457,35,2,22
BRDA:457,35,3,137
BRDA:460,36,0,158
BRDA:460,36,1,149
BRDA:462,37,0,9
BRDA:462,37,1,149
BRF:81
BRH:77
end_of_record
TN:
SF:src\screens\editReservation.tsx
FN:48,EditReservationScreen
FN:51,(anonymous_1)
FN:78,(anonymous_2)
FN:82,(anonymous_3)
FN:90,(anonymous_4)
FN:125,(anonymous_5)
FN:129,(anonymous_6)
FN:146,(anonymous_7)
FN:150,(anonymous_8)
FN:161,(anonymous_9)
FN:194,(anonymous_10)
FN:203,(anonymous_11)
FN:210,(anonymous_12)
FN:216,(anonymous_13)
FN:217,(anonymous_14)
FN:220,(anonymous_15)
FN:232,(anonymous_16)
FN:237,(anonymous_17)
FN:241,(anonymous_18)
FN:245,(anonymous_19)
FN:249,(anonymous_20)
FN:255,(anonymous_21)
FN:262,(anonymous_22)
FN:271,(anonymous_23)
FN:275,(anonymous_24)
FN:282,(anonymous_25)
FN:282,(anonymous_26)
FN:283,(anonymous_27)
FN:283,(anonymous_28)
FN:284,(anonymous_29)
FN:284,(anonymous_30)
FN:285,(anonymous_31)
FN:285,(anonymous_32)
FN:286,(anonymous_33)
FN:286,(anonymous_34)
FN:287,(anonymous_35)
FN:287,(anonymous_36)
FN:289,(anonymous_37)
FN:299,(anonymous_38)
FN:303,(anonymous_39)
FN:344,(anonymous_40)
FN:399,(anonymous_41)
FN:439,(anonymous_42)
FN:666,(anonymous_43)
FN:673,(anonymous_44)
FNF:45
FNH:26
FNDA:90,EditReservationScreen
FNDA:90,(anonymous_1)
FNDA:10,(anonymous_2)
FNDA:20,(anonymous_3)
FNDA:10,(anonymous_4)
FNDA:20,(anonymous_5)
FNDA:40,(anonymous_6)
FNDA:19,(anonymous_7)
FNDA:38,(anonymous_8)
FNDA:19,(anonymous_9)
FNDA:40,(anonymous_10)
FNDA:40,(anonymous_11)
FNDA:221,(anonymous_12)
FNDA:281,(anonymous_13)
FNDA:232,(anonymous_14)
FNDA:189,(anonymous_15)
FNDA:20,(anonymous_16)
FNDA:93,(anonymous_17)
FNDA:1,(anonymous_18)
FNDA:0,(anonymous_19)
FNDA:0,(anonymous_20)
FNDA:0,(anonymous_21)
FNDA:0,(anonymous_22)
FNDA:0,(anonymous_23)
FNDA:0,(anonymous_24)
FNDA:0,(anonymous_25)
FNDA:0,(anonymous_26)
FNDA:0,(anonymous_27)
FNDA:0,(anonymous_28)
FNDA:0,(anonymous_29)
FNDA:0,(anonymous_30)
FNDA:0,(anonymous_31)
FNDA:0,(anonymous_32)
FNDA:0,(anonymous_33)
FNDA:0,(anonymous_34)
FNDA:0,(anonymous_35)
FNDA:0,(anonymous_36)
FNDA:5,(anonymous_37)
FNDA:1,(anonymous_38)
FNDA:5,(anonymous_39)
FNDA:1,(anonymous_40)
FNDA:0,(anonymous_41)
FNDA:1,(anonymous_42)
FNDA:40,(anonymous_43)
FNDA:4,(anonymous_44)
DA:49,90
DA:50,90
DA:51,90
DA:53,90
DA:54,90
DA:57,90
DA:58,90
DA:59,90
DA:60,90
DA:61,90
DA:64,90
DA:65,90
DA:66,90
DA:67,90
DA:68,90
DA:69,90
DA:72,90
DA:73,90
DA:76,90
DA:78,90
DA:79,10
DA:82,90
DA:83,20
DA:84,10
DA:85,10
DA:87,10
DA:90,90
DA:91,10
DA:92,10
DA:95,10
DA:96,10
DA:97,10
DA:98,10
DA:99,10
DA:100,10
DA:102,10
DA:103,10
DA:104,10
DA:105,10
DA:106,10
DA:108,10
DA:109,10
DA:110,10
DA:111,10
DA:114,10
DA:117,10
DA:119,0
DA:121,10
DA:125,90
DA:126,20
DA:127,20
DA:129,20
DA:130,40
DA:134,20
DA:136,20
DA:143,19
DA:145,19
DA:146,19
DA:149,19
DA:150,38
DA:158,19
DA:161,19
DA:162,0
DA:166,0
DA:178,1
DA:180,1
DA:190,20
DA:194,90
DA:195,40
DA:196,40
DA:203,90
DA:204,40
DA:205,40
DA:206,40
DA:207,40
DA:210,90
DA:211,221
DA:212,221
DA:213,221
DA:216,90
DA:217,281
DA:220,90
DA:221,189
DA:222,189
DA:223,129
DA:224,129
DA:225,129
DA:226,129
DA:228,129
DA:232,90
DA:233,20
DA:234,20
DA:237,90
DA:238,93
DA:241,90
DA:242,1
DA:245,90
DA:249,90
DA:250,0
DA:251,0
DA:252,0
DA:255,90
DA:256,0
DA:257,0
DA:258,0
DA:262,90
DA:263,0
DA:264,0
DA:265,0
DA:266,0
DA:267,0
DA:271,90
DA:272,0
DA:275,90
DA:276,0
DA:277,0
DA:278,0
DA:282,90
DA:283,90
DA:284,90
DA:285,90
DA:286,90
DA:287,90
DA:289,90
DA:290,5
DA:299,90
DA:300,1
DA:303,90
DA:304,5
DA:305,1
DA:306,1
DA:309,4
DA:310,1
DA:311,1
DA:314,3
DA:315,3
DA:318,3
DA:319,2
DA:320,2
DA:322,2
DA:323,2
DA:324,2
DA:325,2
DA:326,2
DA:329,2
DA:335,2
DA:336,1
DA:337,1
DA:341,1
DA:342,1
DA:343,1
DA:344,1
DA:347,1
DA:354,1
DA:388,0
DA:389,0
DA:391,2
DA:393,1
DA:396,1
DA:397,1
DA:399,1
DA:400,0
DA:409,1
DA:412,1
DA:413,0
DA:416,1
DA:417,0
DA:420,1
DA:421,1
DA:422,0
DA:425,1
DA:426,1
DA:430,1
DA:431,1
DA:433,1
DA:435,1
DA:436,1
DA:439,1
DA:443,0
DA:446,0
DA:447,0
DA:449,1
DA:453,90
DA:454,90
DA:455,90
DA:456,90
DA:458,90
DA:459,70
DA:469,20
DA:667,40
DA:673,4
DA:780,1
LF:192
LH:165
BRDA:83,0,0,10
BRDA:83,0,1,10
BRDA:95,1,0,10
BRDA:95,1,1,0
BRDA:96,2,0,10
BRDA:96,2,1,0
BRDA:97,3,0,10
BRDA:97,3,1,0
BRDA:98,4,0,10
BRDA:98,4,1,0
BRDA:99,5,0,10
BRDA:99,5,1,0
BRDA:100,6,0,10
BRDA:100,6,1,0
BRDA:105,7,0,10
BRDA:105,7,1,0
BRDA:114,8,0,10
BRDA:114,8,1,0
BRDA:134,9,0,20
BRDA:134,9,1,0
BRDA:134,9,2,0
BRDA:143,10,0,19
BRDA:143,10,1,0
BRDA:143,11,0,19
BRDA:143,11,1,19
BRDA:146,12,0,19
BRDA:146,12,1,0
BRDA:149,13,0,19
BRDA:149,13,1,0
BRDA:149,14,0,19
BRDA:149,14,1,19
BRDA:155,15,0,38
BRDA:155,15,1,0
BRDA:161,16,0,0
BRDA:161,16,1,19
BRDA:161,17,0,19
BRDA:161,17,1,0
BRDA:168,18,0,0
BRDA:168,18,1,0
BRDA:169,19,0,0
BRDA:169,19,1,0
BRDA:170,20,0,0
BRDA:170,20,1,0
BRDA:171,21,0,0
BRDA:171,21,1,0
BRDA:182,22,0,1
BRDA:182,22,1,0
BRDA:183,23,0,1
BRDA:183,23,1,0
BRDA:184,24,0,1
BRDA:184,24,1,0
BRDA:185,25,0,1
BRDA:185,25,1,0
BRDA:195,26,0,0
BRDA:195,26,1,40
BRDA:195,27,0,0
BRDA:195,27,1,40
BRDA:213,28,0,211
BRDA:213,28,1,10
BRDA:222,29,0,60
BRDA:222,29,1,129
BRDA:257,30,0,0
BRDA:257,30,1,0
BRDA:266,31,0,0
BRDA:266,31,1,0
BRDA:277,32,0,0
BRDA:277,32,1,0
BRDA:291,33,0,5
BRDA:291,33,1,5
BRDA:291,33,2,5
BRDA:291,33,3,5
BRDA:291,33,4,5
BRDA:295,34,0,5
BRDA:295,34,1,0
BRDA:304,35,0,1
BRDA:304,35,1,4
BRDA:309,36,0,1
BRDA:309,36,1,3
BRDA:318,37,0,2
BRDA:318,37,1,1
BRDA:325,38,0,2
BRDA:325,38,1,0
BRDA:335,39,0,1
BRDA:335,39,1,1
BRDA:335,40,0,2
BRDA:335,40,1,1
BRDA:336,41,0,1
BRDA:336,41,1,0
BRDA:342,42,0,1
BRDA:342,42,1,0
BRDA:342,43,0,1
BRDA:342,43,1,1
BRDA:347,44,0,1
BRDA:347,44,1,0
BRDA:365,45,0,1
BRDA:365,45,1,0
BRDA:366,46,0,1
BRDA:366,46,1,0
BRDA:367,47,0,1
BRDA:367,47,1,0
BRDA:368,48,0,1
BRDA:368,48,1,0
BRDA:412,49,0,0
BRDA:412,49,1,1
BRDA:416,50,0,0
BRDA:416,50,1,1
BRDA:421,51,0,0
BRDA:421,51,1,1
BRDA:425,52,0,1
BRDA:425,52,1,0
BRDA:435,53,0,1
BRDA:435,53,1,0
BRDA:443,54,0,0
BRDA:443,54,1,0
BRDA:458,55,0,70
BRDA:458,55,1,20
BRDA:496,56,0,20
BRDA:496,56,1,0
BRDA:513,57,0,0
BRDA:513,57,1,20
BRDA:518,58,0,20
BRDA:518,58,1,0
BRDA:585,59,0,0
BRDA:585,59,1,20
BRDA:606,60,0,20
BRDA:606,60,1,0
BRDA:610,61,0,0
BRDA:610,61,1,20
BRDA:627,62,0,20
BRDA:627,62,1,20
BRDA:631,63,0,20
BRDA:631,63,1,0
BRDA:648,64,0,20
BRDA:648,64,1,20
BRDA:652,65,0,20
BRDA:652,65,1,0
BRDA:671,66,0,40
BRDA:671,66,1,20
BRDA:677,67,0,32
BRDA:677,67,1,8
BRDA:685,68,0,40
BRDA:685,68,1,20
BRDA:688,69,0,40
BRDA:688,69,1,20
BRDA:702,70,0,0
BRDA:702,70,1,20
BRDA:702,71,0,20
BRDA:702,71,1,0
BRDA:705,72,0,20
BRDA:705,72,1,0
BRDA:712,73,0,20
BRDA:712,73,1,0
BRDA:723,74,0,20
BRDA:723,74,1,20
BRDA:727,75,0,8
BRDA:727,75,1,12
BRDA:733,76,0,8
BRDA:733,76,1,12
BRDA:739,77,0,8
BRDA:739,77,1,12
BRDA:742,78,0,8
BRDA:742,78,1,12
BRDA:745,79,0,8
BRDA:745,79,1,12
BRDA:764,80,0,20
BRDA:764,80,1,3
BRDA:768,81,0,3
BRDA:768,81,1,17
BRF:168
BRH:104
end_of_record
TN:
SF:src\screens\hotelDetails.tsx
FN:31,HotelDetailsScreen
FN:44,(anonymous_1)
FN:45,(anonymous_2)
FN:45,(anonymous_3)
FN:50,(anonymous_4)
FN:83,(anonymous_5)
FN:93,(anonymous_6)
FN:106,(anonymous_7)
FN:109,(anonymous_8)
FN:119,(anonymous_9)
FN:145,(anonymous_10)
FN:157,(anonymous_11)
FN:182,(anonymous_12)
FN:216,(anonymous_13)
FN:232,(anonymous_14)
FNF:15
FNH:14
FNDA:58,HotelDetailsScreen
FNDA:58,(anonymous_1)
FNDA:192,(anonymous_2)
FNDA:192,(anonymous_3)
FNDA:4,(anonymous_4)
FNDA:187,(anonymous_5)
FNDA:2,(anonymous_6)
FNDA:232,(anonymous_7)
FNDA:0,(anonymous_8)
FNDA:100,(anonymous_9)
FNDA:2,(anonymous_10)
FNDA:1,(anonymous_11)
FNDA:232,(anonymous_12)
FNDA:187,(anonymous_13)
FNDA:100,(anonymous_14)
DA:18,1
DA:24,1
DA:32,58
DA:33,58
DA:34,58
DA:36,58
DA:37,58
DA:38,58
DA:39,58
DA:41,58
DA:42,58
DA:44,58
DA:45,192
DA:48,58
DA:50,58
DA:51,4
DA:52,4
DA:53,4
DA:54,4
DA:56,4
DA:57,15
DA:59,4
DA:60,2
DA:62,4
DA:63,4
DA:64,3
DA:66,4
DA:69,58
DA:83,58
DA:84,187
DA:85,187
DA:86,594
DA:87,186
DA:90,1
DA:93,58
DA:94,2
DA:106,58
DA:107,232
DA:109,0
DA:119,58
DA:120,100
DA:121,100
DA:123,100
DA:145,2
DA:153,58
DA:157,1
DA:182,232
DA:217,187
DA:218,187
DA:233,100
DA:249,1
LF:51
LH:50
BRDA:39,0,0,58
BRDA:39,0,1,2
BRDA:41,1,0,58
BRDA:41,1,1,54
BRDA:42,2,0,58
BRDA:42,2,1,54
BRDA:48,3,0,58
BRDA:48,3,1,2
BRDA:51,4,0,0
BRDA:51,4,1,4
BRDA:59,5,0,2
BRDA:59,5,1,2
BRDA:86,6,0,186
BRDA:86,6,1,408
BRDA:112,7,0,232
BRDA:112,7,1,58
BRDA:120,8,0,100
BRDA:120,8,1,1
BRDA:121,9,0,100
BRDA:121,9,1,1
BRDA:129,10,0,99
BRDA:129,10,1,1
BRDA:133,11,0,99
BRDA:133,11,1,1
BRDA:186,12,0,58
BRDA:186,12,1,4
BRDA:189,13,0,4
BRDA:189,13,1,4
BRDA:231,14,0,51
BRDA:231,14,1,7
BRDA:231,15,0,58
BRDA:231,15,1,57
BRDA:233,16,0,100
BRDA:233,16,1,2
BRF:34
BRH:33
end_of_record
TN:
SF:src\screens\hotelResults.tsx
FN:23,HotelResultsScreen
FN:35,(anonymous_1)
FN:39,(anonymous_2)
FN:52,(anonymous_3)
FN:54,(anonymous_4)
FN:55,(anonymous_5)
FN:60,(anonymous_6)
FN:73,(anonymous_7)
FN:80,(anonymous_8)
FN:99,(anonymous_9)
FN:129,(anonymous_10)
FN:130,(anonymous_11)
FN:130,(anonymous_12)
FN:133,(anonymous_13)
FN:146,(anonymous_14)
FN:178,(anonymous_15)
FN:193,(anonymous_16)
FN:207,(anonymous_17)
FN:265,(anonymous_18)
FNF:19
FNH:19
FNDA:150,HotelResultsScreen
FNDA:49,(anonymous_1)
FNDA:50,(anonymous_2)
FNDA:63,(anonymous_3)
FNDA:96,(anonymous_4)
FNDA:96,(anonymous_5)
FNDA:23,(anonymous_6)
FNDA:150,(anonymous_7)
FNDA:1,(anonymous_8)
FNDA:112,(anonymous_9)
FNDA:63,(anonymous_10)
FNDA:151,(anonymous_11)
FNDA:151,(anonymous_12)
FNDA:2,(anonymous_13)
FNDA:63,(anonymous_14)
FNDA:112,(anonymous_15)
FNDA:2,(anonymous_16)
FNDA:1,(anonymous_17)
FNDA:105,(anonymous_18)
DA:24,150
DA:25,150
DA:26,150
DA:27,150
DA:28,150
DA:30,150
DA:31,150
DA:32,150
DA:33,150
DA:35,150
DA:36,49
DA:39,150
DA:40,50
DA:41,50
DA:43,50
DA:50,50
DA:52,45
DA:53,63
DA:54,96
DA:55,96
DA:56,63
DA:57,63
DA:60,45
DA:61,23
DA:62,5
DA:63,5
DA:64,4
DA:66,45
DA:68,5
DA:70,50
DA:73,150
DA:74,150
DA:75,150
DA:76,150
DA:77,150
DA:80,150
DA:81,1
DA:82,1
DA:83,1
DA:84,1
DA:86,1
DA:87,4
DA:89,1
DA:90,1
DA:92,1
DA:93,1
DA:94,0
DA:96,1
DA:99,150
DA:100,112
DA:109,112
DA:118,112
DA:119,112
DA:121,112
DA:129,150
DA:130,151
DA:133,150
DA:134,2
DA:146,150
DA:147,63
DA:148,63
DA:149,63
DA:150,63
DA:152,63
DA:178,112
DA:193,2
DA:203,150
DA:207,1
DA:265,105
DA:274,1
LF:70
LH:69
BRDA:33,0,0,150
BRDA:33,0,1,6
BRDA:50,1,0,45
BRDA:50,1,1,5
BRDA:50,2,0,50
BRDA:50,2,1,45
BRDA:53,3,0,63
BRDA:53,3,1,1
BRDA:55,4,0,96
BRDA:55,4,1,95
BRDA:56,5,0,6
BRDA:56,5,1,57
BRDA:61,6,0,18
BRDA:61,6,1,5
BRDA:61,7,0,23
BRDA:61,7,1,18
BRDA:62,8,0,0
BRDA:62,8,1,5
BRDA:63,9,0,1
BRDA:63,9,1,4
BRDA:68,10,0,5
BRDA:68,10,1,1
BRDA:81,11,0,0
BRDA:81,11,1,1
BRDA:89,12,0,1
BRDA:89,12,1,0
BRDA:118,13,0,112
BRDA:118,13,1,1
BRDA:119,14,0,112
BRDA:119,14,1,1
BRDA:147,15,0,63
BRDA:147,15,1,4
BRDA:148,16,0,63
BRDA:148,16,1,62
BRDA:149,17,0,63
BRDA:149,17,1,62
BRDA:150,18,0,63
BRDA:150,18,1,62
BRDA:164,19,0,63
BRDA:164,19,1,62
BRDA:164,19,2,1
BRDA:166,20,0,1
BRDA:166,20,1,1
BRDA:167,21,0,1
BRDA:167,21,1,1
BRDA:167,21,2,1
BRDA:175,22,0,1
BRDA:175,22,1,62
BRDA:182,23,0,6
BRDA:182,23,1,57
BRDA:213,24,0,9
BRDA:213,24,1,141
BRDA:235,25,0,150
BRDA:235,25,1,50
BRDA:235,25,2,45
BRDA:243,26,0,100
BRDA:243,26,1,50
BRDA:248,27,0,5
BRDA:248,27,1,45
BRDA:256,28,0,3
BRDA:256,28,1,42
BRF:61
BRH:58
end_of_record
TN:
SF:src\screens\landing.tsx
FN:13,LandingPage
FN:18,(anonymous_1)
FN:22,(anonymous_2)
FN:39,(anonymous_3)
FN:47,(anonymous_4)
FN:53,(anonymous_5)
FN:57,(anonymous_6)
FN:64,(anonymous_7)
FNF:8
FNH:6
FNDA:19,LandingPage
FNDA:13,(anonymous_1)
FNDA:13,(anonymous_2)
FNDA:4,(anonymous_3)
FNDA:0,(anonymous_4)
FNDA:0,(anonymous_5)
FNDA:8,(anonymous_6)
FNDA:4,(anonymous_7)
DA:11,1
DA:14,19
DA:15,19
DA:16,19
DA:18,19
DA:19,13
DA:22,19
DA:23,13
DA:24,13
DA:25,12
DA:26,2
DA:27,2
DA:39,19
DA:40,4
DA:41,4
DA:47,19
DA:48,0
DA:49,0
DA:50,0
DA:53,19
DA:54,0
DA:57,19
DA:58,8
DA:59,8
DA:60,8
DA:61,8
DA:64,19
DA:65,4
DA:66,4
DA:67,4
DA:69,4
DA:76,4
DA:81,4
DA:84,19
DA:138,1
LF:35
LH:31
BRDA:25,0,0,2
BRDA:25,0,1,10
BRF:2
BRH:2
end_of_record
TN:
SF:src\screens\login.tsx
FN:22,LoginScreen
FN:27,(anonymous_1)
FN:31,(anonymous_2)
FN:61,(anonymous_3)
FN:85,(anonymous_4)
FN:89,(anonymous_5)
FN:95,(anonymous_6)
FN:131,(anonymous_7)
FN:145,(anonymous_8)
FN:192,(anonymous_9)
FN:201,(anonymous_10)
FN:246,(anonymous_11)
FN:261,(anonymous_12)
FN:341,(anonymous_13)
FN:367,(anonymous_14)
FNF:15
FNH:10
FNDA:213,LoginScreen
FNDA:35,(anonymous_1)
FNDA:35,(anonymous_2)
FNDA:13,(anonymous_3)
FNDA:0,(anonymous_4)
FNDA:0,(anonymous_5)
FNDA:10,(anonymous_6)
FNDA:1,(anonymous_7)
FNDA:16,(anonymous_8)
FNDA:1,(anonymous_9)
FNDA:15,(anonymous_10)
FNDA:0,(anonymous_11)
FNDA:1,(anonymous_12)
FNDA:0,(anonymous_13)
FNDA:0,(anonymous_14)
DA:23,213
DA:24,213
DA:25,213
DA:27,213
DA:28,35
DA:31,213
DA:32,35
DA:33,35
DA:34,35
DA:35,0
DA:38,0
DA:40,35
DA:43,213
DA:44,213
DA:45,213
DA:48,213
DA:49,213
DA:50,213
DA:51,213
DA:54,213
DA:55,213
DA:56,213
DA:57,213
DA:58,213
DA:59,213
DA:61,213
DA:62,13
DA:63,6
DA:64,6
DA:67,7
DA:68,7
DA:70,7
DA:71,7
DA:73,6
DA:74,4
DA:76,2
DA:79,1
DA:81,7
DA:85,213
DA:89,213
DA:90,0
DA:91,0
DA:92,0
DA:95,213
DA:96,10
DA:97,1
DA:98,1
DA:101,9
DA:102,1
DA:103,1
DA:106,8
DA:107,1
DA:108,1
DA:111,7
DA:112,7
DA:113,7
DA:115,7
DA:116,7
DA:123,6
DA:124,4
DA:126,4
DA:127,4
DA:128,4
DA:129,4
DA:131,4
DA:132,1
DA:133,1
DA:136,2
DA:139,1
DA:141,7
DA:145,213
DA:146,16
DA:147,16
DA:148,16
DA:149,16
DA:150,16
DA:151,16
DA:154,213
DA:155,35
DA:164,178
DA:192,1
DA:201,15
DA:246,0
DA:261,1
DA:341,0
DA:367,0
DA:424,1
LF:87
LH:79
BRDA:34,0,0,0
BRDA:34,0,1,35
BRDA:62,1,0,6
BRDA:62,1,1,7
BRDA:62,2,0,13
BRDA:62,2,1,9
BRDA:73,3,0,4
BRDA:73,3,1,2
BRDA:76,4,0,2
BRDA:76,4,1,1
BRDA:96,5,0,1
BRDA:96,5,1,9
BRDA:96,6,0,10
BRDA:96,6,1,9
BRDA:96,6,2,9
BRDA:96,6,3,9
BRDA:101,7,0,1
BRDA:101,7,1,8
BRDA:106,8,0,1
BRDA:106,8,1,7
BRDA:123,9,0,4
BRDA:123,9,1,2
BRDA:136,10,0,2
BRDA:136,10,1,1
BRDA:154,11,0,35
BRDA:154,11,1,178
BRDA:167,12,0,178
BRDA:167,12,1,0
BRDA:191,13,0,178
BRDA:191,13,1,83
BRDA:194,14,0,178
BRDA:194,14,1,83
BRDA:200,15,0,178
BRDA:200,15,1,95
BRDA:203,16,0,178
BRDA:203,16,1,95
BRDA:211,17,0,83
BRDA:211,17,1,95
BRDA:250,18,0,0
BRDA:250,18,1,83
BRDA:263,19,0,83
BRDA:263,19,1,1
BRDA:264,20,0,83
BRDA:264,20,1,1
BRDA:273,21,0,83
BRDA:273,21,1,12
BRDA:278,22,0,83
BRDA:278,22,1,10
BRDA:282,23,0,10
BRDA:282,23,1,73
BRDA:345,24,0,0
BRDA:345,24,1,95
BRDA:371,25,0,0
BRDA:371,25,1,95
BRDA:378,26,0,95
BRDA:378,26,1,9
BRDA:379,27,0,95
BRDA:379,27,1,24
BRDA:384,28,0,95
BRDA:384,28,1,30
BRDA:388,29,0,30
BRDA:388,29,1,65
BRF:62
BRH:57
end_of_record
TN:
SF:src\screens\myReservationDetail.tsx
FN:71,MyReservationDetailScreen
FN:78,(anonymous_1)
FN:82,(anonymous_2)
FN:126,(anonymous_3)
FN:169,(anonymous_4)
FN:195,(anonymous_5)
FN:199,(anonymous_6)
FN:203,(anonymous_7)
FN:207,(anonymous_8)
FN:211,(anonymous_9)
FN:217,(anonymous_10)
FN:223,(anonymous_11)
FNF:12
FNH:9
FNDA:18,MyReservationDetailScreen
FNDA:6,(anonymous_1)
FNDA:6,(anonymous_2)
FNDA:6,(anonymous_3)
FNDA:12,(anonymous_4)
FNDA:1,(anonymous_5)
FNDA:0,(anonymous_6)
FNDA:0,(anonymous_7)
FNDA:0,(anonymous_8)
FNDA:1,(anonymous_9)
FNDA:1,(anonymous_10)
FNDA:6,(anonymous_11)
DA:72,18
DA:73,18
DA:74,18
DA:75,18
DA:76,18
DA:78,18
DA:79,6
DA:82,18
DA:83,6
DA:84,6
DA:85,6
DA:86,6
DA:87,6
DA:88,6
DA:90,6
DA:92,6
DA:93,6
DA:94,6
DA:96,6
DA:126,18
DA:127,6
DA:128,6
DA:130,6
DA:131,0
DA:132,0
DA:136,6
DA:137,6
DA:138,6
DA:141,6
DA:142,0
DA:143,0
DA:144,0
DA:145,0
DA:150,0
DA:153,6
DA:154,6
DA:157,6
DA:158,6
DA:160,0
DA:163,0
DA:165,6
DA:169,18
DA:170,12
DA:172,10
DA:173,10
DA:174,10
DA:177,10
DA:181,10
DA:183,10
DA:189,10
DA:190,1
DA:192,9
DA:195,18
DA:196,1
DA:199,18
DA:203,18
DA:207,18
DA:211,18
DA:212,1
DA:213,1
DA:217,18
DA:218,1
DA:219,1
DA:223,18
DA:224,6
DA:225,6
DA:226,6
DA:228,6
DA:229,24
DA:233,6
DA:234,6
DA:238,6
DA:239,6
DA:240,0
DA:249,6
DA:252,18
DA:253,12
DA:263,6
DA:264,0
DA:277,6
DA:504,1
LF:81
LH:70
BRDA:84,0,0,6
BRDA:84,0,1,0
BRDA:85,1,0,6
BRDA:85,1,1,0
BRDA:90,2,0,6
BRDA:90,2,1,0
BRDA:92,3,0,6
BRDA:92,3,1,0
BRDA:93,4,0,6
BRDA:93,4,1,0
BRDA:94,5,0,1
BRDA:94,5,1,5
BRDA:97,6,0,6
BRDA:97,6,1,0
BRDA:99,7,0,6
BRDA:99,7,1,0
BRDA:100,8,0,6
BRDA:100,8,1,1
BRDA:101,9,0,6
BRDA:101,9,1,0
BRDA:103,10,0,6
BRDA:103,10,1,0
BRDA:104,11,0,6
BRDA:104,11,1,1
BRDA:107,12,0,6
BRDA:107,12,1,0
BRDA:108,13,0,6
BRDA:108,13,1,1
BRDA:109,14,0,6
BRDA:109,14,1,1
BRDA:110,15,0,6
BRDA:110,15,1,1
BRDA:111,16,0,6
BRDA:111,16,1,1
BRDA:112,17,0,6
BRDA:112,17,1,0
BRDA:119,18,0,6
BRDA:119,18,1,0
BRDA:121,19,0,6
BRDA:121,19,1,0
BRDA:130,20,0,0
BRDA:130,20,1,6
BRDA:141,21,0,0
BRDA:141,21,1,6
BRDA:144,22,0,0
BRDA:144,22,1,0
BRDA:144,23,0,0
BRDA:144,23,1,0
BRDA:170,24,0,2
BRDA:170,24,1,10
BRDA:177,25,0,10
BRDA:177,25,1,1
BRDA:177,25,2,1
BRDA:181,26,0,0
BRDA:181,26,1,10
BRDA:181,27,0,0
BRDA:181,27,1,10
BRDA:189,28,0,1
BRDA:189,28,1,9
BRDA:212,29,0,1
BRDA:212,29,1,0
BRDA:218,30,0,1
BRDA:218,30,1,0
BRDA:233,31,0,6
BRDA:233,31,1,0
BRDA:238,32,0,6
BRDA:238,32,1,0
BRDA:252,33,0,12
BRDA:252,33,1,6
BRDA:263,34,0,0
BRDA:263,34,1,6
BRDA:285,35,0,0
BRDA:285,35,1,6
BRDA:313,36,0,0
BRDA:313,36,1,6
BRDA:410,37,0,1
BRDA:410,37,1,5
BRDA:412,38,0,0
BRDA:412,38,1,6
BRDA:425,39,0,1
BRDA:425,39,1,5
BRDA:484,40,0,0
BRDA:484,40,1,6
BRF:83
BRH:53
end_of_record
TN:
SF:src\screens\myReservations.tsx
FN:57,MyReservationsScreen
FN:59,(anonymous_1)
FN:60,(anonymous_2)
FN:61,(anonymous_3)
FN:62,(anonymous_4)
FN:72,(anonymous_5)
FN:87,(anonymous_6)
FN:144,(anonymous_7)
FN:145,(anonymous_8)
FN:146,(anonymous_9)
FN:147,(anonymous_10)
FN:149,(anonymous_11)
FN:160,(anonymous_12)
FN:174,(anonymous_13)
FN:193,(anonymous_14)
FN:197,(anonymous_15)
FN:265,(anonymous_16)
FN:296,(anonymous_17)
FN:301,(anonymous_18)
FN:353,(anonymous_19)
FN:361,(anonymous_20)
FN:369,(anonymous_21)
FN:373,(anonymous_22)
FN:384,(anonymous_23)
FN:385,(anonymous_24)
FN:401,(anonymous_25)
FN:406,(anonymous_26)
FN:410,(anonymous_27)
FN:437,(anonymous_28)
FN:467,(anonymous_29)
FN:522,(anonymous_30)
FN:532,(anonymous_31)
FN:553,(anonymous_32)
FN:578,(anonymous_33)
FN:607,(anonymous_34)
FN:624,(anonymous_35)
FN:641,(anonymous_36)
FN:656,(anonymous_37)
FN:715,(anonymous_38)
FN:729,(anonymous_39)
FN:752,(anonymous_40)
FN:763,(anonymous_41)
FN:771,(anonymous_42)
FN:785,(anonymous_43)
FN:803,(anonymous_44)
FN:819,(anonymous_45)
FN:827,(anonymous_46)
FN:841,(anonymous_47)
FN:901,(anonymous_48)
FN:914,(anonymous_49)
FN:927,(anonymous_50)
FNF:51
FNH:41
FNDA:336,MyReservationsScreen
FNDA:336,(anonymous_1)
FNDA:336,(anonymous_2)
FNDA:336,(anonymous_3)
FNDA:336,(anonymous_4)
FNDA:5,(anonymous_5)
FNDA:50,(anonymous_6)
FNDA:82,(anonymous_7)
FNDA:82,(anonymous_8)
FNDA:82,(anonymous_9)
FNDA:82,(anonymous_10)
FNDA:45,(anonymous_11)
FNDA:4,(anonymous_12)
FNDA:45,(anonymous_13)
FNDA:49,(anonymous_14)
FNDA:45,(anonymous_15)
FNDA:0,(anonymous_16)
FNDA:45,(anonymous_17)
FNDA:60,(anonymous_18)
FNDA:45,(anonymous_19)
FNDA:45,(anonymous_20)
FNDA:90,(anonymous_21)
FNDA:174,(anonymous_22)
FNDA:336,(anonymous_23)
FNDA:191,(anonymous_24)
FNDA:0,(anonymous_25)
FNDA:1,(anonymous_26)
FNDA:1,(anonymous_27)
FNDA:1,(anonymous_28)
FNDA:3,(anonymous_29)
FNDA:58,(anonymous_30)
FNDA:0,(anonymous_31)
FNDA:1,(anonymous_32)
FNDA:87,(anonymous_33)
FNDA:87,(anonymous_34)
FNDA:87,(anonymous_35)
FNDA:87,(anonymous_36)
FNDA:87,(anonymous_37)
FNDA:3,(anonymous_38)
FNDA:1,(anonymous_39)
FNDA:0,(anonymous_40)
FNDA:0,(anonymous_41)
FNDA:0,(anonymous_42)
FNDA:0,(anonymous_43)
FNDA:0,(anonymous_44)
FNDA:1,(anonymous_45)
FNDA:1,(anonymous_46)
FNDA:0,(anonymous_47)
FNDA:0,(anonymous_48)
FNDA:3,(anonymous_49)
FNDA:2,(anonymous_50)
DA:58,336
DA:59,336
DA:60,336
DA:61,336
DA:62,336
DA:63,336
DA:64,336
DA:65,336
DA:66,336
DA:67,336
DA:68,336
DA:69,336
DA:70,336
DA:72,336
DA:73,5
DA:78,5
DA:79,0
DA:80,0
DA:81,0
DA:82,0
DA:84,5
DA:87,336
DA:88,50
DA:89,50
DA:91,50
DA:92,3
DA:93,3
DA:94,3
DA:97,47
DA:100,47
DA:101,0
DA:102,0
DA:103,0
DA:105,0
DA:106,0
DA:107,0
DA:111,47
DA:112,47
DA:113,47
DA:120,47
DA:126,46
DA:128,4
DA:129,4
DA:130,4
DA:132,4
DA:133,4
DA:134,4
DA:137,42
DA:139,42
DA:140,42
DA:141,42
DA:142,42
DA:144,82
DA:145,82
DA:146,82
DA:147,82
DA:149,42
DA:150,45
DA:160,42
DA:161,4
DA:164,42
DA:165,42
DA:168,42
DA:173,42
DA:174,45
DA:177,1
DA:179,1
DA:180,1
DA:181,1
DA:182,1
DA:185,0
DA:188,50
DA:189,50
DA:193,336
DA:194,49
DA:197,336
DA:205,45
DA:206,45
DA:207,45
DA:209,45
DA:210,45
DA:211,45
DA:212,45
DA:213,45
DA:215,45
DA:217,45
DA:218,41
DA:219,41
DA:220,41
DA:221,41
DA:223,41
DA:224,41
DA:225,40
DA:226,40
DA:230,45
DA:231,4
DA:234,45
DA:235,45
DA:237,45
DA:260,0
DA:261,0
DA:265,336
DA:269,0
DA:270,0
DA:272,0
DA:296,336
DA:301,60
DA:302,45
DA:303,45
DA:304,45
DA:306,45
DA:307,45
DA:308,45
DA:309,45
DA:310,45
DA:311,45
DA:313,45
DA:314,3
DA:315,3
DA:318,42
DA:319,2
DA:320,2
DA:323,40
DA:324,10
DA:325,10
DA:328,30
DA:329,0
DA:330,0
DA:333,30
DA:334,29
DA:335,29
DA:338,1
DA:339,0
DA:340,0
DA:344,1
DA:345,1
DA:346,1
DA:349,0
DA:350,0
DA:353,336
DA:354,45
DA:361,336
DA:362,45
DA:363,45
DA:364,45
DA:365,45
DA:366,45
DA:369,336
DA:370,90
DA:373,336
DA:374,174
DA:375,174
DA:376,174
DA:377,174
DA:384,336
DA:385,336
DA:386,191
DA:387,184
DA:391,7
DA:392,4
DA:394,3
DA:395,3
DA:397,0
DA:401,336
DA:402,0
DA:403,0
DA:406,336
DA:407,1
DA:410,336
DA:411,1
DA:437,336
DA:438,1
DA:439,0
DA:443,0
DA:445,1
DA:467,336
DA:468,3
DA:469,0
DA:473,0
DA:475,3
DA:476,3
DA:479,3
DA:485,2
DA:486,1
DA:487,1
DA:490,1
DA:515,1
DA:516,1
DA:518,3
DA:522,336
DA:523,58
DA:524,58
DA:525,58
DA:532,336
DA:533,0
DA:534,0
DA:538,0
DA:541,0
DA:542,0
DA:544,0
DA:553,336
DA:554,1
DA:555,0
DA:559,0
DA:561,1
DA:578,336
DA:579,87
DA:580,87
DA:581,87
DA:583,87
DA:584,323
DA:588,87
DA:589,79
DA:593,87
DA:594,87
DA:595,33
DA:604,87
DA:607,336
DA:608,87
DA:610,58
DA:612,0
DA:614,25
DA:616,2
DA:618,0
DA:620,2
DA:624,336
DA:625,87
DA:627,58
DA:629,0
DA:631,25
DA:633,2
DA:635,2
DA:637,0
DA:641,336
DA:642,87
DA:643,87
DA:644,87
DA:648,87
DA:649,0
DA:653,87
DA:656,336
DA:657,87
DA:658,87
DA:660,87
DA:715,3
DA:729,1
DA:752,0
DA:763,0
DA:771,0
DA:785,0
DA:803,0
DA:819,1
DA:827,1
DA:841,0
DA:860,336
DA:862,336
DA:863,226
DA:873,110
DA:901,0
DA:914,3
DA:927,2
DA:974,1
LF:262
LH:213
BRDA:78,0,0,0
BRDA:78,0,1,5
BRDA:80,1,0,0
BRDA:80,1,1,0
BRDA:91,2,0,3
BRDA:91,2,1,47
BRDA:100,3,0,0
BRDA:100,3,1,47
BRDA:102,4,0,0
BRDA:102,4,1,0
BRDA:111,5,0,46
BRDA:111,5,1,1
BRDA:112,6,0,46
BRDA:112,6,1,1
BRDA:113,7,0,46
BRDA:113,7,1,1
BRDA:126,8,0,4
BRDA:126,8,1,42
BRDA:126,9,0,46
BRDA:126,9,1,43
BRDA:129,10,0,4
BRDA:129,10,1,0
BRDA:179,11,0,1
BRDA:179,11,1,0
BRDA:181,12,0,1
BRDA:181,12,1,0
BRDA:215,13,0,42
BRDA:215,13,1,3
BRDA:217,14,0,41
BRDA:217,14,1,4
BRDA:217,15,0,45
BRDA:217,15,1,42
BRDA:220,16,0,41
BRDA:220,16,1,0
BRDA:221,17,0,41
BRDA:221,17,1,0
BRDA:224,18,0,40
BRDA:224,18,1,1
BRDA:225,19,0,40
BRDA:225,19,1,0
BRDA:230,20,0,4
BRDA:230,20,1,41
BRDA:230,21,0,45
BRDA:230,21,1,5
BRDA:241,22,0,45
BRDA:241,22,1,4
BRDA:243,23,0,45
BRDA:243,23,1,3
BRDA:244,24,0,45
BRDA:244,24,1,3
BRDA:245,25,0,45
BRDA:245,25,1,3
BRDA:247,26,0,45
BRDA:247,26,1,1
BRDA:301,27,0,45
BRDA:301,27,1,1
BRDA:313,28,0,3
BRDA:313,28,1,42
BRDA:318,29,0,2
BRDA:318,29,1,40
BRDA:323,30,0,10
BRDA:323,30,1,30
BRDA:328,31,0,0
BRDA:328,31,1,30
BRDA:328,32,0,30
BRDA:328,32,1,30
BRDA:333,33,0,29
BRDA:333,33,1,1
BRDA:333,34,0,30
BRDA:333,34,1,1
BRDA:338,35,0,0
BRDA:338,35,1,1
BRDA:338,36,0,1
BRDA:338,36,1,1
BRDA:344,37,0,1
BRDA:344,37,1,0
BRDA:366,38,0,44
BRDA:366,38,1,1
BRDA:374,39,0,0
BRDA:374,39,1,174
BRDA:376,40,0,0
BRDA:376,40,1,174
BRDA:376,41,0,0
BRDA:376,41,1,174
BRDA:386,42,0,184
BRDA:386,42,1,7
BRDA:388,43,0,184
BRDA:388,43,1,70
BRDA:388,43,2,20
BRDA:388,43,3,20
BRDA:391,44,0,4
BRDA:391,44,1,3
BRDA:394,45,0,3
BRDA:394,45,1,0
BRDA:438,46,0,0
BRDA:438,46,1,1
BRDA:468,47,0,0
BRDA:468,47,1,3
BRDA:485,48,0,1
BRDA:485,48,1,1
BRDA:485,49,0,2
BRDA:485,49,1,1
BRDA:486,50,0,1
BRDA:486,50,1,0
BRDA:526,51,0,58
BRDA:526,51,1,0
BRDA:526,51,2,0
BRDA:533,52,0,0
BRDA:533,52,1,0
BRDA:554,53,0,0
BRDA:554,53,1,1
BRDA:588,54,0,79
BRDA:588,54,1,8
BRDA:593,55,0,79
BRDA:593,55,1,8
BRDA:608,56,0,58
BRDA:608,56,1,0
BRDA:608,56,2,25
BRDA:608,56,3,2
BRDA:608,56,4,0
BRDA:608,56,5,2
BRDA:625,57,0,58
BRDA:625,57,1,0
BRDA:625,57,2,25
BRDA:625,57,3,2
BRDA:625,57,4,2
BRDA:625,57,5,0
BRDA:643,58,0,87
BRDA:643,58,1,0
BRDA:645,59,0,25
BRDA:645,59,1,62
BRDA:648,60,0,0
BRDA:648,60,1,87
BRDA:650,61,0,0
BRDA:650,61,1,0
BRDA:711,62,0,25
BRDA:711,62,1,62
BRDA:714,63,0,25
BRDA:714,63,1,0
BRDA:721,64,0,25
BRDA:721,64,1,0
BRDA:728,65,0,25
BRDA:728,65,1,0
BRDA:735,66,0,25
BRDA:735,66,1,0
BRDA:742,67,0,0
BRDA:742,67,1,62
BRDA:759,68,0,0
BRDA:759,68,1,62
BRDA:770,69,0,0
BRDA:770,69,1,0
BRDA:777,70,0,0
BRDA:777,70,1,0
BRDA:784,71,0,0
BRDA:784,71,1,0
BRDA:791,72,0,0
BRDA:791,72,1,0
BRDA:798,73,0,58
BRDA:798,73,1,4
BRDA:800,74,0,0
BRDA:800,74,1,58
BRDA:802,75,0,0
BRDA:802,75,1,0
BRDA:810,76,0,0
BRDA:810,76,1,0
BRDA:826,77,0,58
BRDA:826,77,1,0
BRDA:833,78,0,58
BRDA:833,78,1,0
BRDA:840,79,0,58
BRDA:840,79,1,0
BRDA:847,80,0,58
BRDA:847,80,1,0
BRDA:862,81,0,226
BRDA:862,81,1,110
BRDA:881,82,0,0
BRDA:881,82,1,110
BRDA:900,83,0,110
BRDA:900,83,1,105
BRDA:906,84,0,110
BRDA:906,84,1,105
BRDA:913,85,0,110
BRDA:913,85,1,3
BRDA:919,86,0,110
BRDA:919,86,1,3
BRDA:926,87,0,110
BRDA:926,87,1,2
BRDA:932,88,0,110
BRDA:932,88,1,2
BRDA:948,89,0,16
BRDA:948,89,1,94
BRDA:958,90,0,11
BRDA:958,90,1,83
BRF:193
BRH:134
end_of_record
TN:
SF:src\screens\payment.tsx
FN:47,PaymentScreen
FN:50,(anonymous_1)
FN:52,(anonymous_2)
FN:90,(anonymous_3)
FN:91,(anonymous_4)
FN:98,(anonymous_5)
FN:104,(anonymous_6)
FN:112,(anonymous_7)
FN:116,(anonymous_8)
FN:120,(anonymous_9)
FN:124,(anonymous_10)
FN:136,(anonymous_11)
FN:154,(anonymous_12)
FN:210,(anonymous_13)
FN:214,(anonymous_14)
FN:224,(anonymous_15)
FN:225,(anonymous_16)
FN:232,(anonymous_17)
FN:244,(anonymous_18)
FN:245,(anonymous_19)
FN:262,(anonymous_20)
FN:282,(anonymous_21)
FN:305,(anonymous_22)
FN:316,(anonymous_23)
FN:353,(anonymous_24)
FN:368,(anonymous_25)
FN:421,(anonymous_26)
FN:451,(anonymous_27)
FN:504,(anonymous_28)
FN:562,(anonymous_29)
FN:595,(anonymous_30)
FN:599,(anonymous_31)
FN:610,(anonymous_32)
FN:761,(anonymous_33)
FN:830,(anonymous_34)
FNF:35
FNH:26
FNDA:434,PaymentScreen
FNDA:434,(anonymous_1)
FNDA:6944,(anonymous_2)
FNDA:57,(anonymous_3)
FNDA:57,(anonymous_4)
FNDA:16,(anonymous_5)
FNDA:16,(anonymous_6)
FNDA:16,(anonymous_7)
FNDA:16,(anonymous_8)
FNDA:15,(anonymous_9)
FNDA:433,(anonymous_10)
FNDA:433,(anonymous_11)
FNDA:14,(anonymous_12)
FNDA:106,(anonymous_13)
FNDA:8,(anonymous_14)
FNDA:0,(anonymous_15)
FNDA:0,(anonymous_16)
FNDA:0,(anonymous_17)
FNDA:57,(anonymous_18)
FNDA:57,(anonymous_19)
FNDA:0,(anonymous_20)
FNDA:0,(anonymous_21)
FNDA:54,(anonymous_22)
FNDA:103,(anonymous_23)
FNDA:14,(anonymous_24)
FNDA:0,(anonymous_25)
FNDA:0,(anonymous_26)
FNDA:0,(anonymous_27)
FNDA:0,(anonymous_28)
FNDA:8,(anonymous_29)
FNDA:1,(anonymous_30)
FNDA:1299,(anonymous_31)
FNDA:5,(anonymous_32)
FNDA:2,(anonymous_33)
FNDA:14,(anonymous_34)
DA:48,434
DA:49,434
DA:50,434
DA:52,434
DA:53,6944
DA:54,6944
DA:57,434
DA:58,434
DA:59,434
DA:60,434
DA:61,434
DA:62,434
DA:63,434
DA:64,434
DA:65,434
DA:66,434
DA:67,434
DA:68,434
DA:69,434
DA:70,434
DA:71,434
DA:72,434
DA:74,434
DA:75,433
DA:76,433
DA:77,433
DA:78,433
DA:79,433
DA:80,433
DA:81,433
DA:82,433
DA:83,433
DA:84,433
DA:85,433
DA:86,433
DA:87,433
DA:88,433
DA:90,433
DA:91,57
DA:92,57
DA:93,8
DA:98,433
DA:99,16
DA:100,16
DA:101,16
DA:104,433
DA:105,16
DA:106,16
DA:107,15
DA:109,1
DA:112,433
DA:113,16
DA:116,433
DA:117,16
DA:120,433
DA:121,15
DA:124,433
DA:125,433
DA:126,427
DA:127,427
DA:128,427
DA:136,433
DA:137,433
DA:138,433
DA:139,433
DA:140,433
DA:141,433
DA:143,433
DA:144,427
DA:145,421
DA:146,415
DA:149,433
DA:150,433
DA:154,433
DA:155,14
DA:156,13
DA:157,13
DA:158,1
DA:159,1
DA:162,12
DA:163,12
DA:164,1
DA:165,1
DA:169,11
DA:170,11
DA:171,11
DA:172,11
DA:175,11
DA:176,11
DA:179,11
DA:180,0
DA:181,0
DA:185,11
DA:186,11
DA:187,0
DA:188,0
DA:191,11
DA:192,1
DA:193,1
DA:196,10
DA:197,1
DA:198,1
DA:202,10
DA:203,1
DA:204,1
DA:207,9
DA:210,433
DA:211,106
DA:214,433
DA:215,8
DA:216,8
DA:217,8
DA:218,4
DA:219,3
DA:220,2
DA:221,1
DA:224,433
DA:225,0
DA:226,0
DA:232,0
DA:233,0
DA:234,0
DA:241,0
DA:244,433
DA:245,57
DA:246,57
DA:247,57
DA:249,57
DA:250,57
DA:251,56
DA:252,1
DA:254,55
DA:257,55
DA:258,55
DA:259,0
DA:260,0
DA:261,0
DA:262,0
DA:264,0
DA:265,0
DA:270,0
DA:277,55
DA:278,55
DA:279,0
DA:280,0
DA:281,0
DA:282,0
DA:284,0
DA:285,0
DA:290,0
DA:296,55
DA:297,55
DA:299,55
DA:301,55
DA:302,55
DA:303,55
DA:304,54
DA:305,54
DA:307,54
DA:308,53
DA:312,55
DA:313,2
DA:316,53
DA:317,103
DA:322,103
DA:325,53
DA:337,53
DA:338,52
DA:340,1
DA:344,5
DA:346,57
DA:350,57
DA:353,433
DA:354,14
DA:356,9
DA:357,9
DA:359,9
DA:360,9
DA:361,9
DA:362,0
DA:366,9
DA:367,0
DA:368,0
DA:369,0
DA:374,0
DA:381,0
DA:388,0
DA:389,0
DA:396,0
DA:399,0
DA:400,0
DA:401,0
DA:402,0
DA:403,0
DA:410,0
DA:414,0
DA:415,0
DA:416,0
DA:417,0
DA:418,0
DA:419,0
DA:421,0
DA:423,0
DA:445,0
DA:449,9
DA:450,0
DA:451,0
DA:452,0
DA:457,0
DA:464,0
DA:469,0
DA:470,0
DA:477,0
DA:480,0
DA:481,0
DA:482,0
DA:483,0
DA:484,0
DA:491,0
DA:495,0
DA:496,0
DA:497,0
DA:498,0
DA:499,0
DA:500,0
DA:501,0
DA:502,0
DA:504,0
DA:506,0
DA:526,0
DA:530,9
DA:531,0
DA:534,9
DA:535,8
DA:536,8
DA:537,1
DA:544,1
DA:548,7
DA:553,8
DA:554,8
DA:555,8
DA:556,8
DA:557,8
DA:558,8
DA:559,8
DA:560,8
DA:562,8
DA:564,6
DA:585,0
DA:595,433
DA:596,1
DA:599,433
DA:605,1299
DA:610,5
DA:639,433
DA:761,2
DA:830,14
DA:878,1
LF:258
LH:183
BRDA:54,0,0,12
BRDA:54,0,1,6932
BRDA:54,1,0,12
BRDA:54,1,1,0
BRDA:54,2,0,6932
BRDA:54,2,1,1320
BRDA:57,3,0,434
BRDA:57,3,1,0
BRDA:58,4,0,434
BRDA:58,4,1,0
BRDA:61,5,0,434
BRDA:61,5,1,6
BRDA:62,6,0,434
BRDA:62,6,1,6
BRDA:68,7,0,434
BRDA:68,7,1,0
BRDA:69,8,0,434
BRDA:69,8,1,0
BRDA:71,9,0,434
BRDA:71,9,1,434
BRDA:72,10,0,434
BRDA:72,10,1,434
BRDA:92,11,0,8
BRDA:92,11,1,49
BRDA:101,12,0,16
BRDA:101,12,1,0
BRDA:106,13,0,15
BRDA:106,13,1,1
BRDA:125,14,0,6
BRDA:125,14,1,427
BRDA:143,15,0,6
BRDA:143,15,1,427
BRDA:144,16,0,6
BRDA:144,16,1,421
BRDA:145,17,0,6
BRDA:145,17,1,415
BRDA:150,18,0,0
BRDA:150,18,1,433
BRDA:155,19,0,13
BRDA:155,19,1,1
BRDA:157,20,0,1
BRDA:157,20,1,12
BRDA:157,21,0,13
BRDA:157,21,1,12
BRDA:163,22,0,1
BRDA:163,22,1,11
BRDA:163,23,0,12
BRDA:163,23,1,12
BRDA:163,23,2,12
BRDA:163,23,3,12
BRDA:175,24,0,11
BRDA:175,24,1,0
BRDA:179,25,0,0
BRDA:179,25,1,11
BRDA:179,26,0,11
BRDA:179,26,1,11
BRDA:179,26,2,0
BRDA:186,27,0,0
BRDA:186,27,1,11
BRDA:191,28,0,1
BRDA:191,28,1,10
BRDA:196,29,0,1
BRDA:196,29,1,9
BRDA:202,30,0,1
BRDA:202,30,1,9
BRDA:217,31,0,4
BRDA:217,31,1,4
BRDA:218,32,0,1
BRDA:218,32,1,3
BRDA:219,33,0,1
BRDA:219,33,1,2
BRDA:220,34,0,1
BRDA:220,34,1,1
BRDA:220,35,0,2
BRDA:220,35,1,1
BRDA:233,36,0,0
BRDA:233,36,1,0
BRDA:235,37,0,0
BRDA:235,37,1,0
BRDA:235,37,2,0
BRDA:241,38,0,0
BRDA:241,38,1,0
BRDA:241,38,2,0
BRDA:251,39,0,1
BRDA:251,39,1,55
BRDA:251,40,0,56
BRDA:251,40,1,55
BRDA:258,41,0,0
BRDA:258,41,1,55
BRDA:260,42,0,0
BRDA:260,42,1,0
BRDA:260,43,0,0
BRDA:260,43,1,0
BRDA:264,44,0,0
BRDA:264,44,1,0
BRDA:271,45,0,0
BRDA:271,45,1,0
BRDA:278,46,0,0
BRDA:278,46,1,55
BRDA:280,47,0,0
BRDA:280,47,1,0
BRDA:280,48,0,0
BRDA:280,48,1,0
BRDA:284,49,0,0
BRDA:284,49,1,0
BRDA:299,50,0,55
BRDA:299,50,1,0
BRDA:299,51,0,55
BRDA:299,51,1,55
BRDA:303,52,0,54
BRDA:303,52,1,1
BRDA:303,53,0,55
BRDA:303,53,1,55
BRDA:303,53,2,55
BRDA:307,54,0,53
BRDA:307,54,1,1
BRDA:312,55,0,2
BRDA:312,55,1,53
BRDA:333,56,0,53
BRDA:333,56,1,0
BRDA:337,57,0,52
BRDA:337,57,1,1
BRDA:337,58,0,53
BRDA:337,58,1,52
BRDA:340,59,0,1
BRDA:340,59,1,0
BRDA:344,60,0,5
BRDA:344,60,1,0
BRDA:354,61,0,5
BRDA:354,61,1,9
BRDA:361,62,0,0
BRDA:361,62,1,9
BRDA:366,63,0,0
BRDA:366,63,1,9
BRDA:366,64,0,9
BRDA:366,64,1,0
BRDA:375,65,0,0
BRDA:375,65,1,0
BRDA:375,65,2,0
BRDA:388,66,0,0
BRDA:388,66,1,0
BRDA:393,67,0,0
BRDA:393,67,1,0
BRDA:400,68,0,0
BRDA:400,68,1,0
BRDA:402,69,0,0
BRDA:402,69,1,0
BRDA:407,70,0,0
BRDA:407,70,1,0
BRDA:429,71,0,0
BRDA:429,71,1,0
BRDA:429,71,2,0
BRDA:430,72,0,0
BRDA:430,72,1,0
BRDA:431,73,0,0
BRDA:431,73,1,0
BRDA:431,73,2,0
BRDA:449,74,0,0
BRDA:449,74,1,9
BRDA:449,75,0,9
BRDA:449,75,1,0
BRDA:458,76,0,0
BRDA:458,76,1,0
BRDA:458,76,2,0
BRDA:469,77,0,0
BRDA:469,77,1,0
BRDA:474,78,0,0
BRDA:474,78,1,0
BRDA:481,79,0,0
BRDA:481,79,1,0
BRDA:483,80,0,0
BRDA:483,80,1,0
BRDA:488,81,0,0
BRDA:488,81,1,0
BRDA:512,82,0,0
BRDA:512,82,1,0
BRDA:512,82,2,0
BRDA:513,83,0,0
BRDA:513,83,1,0
BRDA:514,84,0,0
BRDA:514,84,1,0
BRDA:514,84,2,0
BRDA:530,85,0,0
BRDA:530,85,1,9
BRDA:534,86,0,8
BRDA:534,86,1,1
BRDA:536,87,0,1
BRDA:536,87,1,7
BRDA:541,88,0,1
BRDA:541,88,1,0
BRDA:570,89,0,6
BRDA:570,89,1,0
BRDA:570,89,2,0
BRDA:571,90,0,6
BRDA:571,90,1,0
BRDA:572,91,0,6
BRDA:572,91,1,0
BRDA:572,91,2,0
BRDA:589,92,0,0
BRDA:589,92,1,0
BRDA:608,93,0,1299
BRDA:608,93,1,433
BRDA:616,94,0,1299
BRDA:616,94,1,433
BRDA:619,95,0,1299
BRDA:619,95,1,433
BRDA:624,96,0,433
BRDA:624,96,1,866
BRDA:629,97,0,1299
BRDA:629,97,1,433
BRDA:643,98,0,433
BRDA:643,98,1,0
BRDA:697,99,0,433
BRDA:697,99,1,419
BRDA:763,100,0,419
BRDA:763,100,1,1
BRDA:764,101,0,419
BRDA:764,101,1,1
BRDA:794,102,0,433
BRDA:794,102,1,18
BRDA:821,103,0,15
BRDA:821,103,1,418
BRDA:832,104,0,433
BRDA:832,104,1,31
BRDA:833,105,0,433
BRDA:833,105,1,31
BRDA:852,106,0,433
BRDA:852,106,1,424
BRDA:852,106,2,249
BRDA:854,107,0,433
BRDA:854,107,1,424
BRDA:854,107,2,184
BRDA:854,107,3,184
BRDA:854,107,4,184
BRDA:854,107,5,62
BRDA:856,108,0,249
BRDA:856,108,1,184
BRDA:856,109,0,433
BRDA:856,109,1,424
BRF:239
BRH:143
end_of_record
TN:
SF:src\screens\paymentResult.tsx
FN:16,PaymentResultScreen
FN:21,(anonymous_1)
FN:43,(anonymous_2)
FN:53,(anonymous_3)
FN:58,(anonymous_4)
FN:62,(anonymous_5)
FN:65,(anonymous_6)
FN:69,(anonymous_7)
FN:73,(anonymous_8)
FN:77,(anonymous_9)
FNF:10
FNH:10
FNDA:72,PaymentResultScreen
FNDA:1152,(anonymous_1)
FNDA:118,(anonymous_2)
FNDA:62,(anonymous_3)
FNDA:3,(anonymous_4)
FNDA:1,(anonymous_5)
FNDA:2,(anonymous_6)
FNDA:1,(anonymous_7)
FNDA:1,(anonymous_8)
FNDA:59,(anonymous_9)
DA:17,72
DA:18,72
DA:19,72
DA:21,72
DA:22,1152
DA:23,1152
DA:26,72
DA:27,72
DA:28,72
DA:29,72
DA:30,72
DA:31,72
DA:32,72
DA:33,72
DA:34,72
DA:35,72
DA:36,72
DA:37,72
DA:38,72
DA:39,72
DA:40,72
DA:41,72
DA:43,72
DA:44,118
DA:45,116
DA:46,116
DA:53,72
DA:54,62
DA:55,61
DA:58,72
DA:59,3
DA:60,3
DA:61,3
DA:62,3
DA:65,72
DA:66,2
DA:69,72
DA:70,1
DA:73,72
DA:74,1
DA:77,72
DA:78,59
DA:79,59
DA:80,59
DA:82,59
DA:83,235
DA:85,59
DA:86,57
DA:88,59
DA:91,72
DA:92,59
DA:288,13
DA:341,1
LF:53
LH:53
BRDA:23,0,0,2
BRDA:23,0,1,1150
BRDA:23,1,0,2
BRDA:23,1,1,0
BRDA:23,2,0,1150
BRDA:23,2,1,263
BRDA:29,3,0,72
BRDA:29,3,1,14
BRDA:30,4,0,72
BRDA:30,4,1,15
BRDA:34,5,0,72
BRDA:34,5,1,15
BRDA:35,6,0,72
BRDA:35,6,1,15
BRDA:40,7,0,72
BRDA:40,7,1,14
BRDA:44,8,0,2
BRDA:44,8,1,116
BRDA:54,9,0,1
BRDA:54,9,1,61
BRDA:85,10,0,57
BRDA:85,10,1,2
BRDA:91,11,0,59
BRDA:91,11,1,13
BRDA:109,12,0,59
BRDA:109,12,1,1
BRDA:116,13,0,57
BRDA:116,13,1,2
BRDA:166,14,0,3
BRDA:166,14,1,56
BRDA:168,15,0,3
BRDA:168,15,1,56
BRDA:182,16,0,58
BRDA:182,16,1,1
BRDA:189,17,0,58
BRDA:189,17,1,1
BRDA:198,18,0,58
BRDA:198,18,1,1
BRDA:202,19,0,59
BRDA:202,19,1,58
BRDA:303,20,0,13
BRDA:303,20,1,8
BRF:42
BRH:41
end_of_record
TN:
SF:src\screens\qrCheckin.tsx
FN:20,QrCheckinScreen
FN:34,(anonymous_1)
FN:40,(anonymous_2)
FN:89,(anonymous_3)
FN:95,(anonymous_4)
FN:99,(anonymous_5)
FN:117,(anonymous_6)
FNF:7
FNH:7
FNDA:97,QrCheckinScreen
FNDA:36,(anonymous_1)
FNDA:24,(anonymous_2)
FNDA:1,(anonymous_3)
FNDA:4,(anonymous_4)
FNDA:1,(anonymous_5)
FNDA:1,(anonymous_6)
DA:21,97
DA:22,97
DA:26,97
DA:27,97
DA:28,96
DA:29,96
DA:31,96
DA:32,96
DA:34,96
DA:35,36
DA:36,2
DA:40,96
DA:41,24
DA:42,23
DA:44,23
DA:45,23
DA:47,23
DA:49,23
DA:50,23
DA:51,23
DA:52,23
DA:53,17
DA:55,6
DA:56,6
DA:59,23
DA:60,23
DA:61,23
DA:63,23
DA:64,7
DA:65,7
DA:66,7
DA:67,7
DA:70,16
DA:71,16
DA:72,15
DA:74,15
DA:75,10
DA:77,5
DA:78,5
DA:83,1
DA:84,1
DA:85,1
DA:89,96
DA:90,1
DA:91,1
DA:92,1
DA:95,96
DA:96,4
DA:99,96
DA:100,1
DA:104,96
DA:105,4
DA:117,1
DA:134,92
DA:135,2
DA:148,90
DA:149,23
DA:162,67
DA:163,10
DA:198,57
DA:199,26
DA:231,31
DA:276,1
DA:278,1
LF:64
LH:64
BRDA:31,0,0,96
BRDA:31,0,1,1
BRDA:32,1,0,96
BRDA:32,1,1,1
BRDA:35,2,0,2
BRDA:35,2,1,34
BRDA:35,3,0,36
BRDA:35,3,1,6
BRDA:41,4,0,1
BRDA:41,4,1,23
BRDA:59,5,0,23
BRDA:59,5,1,8
BRDA:63,6,0,7
BRDA:63,6,1,16
BRDA:74,7,0,10
BRDA:74,7,1,5
BRDA:79,8,0,5
BRDA:79,8,1,1
BRDA:104,9,0,4
BRDA:104,9,1,92
BRDA:104,10,0,96
BRDA:104,10,1,96
BRDA:104,10,2,6
BRDA:134,11,0,2
BRDA:134,11,1,90
BRDA:148,12,0,23
BRDA:148,12,1,67
BRDA:162,13,0,10
BRDA:162,13,1,57
BRDA:198,14,0,26
BRDA:198,14,1,31
BRDA:266,15,0,29
BRDA:266,15,1,2
BRF:33
BRH:33
end_of_record
TN:
SF:src\services\authService\AuthService.ts
FN:10,(anonymous_0)
FNF:1
FNH:1
FNDA:9,(anonymous_0)
DA:9,2
DA:11,9
DA:12,9
DA:14,9
DA:18,9
DA:23,7
DA:24,5
DA:25,5
DA:27,5
DA:29,5
DA:42,5
DA:44,5
DA:50,2
DA:52,2
DA:60,2
DA:61,2
DA:62,2
LF:17
LH:17
BRDA:23,0,0,5
BRDA:23,0,1,2
BRF:2
BRH:2
end_of_record
TN:
SF:src\services\authService\models\AuthError.ts
FNF:0
FNH:0
LF:0
LH:0
BRF:0
BRH:0
end_of_record
TN:
SF:src\services\authService\models\AuthResponse.ts
FNF:0
FNH:0
LF:0
LH:0
BRF:0
BRH:0
end_of_record
TN:
SF:src\services\authService\models\AuthResult.ts
FNF:0
FNH:0
LF:0
LH:0
BRF:0
BRH:0
end_of_record
TN:
SF:src\services\bookingService\bookingService.ts
FN:119,(anonymous_0)
FN:153,(anonymous_1)
FN:169,(anonymous_2)
FN:199,(anonymous_3)
FN:229,(anonymous_4)
FN:259,(anonymous_5)
FN:289,(anonymous_6)
FN:319,(anonymous_7)
FN:349,(anonymous_8)
FN:382,(anonymous_9)
FN:427,(anonymous_10)
FN:459,(anonymous_11)
FN:491,(anonymous_12)
FN:523,(anonymous_13)
FN:555,(anonymous_14)
FN:587,(anonymous_15)
FN:620,(anonymous_16)
FNF:17
FNH:15
FNDA:7,(anonymous_0)
FNDA:5,(anonymous_1)
FNDA:10,(anonymous_2)
FNDA:5,(anonymous_3)
FNDA:10,(anonymous_4)
FNDA:4,(anonymous_5)
FNDA:3,(anonymous_6)
FNDA:9,(anonymous_7)
FNDA:9,(anonymous_8)
FNDA:10,(anonymous_9)
FNDA:3,(anonymous_10)
FNDA:3,(anonymous_11)
FNDA:4,(anonymous_12)
FNDA:3,(anonymous_13)
FNDA:0,(anonymous_14)
FNDA:0,(anonymous_15)
FNDA:4,(anonymous_16)
DA:118,3
DA:123,7
DA:124,7
DA:125,7
DA:127,4
DA:128,2
DA:134,2
DA:142,3
DA:143,3
DA:154,5
DA:155,5
DA:156,5
DA:157,2
DA:159,3
DA:160,3
DA:170,10
DA:171,10
DA:172,10
DA:174,8
DA:175,2
DA:181,1
DA:189,7
DA:190,7
DA:200,5
DA:201,5
DA:202,5
DA:204,3
DA:205,1
DA:211,2
DA:219,2
DA:220,2
DA:230,10
DA:231,10
DA:232,10
DA:234,8
DA:235,2
DA:241,1
DA:249,7
DA:250,7
DA:260,4
DA:261,4
DA:262,4
DA:264,2
DA:265,1
DA:271,1
DA:279,2
DA:280,2
DA:290,3
DA:291,3
DA:292,3
DA:294,2
DA:295,1
DA:301,1
DA:309,1
DA:310,1
DA:320,9
DA:321,9
DA:322,9
DA:324,7
DA:325,1
DA:331,1
DA:339,7
DA:340,7
DA:352,9
DA:353,9
DA:354,9
DA:356,6
DA:357,4
DA:363,2
DA:371,3
DA:372,3
DA:385,10
DA:386,10
DA:387,10
DA:391,10
DA:392,10
DA:394,10
DA:396,6
DA:397,6
DA:399,6
DA:400,4
DA:406,2
DA:414,4
DA:415,4
DA:416,4
DA:417,4
DA:430,3
DA:431,3
DA:432,3
DA:434,2
DA:435,1
DA:441,1
DA:449,1
DA:450,1
DA:462,3
DA:463,3
DA:464,3
DA:466,2
DA:467,1
DA:473,1
DA:481,1
DA:482,1
DA:494,4
DA:495,4
DA:496,4
DA:498,2
DA:499,1
DA:505,1
DA:513,2
DA:514,2
DA:526,3
DA:527,3
DA:528,3
DA:530,2
DA:531,1
DA:537,1
DA:545,1
DA:546,1
DA:558,0
DA:559,0
DA:560,0
DA:562,0
DA:563,0
DA:569,0
DA:577,0
DA:578,0
DA:590,0
DA:591,0
DA:592,0
DA:594,0
DA:595,0
DA:601,0
DA:609,0
DA:610,0
DA:624,4
DA:625,4
DA:626,4
DA:628,2
DA:629,1
DA:635,1
DA:643,2
DA:644,2
LF:142
LH:126
BRDA:127,0,0,2
BRDA:127,0,1,2
BRDA:127,1,0,4
BRDA:127,1,1,3
BRDA:146,2,0,3
BRDA:146,2,1,2
BRDA:146,2,2,1
BRDA:163,3,0,3
BRDA:163,3,1,1
BRDA:174,4,0,2
BRDA:174,4,1,1
BRDA:193,5,0,7
BRDA:193,5,1,1
BRDA:204,6,0,1
BRDA:204,6,1,2
BRDA:223,7,0,2
BRDA:223,7,1,1
BRDA:234,8,0,2
BRDA:234,8,1,1
BRDA:253,9,0,7
BRDA:253,9,1,1
BRDA:264,10,0,1
BRDA:264,10,1,1
BRDA:283,11,0,2
BRDA:283,11,1,1
BRDA:294,12,0,1
BRDA:294,12,1,1
BRDA:313,13,0,1
BRDA:313,13,1,1
BRDA:324,14,0,1
BRDA:324,14,1,1
BRDA:343,15,0,7
BRDA:343,15,1,1
BRDA:356,16,0,4
BRDA:356,16,1,2
BRDA:356,17,0,6
BRDA:356,17,1,5
BRDA:375,18,0,3
BRDA:375,18,1,2
BRDA:375,18,2,1
BRDA:399,19,0,4
BRDA:399,19,1,2
BRDA:399,20,0,6
BRDA:399,20,1,3
BRDA:420,21,0,4
BRDA:420,21,1,3
BRDA:420,21,2,1
BRDA:434,22,0,1
BRDA:434,22,1,1
BRDA:453,23,0,1
BRDA:453,23,1,1
BRDA:466,24,0,1
BRDA:466,24,1,1
BRDA:485,25,0,1
BRDA:485,25,1,1
BRDA:498,26,0,1
BRDA:498,26,1,1
BRDA:517,27,0,2
BRDA:517,27,1,1
BRDA:530,28,0,1
BRDA:530,28,1,1
BRDA:549,29,0,1
BRDA:549,29,1,1
BRDA:562,30,0,0
BRDA:562,30,1,0
BRDA:581,31,0,0
BRDA:581,31,1,0
BRDA:594,32,0,0
BRDA:594,32,1,0
BRDA:594,33,0,0
BRDA:594,33,1,0
BRDA:613,34,0,0
BRDA:613,34,1,0
BRDA:613,34,2,0
BRDA:628,35,0,1
BRDA:628,35,1,1
BRDA:647,36,0,2
BRDA:647,36,1,1
BRDA:647,36,2,1
BRF:79
BRH:68
end_of_record
TN:
SF:src\services\hotelService\hotelService.ts
FN:39,(anonymous_0)
FN:70,(anonymous_1)
FNF:2
FNH:2
FNDA:8,(anonymous_0)
FNDA:7,(anonymous_1)
DA:38,1
DA:40,8
DA:41,8
DA:43,8
DA:45,5
DA:46,3
DA:52,2
DA:60,3
DA:61,3
DA:71,7
DA:72,7
DA:74,7
DA:76,5
DA:77,2
DA:83,3
DA:91,2
DA:92,2
LF:17
LH:17
BRDA:45,0,0,3
BRDA:45,0,1,2
BRDA:48,1,0,3
BRDA:48,1,1,1
BRDA:64,2,0,3
BRDA:64,2,1,1
BRDA:76,3,0,2
BRDA:76,3,1,3
BRDA:95,4,0,2
BRDA:95,4,1,1
BRF:10
BRH:10
end_of_record
TN:
SF:src\services\offlineCache\reservationsCache.ts
FN:19,(anonymous_0)
FN:35,(anonymous_1)
FN:46,(anonymous_2)
FN:62,(anonymous_3)
FN:77,(anonymous_4)
FN:81,(anonymous_5)
FNF:6
FNH:6
FNDA:44,(anonymous_0)
FNDA:8,(anonymous_1)
FNDA:47,(anonymous_2)
FNDA:3,(anonymous_3)
FNDA:4,(anonymous_4)
FNDA:5,(anonymous_5)
DA:3,2
DA:4,2
DA:18,2
DA:20,44
DA:21,44
DA:26,44
DA:31,1
DA:36,8
DA:37,8
DA:38,7
DA:39,1
DA:41,1
DA:42,1
DA:47,47
DA:48,47
DA:53,47
DA:58,1
DA:65,3
DA:66,3
DA:69,2
DA:70,1
DA:72,1
DA:73,1
DA:78,4
DA:79,4
DA:80,3
DA:82,5
DA:85,3
DA:86,2
DA:89,2
LF:30
LH:30
BRDA:38,0,0,6
BRDA:38,0,1,1
BRDA:69,1,0,1
BRDA:69,1,1,1
BRDA:82,2,0,5
BRDA:82,2,1,3
BRDA:85,3,0,2
BRDA:85,3,1,1
BRF:8
BRH:8
end_of_record
TN:
SF:src\services\pushNotificationService\pushNotificationService.ts
FN:9,(anonymous_0)
FN:20,registerForPushNotificationsAsync
FN:74,registerDeviceTokenWithBackend
FN:96,unregisterDeviceTokenFromBackend
FNF:4
FNH:3
FNDA:0,(anonymous_0)
FNDA:12,registerForPushNotificationsAsync
FNDA:6,registerDeviceTokenWithBackend
FNDA:4,unregisterDeviceTokenFromBackend
DA:8,1
DA:9,0
DA:21,12
DA:23,12
DA:24,2
DA:25,2
DA:29,10
DA:30,10
DA:31,10
DA:34,10
DA:35,3
DA:36,3
DA:37,3
DA:38,3
DA:41,10
DA:42,2
DA:43,2
DA:47,8
DA:48,1
DA:57,8
DA:58,8
DA:59,8
DA:60,8
DA:63,7
DA:64,7
DA:66,1
DA:67,1
DA:79,6
DA:80,6
DA:85,4
DA:86,4
DA:88,2
DA:89,2
DA:97,4
DA:98,4
DA:101,2
DA:102,2
DA:104,2
DA:105,2
LF:39
LH:38
BRDA:23,0,0,2
BRDA:23,0,1,10
BRDA:34,1,0,3
BRDA:34,1,1,7
BRDA:41,2,0,2
BRDA:41,2,1,8
BRDA:47,3,0,1
BRDA:47,3,1,7
BRDA:77,4,0,5
BRF:9
BRH:9
end_of_record
TN:
SF:src\services\userService\GetUserByTokenService.tsx
FN:6,(anonymous_0)
FNF:1
FNH:1
FNDA:9,(anonymous_0)
DA:5,1
DA:7,9
DA:8,9
DA:9,9
DA:11,4
DA:12,2
DA:17,2
DA:22,5
DA:24,5
DA:25,1
DA:35,4
LF:11
LH:11
BRDA:11,0,0,2
BRDA:11,0,1,2
BRDA:24,1,0,1
BRDA:24,1,1,4
BRDA:38,2,0,4
BRDA:38,2,1,2
BRF:6
BRH:6
end_of_record
TN:
SF:src\services\userService\RegisterService.ts
FN:26,(anonymous_0)
FNF:1
FNH:1
FNDA:9,(anonymous_0)
DA:25,2
DA:27,9
DA:28,9
DA:32,9
DA:39,5
DA:40,3
DA:46,2
DA:54,4
DA:56,4
DA:58,4
LF:10
LH:10
BRDA:39,0,0,3
BRDA:39,0,1,2
BRDA:56,1,0,4
BRDA:56,1,1,2
BRF:4
BRH:4
end_of_record
TN:
SF:src\store\staticDataStore.ts
FN:33,(anonymous_0)
FN:41,(anonymous_1)
FN:42,(anonymous_2)
FN:43,(anonymous_3)
FN:44,(anonymous_4)
FN:45,(anonymous_5)
FN:47,(anonymous_6)
FN:56,(anonymous_7)
FN:64,(anonymous_8)
FN:105,(anonymous_9)
FN:106,(anonymous_10)
FNF:11
FNH:6
FNDA:3,(anonymous_0)
FNDA:0,(anonymous_1)
FNDA:0,(anonymous_2)
FNDA:0,(anonymous_3)
FNDA:0,(anonymous_4)
FNDA:0,(anonymous_5)
FNDA:1,(anonymous_6)
FNDA:13,(anonymous_7)
FNDA:9,(anonymous_8)
FNDA:3,(anonymous_9)
FNDA:45,(anonymous_10)
DA:10,3
DA:11,3
DA:31,3
DA:33,3
DA:41,0
DA:42,0
DA:43,0
DA:44,0
DA:45,0
DA:48,1
DA:57,13
DA:58,13
DA:59,8
DA:60,3
DA:61,3
DA:65,9
DA:67,9
DA:68,1
DA:69,1
DA:72,8
DA:74,8
DA:75,8
DA:81,7
DA:82,1
DA:85,7
DA:86,2
DA:89,7
DA:90,2
DA:93,7
DA:94,7
DA:96,1
DA:97,1
DA:99,8
DA:105,3
DA:106,45
LF:35
LH:30
BRDA:58,0,0,5
BRDA:58,0,1,8
BRDA:59,1,0,5
BRDA:59,1,1,3
BRDA:59,2,0,8
BRDA:59,2,1,4
BRDA:59,2,2,4
BRDA:67,3,0,1
BRDA:67,3,1,8
BRDA:81,4,0,1
BRDA:81,4,1,6
BRDA:81,5,0,7
BRDA:81,5,1,1
BRDA:85,6,0,2
BRDA:85,6,1,5
BRDA:85,7,0,7
BRDA:85,7,1,2
BRDA:89,8,0,2
BRDA:89,8,1,5
BRDA:89,9,0,7
BRDA:89,9,1,2
BRDA:97,10,0,1
BRDA:97,10,1,0
BRF:23
BRH:22
end_of_record
TN:
SF:src\store\userStore.ts
FN:15,(anonymous_0)
FN:19,(anonymous_1)
FN:20,(anonymous_2)
FN:21,(anonymous_3)
FN:22,(anonymous_4)
FNF:5
FNH:5
FNDA:4,(anonymous_0)
FNDA:5,(anonymous_1)
FNDA:3,(anonymous_2)
FNDA:2,(anonymous_3)
FNDA:3,(anonymous_4)
DA:15,4
DA:19,5
DA:20,3
DA:21,2
DA:22,3
LF:5
LH:5
BRF:0
BRH:0
end_of_record
TN:
SF:src\utils\api.ts
FN:39,(anonymous_0)
FN:49,(anonymous_1)
FN:53,(anonymous_2)
FN:54,(anonymous_3)
FN:59,(anonymous_4)
FN:86,(anonymous_5)
FN:93,(anonymous_6)
FN:107,(anonymous_7)
FN:156,(anonymous_8)
FN:157,(anonymous_9)
FN:198,(anonymous_10)
FNF:11
FNH:7
FNDA:3,(anonymous_0)
FNDA:0,(anonymous_1)
FNDA:2,(anonymous_2)
FNDA:0,(anonymous_3)
FNDA:8,(anonymous_4)
FNDA:1,(anonymous_5)
FNDA:3,(anonymous_6)
FNDA:12,(anonymous_7)
FNDA:0,(anonymous_8)
FNDA:0,(anonymous_9)
FNDA:6,(anonymous_10)
DA:7,37
DA:8,37
DA:10,37
DA:12,37
DA:15,37
DA:16,37
DA:19,0
DA:24,37
DA:26,37
DA:30,37
DA:35,37
DA:41,3
DA:46,37
DA:47,37
DA:49,37
DA:50,0
DA:53,37
DA:54,2
DA:55,2
DA:58,37
DA:60,8
DA:61,8
DA:63,7
DA:64,2
DA:65,2
DA:68,7
DA:71,7
DA:72,7
DA:73,7
DA:74,7
DA:75,1
DA:77,7
DA:78,1
DA:81,1
DA:84,8
DA:87,1
DA:92,37
DA:95,3
DA:98,3
DA:99,3
DA:102,3
DA:105,3
DA:108,12
DA:109,12
DA:110,12
DA:113,12
DA:114,1
DA:117,1
DA:123,1
DA:127,11
DA:130,11
DA:131,11
DA:133,11
DA:134,0
DA:137,11
DA:138,8
DA:141,8
DA:142,1
DA:143,1
DA:147,7
DA:148,7
DA:149,1
DA:150,1
DA:153,6
DA:155,0
DA:156,0
DA:157,0
DA:158,0
DA:159,0
DA:160,0
DA:165,6
DA:166,6
DA:168,6
DA:169,6
DA:170,6
DA:172,6
DA:173,3
DA:174,3
DA:175,2
DA:176,2
DA:177,2
DA:178,2
DA:179,2
DA:183,4
DA:184,4
DA:186,0
DA:187,0
DA:189,6
DA:193,3
DA:198,37
DA:199,6
DA:201,6
DA:203,5
DA:204,0
DA:207,5
DA:208,5
DA:211,5
DA:217,4
DA:218,3
DA:220,3
DA:222,3
DA:223,2
DA:226,3
DA:229,1
DA:230,1
DA:232,2
DA:234,2
DA:235,2
DA:236,2
LF:109
LH:97
BRDA:8,0,0,37
BRDA:8,0,1,8
BRDA:10,1,0,37
BRDA:10,1,1,37
BRDA:15,2,0,37
BRDA:15,2,1,0
BRDA:20,3,0,0
BRDA:20,3,1,0
BRDA:41,4,0,3
BRDA:41,4,1,2
BRDA:63,5,0,2
BRDA:63,5,1,5
BRDA:65,6,0,1
BRDA:65,6,1,1
BRDA:71,7,0,7
BRDA:71,7,1,0
BRDA:74,8,0,1
BRDA:74,8,1,6
BRDA:77,9,0,1
BRDA:77,9,1,6
BRDA:98,10,0,3
BRDA:98,10,1,0
BRDA:102,11,0,1
BRDA:102,11,1,2
BRDA:109,12,0,12
BRDA:109,12,1,0
BRDA:110,13,0,12
BRDA:110,13,1,0
BRDA:113,14,0,1
BRDA:113,14,1,11
BRDA:130,15,0,11
BRDA:130,15,1,0
BRDA:133,16,0,0
BRDA:133,16,1,11
BRDA:137,17,0,8
BRDA:137,17,1,3
BRDA:137,18,0,11
BRDA:137,18,1,8
BRDA:141,19,0,1
BRDA:141,19,1,7
BRDA:148,20,0,1
BRDA:148,20,1,6
BRDA:153,21,0,0
BRDA:153,21,1,6
BRDA:172,22,0,3
BRDA:172,22,1,3
BRDA:174,23,0,2
BRDA:174,23,1,1
BRDA:203,24,0,0
BRDA:203,24,1,5
BRDA:217,25,0,3
BRDA:217,25,1,1
BRDA:217,26,0,4
BRDA:217,26,1,4
BRDA:222,27,0,2
BRDA:222,27,1,1
BRF:56
BRH:45
end_of_record
TN:
SF:src\utils\constants.ts
FNF:0
FNH:0
DA:1,3
DA:2,3
LF:2
LH:2
BRF:0
BRH:0
end_of_record
