TN:
SF:src\_layout.tsx
FN:7,RootLayout
FN:8,(anonymous_1)
FNF:2
FNH:0
FNDA:0,RootLayout
FNDA:0,(anonymous_1)
DA:8,0
DA:9,0
DA:12,0
LF:3
LH:0
BRF:0
BRH:0
end_of_record
TN:
SF:src\index.tsx
FN:3,Index
FNF:1
FNH:0
FNDA:0,Index
DA:4,0
LF:1
LH:0
BRF:0
BRH:0
end_of_record
TN:
SF:src\common\HotelSearch.tsx
FN:36,CalendarPicker
FN:38,(anonymous_1)
FN:50,(anonymous_2)
FN:66,(anonymous_3)
FN:73,(anonymous_4)
FN:82,(anonymous_5)
FN:89,(anonymous_6)
FN:93,(anonymous_7)
FN:97,(anonymous_8)
FN:132,(anonymous_9)
FN:138,(anonymous_10)
FN:145,(anonymous_11)
FN:168,HotelSearch
FN:175,(anonymous_13)
FN:187,(anonymous_14)
FN:196,(anonymous_15)
FN:208,(anonymous_16)
FN:217,(anonymous_17)
FN:249,(anonymous_18)
FN:267,(anonymous_19)
FN:286,(anonymous_20)
FN:314,(anonymous_21)
FN:323,(anonymous_22)
FN:335,(anonymous_23)
FN:339,(anonymous_24)
FN:346,(anonymous_25)
FNF:26
FNH:23
FNDA:153,CalendarPicker
FNDA:96,(anonymous_1)
FNDA:97,(anonymous_2)
FNDA:9187,(anonymous_3)
FNDA:9186,(anonymous_4)
FNDA:1,(anonymous_5)
FNDA:0,(anonymous_6)
FNDA:1,(anonymous_7)
FNDA:459,(anonymous_8)
FNDA:1071,(anonymous_9)
FNDA:5494,(anonymous_10)
FNDA:1,(anonymous_11)
FNDA:76,HotelSearch
FNDA:49,(anonymous_13)
FNDA:152,(anonymous_14)
FNDA:5,(anonymous_15)
FNDA:1,(anonymous_16)
FNDA:0,(anonymous_17)
FNDA:9,(anonymous_18)
FNDA:2,(anonymous_19)
FNDA:6,(anonymous_20)
FNDA:2,(anonymous_21)
FNDA:0,(anonymous_22)
FNDA:1,(anonymous_23)
FNDA:608,(anonymous_24)
FNDA:2,(anonymous_25)
DA:37,153
DA:38,153
DA:39,96
DA:40,96
DA:43,153
DA:48,153
DA:50,153
DA:51,97
DA:52,97
DA:53,97
DA:54,97
DA:56,97
DA:57,97
DA:58,565
DA:60,97
DA:61,2913
DA:63,97
DA:66,153
DA:67,9187
DA:68,9187
DA:69,9187
DA:70,9187
DA:73,153
DA:74,9186
DA:75,2644
DA:82,153
DA:83,1
DA:84,1
DA:85,1
DA:86,1
DA:89,153
DA:90,0
DA:93,153
DA:94,1
DA:97,153
DA:98,459
DA:99,459
DA:100,459
DA:101,459
DA:104,153
DA:133,1071
DA:139,5494
DA:145,1
DA:169,76
DA:170,76
DA:171,76
DA:172,76
DA:173,76
DA:175,76
DA:176,49
DA:177,15
DA:178,15
DA:179,15
DA:180,15
DA:183,76
DA:184,76
DA:185,76
DA:187,76
DA:188,152
DA:189,44
DA:196,76
DA:197,5
DA:198,3
DA:200,2
DA:208,76
DA:209,1
DA:210,1
DA:211,1
DA:212,1
DA:213,1
DA:217,76
DA:218,0
DA:221,76
DA:223,76
DA:249,9
DA:267,2
DA:286,6
DA:314,2
DA:323,0
DA:335,1
DA:340,608
DA:347,2
DA:348,2
DA:371,1
LF:84
LH:81
BRDA:39,0,0,96
BRDA:39,0,1,68
BRDA:39,0,2,0
BRDA:67,1,0,0
BRDA:67,1,1,9187
BRDA:74,2,0,6542
BRDA:74,2,1,2644
BRDA:76,3,0,2644
BRDA:76,3,1,88
BRDA:76,3,2,84
BRDA:83,4,0,0
BRDA:83,4,1,1
BRDA:98,5,0,0
BRDA:98,5,1,459
BRDA:119,6,0,153
BRDA:119,6,1,151
BRDA:121,7,0,2
BRDA:121,7,1,151
BRDA:143,8,0,5494
BRDA:143,8,1,4593
BRDA:143,8,2,42
BRDA:145,9,0,1
BRDA:145,9,1,1
BRDA:146,10,0,5494
BRDA:146,10,1,4593
BRDA:148,11,0,5494
BRDA:148,11,1,4593
BRDA:152,12,0,4593
BRDA:152,12,1,2099
BRDA:153,13,0,4593
BRDA:153,13,1,42
BRDA:168,14,0,73
BRDA:170,15,0,76
BRDA:170,15,1,54
BRDA:171,16,0,76
BRDA:171,16,1,54
BRDA:172,17,0,76
BRDA:172,17,1,54
BRDA:173,18,0,76
BRDA:173,18,1,54
BRDA:176,19,0,15
BRDA:176,19,1,34
BRDA:188,20,0,108
BRDA:188,20,1,44
BRDA:197,21,0,3
BRDA:197,21,1,2
BRDA:197,22,0,5
BRDA:197,22,1,4
BRDA:197,22,2,2
BRDA:210,23,0,1
BRDA:210,23,1,0
BRDA:210,24,0,1
BRDA:210,24,1,1
BRDA:255,25,0,76
BRDA:255,25,1,54
BRDA:273,26,0,76
BRDA:273,26,1,54
BRDA:293,27,0,52
BRDA:293,27,1,24
BRDA:301,28,0,76
BRDA:301,28,1,2
BRDA:307,29,0,2
BRDA:307,29,1,74
BRDA:326,30,0,76
BRDA:326,30,1,54
BRDA:344,31,0,608
BRDA:344,31,1,76
BRDA:354,32,0,608
BRDA:354,32,1,76
BRDA:357,33,0,76
BRDA:357,33,1,532
BRDA:359,34,0,608
BRDA:359,34,1,76
BRF:73
BRH:68
end_of_record
TN:
SF:src\common\LanguageSelector.tsx
FN:17,LanguageSelector
FN:22,(anonymous_1)
FN:25,(anonymous_2)
FN:34,(anonymous_3)
FN:45,(anonymous_4)
FN:50,(anonymous_5)
FN:55,(anonymous_6)
FN:62,(anonymous_7)
FNF:8
FNH:8
FNDA:40,LanguageSelector
FNDA:80,(anonymous_1)
FNDA:5,(anonymous_2)
FNDA:14,(anonymous_3)
FNDA:1,(anonymous_4)
FNDA:1,(anonymous_5)
FNDA:120,(anonymous_6)
FNDA:5,(anonymous_7)
DA:18,40
DA:19,40
DA:21,40
DA:22,80
DA:25,40
DA:26,5
DA:27,5
DA:30,40
DA:34,14
DA:45,1
DA:50,1
DA:56,120
DA:62,5
DA:85,1
LF:14
LH:14
BRDA:21,0,0,40
BRDA:21,0,1,0
BRDA:60,1,0,120
BRDA:60,1,1,40
BRDA:68,2,0,120
BRDA:68,2,1,40
BRDA:73,3,0,120
BRDA:73,3,1,40
BRF:8
BRH:7
end_of_record
TN:
SF:src\models\RequestResult.tsx
FNF:0
FNH:0
LF:0
LH:0
BRF:0
BRH:0
end_of_record
TN:
SF:src\models\User.ts
FNF:0
FNH:0
LF:0
LH:0
BRF:0
BRH:0
end_of_record
TN:
SF:src\screens\_layout.tsx
FN:3,ScreensLayout
FNF:1
FNH:0
FNDA:0,ScreensLayout
DA:4,0
LF:1
LH:0
BRF:0
BRH:0
end_of_record
TN:
SF:src\screens\booking.tsx
FN:54,BookingScreen
FN:57,(anonymous_1)
FN:59,(anonymous_2)
FN:94,(anonymous_3)
FN:110,(anonymous_4)
FN:120,(anonymous_5)
FN:124,(anonymous_6)
FN:130,(anonymous_7)
FN:159,(anonymous_8)
FN:162,(anonymous_9)
FN:169,(anonymous_10)
FN:172,(anonymous_11)
FN:188,(anonymous_12)
FN:195,(anonymous_13)
FN:202,(anonymous_14)
FN:208,(anonymous_15)
FN:214,(anonymous_16)
FN:225,(anonymous_17)
FN:230,(anonymous_18)
FN:268,(anonymous_19)
FN:275,(anonymous_20)
FN:518,(anonymous_21)
FNF:22
FNH:13
FNDA:34,BookingScreen
FNDA:34,(anonymous_1)
FNDA:170,(anonymous_2)
FNDA:34,(anonymous_3)
FNDA:24,(anonymous_4)
FNDA:32,(anonymous_5)
FNDA:0,(anonymous_6)
FNDA:28,(anonymous_7)
FNDA:28,(anonymous_8)
FNDA:28,(anonymous_9)
FNDA:22,(anonymous_10)
FNDA:0,(anonymous_11)
FNDA:0,(anonymous_12)
FNDA:0,(anonymous_13)
FNDA:0,(anonymous_14)
FNDA:12,(anonymous_15)
FNDA:24,(anonymous_16)
FNDA:0,(anonymous_17)
FNDA:0,(anonymous_18)
FNDA:0,(anonymous_19)
FNDA:12,(anonymous_20)
FNDA:0,(anonymous_21)
DA:43,1
DA:55,34
DA:56,34
DA:57,34
DA:59,34
DA:60,170
DA:61,170
DA:64,34
DA:65,34
DA:66,34
DA:67,34
DA:68,34
DA:70,34
DA:71,34
DA:72,34
DA:74,34
DA:75,34
DA:76,34
DA:78,34
DA:79,34
DA:80,34
DA:81,34
DA:82,34
DA:83,34
DA:85,34
DA:87,34
DA:89,34
DA:90,34
DA:92,34
DA:94,34
DA:95,34
DA:96,32
DA:97,32
DA:98,32
DA:99,32
DA:100,32
DA:103,34
DA:104,34
DA:105,34
DA:106,34
DA:107,34
DA:108,34
DA:110,34
DA:111,24
DA:112,24
DA:113,24
DA:120,34
DA:121,32
DA:124,34
DA:125,0
DA:126,0
DA:127,0
DA:130,34
DA:131,28
DA:132,12
DA:133,12
DA:134,12
DA:137,16
DA:138,16
DA:144,0
DA:145,0
DA:146,0
DA:147,0
DA:148,0
DA:150,0
DA:153,0
DA:155,0
DA:159,34
DA:160,28
DA:162,28
DA:163,28
DA:164,0
DA:169,34
DA:170,22
DA:172,0
DA:173,0
DA:174,0
DA:175,0
DA:177,0
DA:178,0
DA:179,0
DA:181,0
DA:185,0
DA:186,0
DA:188,0
DA:189,0
DA:190,0
DA:195,34
DA:196,0
DA:202,0
DA:208,34
DA:209,12
DA:210,12
DA:211,12
DA:214,34
DA:215,24
DA:225,34
DA:226,0
DA:227,0
DA:230,34
DA:231,0
DA:232,0
DA:233,0
DA:236,0
DA:237,0
DA:238,0
DA:241,0
DA:242,0
DA:243,0
DA:246,0
DA:248,0
DA:268,34
DA:269,0
DA:270,0
DA:272,0
DA:275,34
DA:276,12
DA:277,12
DA:278,12
DA:279,12
DA:281,12
DA:282,48
DA:284,12
DA:285,12
DA:287,12
DA:288,12
DA:289,0
DA:291,12
DA:294,34
DA:295,22
DA:303,12
DA:518,0
DA:561,1
LF:133
LH:88
BRDA:61,0,0,5
BRDA:61,0,1,165
BRDA:61,1,0,5
BRDA:61,1,1,0
BRDA:61,2,0,165
BRDA:61,2,1,5
BRDA:64,3,0,34
BRDA:64,3,1,1
BRDA:65,4,0,34
BRDA:65,4,1,0
BRDA:68,5,0,34
BRDA:68,5,1,2
BRDA:89,6,0,34
BRDA:89,6,1,2
BRDA:90,7,0,34
BRDA:90,7,1,2
BRDA:92,8,0,34
BRDA:92,8,1,6
BRDA:95,9,0,2
BRDA:95,9,1,32
BRDA:95,10,0,34
BRDA:95,10,1,33
BRDA:100,11,0,32
BRDA:100,11,1,0
BRDA:111,12,0,0
BRDA:111,12,1,24
BRDA:126,13,0,0
BRDA:126,13,1,0
BRDA:131,14,0,12
BRDA:131,14,1,16
BRDA:131,15,0,28
BRDA:131,15,1,22
BRDA:144,16,0,0
BRDA:144,16,1,0
BRDA:144,17,0,0
BRDA:144,17,1,0
BRDA:150,18,0,0
BRDA:150,18,1,0
BRDA:163,19,0,0
BRDA:163,19,1,28
BRDA:170,20,0,22
BRDA:170,20,1,0
BRDA:175,21,0,0
BRDA:175,21,1,0
BRDA:177,22,0,0
BRDA:177,22,1,0
BRDA:178,23,0,0
BRDA:178,23,1,0
BRDA:189,24,0,0
BRDA:189,24,1,0
BRDA:201,25,0,0
BRDA:201,25,1,0
BRDA:216,26,0,24
BRDA:216,26,1,0
BRDA:216,26,2,0
BRDA:216,26,3,0
BRDA:216,26,4,0
BRDA:216,26,5,0
BRDA:231,27,0,0
BRDA:231,27,1,0
BRDA:236,28,0,0
BRDA:236,28,1,0
BRDA:241,29,0,0
BRDA:241,29,1,0
BRDA:263,30,0,0
BRDA:263,30,1,0
BRDA:269,31,0,0
BRDA:269,31,1,0
BRDA:276,32,0,0
BRDA:276,32,1,12
BRDA:284,33,0,12
BRDA:284,33,1,0
BRDA:294,34,0,22
BRDA:294,34,1,12
BRDA:307,35,0,12
BRDA:307,35,1,0
BRDA:344,36,0,12
BRDA:344,36,1,12
BRDA:344,36,2,12
BRDA:360,37,0,12
BRDA:360,37,1,0
BRDA:520,38,0,12
BRDA:520,38,1,0
BRDA:521,39,0,12
BRDA:521,39,1,0
BRDA:538,40,0,12
BRDA:538,40,1,0
BRDA:538,40,2,12
BRDA:540,41,0,12
BRDA:540,41,1,0
BRDA:542,42,0,0
BRDA:542,42,1,12
BRF:92
BRH:44
end_of_record
TN:
SF:src\screens\editReservation.tsx
FN:47,EditReservationScreen
FN:50,(anonymous_1)
FN:78,(anonymous_2)
FN:82,(anonymous_3)
FN:90,(anonymous_4)
FN:125,(anonymous_5)
FN:129,(anonymous_6)
FN:146,(anonymous_7)
FN:150,(anonymous_8)
FN:161,(anonymous_9)
FN:194,(anonymous_10)
FN:203,(anonymous_11)
FN:210,(anonymous_12)
FN:216,(anonymous_13)
FN:217,(anonymous_14)
FN:220,(anonymous_15)
FN:229,(anonymous_16)
FN:233,(anonymous_17)
FN:237,(anonymous_18)
FN:241,(anonymous_19)
FN:247,(anonymous_20)
FN:254,(anonymous_21)
FN:263,(anonymous_22)
FN:267,(anonymous_23)
FN:274,(anonymous_24)
FN:274,(anonymous_25)
FN:275,(anonymous_26)
FN:275,(anonymous_27)
FN:276,(anonymous_28)
FN:276,(anonymous_29)
FN:277,(anonymous_30)
FN:277,(anonymous_31)
FN:278,(anonymous_32)
FN:278,(anonymous_33)
FN:279,(anonymous_34)
FN:279,(anonymous_35)
FN:281,(anonymous_36)
FN:291,(anonymous_37)
FN:295,(anonymous_38)
FN:336,(anonymous_39)
FN:391,(anonymous_40)
FN:431,(anonymous_41)
FN:638,(anonymous_42)
FN:645,(anonymous_43)
FNF:44
FNH:0
FNDA:0,EditReservationScreen
FNDA:0,(anonymous_1)
FNDA:0,(anonymous_2)
FNDA:0,(anonymous_3)
FNDA:0,(anonymous_4)
FNDA:0,(anonymous_5)
FNDA:0,(anonymous_6)
FNDA:0,(anonymous_7)
FNDA:0,(anonymous_8)
FNDA:0,(anonymous_9)
FNDA:0,(anonymous_10)
FNDA:0,(anonymous_11)
FNDA:0,(anonymous_12)
FNDA:0,(anonymous_13)
FNDA:0,(anonymous_14)
FNDA:0,(anonymous_15)
FNDA:0,(anonymous_16)
FNDA:0,(anonymous_17)
FNDA:0,(anonymous_18)
FNDA:0,(anonymous_19)
FNDA:0,(anonymous_20)
FNDA:0,(anonymous_21)
FNDA:0,(anonymous_22)
FNDA:0,(anonymous_23)
FNDA:0,(anonymous_24)
FNDA:0,(anonymous_25)
FNDA:0,(anonymous_26)
FNDA:0,(anonymous_27)
FNDA:0,(anonymous_28)
FNDA:0,(anonymous_29)
FNDA:0,(anonymous_30)
FNDA:0,(anonymous_31)
FNDA:0,(anonymous_32)
FNDA:0,(anonymous_33)
FNDA:0,(anonymous_34)
FNDA:0,(anonymous_35)
FNDA:0,(anonymous_36)
FNDA:0,(anonymous_37)
FNDA:0,(anonymous_38)
FNDA:0,(anonymous_39)
FNDA:0,(anonymous_40)
FNDA:0,(anonymous_41)
FNDA:0,(anonymous_42)
FNDA:0,(anonymous_43)
DA:48,0
DA:49,0
DA:50,0
DA:52,0
DA:53,0
DA:56,0
DA:57,0
DA:58,0
DA:59,0
DA:60,0
DA:63,0
DA:64,0
DA:65,0
DA:66,0
DA:67,0
DA:68,0
DA:71,0
DA:72,0
DA:74,0
DA:76,0
DA:78,0
DA:79,0
DA:82,0
DA:83,0
DA:84,0
DA:85,0
DA:87,0
DA:90,0
DA:91,0
DA:92,0
DA:95,0
DA:96,0
DA:97,0
DA:98,0
DA:99,0
DA:100,0
DA:102,0
DA:103,0
DA:104,0
DA:105,0
DA:106,0
DA:108,0
DA:109,0
DA:110,0
DA:111,0
DA:114,0
DA:117,0
DA:119,0
DA:121,0
DA:125,0
DA:126,0
DA:127,0
DA:129,0
DA:130,0
DA:134,0
DA:136,0
DA:143,0
DA:145,0
DA:146,0
DA:149,0
DA:150,0
DA:158,0
DA:161,0
DA:162,0
DA:166,0
DA:178,0
DA:180,0
DA:190,0
DA:194,0
DA:195,0
DA:196,0
DA:203,0
DA:204,0
DA:205,0
DA:206,0
DA:207,0
DA:210,0
DA:211,0
DA:212,0
DA:213,0
DA:216,0
DA:217,0
DA:220,0
DA:221,0
DA:222,0
DA:223,0
DA:224,0
DA:225,0
DA:226,0
DA:229,0
DA:230,0
DA:233,0
DA:234,0
DA:237,0
DA:241,0
DA:242,0
DA:243,0
DA:244,0
DA:247,0
DA:248,0
DA:249,0
DA:250,0
DA:254,0
DA:255,0
DA:256,0
DA:257,0
DA:258,0
DA:259,0
DA:263,0
DA:264,0
DA:267,0
DA:268,0
DA:269,0
DA:270,0
DA:274,0
DA:275,0
DA:276,0
DA:277,0
DA:278,0
DA:279,0
DA:281,0
DA:282,0
DA:291,0
DA:292,0
DA:295,0
DA:296,0
DA:297,0
DA:298,0
DA:301,0
DA:302,0
DA:303,0
DA:306,0
DA:307,0
DA:310,0
DA:311,0
DA:312,0
DA:314,0
DA:315,0
DA:316,0
DA:317,0
DA:318,0
DA:321,0
DA:327,0
DA:328,0
DA:329,0
DA:333,0
DA:334,0
DA:335,0
DA:336,0
DA:339,0
DA:346,0
DA:380,0
DA:381,0
DA:383,0
DA:385,0
DA:388,0
DA:389,0
DA:391,0
DA:392,0
DA:401,0
DA:404,0
DA:405,0
DA:408,0
DA:409,0
DA:412,0
DA:413,0
DA:414,0
DA:417,0
DA:418,0
DA:422,0
DA:423,0
DA:425,0
DA:427,0
DA:428,0
DA:431,0
DA:435,0
DA:438,0
DA:439,0
DA:441,0
DA:445,0
DA:446,0
DA:447,0
DA:448,0
DA:450,0
DA:451,0
DA:461,0
DA:639,0
DA:645,0
DA:752,0
LF:189
LH:0
BRDA:83,0,0,0
BRDA:83,0,1,0
BRDA:95,1,0,0
BRDA:95,1,1,0
BRDA:96,2,0,0
BRDA:96,2,1,0
BRDA:97,3,0,0
BRDA:97,3,1,0
BRDA:98,4,0,0
BRDA:98,4,1,0
BRDA:99,5,0,0
BRDA:99,5,1,0
BRDA:100,6,0,0
BRDA:100,6,1,0
BRDA:105,7,0,0
BRDA:105,7,1,0
BRDA:114,8,0,0
BRDA:114,8,1,0
BRDA:134,9,0,0
BRDA:134,9,1,0
BRDA:134,9,2,0
BRDA:143,10,0,0
BRDA:143,10,1,0
BRDA:143,11,0,0
BRDA:143,11,1,0
BRDA:146,12,0,0
BRDA:146,12,1,0
BRDA:149,13,0,0
BRDA:149,13,1,0
BRDA:149,14,0,0
BRDA:149,14,1,0
BRDA:155,15,0,0
BRDA:155,15,1,0
BRDA:161,16,0,0
BRDA:161,16,1,0
BRDA:161,17,0,0
BRDA:161,17,1,0
BRDA:168,18,0,0
BRDA:168,18,1,0
BRDA:169,19,0,0
BRDA:169,19,1,0
BRDA:170,20,0,0
BRDA:170,20,1,0
BRDA:171,21,0,0
BRDA:171,21,1,0
BRDA:182,22,0,0
BRDA:182,22,1,0
BRDA:183,23,0,0
BRDA:183,23,1,0
BRDA:184,24,0,0
BRDA:184,24,1,0
BRDA:185,25,0,0
BRDA:185,25,1,0
BRDA:195,26,0,0
BRDA:195,26,1,0
BRDA:195,27,0,0
BRDA:195,27,1,0
BRDA:213,28,0,0
BRDA:213,28,1,0
BRDA:222,29,0,0
BRDA:222,29,1,0
BRDA:249,30,0,0
BRDA:249,30,1,0
BRDA:258,31,0,0
BRDA:258,31,1,0
BRDA:269,32,0,0
BRDA:269,32,1,0
BRDA:283,33,0,0
BRDA:283,33,1,0
BRDA:283,33,2,0
BRDA:283,33,3,0
BRDA:283,33,4,0
BRDA:287,34,0,0
BRDA:287,34,1,0
BRDA:296,35,0,0
BRDA:296,35,1,0
BRDA:301,36,0,0
BRDA:301,36,1,0
BRDA:310,37,0,0
BRDA:310,37,1,0
BRDA:317,38,0,0
BRDA:317,38,1,0
BRDA:327,39,0,0
BRDA:327,39,1,0
BRDA:327,40,0,0
BRDA:327,40,1,0
BRDA:328,41,0,0
BRDA:328,41,1,0
BRDA:334,42,0,0
BRDA:334,42,1,0
BRDA:334,43,0,0
BRDA:334,43,1,0
BRDA:339,44,0,0
BRDA:339,44,1,0
BRDA:357,45,0,0
BRDA:357,45,1,0
BRDA:358,46,0,0
BRDA:358,46,1,0
BRDA:359,47,0,0
BRDA:359,47,1,0
BRDA:360,48,0,0
BRDA:360,48,1,0
BRDA:404,49,0,0
BRDA:404,49,1,0
BRDA:408,50,0,0
BRDA:408,50,1,0
BRDA:413,51,0,0
BRDA:413,51,1,0
BRDA:417,52,0,0
BRDA:417,52,1,0
BRDA:427,53,0,0
BRDA:427,53,1,0
BRDA:435,54,0,0
BRDA:435,54,1,0
BRDA:450,55,0,0
BRDA:450,55,1,0
BRDA:488,56,0,0
BRDA:488,56,1,0
BRDA:505,57,0,0
BRDA:505,57,1,0
BRDA:510,58,0,0
BRDA:510,58,1,0
BRDA:557,59,0,0
BRDA:557,59,1,0
BRDA:578,60,0,0
BRDA:578,60,1,0
BRDA:582,61,0,0
BRDA:582,61,1,0
BRDA:599,62,0,0
BRDA:599,62,1,0
BRDA:603,63,0,0
BRDA:603,63,1,0
BRDA:620,64,0,0
BRDA:620,64,1,0
BRDA:624,65,0,0
BRDA:624,65,1,0
BRDA:643,66,0,0
BRDA:643,66,1,0
BRDA:649,67,0,0
BRDA:649,67,1,0
BRDA:657,68,0,0
BRDA:657,68,1,0
BRDA:660,69,0,0
BRDA:660,69,1,0
BRDA:674,70,0,0
BRDA:674,70,1,0
BRDA:674,71,0,0
BRDA:674,71,1,0
BRDA:677,72,0,0
BRDA:677,72,1,0
BRDA:684,73,0,0
BRDA:684,73,1,0
BRDA:695,74,0,0
BRDA:695,74,1,0
BRDA:699,75,0,0
BRDA:699,75,1,0
BRDA:705,76,0,0
BRDA:705,76,1,0
BRDA:711,77,0,0
BRDA:711,77,1,0
BRDA:714,78,0,0
BRDA:714,78,1,0
BRDA:717,79,0,0
BRDA:717,79,1,0
BRDA:736,80,0,0
BRDA:736,80,1,0
BRDA:740,81,0,0
BRDA:740,81,1,0
BRF:168
BRH:0
end_of_record
TN:
SF:src\screens\hotelDetails.tsx
FN:31,HotelDetailsScreen
FN:44,(anonymous_1)
FN:45,(anonymous_2)
FN:45,(anonymous_3)
FN:50,(anonymous_4)
FN:83,(anonymous_5)
FN:93,(anonymous_6)
FN:106,(anonymous_7)
FN:109,(anonymous_8)
FN:119,(anonymous_9)
FN:145,(anonymous_10)
FN:157,(anonymous_11)
FN:182,(anonymous_12)
FN:216,(anonymous_13)
FN:232,(anonymous_14)
FNF:15
FNH:14
FNDA:58,HotelDetailsScreen
FNDA:58,(anonymous_1)
FNDA:192,(anonymous_2)
FNDA:192,(anonymous_3)
FNDA:4,(anonymous_4)
FNDA:187,(anonymous_5)
FNDA:2,(anonymous_6)
FNDA:232,(anonymous_7)
FNDA:0,(anonymous_8)
FNDA:100,(anonymous_9)
FNDA:2,(anonymous_10)
FNDA:1,(anonymous_11)
FNDA:232,(anonymous_12)
FNDA:187,(anonymous_13)
FNDA:100,(anonymous_14)
DA:18,1
DA:24,1
DA:32,58
DA:33,58
DA:34,58
DA:36,58
DA:37,58
DA:38,58
DA:39,58
DA:41,58
DA:42,58
DA:44,58
DA:45,192
DA:48,58
DA:50,58
DA:51,4
DA:52,4
DA:53,4
DA:54,4
DA:56,4
DA:57,15
DA:59,4
DA:60,2
DA:62,4
DA:63,4
DA:64,3
DA:66,4
DA:69,58
DA:83,58
DA:84,187
DA:85,187
DA:86,594
DA:87,186
DA:90,1
DA:93,58
DA:94,2
DA:106,58
DA:107,232
DA:109,0
DA:119,58
DA:120,100
DA:121,100
DA:123,100
DA:145,2
DA:153,58
DA:157,1
DA:182,232
DA:217,187
DA:218,187
DA:233,100
DA:249,1
LF:51
LH:50
BRDA:39,0,0,58
BRDA:39,0,1,2
BRDA:41,1,0,58
BRDA:41,1,1,54
BRDA:42,2,0,58
BRDA:42,2,1,54
BRDA:48,3,0,58
BRDA:48,3,1,2
BRDA:51,4,0,0
BRDA:51,4,1,4
BRDA:59,5,0,2
BRDA:59,5,1,2
BRDA:86,6,0,186
BRDA:86,6,1,408
BRDA:112,7,0,232
BRDA:112,7,1,58
BRDA:120,8,0,100
BRDA:120,8,1,1
BRDA:121,9,0,100
BRDA:121,9,1,1
BRDA:129,10,0,99
BRDA:129,10,1,1
BRDA:133,11,0,99
BRDA:133,11,1,1
BRDA:186,12,0,58
BRDA:186,12,1,4
BRDA:189,13,0,4
BRDA:189,13,1,4
BRDA:231,14,0,51
BRDA:231,14,1,7
BRDA:231,15,0,58
BRDA:231,15,1,57
BRDA:233,16,0,100
BRDA:233,16,1,2
BRF:34
BRH:33
end_of_record
TN:
SF:src\screens\hotelResults.tsx
FN:23,HotelResultsScreen
FN:35,(anonymous_1)
FN:39,(anonymous_2)
FN:52,(anonymous_3)
FN:54,(anonymous_4)
FN:55,(anonymous_5)
FN:60,(anonymous_6)
FN:73,(anonymous_7)
FN:80,(anonymous_8)
FN:99,(anonymous_9)
FN:129,(anonymous_10)
FN:130,(anonymous_11)
FN:130,(anonymous_12)
FN:133,(anonymous_13)
FN:146,(anonymous_14)
FN:178,(anonymous_15)
FN:193,(anonymous_16)
FN:207,(anonymous_17)
FN:265,(anonymous_18)
FNF:19
FNH:19
FNDA:150,HotelResultsScreen
FNDA:49,(anonymous_1)
FNDA:50,(anonymous_2)
FNDA:63,(anonymous_3)
FNDA:96,(anonymous_4)
FNDA:96,(anonymous_5)
FNDA:23,(anonymous_6)
FNDA:150,(anonymous_7)
FNDA:1,(anonymous_8)
FNDA:112,(anonymous_9)
FNDA:63,(anonymous_10)
FNDA:151,(anonymous_11)
FNDA:151,(anonymous_12)
FNDA:2,(anonymous_13)
FNDA:63,(anonymous_14)
FNDA:112,(anonymous_15)
FNDA:2,(anonymous_16)
FNDA:1,(anonymous_17)
FNDA:105,(anonymous_18)
DA:24,150
DA:25,150
DA:26,150
DA:27,150
DA:28,150
DA:30,150
DA:31,150
DA:32,150
DA:33,150
DA:35,150
DA:36,49
DA:39,150
DA:40,50
DA:41,50
DA:43,50
DA:50,50
DA:52,45
DA:53,63
DA:54,96
DA:55,96
DA:56,63
DA:57,63
DA:60,45
DA:61,23
DA:62,5
DA:63,5
DA:64,4
DA:66,45
DA:68,5
DA:70,50
DA:73,150
DA:74,150
DA:75,150
DA:76,150
DA:77,150
DA:80,150
DA:81,1
DA:82,1
DA:83,1
DA:84,1
DA:86,1
DA:87,4
DA:89,1
DA:90,1
DA:92,1
DA:93,1
DA:94,0
DA:96,1
DA:99,150
DA:100,112
DA:109,112
DA:118,112
DA:119,112
DA:121,112
DA:129,150
DA:130,151
DA:133,150
DA:134,2
DA:146,150
DA:147,63
DA:148,63
DA:149,63
DA:150,63
DA:152,63
DA:178,112
DA:193,2
DA:203,150
DA:207,1
DA:265,105
DA:274,1
LF:70
LH:69
BRDA:33,0,0,150
BRDA:33,0,1,6
BRDA:50,1,0,45
BRDA:50,1,1,5
BRDA:50,2,0,50
BRDA:50,2,1,45
BRDA:53,3,0,63
BRDA:53,3,1,1
BRDA:55,4,0,96
BRDA:55,4,1,95
BRDA:56,5,0,6
BRDA:56,5,1,57
BRDA:61,6,0,18
BRDA:61,6,1,5
BRDA:61,7,0,23
BRDA:61,7,1,18
BRDA:62,8,0,0
BRDA:62,8,1,5
BRDA:63,9,0,1
BRDA:63,9,1,4
BRDA:68,10,0,5
BRDA:68,10,1,1
BRDA:81,11,0,0
BRDA:81,11,1,1
BRDA:89,12,0,1
BRDA:89,12,1,0
BRDA:118,13,0,112
BRDA:118,13,1,1
BRDA:119,14,0,112
BRDA:119,14,1,1
BRDA:147,15,0,63
BRDA:147,15,1,4
BRDA:148,16,0,63
BRDA:148,16,1,62
BRDA:149,17,0,63
BRDA:149,17,1,62
BRDA:150,18,0,63
BRDA:150,18,1,62
BRDA:164,19,0,63
BRDA:164,19,1,62
BRDA:164,19,2,1
BRDA:166,20,0,1
BRDA:166,20,1,1
BRDA:167,21,0,1
BRDA:167,21,1,1
BRDA:167,21,2,1
BRDA:175,22,0,1
BRDA:175,22,1,62
BRDA:182,23,0,6
BRDA:182,23,1,57
BRDA:213,24,0,9
BRDA:213,24,1,141
BRDA:235,25,0,150
BRDA:235,25,1,50
BRDA:235,25,2,45
BRDA:243,26,0,100
BRDA:243,26,1,50
BRDA:248,27,0,5
BRDA:248,27,1,45
BRDA:256,28,0,3
BRDA:256,28,1,42
BRF:61
BRH:58
end_of_record
TN:
SF:src\screens\landing.tsx
FN:13,LandingPage
FN:18,(anonymous_1)
FN:22,(anonymous_2)
FN:39,(anonymous_3)
FN:47,(anonymous_4)
FN:53,(anonymous_5)
FN:57,(anonymous_6)
FN:64,(anonymous_7)
FNF:8
FNH:6
FNDA:19,LandingPage
FNDA:13,(anonymous_1)
FNDA:13,(anonymous_2)
FNDA:4,(anonymous_3)
FNDA:0,(anonymous_4)
FNDA:0,(anonymous_5)
FNDA:8,(anonymous_6)
FNDA:4,(anonymous_7)
DA:11,1
DA:14,19
DA:15,19
DA:16,19
DA:18,19
DA:19,13
DA:22,19
DA:23,13
DA:24,13
DA:25,12
DA:26,2
DA:27,2
DA:39,19
DA:40,4
DA:41,4
DA:47,19
DA:48,0
DA:49,0
DA:50,0
DA:53,19
DA:54,0
DA:57,19
DA:58,8
DA:59,8
DA:60,8
DA:61,8
DA:64,19
DA:65,4
DA:66,4
DA:67,4
DA:69,4
DA:76,4
DA:81,4
DA:84,19
DA:138,1
LF:35
LH:31
BRDA:25,0,0,2
BRDA:25,0,1,10
BRF:2
BRH:2
end_of_record
TN:
SF:src\screens\login.tsx
FN:22,LoginScreen
FN:27,(anonymous_1)
FN:31,(anonymous_2)
FN:61,(anonymous_3)
FN:85,(anonymous_4)
FN:89,(anonymous_5)
FN:95,(anonymous_6)
FN:131,(anonymous_7)
FN:145,(anonymous_8)
FN:192,(anonymous_9)
FN:201,(anonymous_10)
FN:246,(anonymous_11)
FN:261,(anonymous_12)
FN:341,(anonymous_13)
FN:367,(anonymous_14)
FNF:15
FNH:10
FNDA:213,LoginScreen
FNDA:35,(anonymous_1)
FNDA:35,(anonymous_2)
FNDA:13,(anonymous_3)
FNDA:0,(anonymous_4)
FNDA:0,(anonymous_5)
FNDA:10,(anonymous_6)
FNDA:1,(anonymous_7)
FNDA:16,(anonymous_8)
FNDA:1,(anonymous_9)
FNDA:15,(anonymous_10)
FNDA:0,(anonymous_11)
FNDA:1,(anonymous_12)
FNDA:0,(anonymous_13)
FNDA:0,(anonymous_14)
DA:23,213
DA:24,213
DA:25,213
DA:27,213
DA:28,35
DA:31,213
DA:32,35
DA:33,35
DA:34,35
DA:35,0
DA:38,0
DA:40,35
DA:43,213
DA:44,213
DA:45,213
DA:48,213
DA:49,213
DA:50,213
DA:51,213
DA:54,213
DA:55,213
DA:56,213
DA:57,213
DA:58,213
DA:59,213
DA:61,213
DA:62,13
DA:63,6
DA:64,6
DA:67,7
DA:68,7
DA:70,7
DA:71,7
DA:73,6
DA:74,4
DA:76,2
DA:79,1
DA:81,7
DA:85,213
DA:89,213
DA:90,0
DA:91,0
DA:92,0
DA:95,213
DA:96,10
DA:97,1
DA:98,1
DA:101,9
DA:102,1
DA:103,1
DA:106,8
DA:107,1
DA:108,1
DA:111,7
DA:112,7
DA:113,7
DA:115,7
DA:116,7
DA:123,6
DA:124,4
DA:126,4
DA:127,4
DA:128,4
DA:129,4
DA:131,4
DA:132,1
DA:133,1
DA:136,2
DA:139,1
DA:141,7
DA:145,213
DA:146,16
DA:147,16
DA:148,16
DA:149,16
DA:150,16
DA:151,16
DA:154,213
DA:155,35
DA:164,178
DA:192,1
DA:201,15
DA:246,0
DA:261,1
DA:341,0
DA:367,0
DA:424,1
LF:87
LH:79
BRDA:34,0,0,0
BRDA:34,0,1,35
BRDA:62,1,0,6
BRDA:62,1,1,7
BRDA:62,2,0,13
BRDA:62,2,1,9
BRDA:73,3,0,4
BRDA:73,3,1,2
BRDA:76,4,0,2
BRDA:76,4,1,1
BRDA:96,5,0,1
BRDA:96,5,1,9
BRDA:96,6,0,10
BRDA:96,6,1,9
BRDA:96,6,2,9
BRDA:96,6,3,9
BRDA:101,7,0,1
BRDA:101,7,1,8
BRDA:106,8,0,1
BRDA:106,8,1,7
BRDA:123,9,0,4
BRDA:123,9,1,2
BRDA:136,10,0,2
BRDA:136,10,1,1
BRDA:154,11,0,35
BRDA:154,11,1,178
BRDA:167,12,0,178
BRDA:167,12,1,0
BRDA:191,13,0,178
BRDA:191,13,1,83
BRDA:194,14,0,178
BRDA:194,14,1,83
BRDA:200,15,0,178
BRDA:200,15,1,95
BRDA:203,16,0,178
BRDA:203,16,1,95
BRDA:211,17,0,83
BRDA:211,17,1,95
BRDA:250,18,0,0
BRDA:250,18,1,83
BRDA:263,19,0,83
BRDA:263,19,1,1
BRDA:264,20,0,83
BRDA:264,20,1,1
BRDA:273,21,0,83
BRDA:273,21,1,12
BRDA:278,22,0,83
BRDA:278,22,1,10
BRDA:282,23,0,10
BRDA:282,23,1,73
BRDA:345,24,0,0
BRDA:345,24,1,95
BRDA:371,25,0,0
BRDA:371,25,1,95
BRDA:378,26,0,95
BRDA:378,26,1,9
BRDA:379,27,0,95
BRDA:379,27,1,24
BRDA:384,28,0,95
BRDA:384,28,1,30
BRDA:388,29,0,30
BRDA:388,29,1,65
BRF:62
BRH:57
end_of_record
TN:
SF:src\screens\myReservationDetail.tsx
FN:68,MyReservationDetailScreen
FN:74,(anonymous_1)
FN:78,(anonymous_2)
FN:131,(anonymous_3)
FN:150,(anonymous_4)
FN:154,(anonymous_5)
FN:158,(anonymous_6)
FN:162,(anonymous_7)
FN:166,(anonymous_8)
FN:172,(anonymous_9)
FN:178,(anonymous_10)
FNF:11
FNH:0
FNDA:0,MyReservationDetailScreen
FNDA:0,(anonymous_1)
FNDA:0,(anonymous_2)
FNDA:0,(anonymous_3)
FNDA:0,(anonymous_4)
FNDA:0,(anonymous_5)
FNDA:0,(anonymous_6)
FNDA:0,(anonymous_7)
FNDA:0,(anonymous_8)
FNDA:0,(anonymous_9)
FNDA:0,(anonymous_10)
DA:69,0
DA:70,0
DA:71,0
DA:72,0
DA:74,0
DA:75,0
DA:78,0
DA:79,0
DA:80,0
DA:82,0
DA:83,0
DA:84,0
DA:85,0
DA:86,0
DA:88,0
DA:90,0
DA:91,0
DA:92,0
DA:94,0
DA:123,0
DA:125,0
DA:127,0
DA:131,0
DA:132,0
DA:133,0
DA:134,0
DA:135,0
DA:136,0
DA:138,0
DA:144,0
DA:145,0
DA:147,0
DA:150,0
DA:151,0
DA:154,0
DA:158,0
DA:162,0
DA:166,0
DA:167,0
DA:168,0
DA:172,0
DA:173,0
DA:174,0
DA:178,0
DA:179,0
DA:180,0
DA:181,0
DA:183,0
DA:184,0
DA:188,0
DA:189,0
DA:193,0
DA:194,0
DA:195,0
DA:204,0
DA:207,0
DA:208,0
DA:218,0
DA:219,0
DA:232,0
DA:428,0
LF:61
LH:0
BRDA:82,0,0,0
BRDA:82,0,1,0
BRDA:83,1,0,0
BRDA:83,1,1,0
BRDA:88,2,0,0
BRDA:88,2,1,0
BRDA:90,3,0,0
BRDA:90,3,1,0
BRDA:91,4,0,0
BRDA:91,4,1,0
BRDA:92,5,0,0
BRDA:92,5,1,0
BRDA:95,6,0,0
BRDA:95,6,1,0
BRDA:97,7,0,0
BRDA:97,7,1,0
BRDA:98,8,0,0
BRDA:98,8,1,0
BRDA:99,9,0,0
BRDA:99,9,1,0
BRDA:101,10,0,0
BRDA:101,10,1,0
BRDA:102,11,0,0
BRDA:102,11,1,0
BRDA:105,12,0,0
BRDA:105,12,1,0
BRDA:106,13,0,0
BRDA:106,13,1,0
BRDA:107,14,0,0
BRDA:107,14,1,0
BRDA:108,15,0,0
BRDA:108,15,1,0
BRDA:109,16,0,0
BRDA:109,16,1,0
BRDA:110,17,0,0
BRDA:110,17,1,0
BRDA:117,18,0,0
BRDA:117,18,1,0
BRDA:119,19,0,0
BRDA:119,19,1,0
BRDA:132,20,0,0
BRDA:132,20,1,0
BRDA:136,21,0,0
BRDA:136,21,1,0
BRDA:136,22,0,0
BRDA:136,22,1,0
BRDA:144,23,0,0
BRDA:144,23,1,0
BRDA:167,24,0,0
BRDA:167,24,1,0
BRDA:173,25,0,0
BRDA:173,25,1,0
BRDA:188,26,0,0
BRDA:188,26,1,0
BRDA:193,27,0,0
BRDA:193,27,1,0
BRDA:207,28,0,0
BRDA:207,28,1,0
BRDA:218,29,0,0
BRDA:218,29,1,0
BRDA:343,30,0,0
BRDA:343,30,1,0
BRDA:345,31,0,0
BRDA:345,31,1,0
BRDA:358,32,0,0
BRDA:358,32,1,0
BRF:66
BRH:0
end_of_record
TN:
SF:src\screens\myReservations.tsx
FN:53,MyReservationsScreen
FN:55,(anonymous_1)
FN:63,(anonymous_2)
FN:106,(anonymous_3)
FN:107,(anonymous_4)
FN:108,(anonymous_5)
FN:109,(anonymous_6)
FN:111,(anonymous_7)
FN:122,(anonymous_8)
FN:136,(anonymous_9)
FN:140,(anonymous_10)
FN:208,(anonymous_11)
FN:239,(anonymous_12)
FN:244,(anonymous_13)
FN:264,(anonymous_14)
FN:272,(anonymous_15)
FN:280,(anonymous_16)
FN:284,(anonymous_17)
FN:295,(anonymous_18)
FN:296,(anonymous_19)
FN:312,(anonymous_20)
FN:317,(anonymous_21)
FN:321,(anonymous_22)
FN:348,(anonymous_23)
FN:371,(anonymous_24)
FN:419,(anonymous_25)
FN:422,(anonymous_26)
FN:436,(anonymous_27)
FN:465,(anonymous_28)
FN:478,(anonymous_29)
FN:493,(anonymous_30)
FN:508,(anonymous_31)
FN:566,(anonymous_32)
FN:574,(anonymous_33)
FN:585,(anonymous_34)
FN:593,(anonymous_35)
FN:634,(anonymous_36)
FN:647,(anonymous_37)
FN:660,(anonymous_38)
FNF:39
FNH:0
FNDA:0,MyReservationsScreen
FNDA:0,(anonymous_1)
FNDA:0,(anonymous_2)
FNDA:0,(anonymous_3)
FNDA:0,(anonymous_4)
FNDA:0,(anonymous_5)
FNDA:0,(anonymous_6)
FNDA:0,(anonymous_7)
FNDA:0,(anonymous_8)
FNDA:0,(anonymous_9)
FNDA:0,(anonymous_10)
FNDA:0,(anonymous_11)
FNDA:0,(anonymous_12)
FNDA:0,(anonymous_13)
FNDA:0,(anonymous_14)
FNDA:0,(anonymous_15)
FNDA:0,(anonymous_16)
FNDA:0,(anonymous_17)
FNDA:0,(anonymous_18)
FNDA:0,(anonymous_19)
FNDA:0,(anonymous_20)
FNDA:0,(anonymous_21)
FNDA:0,(anonymous_22)
FNDA:0,(anonymous_23)
FNDA:0,(anonymous_24)
FNDA:0,(anonymous_25)
FNDA:0,(anonymous_26)
FNDA:0,(anonymous_27)
FNDA:0,(anonymous_28)
FNDA:0,(anonymous_29)
FNDA:0,(anonymous_30)
FNDA:0,(anonymous_31)
FNDA:0,(anonymous_32)
FNDA:0,(anonymous_33)
FNDA:0,(anonymous_34)
FNDA:0,(anonymous_35)
FNDA:0,(anonymous_36)
FNDA:0,(anonymous_37)
FNDA:0,(anonymous_38)
DA:54,0
DA:55,0
DA:56,0
DA:57,0
DA:58,0
DA:59,0
DA:60,0
DA:61,0
DA:63,0
DA:64,0
DA:65,0
DA:67,0
DA:68,0
DA:69,0
DA:70,0
DA:73,0
DA:82,0
DA:91,0
DA:92,0
DA:93,0
DA:94,0
DA:97,0
DA:98,0
DA:101,0
DA:102,0
DA:103,0
DA:104,0
DA:106,0
DA:107,0
DA:108,0
DA:109,0
DA:111,0
DA:112,0
DA:122,0
DA:123,0
DA:126,0
DA:128,0
DA:129,0
DA:131,0
DA:132,0
DA:136,0
DA:137,0
DA:140,0
DA:148,0
DA:149,0
DA:150,0
DA:152,0
DA:153,0
DA:154,0
DA:155,0
DA:156,0
DA:158,0
DA:160,0
DA:161,0
DA:162,0
DA:163,0
DA:164,0
DA:166,0
DA:167,0
DA:168,0
DA:169,0
DA:173,0
DA:174,0
DA:177,0
DA:178,0
DA:180,0
DA:203,0
DA:204,0
DA:208,0
DA:212,0
DA:213,0
DA:215,0
DA:239,0
DA:244,0
DA:245,0
DA:246,0
DA:247,0
DA:249,0
DA:250,0
DA:253,0
DA:254,0
DA:257,0
DA:258,0
DA:261,0
DA:264,0
DA:265,0
DA:272,0
DA:273,0
DA:274,0
DA:275,0
DA:276,0
DA:277,0
DA:280,0
DA:281,0
DA:284,0
DA:285,0
DA:286,0
DA:287,0
DA:288,0
DA:295,0
DA:296,0
DA:297,0
DA:298,0
DA:302,0
DA:303,0
DA:305,0
DA:306,0
DA:308,0
DA:312,0
DA:313,0
DA:314,0
DA:317,0
DA:318,0
DA:321,0
DA:322,0
DA:348,0
DA:349,0
DA:371,0
DA:372,0
DA:373,0
DA:376,0
DA:382,0
DA:383,0
DA:384,0
DA:387,0
DA:412,0
DA:413,0
DA:415,0
DA:419,0
DA:420,0
DA:421,0
DA:422,0
DA:425,0
DA:426,0
DA:429,0
DA:432,0
DA:436,0
DA:437,0
DA:438,0
DA:439,0
DA:441,0
DA:442,0
DA:446,0
DA:447,0
DA:451,0
DA:452,0
DA:453,0
DA:462,0
DA:465,0
DA:466,0
DA:468,0
DA:470,0
DA:472,0
DA:474,0
DA:478,0
DA:479,0
DA:481,0
DA:483,0
DA:485,0
DA:487,0
DA:489,0
DA:493,0
DA:494,0
DA:495,0
DA:496,0
DA:500,0
DA:501,0
DA:505,0
DA:508,0
DA:509,0
DA:511,0
DA:566,0
DA:574,0
DA:585,0
DA:593,0
DA:606,0
DA:608,0
DA:609,0
DA:619,0
DA:634,0
DA:647,0
DA:660,0
DA:707,0
LF:183
LH:0
BRDA:67,0,0,0
BRDA:67,0,1,0
BRDA:91,1,0,0
BRDA:91,1,1,0
BRDA:91,2,0,0
BRDA:91,2,1,0
BRDA:97,3,0,0
BRDA:97,3,1,0
BRDA:97,4,0,0
BRDA:97,4,1,0
BRDA:114,5,0,0
BRDA:114,5,1,0
BRDA:158,6,0,0
BRDA:158,6,1,0
BRDA:160,7,0,0
BRDA:160,7,1,0
BRDA:160,8,0,0
BRDA:160,8,1,0
BRDA:163,9,0,0
BRDA:163,9,1,0
BRDA:164,10,0,0
BRDA:164,10,1,0
BRDA:167,11,0,0
BRDA:167,11,1,0
BRDA:168,12,0,0
BRDA:168,12,1,0
BRDA:173,13,0,0
BRDA:173,13,1,0
BRDA:173,14,0,0
BRDA:173,14,1,0
BRDA:184,15,0,0
BRDA:184,15,1,0
BRDA:186,16,0,0
BRDA:186,16,1,0
BRDA:187,17,0,0
BRDA:187,17,1,0
BRDA:188,18,0,0
BRDA:188,18,1,0
BRDA:190,19,0,0
BRDA:190,19,1,0
BRDA:244,20,0,0
BRDA:244,20,1,0
BRDA:249,21,0,0
BRDA:249,21,1,0
BRDA:253,22,0,0
BRDA:253,22,1,0
BRDA:257,23,0,0
BRDA:257,23,1,0
BRDA:277,24,0,0
BRDA:277,24,1,0
BRDA:285,25,0,0
BRDA:285,25,1,0
BRDA:287,26,0,0
BRDA:287,26,1,0
BRDA:287,27,0,0
BRDA:287,27,1,0
BRDA:297,28,0,0
BRDA:297,28,1,0
BRDA:299,29,0,0
BRDA:299,29,1,0
BRDA:302,30,0,0
BRDA:302,30,1,0
BRDA:305,31,0,0
BRDA:305,31,1,0
BRDA:382,32,0,0
BRDA:382,32,1,0
BRDA:382,33,0,0
BRDA:382,33,1,0
BRDA:383,34,0,0
BRDA:383,34,1,0
BRDA:425,35,0,0
BRDA:425,35,1,0
BRDA:446,36,0,0
BRDA:446,36,1,0
BRDA:451,37,0,0
BRDA:451,37,1,0
BRDA:466,38,0,0
BRDA:466,38,1,0
BRDA:466,38,2,0
BRDA:466,38,3,0
BRDA:479,39,0,0
BRDA:479,39,1,0
BRDA:479,39,2,0
BRDA:479,39,3,0
BRDA:479,39,4,0
BRDA:495,40,0,0
BRDA:495,40,1,0
BRDA:497,41,0,0
BRDA:497,41,1,0
BRDA:500,42,0,0
BRDA:500,42,1,0
BRDA:502,43,0,0
BRDA:502,43,1,0
BRDA:562,44,0,0
BRDA:562,44,1,0
BRDA:581,45,0,0
BRDA:581,45,1,0
BRDA:608,46,0,0
BRDA:608,46,1,0
BRDA:633,47,0,0
BRDA:633,47,1,0
BRDA:639,48,0,0
BRDA:639,48,1,0
BRDA:646,49,0,0
BRDA:646,49,1,0
BRDA:652,50,0,0
BRDA:652,50,1,0
BRDA:659,51,0,0
BRDA:659,51,1,0
BRDA:665,52,0,0
BRDA:665,52,1,0
BRDA:681,53,0,0
BRDA:681,53,1,0
BRDA:691,54,0,0
BRDA:691,54,1,0
BRF:115
BRH:0
end_of_record
TN:
SF:src\screens\payment.tsx
FN:45,PaymentScreen
FN:48,(anonymous_1)
FN:50,(anonymous_2)
FN:83,(anonymous_3)
FN:89,(anonymous_4)
FN:97,(anonymous_5)
FN:101,(anonymous_6)
FN:105,(anonymous_7)
FN:109,(anonymous_8)
FN:121,(anonymous_9)
FN:137,(anonymous_10)
FN:170,(anonymous_11)
FN:174,(anonymous_12)
FN:184,(anonymous_13)
FN:185,(anonymous_14)
FN:192,(anonymous_15)
FN:204,(anonymous_16)
FN:219,(anonymous_17)
FN:289,(anonymous_18)
FN:381,(anonymous_19)
FN:385,(anonymous_20)
FN:396,(anonymous_21)
FN:547,(anonymous_22)
FN:616,(anonymous_23)
FNF:24
FNH:23
FNDA:200,PaymentScreen
FNDA:200,(anonymous_1)
FNDA:3400,(anonymous_2)
FNDA:24,(anonymous_3)
FNDA:24,(anonymous_4)
FNDA:24,(anonymous_5)
FNDA:24,(anonymous_6)
FNDA:23,(anonymous_7)
FNDA:200,(anonymous_8)
FNDA:200,(anonymous_9)
FNDA:22,(anonymous_10)
FNDA:28,(anonymous_11)
FNDA:12,(anonymous_12)
FNDA:14,(anonymous_13)
FNDA:17,(anonymous_14)
FNDA:17,(anonymous_15)
FNDA:22,(anonymous_16)
FNDA:0,(anonymous_17)
FNDA:15,(anonymous_18)
FNDA:1,(anonymous_19)
FNDA:600,(anonymous_20)
FNDA:5,(anonymous_21)
FNDA:2,(anonymous_22)
FNDA:22,(anonymous_23)
DA:46,200
DA:47,200
DA:48,200
DA:50,200
DA:51,3400
DA:52,3400
DA:55,200
DA:56,200
DA:57,200
DA:58,200
DA:59,200
DA:60,200
DA:61,200
DA:62,200
DA:63,200
DA:64,200
DA:65,200
DA:66,200
DA:67,200
DA:68,200
DA:69,200
DA:70,200
DA:71,200
DA:73,200
DA:74,200
DA:75,200
DA:76,200
DA:77,200
DA:78,200
DA:79,200
DA:80,200
DA:81,200
DA:83,200
DA:84,24
DA:85,24
DA:86,24
DA:89,200
DA:90,24
DA:91,24
DA:92,23
DA:94,1
DA:97,200
DA:98,24
DA:101,200
DA:102,24
DA:105,200
DA:106,23
DA:109,200
DA:110,200
DA:111,199
DA:112,199
DA:113,199
DA:121,200
DA:122,200
DA:123,200
DA:124,200
DA:125,200
DA:126,200
DA:128,200
DA:129,199
DA:130,198
DA:131,197
DA:134,200
DA:135,200
DA:137,200
DA:138,22
DA:139,21
DA:140,21
DA:141,1
DA:142,1
DA:145,20
DA:146,20
DA:147,1
DA:148,1
DA:151,19
DA:152,1
DA:153,1
DA:156,18
DA:157,1
DA:158,1
DA:162,18
DA:163,1
DA:164,1
DA:167,17
DA:170,200
DA:171,28
DA:174,200
DA:175,12
DA:176,12
DA:177,12
DA:178,4
DA:179,3
DA:180,2
DA:181,1
DA:184,200
DA:185,14
DA:186,17
DA:192,14
DA:193,17
DA:194,17
DA:201,14
DA:204,200
DA:205,22
DA:207,17
DA:208,17
DA:210,17
DA:211,17
DA:212,16
DA:213,1
DA:217,15
DA:219,0
DA:220,0
DA:225,0
DA:233,0
DA:240,0
DA:241,0
DA:248,0
DA:252,0
DA:253,0
DA:254,0
DA:255,0
DA:256,0
DA:257,0
DA:259,0
DA:281,0
DA:285,15
DA:286,15
DA:287,15
DA:288,15
DA:289,15
DA:291,15
DA:292,14
DA:296,15
DA:297,1
DA:300,14
DA:312,14
DA:313,13
DA:314,12
DA:315,12
DA:316,1
DA:323,1
DA:327,11
DA:332,12
DA:333,12
DA:334,12
DA:335,12
DA:336,12
DA:337,12
DA:338,12
DA:339,12
DA:341,12
DA:362,1
DA:371,3
DA:381,200
DA:382,1
DA:385,200
DA:391,600
DA:396,5
DA:425,200
DA:547,2
DA:616,22
DA:664,1
LF:162
LH:147
BRDA:52,0,0,2
BRDA:52,0,1,3398
BRDA:52,1,0,2
BRDA:52,1,1,0
BRDA:52,2,0,3398
BRDA:52,2,1,803
BRDA:55,3,0,200
BRDA:55,3,1,0
BRDA:56,4,0,200
BRDA:56,4,1,0
BRDA:59,5,0,200
BRDA:59,5,1,1
BRDA:60,6,0,200
BRDA:60,6,1,1
BRDA:66,7,0,200
BRDA:66,7,1,0
BRDA:67,8,0,200
BRDA:67,8,1,0
BRDA:70,9,0,200
BRDA:70,9,1,200
BRDA:71,10,0,200
BRDA:71,10,1,200
BRDA:86,11,0,24
BRDA:86,11,1,0
BRDA:91,12,0,23
BRDA:91,12,1,1
BRDA:110,13,0,1
BRDA:110,13,1,199
BRDA:128,14,0,1
BRDA:128,14,1,199
BRDA:129,15,0,1
BRDA:129,15,1,198
BRDA:130,16,0,1
BRDA:130,16,1,197
BRDA:138,17,0,21
BRDA:138,17,1,1
BRDA:140,18,0,1
BRDA:140,18,1,20
BRDA:140,19,0,21
BRDA:140,19,1,20
BRDA:146,20,0,1
BRDA:146,20,1,19
BRDA:146,21,0,20
BRDA:146,21,1,20
BRDA:146,21,2,20
BRDA:146,21,3,20
BRDA:151,22,0,1
BRDA:151,22,1,18
BRDA:156,23,0,1
BRDA:156,23,1,17
BRDA:162,24,0,1
BRDA:162,24,1,17
BRDA:177,25,0,8
BRDA:177,25,1,4
BRDA:178,26,0,1
BRDA:178,26,1,3
BRDA:179,27,0,1
BRDA:179,27,1,2
BRDA:180,28,0,1
BRDA:180,28,1,1
BRDA:180,29,0,2
BRDA:180,29,1,1
BRDA:193,30,0,17
BRDA:193,30,1,0
BRDA:195,31,0,17
BRDA:195,31,1,5
BRDA:195,31,2,4
BRDA:201,32,0,14
BRDA:201,32,1,1
BRDA:201,32,2,0
BRDA:205,33,0,5
BRDA:205,33,1,17
BRDA:212,34,0,1
BRDA:212,34,1,15
BRDA:212,35,0,16
BRDA:212,35,1,15
BRDA:217,36,0,0
BRDA:217,36,1,15
BRDA:217,37,0,15
BRDA:217,37,1,0
BRDA:226,38,0,0
BRDA:226,38,1,0
BRDA:226,38,2,0
BRDA:234,39,0,0
BRDA:234,39,1,0
BRDA:240,40,0,0
BRDA:240,40,1,0
BRDA:245,41,0,0
BRDA:245,41,1,0
BRDA:265,42,0,0
BRDA:265,42,1,0
BRDA:265,42,2,0
BRDA:266,43,0,0
BRDA:266,43,1,0
BRDA:267,44,0,0
BRDA:267,44,1,0
BRDA:267,44,2,0
BRDA:287,45,0,15
BRDA:287,45,1,0
BRDA:287,46,0,15
BRDA:287,46,1,15
BRDA:287,46,2,15
BRDA:291,47,0,14
BRDA:291,47,1,1
BRDA:296,48,0,1
BRDA:296,48,1,14
BRDA:312,49,0,13
BRDA:312,49,1,1
BRDA:312,50,0,14
BRDA:312,50,1,13
BRDA:313,51,0,12
BRDA:313,51,1,1
BRDA:315,52,0,1
BRDA:315,52,1,11
BRDA:320,53,0,1
BRDA:320,53,1,0
BRDA:347,54,0,12
BRDA:347,54,1,0
BRDA:347,54,2,0
BRDA:348,55,0,12
BRDA:348,55,1,0
BRDA:349,56,0,12
BRDA:349,56,1,0
BRDA:349,56,2,0
BRDA:366,57,0,1
BRDA:366,57,1,0
BRDA:375,58,0,3
BRDA:375,58,1,0
BRDA:394,59,0,600
BRDA:394,59,1,200
BRDA:402,60,0,600
BRDA:402,60,1,200
BRDA:405,61,0,600
BRDA:405,61,1,200
BRDA:410,62,0,200
BRDA:410,62,1,400
BRDA:415,63,0,600
BRDA:415,63,1,200
BRDA:429,64,0,200
BRDA:429,64,1,0
BRDA:483,65,0,200
BRDA:483,65,1,194
BRDA:549,66,0,194
BRDA:549,66,1,1
BRDA:550,67,0,194
BRDA:550,67,1,1
BRDA:580,68,0,200
BRDA:580,68,1,3
BRDA:607,69,0,5
BRDA:607,69,1,195
BRDA:618,70,0,200
BRDA:618,70,1,43
BRDA:619,71,0,200
BRDA:619,71,1,43
BRDA:638,72,0,200
BRDA:638,72,1,17
BRDA:642,73,0,17
BRDA:642,73,1,183
BRF:158
BRH:121
end_of_record
TN:
SF:src\screens\paymentResult.tsx
FN:16,PaymentResultScreen
FN:21,(anonymous_1)
FN:43,(anonymous_2)
FN:53,(anonymous_3)
FN:58,(anonymous_4)
FN:62,(anonymous_5)
FN:65,(anonymous_6)
FN:69,(anonymous_7)
FN:73,(anonymous_8)
FN:77,(anonymous_9)
FNF:10
FNH:10
FNDA:72,PaymentResultScreen
FNDA:1152,(anonymous_1)
FNDA:118,(anonymous_2)
FNDA:62,(anonymous_3)
FNDA:3,(anonymous_4)
FNDA:1,(anonymous_5)
FNDA:2,(anonymous_6)
FNDA:1,(anonymous_7)
FNDA:1,(anonymous_8)
FNDA:59,(anonymous_9)
DA:17,72
DA:18,72
DA:19,72
DA:21,72
DA:22,1152
DA:23,1152
DA:26,72
DA:27,72
DA:28,72
DA:29,72
DA:30,72
DA:31,72
DA:32,72
DA:33,72
DA:34,72
DA:35,72
DA:36,72
DA:37,72
DA:38,72
DA:39,72
DA:40,72
DA:41,72
DA:43,72
DA:44,118
DA:45,116
DA:46,116
DA:53,72
DA:54,62
DA:55,61
DA:58,72
DA:59,3
DA:60,3
DA:61,3
DA:62,3
DA:65,72
DA:66,2
DA:69,72
DA:70,1
DA:73,72
DA:74,1
DA:77,72
DA:78,59
DA:79,59
DA:80,59
DA:82,59
DA:83,235
DA:85,59
DA:86,57
DA:88,59
DA:91,72
DA:92,59
DA:288,13
DA:341,1
LF:53
LH:53
BRDA:23,0,0,2
BRDA:23,0,1,1150
BRDA:23,1,0,2
BRDA:23,1,1,0
BRDA:23,2,0,1150
BRDA:23,2,1,263
BRDA:29,3,0,72
BRDA:29,3,1,14
BRDA:30,4,0,72
BRDA:30,4,1,15
BRDA:34,5,0,72
BRDA:34,5,1,15
BRDA:35,6,0,72
BRDA:35,6,1,15
BRDA:40,7,0,72
BRDA:40,7,1,14
BRDA:44,8,0,2
BRDA:44,8,1,116
BRDA:54,9,0,1
BRDA:54,9,1,61
BRDA:85,10,0,57
BRDA:85,10,1,2
BRDA:91,11,0,59
BRDA:91,11,1,13
BRDA:109,12,0,59
BRDA:109,12,1,1
BRDA:116,13,0,57
BRDA:116,13,1,2
BRDA:166,14,0,3
BRDA:166,14,1,56
BRDA:168,15,0,3
BRDA:168,15,1,56
BRDA:182,16,0,58
BRDA:182,16,1,1
BRDA:189,17,0,58
BRDA:189,17,1,1
BRDA:198,18,0,58
BRDA:198,18,1,1
BRDA:202,19,0,59
BRDA:202,19,1,58
BRDA:303,20,0,13
BRDA:303,20,1,8
BRF:42
BRH:41
end_of_record
TN:
SF:src\services\authService\AuthService.ts
FN:9,(anonymous_0)
FNF:1
FNH:1
FNDA:9,(anonymous_0)
DA:8,2
DA:10,9
DA:11,9
DA:13,9
DA:17,9
DA:22,7
DA:23,5
DA:24,5
DA:26,5
DA:28,5
DA:40,5
DA:46,2
DA:48,2
DA:56,2
DA:57,2
DA:58,2
LF:16
LH:16
BRDA:22,0,0,5
BRDA:22,0,1,2
BRF:2
BRH:2
end_of_record
TN:
SF:src\services\authService\models\AuthError.ts
FNF:0
FNH:0
LF:0
LH:0
BRF:0
BRH:0
end_of_record
TN:
SF:src\services\authService\models\AuthResponse.ts
FNF:0
FNH:0
LF:0
LH:0
BRF:0
BRH:0
end_of_record
TN:
SF:src\services\authService\models\AuthResult.ts
FNF:0
FNH:0
LF:0
LH:0
BRF:0
BRH:0
end_of_record
TN:
SF:src\services\bookingService\bookingService.ts
FN:112,(anonymous_0)
FN:146,(anonymous_1)
FN:162,(anonymous_2)
FN:192,(anonymous_3)
FN:222,(anonymous_4)
FN:252,(anonymous_5)
FN:282,(anonymous_6)
FN:312,(anonymous_7)
FN:342,(anonymous_8)
FN:375,(anonymous_9)
FN:408,(anonymous_10)
FN:440,(anonymous_11)
FN:472,(anonymous_12)
FN:504,(anonymous_13)
FN:536,(anonymous_14)
FNF:15
FNH:7
FNDA:7,(anonymous_0)
FNDA:5,(anonymous_1)
FNDA:5,(anonymous_2)
FNDA:5,(anonymous_3)
FNDA:5,(anonymous_4)
FNDA:0,(anonymous_5)
FNDA:0,(anonymous_6)
FNDA:0,(anonymous_7)
FNDA:9,(anonymous_8)
FNDA:10,(anonymous_9)
FNDA:0,(anonymous_10)
FNDA:0,(anonymous_11)
FNDA:0,(anonymous_12)
FNDA:0,(anonymous_13)
FNDA:0,(anonymous_14)
DA:111,1
DA:116,7
DA:117,7
DA:118,7
DA:120,4
DA:121,2
DA:127,2
DA:135,3
DA:136,3
DA:147,5
DA:148,5
DA:149,5
DA:150,2
DA:152,3
DA:153,3
DA:163,5
DA:164,5
DA:165,5
DA:167,3
DA:168,2
DA:174,1
DA:182,2
DA:183,2
DA:193,5
DA:194,5
DA:195,5
DA:197,3
DA:198,1
DA:204,2
DA:212,2
DA:213,2
DA:223,5
DA:224,5
DA:225,5
DA:227,3
DA:228,2
DA:234,1
DA:242,2
DA:243,2
DA:253,0
DA:254,0
DA:255,0
DA:257,0
DA:258,0
DA:264,0
DA:272,0
DA:273,0
DA:283,0
DA:284,0
DA:285,0
DA:287,0
DA:288,0
DA:294,0
DA:302,0
DA:303,0
DA:313,0
DA:314,0
DA:315,0
DA:317,0
DA:318,0
DA:324,0
DA:332,0
DA:333,0
DA:345,9
DA:346,9
DA:347,9
DA:349,6
DA:350,4
DA:356,2
DA:364,3
DA:365,3
DA:378,10
DA:379,10
DA:380,10
DA:382,6
DA:383,4
DA:389,2
DA:397,4
DA:398,4
DA:411,0
DA:412,0
DA:413,0
DA:415,0
DA:416,0
DA:422,0
DA:430,0
DA:431,0
DA:443,0
DA:444,0
DA:445,0
DA:447,0
DA:448,0
DA:454,0
DA:462,0
DA:463,0
DA:475,0
DA:476,0
DA:477,0
DA:479,0
DA:480,0
DA:486,0
DA:494,0
DA:495,0
DA:507,0
DA:508,0
DA:509,0
DA:511,0
DA:512,0
DA:518,0
DA:526,0
DA:527,0
DA:540,0
DA:541,0
DA:542,0
DA:544,0
DA:545,0
DA:551,0
DA:559,0
DA:560,0
LF:119
LH:55
BRDA:120,0,0,2
BRDA:120,0,1,2
BRDA:120,1,0,4
BRDA:120,1,1,3
BRDA:139,2,0,3
BRDA:139,2,1,2
BRDA:139,2,2,1
BRDA:156,3,0,3
BRDA:156,3,1,1
BRDA:167,4,0,2
BRDA:167,4,1,1
BRDA:186,5,0,2
BRDA:186,5,1,1
BRDA:197,6,0,1
BRDA:197,6,1,2
BRDA:216,7,0,2
BRDA:216,7,1,1
BRDA:227,8,0,2
BRDA:227,8,1,1
BRDA:246,9,0,2
BRDA:246,9,1,1
BRDA:257,10,0,0
BRDA:257,10,1,0
BRDA:276,11,0,0
BRDA:276,11,1,0
BRDA:287,12,0,0
BRDA:287,12,1,0
BRDA:306,13,0,0
BRDA:306,13,1,0
BRDA:317,14,0,0
BRDA:317,14,1,0
BRDA:336,15,0,0
BRDA:336,15,1,0
BRDA:349,16,0,4
BRDA:349,16,1,2
BRDA:349,17,0,6
BRDA:349,17,1,5
BRDA:368,18,0,3
BRDA:368,18,1,2
BRDA:368,18,2,1
BRDA:382,19,0,4
BRDA:382,19,1,2
BRDA:382,20,0,6
BRDA:382,20,1,3
BRDA:401,21,0,4
BRDA:401,21,1,3
BRDA:401,21,2,1
BRDA:415,22,0,0
BRDA:415,22,1,0
BRDA:434,23,0,0
BRDA:434,23,1,0
BRDA:447,24,0,0
BRDA:447,24,1,0
BRDA:466,25,0,0
BRDA:466,25,1,0
BRDA:479,26,0,0
BRDA:479,26,1,0
BRDA:498,27,0,0
BRDA:498,27,1,0
BRDA:511,28,0,0
BRDA:511,28,1,0
BRDA:530,29,0,0
BRDA:530,29,1,0
BRDA:544,30,0,0
BRDA:544,30,1,0
BRDA:563,31,0,0
BRDA:563,31,1,0
BRDA:563,31,2,0
BRF:68
BRH:35
end_of_record
TN:
SF:src\services\hotelService\hotelService.ts
FN:39,(anonymous_0)
FN:70,(anonymous_1)
FNF:2
FNH:2
FNDA:8,(anonymous_0)
FNDA:7,(anonymous_1)
DA:38,1
DA:40,8
DA:41,8
DA:43,8
DA:45,5
DA:46,3
DA:52,2
DA:60,3
DA:61,3
DA:71,7
DA:72,7
DA:74,7
DA:76,5
DA:77,2
DA:83,3
DA:91,2
DA:92,2
LF:17
LH:17
BRDA:45,0,0,3
BRDA:45,0,1,2
BRDA:48,1,0,3
BRDA:48,1,1,1
BRDA:64,2,0,3
BRDA:64,2,1,1
BRDA:76,3,0,2
BRDA:76,3,1,3
BRDA:95,4,0,2
BRDA:95,4,1,1
BRF:10
BRH:10
end_of_record
TN:
SF:src\services\userService\GetUserByTokenService.tsx
FN:6,(anonymous_0)
FNF:1
FNH:1
FNDA:9,(anonymous_0)
DA:5,1
DA:7,9
DA:8,9
DA:9,9
DA:11,4
DA:12,2
DA:17,2
DA:22,5
DA:24,5
DA:25,1
DA:35,4
LF:11
LH:11
BRDA:11,0,0,2
BRDA:11,0,1,2
BRDA:24,1,0,1
BRDA:24,1,1,4
BRDA:38,2,0,4
BRDA:38,2,1,2
BRF:6
BRH:6
end_of_record
TN:
SF:src\services\userService\RegisterService.ts
FN:26,(anonymous_0)
FNF:1
FNH:1
FNDA:9,(anonymous_0)
DA:25,2
DA:27,9
DA:28,9
DA:32,9
DA:39,5
DA:40,3
DA:46,2
DA:54,4
DA:56,4
DA:58,4
LF:10
LH:10
BRDA:39,0,0,3
BRDA:39,0,1,2
BRDA:56,1,0,4
BRDA:56,1,1,2
BRF:4
BRH:4
end_of_record
TN:
SF:src\store\userStore.ts
FN:15,(anonymous_0)
FN:19,(anonymous_1)
FN:20,(anonymous_2)
FN:21,(anonymous_3)
FN:22,(anonymous_4)
FNF:5
FNH:5
FNDA:3,(anonymous_0)
FNDA:5,(anonymous_1)
FNDA:3,(anonymous_2)
FNDA:2,(anonymous_3)
FNDA:3,(anonymous_4)
DA:15,3
DA:19,5
DA:20,3
DA:21,2
DA:22,3
LF:5
LH:5
BRF:0
BRH:0
end_of_record
TN:
SF:src\utils\api.ts
FN:30,(anonymous_0)
FN:40,(anonymous_1)
FN:44,(anonymous_2)
FN:45,(anonymous_3)
FN:50,(anonymous_4)
FN:77,(anonymous_5)
FN:84,(anonymous_6)
FN:98,(anonymous_7)
FN:147,(anonymous_8)
FN:148,(anonymous_9)
FN:189,(anonymous_10)
FNF:11
FNH:7
FNDA:3,(anonymous_0)
FNDA:0,(anonymous_1)
FNDA:2,(anonymous_2)
FNDA:0,(anonymous_3)
FNDA:8,(anonymous_4)
FNDA:1,(anonymous_5)
FNDA:3,(anonymous_6)
FNDA:12,(anonymous_7)
FNDA:0,(anonymous_8)
FNDA:0,(anonymous_9)
FNDA:6,(anonymous_10)
DA:7,36
DA:8,36
DA:11,36
DA:12,36
DA:15,0
DA:20,36
DA:22,36
DA:26,36
DA:32,3
DA:37,36
DA:38,36
DA:40,36
DA:41,0
DA:44,36
DA:45,2
DA:46,2
DA:49,36
DA:51,8
DA:52,8
DA:54,7
DA:55,2
DA:56,2
DA:59,7
DA:62,7
DA:63,7
DA:64,7
DA:65,7
DA:66,1
DA:68,7
DA:69,1
DA:72,1
DA:75,8
DA:78,1
DA:83,36
DA:86,3
DA:89,3
DA:90,3
DA:93,3
DA:96,3
DA:99,12
DA:100,12
DA:101,12
DA:104,12
DA:105,1
DA:108,1
DA:114,1
DA:118,11
DA:121,11
DA:122,11
DA:124,11
DA:125,0
DA:128,11
DA:129,8
DA:132,8
DA:133,1
DA:134,1
DA:138,7
DA:139,7
DA:140,1
DA:141,1
DA:144,6
DA:146,0
DA:147,0
DA:148,0
DA:149,0
DA:150,0
DA:151,0
DA:156,6
DA:157,6
DA:159,6
DA:160,6
DA:161,6
DA:163,6
DA:164,3
DA:165,3
DA:166,2
DA:167,2
DA:168,2
DA:169,2
DA:170,2
DA:174,4
DA:175,4
DA:177,0
DA:178,0
DA:180,6
DA:184,3
DA:189,36
DA:190,6
DA:192,6
DA:194,5
DA:195,0
DA:198,5
DA:199,5
DA:202,5
DA:208,4
DA:209,3
DA:211,3
DA:213,3
DA:214,2
DA:217,3
DA:220,1
DA:221,1
DA:223,2
DA:225,2
DA:226,2
DA:227,2
LF:106
LH:94
BRDA:8,0,0,36
BRDA:8,0,1,7
BRDA:11,1,0,36
BRDA:11,1,1,0
BRDA:16,2,0,0
BRDA:16,2,1,0
BRDA:32,3,0,3
BRDA:32,3,1,2
BRDA:54,4,0,2
BRDA:54,4,1,5
BRDA:56,5,0,1
BRDA:56,5,1,1
BRDA:62,6,0,7
BRDA:62,6,1,0
BRDA:65,7,0,1
BRDA:65,7,1,6
BRDA:68,8,0,1
BRDA:68,8,1,6
BRDA:89,9,0,3
BRDA:89,9,1,0
BRDA:93,10,0,1
BRDA:93,10,1,2
BRDA:100,11,0,12
BRDA:100,11,1,0
BRDA:101,12,0,12
BRDA:101,12,1,0
BRDA:104,13,0,1
BRDA:104,13,1,11
BRDA:121,14,0,11
BRDA:121,14,1,0
BRDA:124,15,0,0
BRDA:124,15,1,11
BRDA:128,16,0,8
BRDA:128,16,1,3
BRDA:128,17,0,11
BRDA:128,17,1,8
BRDA:132,18,0,1
BRDA:132,18,1,7
BRDA:139,19,0,1
BRDA:139,19,1,6
BRDA:144,20,0,0
BRDA:144,20,1,6
BRDA:163,21,0,3
BRDA:163,21,1,3
BRDA:165,22,0,2
BRDA:165,22,1,1
BRDA:194,23,0,0
BRDA:194,23,1,5
BRDA:208,24,0,3
BRDA:208,24,1,1
BRDA:208,25,0,4
BRDA:208,25,1,4
BRDA:213,26,0,2
BRDA:213,26,1,1
BRF:54
BRH:43
end_of_record
