<?xml version='1.0' encoding='UTF-8'?>
<testsuites>
  <testsuite name="Test Suite" device="Medium_Phone_API_35" tests="6" failures="1" time="486.0">
    <testcase id="hotel-search-flow" name="hotel-search-flow" classname="hotel-search-flow" time="64.0" status="SUCCESS"/>
    <testcase id="login" name="login" classname="login" time="36.0" status="SUCCESS"/>
    <testcase id="room-reservation-cancel-flow" name="room-reservation-cancel-flow" classname="room-reservation-cancel-flow" time="173.0" status="SUCCESS"/>
    <testcase id="room-reservation-edit-flow" name="room-reservation-edit-flow" classname="room-reservation-edit-flow" time="56.0" status="ERROR">
      <failure>Assertion is false: "Confirmada" is visible</failure>
    </testcase>
    <testcase id="room-reservation-flow" name="room-reservation-flow" classname="room-reservation-flow" time="143.0" status="SUCCESS"/>
    <testcase id="tab-navigation" name="tab-navigation" classname="tab-navigation" time="14.0" status="SUCCESS"/>
  </testsuite>
</testsuites>
