<?xml version='1.0' encoding='UTF-8'?>
<testsuites>
  <testsuite name="Test Suite" device="Medium_Phone_API_35" tests="5" failures="0" time="447.0">
    <testcase id="hotel-search-flow" name="hotel-search-flow" classname="hotel-search-flow" time="81.0" status="SUCCESS"/>
    <testcase id="login" name="login" classname="login" time="44.0" status="SUCCESS"/>
    <testcase id="room-reservation-edit-flow" name="room-reservation-edit-flow" classname="room-reservation-edit-flow" time="120.0" status="SUCCESS"/>
    <testcase id="room-reservation-flow" name="room-reservation-flow" classname="room-reservation-flow" time="182.0" status="SUCCESS"/>
    <testcase id="tab-navigation" name="tab-navigation" classname="tab-navigation" time="20.0" status="SUCCESS"/>
  </testsuite>
</testsuites>
