<?xml version='1.0' encoding='UTF-8'?>
<testsuites>
  <testsuite name="Test Suite" device="Medium_Phone_API_35" tests="5" failures="0" time="416.0">
    <testcase id="hotel-search-flow" name="hotel-search-flow" classname="hotel-search-flow" time="74.0" status="SUCCESS"/>
    <testcase id="login" name="login" classname="login" time="42.0" status="SUCCESS"/>
    <testcase id="room-reservation-edit-flow" name="room-reservation-edit-flow" classname="room-reservation-edit-flow" time="112.0" status="SUCCESS"/>
    <testcase id="room-reservation-flow" name="room-reservation-flow" classname="room-reservation-flow" time="171.0" status="SUCCESS"/>
    <testcase id="tab-navigation" name="tab-navigation" classname="tab-navigation" time="17.0" status="SUCCESS"/>
  </testsuite>
</testsuites>
