<?xml version='1.0' encoding='UTF-8'?>
<testsuites>
  <testsuite name="Test Suite" device="Medium_Phone_API_35" tests="6" failures="0" time="517.0">
    <testcase id="hotel-search-flow" name="hotel-search-flow" classname="hotel-search-flow" time="62.0" status="SUCCESS"/>
    <testcase id="login" name="login" classname="login" time="36.0" status="SUCCESS"/>
    <testcase id="room-reservation-cancel-flow" name="room-reservation-cancel-flow" classname="room-reservation-cancel-flow" time="169.0" status="SUCCESS"/>
    <testcase id="room-reservation-edit-flow" name="room-reservation-edit-flow" classname="room-reservation-edit-flow" time="95.0" status="SUCCESS"/>
    <testcase id="room-reservation-flow" name="room-reservation-flow" classname="room-reservation-flow" time="141.0" status="SUCCESS"/>
    <testcase id="tab-navigation" name="tab-navigation" classname="tab-navigation" time="14.0" status="SUCCESS"/>
  </testsuite>
</testsuites>
